#
# A fatal error has been detected by the Java Runtime Environment:
#
#  EXCEPTION_ACCESS_VIOLATION (0xc0000005) at pc=0x000000006e9e4aaf, pid=14248, tid=10104
#
# JRE version: Java(TM) SE Runtime Environment (11.0.1+13) (build 11.0.1+13-LTS)
# Java VM: Java HotSpot(TM) 64-Bit Server VM (11.0.1+13-LTS, mixed mode, tiered, compressed oops, g1 gc, windows-amd64)
# Problematic frame:
# C  [gdx-box2d64.dll+0x24aaf]
#
# No core dump will be written. Minidumps are not enabled by default on client versions of Windows
#
# If you would like to submit a bug report, please visit:
#   http://bugreport.java.com/bugreport/crash.jsp
# The crash happened outside the Java Virtual Machine in native code.
# See problematic frame for where to report the bug.
#

---------------  S U M M A R Y ------------

Command Line: -Dfile.encoding=windows-1252 -Duser.country=US -Duser.language=en -Duser.variant com.Launcher.desktop.DesktopLauncher

Host: Intel(R) Core(TM) i5-3360M CPU @ 2.80GHz, 4 cores, 7G,  Windows 10 , 64 bit Build 18362 (10.0.18362.900)
Time: Tue Jun 30 15:29:15 2020 Egypt Standard Time elapsed time: 8 seconds (0d 0h 0m 8s)

---------------  T H R E A D  ---------------

Current thread (0x0000022824b81800):  JavaThread "LWJGL Application" [_thread_in_native, id=10104, stack(0x00000098e6d00000,0x00000098e6e00000)]

Stack: [0x00000098e6d00000,0x00000098e6e00000],  sp=0x00000098e6dff060,  free space=1020k
Native frames: (J=compiled Java code, j=interpreted, Vv=VM code, C=native code)
C  [gdx-box2d64.dll+0x24aaf]

Java frames: (J=compiled Java code, j=interpreted, Vv=VM code)
J 1274  com.badlogic.gdx.physics.box2d.Body.jniGetPosition(J[F)V (0 bytes) @ 0x000002281509de8f [0x000002281509de40+0x000000000000004f]
J 1441 c2 com.badlogic.gdx.physics.box2d.Body.getPosition()Lcom/badlogic/gdx/math/Vector2; (43 bytes) @ 0x00000228150b1100 [0x00000228150b10c0+0x0000000000000040]
j  Screens.PlayScreen.cameraScoop(FF)V+7
j  Screens.Level1.update(F)V+124
j  Screens.Level1.render(F)V+2
j  com.badlogic.gdx.Game.render()V+19
j  com.Hercules.game.Main.render()V+1
j  com.badlogic.gdx.backends.lwjgl.LwjglApplication.mainLoop()V+770
j  com.badlogic.gdx.backends.lwjgl.LwjglApplication$1.run()V+27
v  ~StubRoutines::call_stub

siginfo: EXCEPTION_ACCESS_VIOLATION (0xc0000005), reading address 0x000002282437067c


Register to memory mapping:

RIP=0x000000006e9e4aaf gdx-box2d64.dll
RAX=0x00000000889f6f80 is pointing into object: 0x00000000889f6f70
[F 
{0x00000000889f6f70} - klass: {type array float}
 - length: 4
RBX=0x0000022824b81b40 points into unknown readable memory
RCX=0x0000022824b81800 is a thread
RDX=0x0000000000000006 is an unknown value
RSP=0x00000098e6dff060 is pointing into the stack for thread: 0x0000022824b81800
RBP=0x00000098e6dff100 is pointing into the stack for thread: 0x0000022824b81800
RSI=0x00000098e6dff0d0 is pointing into the stack for thread: 0x0000022824b81800
RDI=0x0000022824370670 is an unknown value
R8 =0x0000000000000004 is an unknown value
R9 =0x00000098e6dff0d0 is pointing into the stack for thread: 0x0000022824b81800
R10=0x000000006e9e4a90 gdx-box2d64.dll
R11=0x00000228150b10e0 is at entry_point+32 in (nmethod*)0x00000228150b0f10
R12=0x0 is NULL
R13=0x00000098e6dff148 is pointing into the stack for thread: 0x0000022824b81800
R14=0x0 is NULL
R15=0x0000022824b81800 is a thread


Registers:
RAX=0x00000000889f6f80, RBX=0x0000022824b81b40, RCX=0x0000022824b81800, RDX=0x0000000000000006
RSP=0x00000098e6dff060, RBP=0x00000098e6dff100, RSI=0x00000098e6dff0d0, RDI=0x0000022824370670
R8 =0x0000000000000004, R9 =0x00000098e6dff0d0, R10=0x000000006e9e4a90, R11=0x00000228150b10e0
R12=0x0000000000000000, R13=0x00000098e6dff148, R14=0x0000000000000000, R15=0x0000022824b81800
RIP=0x000000006e9e4aaf, EFLAGS=0x0000000000010206

Top of Stack: (sp=0x00000098e6dff060)
0x00000098e6dff060:   0000022824b81b40 00000098e6dff100
0x00000098e6dff070:   00000098e6dff0d0 0000022824370670
0x00000098e6dff080:   00000228293591d0 00000228292d0f78
0x00000098e6dff090:   0000000000000150 000002281509df2f
0x00000098e6dff0a0:   000000008183d980 0000022828c4cab0
0x00000098e6dff0b0:   0000000088ef3f38 00000098e6dff0b8
0x00000098e6dff0c0:   00000000889f6f18 00000098e6dff130
0x00000098e6dff0d0:   00000000889f6f70 0000000000000000
0x00000098e6dff0e0:   0000000088fe1480 00000228292f3900
0x00000098e6dff0f0:   0000000000000000 00000098e6dff110
0x00000098e6dff100:   00000098e6dff198 00000228150b1100
0x00000098e6dff110:   00000000889f6f18 0000022840200000
0x00000098e6dff120:   000002283ea77778 0000000041dbfdb9
0x00000098e6dff130:   00000098e6dff198 000002280d539b80
0x00000098e6dff140:   000002280d539b80 00000000889f6f18
0x00000098e6dff150:   00000098e6dff150 0000022828c28a0f 

Instructions: (pc=0x000000006e9e4aaf)
0x000000006e9e4a8f:   00 57 56 53 48 83 ec 20 48 8b 01 4c 89 c7 48 89
0x000000006e9e4a9f:   cb 4c 89 ce 45 31 c0 4c 89 ca ff 90 f0 06 00 00
0x000000006e9e4aaf:   f3 0f 10 4f 0c 49 89 c0 f3 0f 10 47 10 45 31 c9
0x000000006e9e4abf:   f3 0f 11 08 48 89 f2 48 89 d9 f3 0f 11 40 04 48 



---------------  P R O C E S S  ---------------

Threads class SMR info:
_java_thread_list=0x0000022827110bc0, length=13, elements={
0x00000228235a7800, 0x00000228235b0800, 0x0000022823f23000, 0x00000228235c4000,
0x00000228235c6800, 0x00000228235cd000, 0x00000228235d7800, 0x0000022824078800,
0x000002282406d800, 0x0000022824b81800, 0x0000022805207800, 0x0000022826c29800,
0x000002282b432800
}

Java Threads: ( => current thread )
  0x00000228235a7800 JavaThread "Reference Handler" daemon [_thread_blocked, id=2544, stack(0x00000098e6100000,0x00000098e6200000)]
  0x00000228235b0800 JavaThread "Finalizer" daemon [_thread_blocked, id=13960, stack(0x00000098e6200000,0x00000098e6300000)]
  0x0000022823f23000 JavaThread "Signal Dispatcher" daemon [_thread_blocked, id=8084, stack(0x00000098e6300000,0x00000098e6400000)]
  0x00000228235c4000 JavaThread "Attach Listener" daemon [_thread_blocked, id=13332, stack(0x00000098e6400000,0x00000098e6500000)]
  0x00000228235c6800 JavaThread "C2 CompilerThread0" daemon [_thread_blocked, id=10336, stack(0x00000098e6500000,0x00000098e6600000)]
  0x00000228235cd000 JavaThread "C1 CompilerThread0" daemon [_thread_blocked, id=9548, stack(0x00000098e6600000,0x00000098e6700000)]
  0x00000228235d7800 JavaThread "Sweeper thread" daemon [_thread_blocked, id=14200, stack(0x00000098e6700000,0x00000098e6800000)]
  0x0000022824078800 JavaThread "Service Thread" daemon [_thread_blocked, id=12224, stack(0x00000098e6800000,0x00000098e6900000)]
  0x000002282406d800 JavaThread "Common-Cleaner" daemon [_thread_blocked, id=10380, stack(0x00000098e6a00000,0x00000098e6b00000)]
=>0x0000022824b81800 JavaThread "LWJGL Application" [_thread_in_native, id=10104, stack(0x00000098e6d00000,0x00000098e6e00000)]
  0x0000022805207800 JavaThread "DestroyJavaVM" [_thread_blocked, id=8364, stack(0x00000098e5a00000,0x00000098e5b00000)]
  0x0000022826c29800 JavaThread "AssetManager" daemon [_thread_blocked, id=7188, stack(0x00000098e7100000,0x00000098e7200000)]
  0x000002282b432800 JavaThread "LWJGL Timer" daemon [_thread_blocked, id=9568, stack(0x00000098e7600000,0x00000098e7700000)]

Other Threads:
  0x0000022823582000 VMThread "VM Thread" [stack: 0x00000098e6000000,0x00000098e6100000] [id=10928]
  0x0000022824079000 WatcherThread [stack: 0x00000098e6900000,0x00000098e6a00000] [id=8036]
  0x000002280521d800 GCTaskThread "GC Thread#0" [stack: 0x00000098e5b00000,0x00000098e5c00000] [id=13792]
  0x0000022827020000 GCTaskThread "GC Thread#1" [stack: 0x00000098e7300000,0x00000098e7400000] [id=10592]
  0x0000022827011000 GCTaskThread "GC Thread#2" [stack: 0x00000098e7400000,0x00000098e7500000] [id=15328]
  0x0000022824c28800 GCTaskThread "GC Thread#3" [stack: 0x00000098e7500000,0x00000098e7600000] [id=5128]
  0x000002280524f000 ConcurrentGCThread "G1 Main Marker" [stack: 0x00000098e5c00000,0x00000098e5d00000] [id=15080]
  0x0000022805251800 ConcurrentGCThread "G1 Conc#0" [stack: 0x00000098e5d00000,0x00000098e5e00000] [id=12316]
  0x00000228052d6800 ConcurrentGCThread "G1 Refine#0" [stack: 0x00000098e5e00000,0x00000098e5f00000] [id=1940]
  0x0000022827207800 ConcurrentGCThread "G1 Refine#1" [stack: 0x00000098e7200000,0x00000098e7300000] [id=9276]
  0x00000228233f0800 ConcurrentGCThread "G1 Young RemSet Sampling" [stack: 0x00000098e5f00000,0x00000098e6000000] [id=14360]

Threads with active compile tasks:

VM state:not at safepoint (normal execution)

VM Mutex/Monitor currently owned by a thread: None

Heap address: 0x0000000081000000, size: 2032 MB, Compressed Oops mode: 32-bit
Narrow klass base: 0x0000000000000000, Narrow klass shift: 3
Compressed class space size: 1073741824 Address: 0x0000000100000000

Heap:
 garbage-first heap   total 131072K, used 86669K [0x0000000081000000, 0x0000000100000000)
  region size 1024K, 30 young (30720K), 5 survivors (5120K)
 Metaspace       used 12936K, capacity 13074K, committed 13184K, reserved 1060864K
  class space    used 1077K, capacity 1126K, committed 1152K, reserved 1048576K
Heap Regions: E=young(eden), S=young(survivor), O=old, HS=humongous(starts), HC=humongous(continues), CS=collection set, F=free, A=archive, TAMS=top-at-mark-start (previous, next)
|   0|0x0000000081000000, 0x0000000081100000, 0x0000000081100000|100%| O|  |TAMS 0x0000000081100000, 0x0000000081000000| Untracked 
|   1|0x0000000081100000, 0x0000000081200000, 0x0000000081200000|100%|HS|  |TAMS 0x0000000081200000, 0x0000000081100000| Complete 
|   2|0x0000000081200000, 0x0000000081300000, 0x0000000081300000|100%|HS|  |TAMS 0x0000000081300000, 0x0000000081200000| Complete 
|   3|0x0000000081300000, 0x0000000081400000, 0x0000000081400000|100%|HS|  |TAMS 0x0000000081400000, 0x0000000081300000| Complete 
|   4|0x0000000081400000, 0x0000000081500000, 0x0000000081500000|100%|HS|  |TAMS 0x0000000081500000, 0x0000000081400000| Complete 
|   5|0x0000000081500000, 0x0000000081600000, 0x0000000081600000|100%|HS|  |TAMS 0x0000000081600000, 0x0000000081500000| Complete 
|   6|0x0000000081600000, 0x0000000081700000, 0x0000000081700000|100%|HS|  |TAMS 0x0000000081700000, 0x0000000081600000| Complete 
|   7|0x0000000081700000, 0x0000000081800000, 0x0000000081800000|100%|HS|  |TAMS 0x0000000081800000, 0x0000000081700000| Complete 
|   8|0x0000000081800000, 0x0000000081900000, 0x0000000081900000|100%| O|  |TAMS 0x0000000081900000, 0x0000000081800000| Untracked 
|   9|0x0000000081900000, 0x0000000081a00000, 0x0000000081a00000|100%| O|  |TAMS 0x0000000081a00000, 0x0000000081900000| Untracked 
|  10|0x0000000081a00000, 0x0000000081b00000, 0x0000000081b00000|100%|HS|  |TAMS 0x0000000081b00000, 0x0000000081a00000| Complete 
|  11|0x0000000081b00000, 0x0000000081c00000, 0x0000000081c00000|100%|HS|  |TAMS 0x0000000081c00000, 0x0000000081b00000| Complete 
|  12|0x0000000081c00000, 0x0000000081d00000, 0x0000000081d00000|100%|HS|  |TAMS 0x0000000081d00000, 0x0000000081c00000| Complete 
|  13|0x0000000081d00000, 0x0000000081e00000, 0x0000000081e00000|100%|HS|  |TAMS 0x0000000081e00000, 0x0000000081d00000| Complete 
|  14|0x0000000081e00000, 0x0000000081f00000, 0x0000000081f00000|100%|HS|  |TAMS 0x0000000081f00000, 0x0000000081e00000| Complete 
|  15|0x0000000081f00000, 0x0000000082000000, 0x0000000082000000|100%|HS|  |TAMS 0x0000000082000000, 0x0000000081f00000| Complete 
|  16|0x0000000082000000, 0x0000000082100000, 0x0000000082100000|100%|HS|  |TAMS 0x0000000082100000, 0x0000000082000000| Complete 
|  17|0x0000000082100000, 0x0000000082200000, 0x0000000082200000|100%|HS|  |TAMS 0x0000000082200000, 0x0000000082100000| Complete 
|  18|0x0000000082200000, 0x0000000082300000, 0x0000000082300000|100%|HS|  |TAMS 0x0000000082300000, 0x0000000082200000| Complete 
|  19|0x0000000082300000, 0x0000000082400000, 0x0000000082400000|100%|HS|  |TAMS 0x0000000082400000, 0x0000000082300000| Complete 
|  20|0x0000000082400000, 0x0000000082500000, 0x0000000082500000|100%|HS|  |TAMS 0x0000000082500000, 0x0000000082400000| Complete 
|  21|0x0000000082500000, 0x0000000082600000, 0x0000000082600000|100%|HS|  |TAMS 0x0000000082600000, 0x0000000082500000| Complete 
|  22|0x0000000082600000, 0x0000000082700000, 0x0000000082700000|100%|HS|  |TAMS 0x0000000082700000, 0x0000000082600000| Complete 
|  23|0x0000000082700000, 0x0000000082800000, 0x0000000082800000|100%|HS|  |TAMS 0x0000000082800000, 0x0000000082700000| Complete 
|  24|0x0000000082800000, 0x0000000082900000, 0x0000000082900000|100%|HS|  |TAMS 0x0000000082900000, 0x0000000082800000| Complete 
|  25|0x0000000082900000, 0x0000000082a00000, 0x0000000082a00000|100%|HS|  |TAMS 0x0000000082a00000, 0x0000000082900000| Complete 
|  26|0x0000000082a00000, 0x0000000082b00000, 0x0000000082b00000|100%|HS|  |TAMS 0x0000000082b00000, 0x0000000082a00000| Complete 
|  27|0x0000000082b00000, 0x0000000082c00000, 0x0000000082c00000|100%|HS|  |TAMS 0x0000000082c00000, 0x0000000082b00000| Complete 
|  28|0x0000000082c00000, 0x0000000082d00000, 0x0000000082d00000|100%|HS|  |TAMS 0x0000000082d00000, 0x0000000082c00000| Complete 
|  29|0x0000000082d00000, 0x0000000082e00000, 0x0000000082e00000|100%|HS|  |TAMS 0x0000000082e00000, 0x0000000082d00000| Complete 
|  30|0x0000000082e00000, 0x0000000082f00000, 0x0000000082f00000|100%|HS|  |TAMS 0x0000000082f00000, 0x0000000082e00000| Complete 
|  31|0x0000000082f00000, 0x0000000083000000, 0x0000000083000000|100%|HS|  |TAMS 0x0000000083000000, 0x0000000082f00000| Complete 
|  32|0x0000000083000000, 0x0000000083100000, 0x0000000083100000|100%|HS|  |TAMS 0x0000000083000000, 0x0000000083000000| Complete 
|  33|0x0000000083100000, 0x0000000083200000, 0x0000000083200000|100%|HC|  |TAMS 0x0000000083100000, 0x0000000083100000| Complete 
|  34|0x0000000083200000, 0x0000000083300000, 0x0000000083300000|100%|HS|  |TAMS 0x0000000083200000, 0x0000000083200000| Complete 
|  35|0x0000000083300000, 0x0000000083400000, 0x0000000083400000|100%|HC|  |TAMS 0x0000000083300000, 0x0000000083300000| Complete 
|  36|0x0000000083400000, 0x0000000083500000, 0x0000000083500000|100%|HS|  |TAMS 0x0000000083400000, 0x0000000083400000| Complete 
|  37|0x0000000083500000, 0x0000000083600000, 0x0000000083600000|100%|HS|  |TAMS 0x0000000083500000, 0x0000000083500000| Complete 
|  38|0x0000000083600000, 0x0000000083600000, 0x0000000083700000|  0%| F|  |TAMS 0x0000000083600000, 0x0000000083600000| Untracked 
|  39|0x0000000083700000, 0x0000000083700000, 0x0000000083800000|  0%| F|  |TAMS 0x0000000083700000, 0x0000000083700000| Untracked 
|  40|0x0000000083800000, 0x0000000083800000, 0x0000000083900000|  0%| F|  |TAMS 0x0000000083800000, 0x0000000083800000| Untracked 
|  41|0x0000000083900000, 0x0000000083900000, 0x0000000083a00000|  0%| F|  |TAMS 0x0000000083900000, 0x0000000083900000| Untracked 
|  42|0x0000000083a00000, 0x0000000083a00000, 0x0000000083b00000|  0%| F|  |TAMS 0x0000000083a00000, 0x0000000083a00000| Untracked 
|  43|0x0000000083b00000, 0x0000000083b00000, 0x0000000083c00000|  0%| F|  |TAMS 0x0000000083b00000, 0x0000000083b00000| Untracked 
|  44|0x0000000083c00000, 0x0000000083c00000, 0x0000000083d00000|  0%| F|  |TAMS 0x0000000083c00000, 0x0000000083c00000| Untracked 
|  45|0x0000000083d00000, 0x0000000083d00000, 0x0000000083e00000|  0%| F|  |TAMS 0x0000000083d00000, 0x0000000083d00000| Untracked 
|  46|0x0000000083e00000, 0x0000000083e00000, 0x0000000083f00000|  0%| F|  |TAMS 0x0000000083e00000, 0x0000000083e00000| Untracked 
|  47|0x0000000083f00000, 0x0000000083f00000, 0x0000000084000000|  0%| F|  |TAMS 0x0000000083f00000, 0x0000000083f00000| Untracked 
|  48|0x0000000084000000, 0x0000000084100000, 0x0000000084100000|100%| O|  |TAMS 0x0000000084100000, 0x0000000084000000| Untracked 
|  49|0x0000000084100000, 0x0000000084200000, 0x0000000084200000|100%| O|  |TAMS 0x0000000084200000, 0x0000000084100000| Untracked 
|  50|0x0000000084200000, 0x0000000084300000, 0x0000000084300000|100%| O|  |TAMS 0x0000000084300000, 0x0000000084200000| Untracked 
|  51|0x0000000084300000, 0x0000000084400000, 0x0000000084400000|100%| O|  |TAMS 0x0000000084400000, 0x0000000084300000| Untracked 
|  52|0x0000000084400000, 0x0000000084500000, 0x0000000084500000|100%| O|  |TAMS 0x0000000084500000, 0x0000000084400000| Untracked 
|  53|0x0000000084500000, 0x0000000084600000, 0x0000000084600000|100%| O|  |TAMS 0x0000000084600000, 0x0000000084500000| Untracked 
|  54|0x0000000084600000, 0x0000000084700000, 0x0000000084700000|100%| O|  |TAMS 0x0000000084700000, 0x0000000084600000| Untracked 
|  55|0x0000000084700000, 0x0000000084800000, 0x0000000084800000|100%| O|  |TAMS 0x0000000084800000, 0x0000000084700000| Untracked 
|  56|0x0000000084800000, 0x0000000084900000, 0x0000000084900000|100%| O|  |TAMS 0x0000000084900000, 0x0000000084800000| Untracked 
|  57|0x0000000084900000, 0x0000000084a00000, 0x0000000084a00000|100%| O|  |TAMS 0x0000000084a00000, 0x0000000084900000| Untracked 
|  58|0x0000000084a00000, 0x0000000084affff8, 0x0000000084b00000| 99%| O|  |TAMS 0x0000000084affff8, 0x0000000084a00000| Untracked 
|  59|0x0000000084b00000, 0x0000000084c00000, 0x0000000084c00000|100%| O|  |TAMS 0x0000000084c00000, 0x0000000084b00000| Untracked 
|  60|0x0000000084c00000, 0x0000000084d00000, 0x0000000084d00000|100%| O|  |TAMS 0x0000000084d00000, 0x0000000084c00000| Untracked 
|  61|0x0000000084d00000, 0x0000000084e00000, 0x0000000084e00000|100%| O|  |TAMS 0x0000000084e00000, 0x0000000084d00000| Untracked 
|  62|0x0000000084e00000, 0x0000000084f00000, 0x0000000084f00000|100%| O|  |TAMS 0x0000000084f00000, 0x0000000084e00000| Untracked 
|  63|0x0000000084f00000, 0x0000000085000000, 0x0000000085000000|100%| O|  |TAMS 0x0000000085000000, 0x0000000084f00000| Untracked 
|  64|0x0000000085000000, 0x0000000085100000, 0x0000000085100000|100%| O|  |TAMS 0x0000000085100000, 0x0000000085000000| Untracked 
|  65|0x0000000085100000, 0x0000000085200000, 0x0000000085200000|100%| O|  |TAMS 0x0000000085200000, 0x0000000085100000| Untracked 
|  66|0x0000000085200000, 0x0000000085300000, 0x0000000085300000|100%| O|  |TAMS 0x0000000085300000, 0x0000000085200000| Untracked 
|  67|0x0000000085300000, 0x0000000085300000, 0x0000000085400000|  0%| F|  |TAMS 0x0000000085300000, 0x0000000085300000| Untracked 
|  68|0x0000000085400000, 0x0000000085400000, 0x0000000085500000|  0%| F|  |TAMS 0x0000000085400000, 0x0000000085400000| Untracked 
|  69|0x0000000085500000, 0x0000000085500000, 0x0000000085600000|  0%| F|  |TAMS 0x0000000085500000, 0x0000000085500000| Untracked 
|  70|0x0000000085600000, 0x0000000085600000, 0x0000000085700000|  0%| F|  |TAMS 0x0000000085600000, 0x0000000085600000| Untracked 
|  71|0x0000000085700000, 0x0000000085700000, 0x0000000085800000|  0%| F|  |TAMS 0x0000000085700000, 0x0000000085700000| Untracked 
|  72|0x0000000085800000, 0x0000000085800000, 0x0000000085900000|  0%| F|  |TAMS 0x0000000085800000, 0x0000000085800000| Untracked 
|  73|0x0000000085900000, 0x0000000085900000, 0x0000000085a00000|  0%| F|  |TAMS 0x0000000085900000, 0x0000000085900000| Untracked 
|  74|0x0000000085a00000, 0x0000000085a00000, 0x0000000085b00000|  0%| F|  |TAMS 0x0000000085a00000, 0x0000000085a00000| Untracked 
|  75|0x0000000085b00000, 0x0000000085b00000, 0x0000000085c00000|  0%| F|  |TAMS 0x0000000085b00000, 0x0000000085b00000| Untracked 
|  76|0x0000000085c00000, 0x0000000085c00000, 0x0000000085d00000|  0%| F|  |TAMS 0x0000000085c00000, 0x0000000085c00000| Untracked 
|  77|0x0000000085d00000, 0x0000000085d00000, 0x0000000085e00000|  0%| F|  |TAMS 0x0000000085d00000, 0x0000000085d00000| Untracked 
|  78|0x0000000085e00000, 0x0000000085e00000, 0x0000000085f00000|  0%| F|  |TAMS 0x0000000085e00000, 0x0000000085e00000| Untracked 
|  79|0x0000000085f00000, 0x0000000085f00000, 0x0000000086000000|  0%| F|  |TAMS 0x0000000085f00000, 0x0000000085f00000| Untracked 
|  80|0x0000000086000000, 0x0000000086000000, 0x0000000086100000|  0%| F|  |TAMS 0x0000000086000000, 0x0000000086000000| Untracked 
|  81|0x0000000086100000, 0x0000000086100000, 0x0000000086200000|  0%| F|  |TAMS 0x0000000086100000, 0x0000000086100000| Untracked 
|  82|0x0000000086200000, 0x0000000086200000, 0x0000000086300000|  0%| F|  |TAMS 0x0000000086200000, 0x0000000086200000| Untracked 
|  83|0x0000000086300000, 0x0000000086300000, 0x0000000086400000|  0%| F|  |TAMS 0x0000000086300000, 0x0000000086300000| Untracked 
|  84|0x0000000086400000, 0x0000000086400000, 0x0000000086500000|  0%| F|  |TAMS 0x0000000086400000, 0x0000000086400000| Untracked 
|  85|0x0000000086500000, 0x0000000086500000, 0x0000000086600000|  0%| F|  |TAMS 0x0000000086500000, 0x0000000086500000| Untracked 
|  86|0x0000000086600000, 0x0000000086600000, 0x0000000086700000|  0%| F|  |TAMS 0x0000000086600000, 0x0000000086600000| Untracked 
|  87|0x0000000086700000, 0x0000000086700000, 0x0000000086800000|  0%| F|  |TAMS 0x0000000086700000, 0x0000000086700000| Untracked 
|  88|0x0000000086800000, 0x0000000086800000, 0x0000000086900000|  0%| F|  |TAMS 0x0000000086800000, 0x0000000086800000| Untracked 
|  89|0x0000000086900000, 0x0000000086900000, 0x0000000086a00000|  0%| F|  |TAMS 0x0000000086900000, 0x0000000086900000| Untracked 
|  90|0x0000000086a00000, 0x0000000086a00000, 0x0000000086b00000|  0%| F|  |TAMS 0x0000000086a00000, 0x0000000086a00000| Untracked 
|  91|0x0000000086b00000, 0x0000000086b00000, 0x0000000086c00000|  0%| F|  |TAMS 0x0000000086b00000, 0x0000000086b00000| Untracked 
|  92|0x0000000086c00000, 0x0000000086c00000, 0x0000000086d00000|  0%| F|  |TAMS 0x0000000086c00000, 0x0000000086c00000| Untracked 
|  93|0x0000000086d00000, 0x0000000086d00000, 0x0000000086e00000|  0%| F|  |TAMS 0x0000000086d00000, 0x0000000086d00000| Untracked 
|  94|0x0000000086e00000, 0x0000000086e00000, 0x0000000086f00000|  0%| F|  |TAMS 0x0000000086e00000, 0x0000000086e00000| Untracked 
|  95|0x0000000086f00000, 0x0000000086f00000, 0x0000000087000000|  0%| F|  |TAMS 0x0000000086f00000, 0x0000000086f00000| Untracked 
|  96|0x0000000087000000, 0x0000000087000000, 0x0000000087100000|  0%| F|  |TAMS 0x0000000087000000, 0x0000000087000000| Untracked 
|  97|0x0000000087100000, 0x0000000087100000, 0x0000000087200000|  0%| F|  |TAMS 0x0000000087100000, 0x0000000087100000| Untracked 
|  98|0x0000000087200000, 0x00000000872c9c70, 0x0000000087300000| 78%| E|  |TAMS 0x0000000087200000, 0x0000000087200000| Complete 
|  99|0x0000000087300000, 0x0000000087400000, 0x0000000087400000|100%| E|  |TAMS 0x0000000087300000, 0x0000000087300000| Complete 
| 100|0x0000000087400000, 0x0000000087500000, 0x0000000087500000|100%| E|CS|TAMS 0x0000000087400000, 0x0000000087400000| Complete 
| 101|0x0000000087500000, 0x0000000087600000, 0x0000000087600000|100%| E|CS|TAMS 0x0000000087500000, 0x0000000087500000| Complete 
| 102|0x0000000087600000, 0x0000000087700000, 0x0000000087700000|100%| E|CS|TAMS 0x0000000087600000, 0x0000000087600000| Complete 
| 103|0x0000000087700000, 0x0000000087800000, 0x0000000087800000|100%| E|CS|TAMS 0x0000000087700000, 0x0000000087700000| Complete 
| 104|0x0000000087800000, 0x0000000087900000, 0x0000000087900000|100%| E|CS|TAMS 0x0000000087800000, 0x0000000087800000| Complete 
| 105|0x0000000087900000, 0x0000000087a00000, 0x0000000087a00000|100%| E|CS|TAMS 0x0000000087900000, 0x0000000087900000| Complete 
| 106|0x0000000087a00000, 0x0000000087b00000, 0x0000000087b00000|100%| E|CS|TAMS 0x0000000087a00000, 0x0000000087a00000| Complete 
| 107|0x0000000087b00000, 0x0000000087ba3470, 0x0000000087c00000| 63%| S|CS|TAMS 0x0000000087b00000, 0x0000000087b00000| Complete 
| 108|0x0000000087c00000, 0x0000000087d00000, 0x0000000087d00000|100%| S|CS|TAMS 0x0000000087c00000, 0x0000000087c00000| Complete 
| 109|0x0000000087d00000, 0x0000000087e00000, 0x0000000087e00000|100%| S|CS|TAMS 0x0000000087d00000, 0x0000000087d00000| Complete 
| 110|0x0000000087e00000, 0x0000000087f00000, 0x0000000087f00000|100%| S|CS|TAMS 0x0000000087e00000, 0x0000000087e00000| Complete 
| 111|0x0000000087f00000, 0x0000000088000000, 0x0000000088000000|100%| E|CS|TAMS 0x0000000087f00000, 0x0000000087f00000| Complete 
| 112|0x0000000088000000, 0x0000000088100000, 0x0000000088100000|100%| E|CS|TAMS 0x0000000088000000, 0x0000000088000000| Complete 
| 113|0x0000000088100000, 0x0000000088200000, 0x0000000088200000|100%| E|CS|TAMS 0x0000000088100000, 0x0000000088100000| Complete 
| 114|0x0000000088200000, 0x0000000088300000, 0x0000000088300000|100%| E|CS|TAMS 0x0000000088200000, 0x0000000088200000| Complete 
| 115|0x0000000088300000, 0x0000000088400000, 0x0000000088400000|100%| E|CS|TAMS 0x0000000088300000, 0x0000000088300000| Complete 
| 116|0x0000000088400000, 0x0000000088500000, 0x0000000088500000|100%| S|CS|TAMS 0x0000000088400000, 0x0000000088400000| Complete 
| 117|0x0000000088500000, 0x0000000088600000, 0x0000000088600000|100%| E|CS|TAMS 0x0000000088500000, 0x0000000088500000| Complete 
| 118|0x0000000088600000, 0x0000000088700000, 0x0000000088700000|100%| E|CS|TAMS 0x0000000088600000, 0x0000000088600000| Complete 
| 119|0x0000000088700000, 0x0000000088800000, 0x0000000088800000|100%| E|CS|TAMS 0x0000000088700000, 0x0000000088700000| Complete 
| 120|0x0000000088800000, 0x0000000088900000, 0x0000000088900000|100%| E|CS|TAMS 0x0000000088800000, 0x0000000088800000| Complete 
| 121|0x0000000088900000, 0x0000000088a00000, 0x0000000088a00000|100%| E|CS|TAMS 0x0000000088900000, 0x0000000088900000| Complete 
| 122|0x0000000088a00000, 0x0000000088b00000, 0x0000000088b00000|100%| E|CS|TAMS 0x0000000088a00000, 0x0000000088a00000| Complete 
| 123|0x0000000088b00000, 0x0000000088c00000, 0x0000000088c00000|100%| E|CS|TAMS 0x0000000088b00000, 0x0000000088b00000| Complete 
| 124|0x0000000088c00000, 0x0000000088d00000, 0x0000000088d00000|100%| E|CS|TAMS 0x0000000088c00000, 0x0000000088c00000| Complete 
| 125|0x0000000088d00000, 0x0000000088e00000, 0x0000000088e00000|100%| E|CS|TAMS 0x0000000088d00000, 0x0000000088d00000| Complete 
| 126|0x0000000088e00000, 0x0000000088f00000, 0x0000000088f00000|100%| E|CS|TAMS 0x0000000088e00000, 0x0000000088e00000| Complete 
| 127|0x0000000088f00000, 0x0000000089000000, 0x0000000089000000|100%| E|CS|TAMS 0x0000000088f00000, 0x0000000088f00000| Complete 

Card table byte_map: [0x000002281c930000,0x000002281cd30000] _byte_map_base: 0x000002281c528000

Marking Bits (Prev, Next): (CMBitMap*) 0x0000022805246500, (CMBitMap*) 0x00000228052464c8
 Prev Bits: [0x000002281f0f0000, 0x00000228210b0000)
 Next Bits: [0x000002281d130000, 0x000002281f0f0000)

Polling page: 0x00000228030d0000

Metaspace:

Usage:
  Non-class:     11.67 MB capacity,    11.58 MB (>99%) used,    78.30 KB ( <1%) free+waste,    10.50 KB ( <1%) overhead. 
      Class:      1.10 MB capacity,     1.05 MB ( 96%) used,    44.98 KB (  4%) free+waste,     3.31 KB ( <1%) overhead. 
       Both:     12.77 MB capacity,    12.63 MB ( 99%) used,   123.29 KB ( <1%) free+waste,    13.81 KB ( <1%) overhead. 

Virtual space:
  Non-class space:       12.00 MB reserved,      11.75 MB ( 98%) committed 
      Class space:        1.00 GB reserved,       1.13 MB ( <1%) committed 
             Both:        1.01 GB reserved,      12.88 MB (  1%) committed 

Chunk freelists:
   Non-Class:  10.50 KB
       Class:  3.25 KB
        Both:  13.75 KB

CodeHeap 'non-profiled nmethods': size=120064Kb used=883Kb max_used=883Kb free=119180Kb
 bounds [0x0000022814ff0000, 0x0000022815260000, 0x000002281c530000]
CodeHeap 'profiled nmethods': size=120000Kb used=3146Kb max_used=3146Kb free=116853Kb
 bounds [0x000002280dac0000, 0x000002280dde0000, 0x0000022814ff0000]
CodeHeap 'non-nmethods': size=5696Kb used=1207Kb max_used=1224Kb free=4488Kb
 bounds [0x000002280d530000, 0x000002280d7a0000, 0x000002280dac0000]
 total_blobs=2649 nmethods=1573 adapters=487
 compilation: enabled
              stopped_count=0, restarted_count=0
 full_count=0

Compilation events (10 events):
Event: 8.316 Thread 0x00000228235cd000 1575       3       Screens.PlayScreen::updateCharacters (202 bytes)
Event: 8.317 Thread 0x00000228235cd000 nmethod 1575 0x000002280ddcc410 code [0x000002280ddcc800, 0x000002280ddce560]
Event: 8.317 Thread 0x00000228235cd000 1576   !   3       org.lwjgl.input.Keyboard::isKeyDown (45 bytes)
Event: 8.318 Thread 0x00000228235cd000 nmethod 1576 0x000002280ddced90 code [0x000002280ddcefc0, 0x000002280ddcf730]
Event: 8.319 Thread 0x00000228235cd000 1577       3       Screens.PlayScreen::renderCharacters (244 bytes)
Event: 8.320 Thread 0x00000228235cd000 nmethod 1577 0x000002280ddcfb10 code [0x000002280ddcff40, 0x000002280ddd1fa0]
Event: 8.449 Thread 0x00000228235cd000 1578       3       java.util.regex.Pattern$$Lambda$12/0x0000000100110440::is (9 bytes)
Event: 8.449 Thread 0x00000228235cd000 nmethod 1578 0x000002280ddd2890 code [0x000002280ddd2a60, 0x000002280ddd2cf8]
Event: 8.449 Thread 0x00000228235cd000 1579       3       java.util.regex.Pattern::lambda$clazz$1 (22 bytes)
Event: 8.449 Thread 0x00000228235cd000 nmethod 1579 0x000002280ddd2e10 code [0x000002280ddd2fc0, 0x000002280ddd31d8]

GC Heap History (10 events):
Event: 1.946 GC heap before
{Heap before GC invocations=17 (full 0):
 garbage-first heap   total 131072K, used 64896K [0x0000000081000000, 0x0000000100000000)
  region size 1024K, 2 young (2048K), 1 survivors (1024K)
 Metaspace       used 11018K, capacity 11102K, committed 11264K, reserved 1058816K
  class space    used 907K, capacity 959K, committed 1024K, reserved 1048576K
}
Event: 1.947 GC heap after
{Heap after GC invocations=18 (full 0):
 garbage-first heap   total 131072K, used 64898K [0x0000000081000000, 0x0000000100000000)
  region size 1024K, 1 young (1024K), 1 survivors (1024K)
 Metaspace       used 11018K, capacity 11102K, committed 11264K, reserved 1058816K
  class space    used 907K, capacity 959K, committed 1024K, reserved 1048576K
}
Event: 2.009 GC heap before
{Heap before GC invocations=19 (full 0):
 garbage-first heap   total 131072K, used 65922K [0x0000000081000000, 0x0000000100000000)
  region size 1024K, 3 young (3072K), 1 survivors (1024K)
 Metaspace       used 11088K, capacity 11166K, committed 11520K, reserved 1060864K
  class space    used 915K, capacity 959K, committed 1024K, reserved 1048576K
}
Event: 2.010 GC heap after
{Heap after GC invocations=20 (full 0):
 garbage-first heap   total 131072K, used 32234K [0x0000000081000000, 0x0000000100000000)
  region size 1024K, 1 young (1024K), 1 survivors (1024K)
 Metaspace       used 11088K, capacity 11166K, committed 11520K, reserved 1060864K
  class space    used 915K, capacity 959K, committed 1024K, reserved 1048576K
}
Event: 2.693 GC heap before
{Heap before GC invocations=21 (full 0):
 garbage-first heap   total 131072K, used 84458K [0x0000000081000000, 0x0000000100000000)
  region size 1024K, 28 young (28672K), 1 survivors (1024K)
 Metaspace       used 11208K, capacity 11390K, committed 11520K, reserved 1060864K
  class space    used 925K, capacity 991K, committed 1024K, reserved 1048576K
}
Event: 2.711 GC heap after
{Heap after GC invocations=22 (full 0):
 garbage-first heap   total 131072K, used 47912K [0x0000000081000000, 0x0000000100000000)
  region size 1024K, 8 young (8192K), 8 survivors (8192K)
 Metaspace       used 11208K, capacity 11390K, committed 11520K, reserved 1060864K
  class space    used 925K, capacity 991K, committed 1024K, reserved 1048576K
}
Event: 2.807 GC heap before
{Heap before GC invocations=23 (full 0):
 garbage-first heap   total 131072K, used 76584K [0x0000000081000000, 0x0000000100000000)
  region size 1024K, 20 young (20480K), 8 survivors (8192K)
 Metaspace       used 11208K, capacity 11390K, committed 11520K, reserved 1060864K
  class space    used 925K, capacity 991K, committed 1024K, reserved 1048576K
}
Event: 2.822 GC heap after
{Heap after GC invocations=24 (full 0):
 garbage-first heap   total 131072K, used 52789K [0x0000000081000000, 0x0000000100000000)
  region size 1024K, 5 young (5120K), 5 survivors (5120K)
 Metaspace       used 11208K, capacity 11390K, committed 11520K, reserved 1060864K
  class space    used 925K, capacity 991K, committed 1024K, reserved 1048576K
}
Event: 2.888 GC heap before
{Heap before GC invocations=25 (full 0):
 garbage-first heap   total 131072K, used 78389K [0x0000000081000000, 0x0000000100000000)
  region size 1024K, 16 young (16384K), 5 survivors (5120K)
 Metaspace       used 11208K, capacity 11390K, committed 11520K, reserved 1060864K
  class space    used 925K, capacity 991K, committed 1024K, reserved 1048576K
}
Event: 2.890 GC heap after
{Heap after GC invocations=26 (full 0):
 garbage-first heap   total 131072K, used 56973K [0x0000000081000000, 0x0000000100000000)
  region size 1024K, 5 young (5120K), 5 survivors (5120K)
 Metaspace       used 11208K, capacity 11390K, committed 11520K, reserved 1060864K
  class space    used 925K, capacity 991K, committed 1024K, reserved 1048576K
}

Deoptimization events (10 events):
Event: 3.385 Thread 0x0000022824b81800 Uncommon trap: reason=bimorphic_or_optimized_type_check action=maybe_recompile pc=0x00000228150390b4 method=java.util.concurrent.ConcurrentHashMap.get(Ljava/lang/Object;)Ljava/lang/Object; @ 149 c2
Event: 4.240 Thread 0x0000022824b81800 Uncommon trap: reason=unstable_if action=reinterpret pc=0x000002281508a86c method=java.io.BufferedInputStream.read([BII)I @ 104 c2
Event: 4.285 Thread 0x0000022824b81800 Uncommon trap: reason=unstable_if action=reinterpret pc=0x00000228150956d4 method=com.badlogic.gdx.maps.tiled.TiledMapTileLayer.getCell(II)Lcom/badlogic/gdx/maps/tiled/TiledMapTileLayer$Cell; @ 23 c2
Event: 4.359 Thread 0x0000022824b81800 Uncommon trap: reason=unstable_if action=reinterpret pc=0x000002281503aaa8 method=java.lang.Math.round(F)I @ 36 c2
Event: 4.398 Thread 0x0000022824b81800 Uncommon trap: reason=unstable_if action=reinterpret pc=0x000002281503e8bc method=java.lang.Math.abs(F)F @ 3 c2
Event: 7.265 Thread 0x0000022824b81800 Uncommon trap: reason=array_check action=maybe_recompile pc=0x00000228150af828 method=com.badlogic.gdx.utils.Array.add(Ljava/lang/Object;)V @ 46 c2
Event: 7.881 Thread 0x0000022824b81800 Uncommon trap: reason=array_check action=maybe_recompile pc=0x00000228150af828 method=com.badlogic.gdx.utils.Array.add(Ljava/lang/Object;)V @ 46 c2
Event: 8.051 Thread 0x0000022824b81800 Uncommon trap: reason=unstable_if action=reinterpret pc=0x000002281509c5dc method=com.badlogic.gdx.maps.tiled.renderers.OrthogonalTiledMapRenderer.renderTileLayer(Lcom/badlogic/gdx/maps/tiled/TiledMapTileLayer;)V @ 645 c2
Event: 8.449 Thread 0x0000022824b81800 Uncommon trap: reason=unstable_if action=reinterpret pc=0x00000228150b66b0 method=com.badlogic.gdx.math.Rectangle.overlaps(Lcom/badlogic/gdx/math/Rectangle;)Z @ 31 c2
Event: 8.450 Thread 0x0000022824b81800 Uncommon trap: reason=unstable_if action=reinterpret pc=0x00000228150b5f64 method=com.badlogic.gdx.utils.Array.iterator()Ljava/util/Iterator; @ 20 c2

Classes redefined (0 events):
No events

Internal exceptions (10 events):
Event: 0.378 Thread 0x0000022805207800 Exception <a 'java/lang/NoSuchMethodError'{0x0000000088c38320}: java.lang.invoke.DirectMethodHandle$Holder.invokeStaticInit(Ljava/lang/Object;IIII)Ljava/lang/Object;> (0x0000000088c38320) thrown at [t:/workspace/open/src/hotspot/share/interpreter/linkReso
Event: 0.766 Thread 0x0000022805207800 Exception <a 'java/lang/NoSuchMethodError'{0x0000000088cad8e0}: java.lang.invoke.DirectMethodHandle$Holder.invokeStaticInit(Ljava/lang/Object;Ljava/lang/Object;IIII)Ljava/lang/Object;> (0x0000000088cad8e0) thrown at [t:/workspace/open/src/hotspot/share/in
Event: 0.825 Thread 0x0000022805207800 Exception <a 'java/security/PrivilegedActionException'{0x0000000088b424a0}> (0x0000000088b424a0) thrown at [t:/workspace/open/src/hotspot/share/prims/jvm.cpp, line 1308]
Event: 0.825 Thread 0x0000022805207800 Exception <a 'java/security/PrivilegedActionException'{0x0000000088b44eb8}> (0x0000000088b44eb8) thrown at [t:/workspace/open/src/hotspot/share/prims/jvm.cpp, line 1308]
Event: 0.826 Thread 0x0000022805207800 Exception <a 'java/security/PrivilegedActionException'{0x0000000088b45f58}> (0x0000000088b45f58) thrown at [t:/workspace/open/src/hotspot/share/prims/jvm.cpp, line 1308]
Event: 0.832 Thread 0x0000022805207800 Exception <a 'java/security/PrivilegedActionException'{0x0000000088b57988}> (0x0000000088b57988) thrown at [t:/workspace/open/src/hotspot/share/prims/jvm.cpp, line 1308]
Event: 0.832 Thread 0x0000022805207800 Exception <a 'java/security/PrivilegedActionException'{0x0000000088b58548}> (0x0000000088b58548) thrown at [t:/workspace/open/src/hotspot/share/prims/jvm.cpp, line 1308]
Event: 0.832 Thread 0x0000022805207800 Exception <a 'java/security/PrivilegedActionException'{0x0000000088b590c8}> (0x0000000088b590c8) thrown at [t:/workspace/open/src/hotspot/share/prims/jvm.cpp, line 1308]
Event: 3.340 Thread 0x0000022824b81800 Exception <a 'java/lang/NoSuchMethodError'{0x0000000088531890}: java.lang.invoke.DirectMethodHandle$Holder.invokeSpecialIFC(Ljava/lang/Object;Ljava/lang/Object;I)I> (0x0000000088531890) thrown at [t:/workspace/open/src/hotspot/share/interpreter/linkResolv
Event: 8.450 Thread 0x0000022824b81800 Implicit null exception at 0x00000228150b5ee4 to 0x00000228150b5f52

Events (10 events):
Event: 8.449 Thread 0x0000022824b81800 Uncommon trap: trap_request=0xffffff4d fr.pc=0x00000228150b66b0 relative=0x0000000000000090
Event: 8.449 Thread 0x0000022824b81800 DEOPT PACKING pc=0x00000228150b66b0 sp=0x00000098e6dff110
Event: 8.449 Thread 0x0000022824b81800 DEOPT UNPACKING pc=0x000002280d558eaf sp=0x00000098e6dff0b0 mode 2
Event: 8.449 loading class Scenes/Transition1
Event: 8.449 loading class Scenes/Transition1 done
Event: 8.450 Thread 0x0000022824b81800 Uncommon trap: trap_request=0xffffff4d fr.pc=0x00000228150b5f64 relative=0x00000000000000c4
Event: 8.450 Thread 0x0000022824b81800 DEOPT PACKING pc=0x00000228150b5f64 sp=0x00000098e6dff040
Event: 8.450 Thread 0x0000022824b81800 DEOPT UNPACKING pc=0x000002280d558eaf sp=0x00000098e6dfefe0 mode 2
Event: 8.453 loading class com/badlogic/gdx/scenes/scene2d/InputEvent$Type
Event: 8.453 loading class com/badlogic/gdx/scenes/scene2d/InputEvent$Type done


Dynamic libraries:
0x00007ff652cd0000 - 0x00007ff652d17000 	C:\Program Files\Java\jdk-11.0.1\bin\java.exe
0x00007ffbed920000 - 0x00007ffbedb10000 	C:\WINDOWS\SYSTEM32\ntdll.dll
0x00007ffbebc10000 - 0x00007ffbebcc2000 	C:\WINDOWS\System32\KERNEL32.DLL
0x00007ffbeaa10000 - 0x00007ffbeacb4000 	C:\WINDOWS\System32\KERNELBASE.dll
0x00007ffbebac0000 - 0x00007ffbebb63000 	C:\WINDOWS\System32\ADVAPI32.dll
0x00007ffbebb70000 - 0x00007ffbebc0e000 	C:\WINDOWS\System32\msvcrt.dll
0x00007ffbec160000 - 0x00007ffbec1f7000 	C:\WINDOWS\System32\sechost.dll
0x00007ffbebe70000 - 0x00007ffbebf90000 	C:\WINDOWS\System32\RPCRT4.dll
0x00007ffbed720000 - 0x00007ffbed8b4000 	C:\WINDOWS\System32\USER32.dll
0x00007ffbea8b0000 - 0x00007ffbea8d1000 	C:\WINDOWS\System32\win32u.dll
0x00007ffbeba10000 - 0x00007ffbeba36000 	C:\WINDOWS\System32\GDI32.dll
0x00007ffbeb660000 - 0x00007ffbeb7f5000 	C:\WINDOWS\System32\gdi32full.dll
0x00007ffbeb5c0000 - 0x00007ffbeb65e000 	C:\WINDOWS\System32\msvcp_win.dll
0x00007ffbeacc0000 - 0x00007ffbeadba000 	C:\WINDOWS\System32\ucrtbase.dll
0x00007ffbcc0e0000 - 0x00007ffbcc364000 	C:\WINDOWS\WinSxS\amd64_microsoft.windows.common-controls_6595b64144ccf1df_6.0.18362.900_none_e6beb9d913147d17\COMCTL32.dll
0x00007ffbe14d0000 - 0x00007ffbe14da000 	C:\WINDOWS\SYSTEM32\VERSION.dll
0x00007ffbec200000 - 0x00007ffbec535000 	C:\WINDOWS\System32\combase.dll
0x00007ffbea990000 - 0x00007ffbeaa10000 	C:\WINDOWS\System32\bcryptPrimitives.dll
0x00007ffbeb9d0000 - 0x00007ffbeb9fe000 	C:\WINDOWS\System32\IMM32.DLL
0x00007ffbe4560000 - 0x00007ffbe4576000 	C:\Program Files\Java\jdk-11.0.1\bin\vcruntime140.dll
0x00007ffbbf860000 - 0x00007ffbbf90a000 	C:\Program Files\Java\jdk-11.0.1\bin\msvcp140.dll
0x00007ffba7b10000 - 0x00007ffba8652000 	C:\Program Files\Java\jdk-11.0.1\bin\server\jvm.dll
0x00007ffbec8c0000 - 0x00007ffbec8c8000 	C:\WINDOWS\System32\PSAPI.DLL
0x00007ffbe8970000 - 0x00007ffbe8979000 	C:\WINDOWS\SYSTEM32\WSOCK32.dll
0x00007ffbec650000 - 0x00007ffbec6bf000 	C:\WINDOWS\System32\WS2_32.dll
0x00007ffbe9470000 - 0x00007ffbe9494000 	C:\WINDOWS\SYSTEM32\WINMM.dll
0x00007ffbe9440000 - 0x00007ffbe946d000 	C:\WINDOWS\SYSTEM32\WINMMBASE.dll
0x00007ffbeb800000 - 0x00007ffbeb84a000 	C:\WINDOWS\System32\cfgmgr32.dll
0x00007ffbea890000 - 0x00007ffbea8a1000 	C:\WINDOWS\System32\kernel.appcore.dll
0x00007ffbde220000 - 0x00007ffbde231000 	C:\Program Files\Java\jdk-11.0.1\bin\verify.dll
0x00007ffbd97c0000 - 0x00007ffbd99b4000 	C:\WINDOWS\SYSTEM32\DBGHELP.DLL
0x00007ffbd9790000 - 0x00007ffbd97ba000 	C:\WINDOWS\SYSTEM32\dbgcore.DLL
0x00007ffbdc6e0000 - 0x00007ffbdc709000 	C:\Program Files\Java\jdk-11.0.1\bin\java.dll
0x00007ffbddcd0000 - 0x00007ffbddce6000 	C:\Program Files\Java\jdk-11.0.1\bin\zip.dll
0x00007ffbe88b0000 - 0x00007ffbe88ba000 	C:\Program Files\Java\jdk-11.0.1\bin\jimage.dll
0x00007ffbecda0000 - 0x00007ffbed486000 	C:\WINDOWS\System32\SHELL32.dll
0x00007ffbec540000 - 0x00007ffbec5e9000 	C:\WINDOWS\System32\shcore.dll
0x00007ffbeae20000 - 0x00007ffbeb5a0000 	C:\WINDOWS\System32\windows.storage.dll
0x00007ffbea7f0000 - 0x00007ffbea813000 	C:\WINDOWS\System32\profapi.dll
0x00007ffbea840000 - 0x00007ffbea88a000 	C:\WINDOWS\System32\powrprof.dll
0x00007ffbea7e0000 - 0x00007ffbea7f0000 	C:\WINDOWS\System32\UMPDC.dll
0x00007ffbec8d0000 - 0x00007ffbec922000 	C:\WINDOWS\System32\shlwapi.dll
0x00007ffbeb5a0000 - 0x00007ffbeb5b7000 	C:\WINDOWS\System32\cryptsp.dll
0x00007ffbdd120000 - 0x00007ffbdd139000 	C:\Program Files\Java\jdk-11.0.1\bin\net.dll
0x00007ffbe1b80000 - 0x00007ffbe1c70000 	C:\WINDOWS\SYSTEM32\WINHTTP.dll
0x00007ffbe9ff0000 - 0x00007ffbea057000 	C:\WINDOWS\system32\mswsock.dll
0x00007ffbdc4d0000 - 0x00007ffbdc4e3000 	C:\Program Files\Java\jdk-11.0.1\bin\nio.dll
0x0000000065ac0000 - 0x0000000065b0b000 	C:\Users\Google\AppData\Local\Temp\libgdxKareem\7d76f548\gdx64.dll
0x00007ffbe9b60000 - 0x00007ffbe9b93000 	C:\WINDOWS\system32\rsaenh.dll
0x00007ffbeb850000 - 0x00007ffbeb876000 	C:\WINDOWS\System32\bcrypt.dll
0x00007ffbea6d0000 - 0x00007ffbea6f5000 	C:\WINDOWS\SYSTEM32\USERENV.dll
0x00007ffbea1c0000 - 0x00007ffbea1cc000 	C:\WINDOWS\SYSTEM32\CRYPTBASE.dll
0x00007ffbe9d00000 - 0x00007ffbe9d3a000 	C:\WINDOWS\SYSTEM32\IPHLPAPI.DLL
0x00007ffbec770000 - 0x00007ffbec778000 	C:\WINDOWS\System32\NSI.dll
0x00007ffbe3d00000 - 0x00007ffbe3d16000 	C:\WINDOWS\SYSTEM32\dhcpcsvc6.DLL
0x00007ffbe3b00000 - 0x00007ffbe3b1c000 	C:\WINDOWS\SYSTEM32\dhcpcsvc.DLL
0x00007ffbe9d40000 - 0x00007ffbe9e0b000 	C:\WINDOWS\SYSTEM32\DNSAPI.dll
0x0000000180000000 - 0x0000000180053000 	C:\Users\Google\AppData\Local\Temp\libgdxKareem\1cecf4f6\lwjgl64.dll
0x00007ffbbd9d0000 - 0x00007ffbbdb26000 	C:\WINDOWS\SYSTEM32\OPENGL32.dll
0x00007ffbd0890000 - 0x00007ffbd08bc000 	C:\WINDOWS\SYSTEM32\GLU32.dll
0x00007ffbe9590000 - 0x00007ffbe95b0000 	C:\WINDOWS\SYSTEM32\dxcore.dll
0x0000022824f20000 - 0x0000022824f84000 	C:\Users\Google\AppData\Local\Temp\libgdxKareem\1cecf4f6\OpenAL64.dll
0x00007ffbebf90000 - 0x00007ffbec0e7000 	C:\WINDOWS\System32\ole32.dll
0x00007ffbe8cc0000 - 0x00007ffbe8d59000 	C:\WINDOWS\system32\uxtheme.dll
0x00007ffbec6c0000 - 0x00007ffbec762000 	C:\WINDOWS\System32\clbcatq.dll
0x00007ffbb15d0000 - 0x00007ffbb1669000 	C:\WINDOWS\SYSTEM32\dsound.dll
0x00007ffbe56a0000 - 0x00007ffbe5712000 	C:\WINDOWS\System32\MMDevApi.dll
0x00007ffbea580000 - 0x00007ffbea5aa000 	C:\WINDOWS\System32\DEVOBJ.dll
0x00007ffbe5f80000 - 0x00007ffbe60dd000 	C:\WINDOWS\SYSTEM32\AUDIOSES.DLL
0x00007ffbebcd0000 - 0x00007ffbebd95000 	C:\WINDOWS\System32\OLEAUT32.dll
0x00007ffbe6910000 - 0x00007ffbe6a63000 	C:\WINDOWS\SYSTEM32\wintypes.dll
0x00007ffbe8ca0000 - 0x00007ffbe8cb4000 	C:\WINDOWS\SYSTEM32\resourcepolicyclient.dll
0x00007ffbe64b0000 - 0x00007ffbe655e000 	C:\WINDOWS\SYSTEM32\mscms.dll
0x00007ffbe6490000 - 0x00007ffbe64a7000 	C:\WINDOWS\SYSTEM32\ColorAdapterClient.dll
0x00007ffbe14e0000 - 0x00007ffbe14fa000 	C:\Windows\System32\Windows.Internal.Graphics.Display.DisplayColorManagement.dll
0x00007ffbec780000 - 0x00007ffbec8b5000 	C:\WINDOWS\System32\MSCTF.dll
0x00007ffbe2b30000 - 0x00007ffbe2bce000 	C:\WINDOWS\System32\TextInputFramework.dll
0x00007ffbe49b0000 - 0x00007ffbe4cda000 	C:\WINDOWS\System32\CoreUIComponents.dll
0x00007ffbe7e70000 - 0x00007ffbe7f44000 	C:\WINDOWS\System32\CoreMessaging.dll
0x00007ffbe9840000 - 0x00007ffbe9871000 	C:\WINDOWS\SYSTEM32\ntmarta.dll
0x00007ffbdc060000 - 0x00007ffbdc306000 	C:\WINDOWS\System32\iertutil.dll
0x00007ffbdb170000 - 0x00007ffbdb188000 	C:\WINDOWS\SYSTEM32\atig6pxx.dll
0x000000005b350000 - 0x000000005d150000 	C:\WINDOWS\SYSTEM32\atio6axx.dll
0x00007ffbec930000 - 0x00007ffbecda0000 	C:\WINDOWS\System32\SETUPAPI.dll
0x00007ffbe9030000 - 0x00007ffbe905d000 	C:\WINDOWS\SYSTEM32\dwmapi.dll
0x00007ffbb7ce0000 - 0x00007ffbb7e20000 	C:\WINDOWS\SYSTEM32\atiadlxx.dll
0x00007ffbe6850000 - 0x00007ffbe6863000 	C:\WINDOWS\SYSTEM32\WTSAPI32.dll
0x00007ffbe72e0000 - 0x00007ffbe73d0000 	C:\WINDOWS\SYSTEM32\PROPSYS.dll
0x00007ffbeadc0000 - 0x00007ffbeae1c000 	C:\WINDOWS\System32\WINTRUST.dll
0x00007ffbea820000 - 0x00007ffbea832000 	C:\WINDOWS\System32\MSASN1.dll
0x00007ffbeb880000 - 0x00007ffbeb9c9000 	C:\WINDOWS\System32\CRYPT32.dll
0x00007ffbc75a0000 - 0x00007ffbc75cc000 	C:\WINDOWS\SYSTEM32\atig6txx.dll
0x00007ffbbeb70000 - 0x00007ffbbebb3000 	C:\WINDOWS\SYSTEM32\icm32.dll
0x00007ffbe95b0000 - 0x00007ffbe969b000 	C:\WINDOWS\SYSTEM32\dxgi.dll
0x00007ffbe8130000 - 0x00007ffbe838b000 	C:\WINDOWS\SYSTEM32\d3d11.dll
0x00007ffbdf7d0000 - 0x00007ffbdf934000 	C:\WINDOWS\SYSTEM32\aticfx64.dll
0x00007ffbe14a0000 - 0x00007ffbe14c8000 	C:\WINDOWS\SYSTEM32\atiuxp64.dll
0x00007ffbde940000 - 0x00007ffbdf49a000 	C:\WINDOWS\SYSTEM32\atidxx64.dll
0x00007ffbe8980000 - 0x00007ffbe8a0f000 	C:\WINDOWS\SYSTEM32\apphelp.dll
0x000000006e9c0000 - 0x000000006ea1b000 	C:\Users\Google\AppData\Local\Temp\libgdxKareem\b8f13a6a\gdx-box2d64.dll

dbghelp: loaded successfully - version: 4.0.5 - missing functions: none
symbol engine: initialized successfully - sym options: 0x614 - pdb path: .;C:\Program Files\Java\jdk-11.0.1\bin;C:\WINDOWS\SYSTEM32;C:\WINDOWS\WinSxS\amd64_microsoft.windows.common-controls_6595b64144ccf1df_6.0.18362.900_none_e6beb9d913147d17;C:\Program Files\Java\jdk-11.0.1\bin\server;C:\Users\Google\AppData\Local\Temp\libgdxKareem\7d76f548;C:\Users\Google\AppData\Local\Temp\libgdxKareem\1cecf4f6;C:\Users\Google\AppData\Local\Temp\libgdxKareem\b8f13a6a

VM Arguments:
jvm_args: -Dfile.encoding=windows-1252 -Duser.country=US -Duser.language=en -Duser.variant 
java_command: com.Launcher.desktop.DesktopLauncher
java_class_path (initial): C:\Users\Google\Documents\NetBeansProjects\Disney's Hercules\desktop\build\classes\java\main;C:\Users\Google\Documents\NetBeansProjects\Disney's Hercules\desktop\build\resources\main;C:\Users\Google\.gradle\caches\modules-2\files-2.1\com.badlogicgames.gdx\gdx-tools\1.9.10\67524f012868e0cff57531b5bfda2781d00c6b1f\gdx-tools-1.9.10.jar;C:\Users\Google\.gradle\caches\modules-2\files-2.1\com.badlogicgames.gdx\gdx-backend-lwjgl\1.9.10\8f88abd43500d94c486d25f04d642318da72773a\gdx-backend-lwjgl-1.9.10.jar;C:\Users\Google\.gradle\caches\modules-2\files-2.1\com.badlogicgames.gdx\gdx-platform\1.9.10\1907b49f8363dd1ee37d273854a9cc3c741a6e66\gdx-platform-1.9.10-natives-desktop.jar;C:\Users\Google\.gradle\caches\modules-2\files-2.1\com.badlogicgames.gdx\gdx-box2d-platform\1.9.10\91b19c283b24eec646a18e0e7b940c829920df4f\gdx-box2d-platform-1.9.10-natives-desktop.jar;C:\Users\Google\Documents\NetBeansProjects\Disney's Hercules\core\build\libs\core-1.0.jar;C:\Users\Google\.gradle\caches\modules-2\files-2.1\com.badlogicgames.gdx\gdx-backend-headless\1.9.10\d357526e6bb3d36b01b4f833ab42588e5285d487\gdx-backend-headless-1.9.10.jar;C:\Users\Google\.gradle\caches\modules-2\files-2.1\com.badlogicgames.gdx\gdx-freetype\1.9.10\8853e4f08589a9feb4b851187909cfde8810e491\gdx-freetype-1.9.10.jar;C:\Users\Google\.gradle\caches\modules-2\files-2.1\com.badlogicgames.gdx\gdx-box2d\1.9.10\d68a7a3484d47529a8d23cd467579eb098b38a9e\gdx-box2d-1.9.10.jar;C:\Users\Google\.gradle\caches\modules-2\files-2.1\com.badlogicgames.gdx\gdx\1.9.10\79d9ad27bd5e3eb18c9ade61d3a27d7237695d53\gdx-1.9.10.jar;C:\Users\Google\.gradle\caches\modules-2\files-2.1\org.lwjgl.lwjgl\lwjgl_util\2.9.3\751f06b62424da056954c67288fd5c494431e350\lwjgl_util-2.9.3.jar;C:\Users\Google\.gradle\caches\modules-2\files-2.1\org.lwjgl.lwjgl\lwjgl\2.9.3\3df168ac74e4a8c96562cdff24ad352e255bf89c\lwjgl-2.9.3.jar;C:\Users\Google\.gradle\caches\modules-2\files-2.1\com.badlogicgames.jlayer\jlayer\1.0.1-gdx\7cca83cec5c1b2f0113
Launcher Type: SUN_STANDARD

[Global flags]
     intx CICompilerCount                          = 3                                         {product} {ergonomic}
     uint ConcGCThreads                            = 1                                         {product} {ergonomic}
     uint G1ConcRefinementThreads                  = 4                                         {product} {ergonomic}
   size_t G1HeapRegionSize                         = 1048576                                   {product} {ergonomic}
    uintx GCDrainStackTargetSize                   = 64                                        {product} {ergonomic}
   size_t InitialHeapSize                          = 134217728                                 {product} {ergonomic}
   size_t MarkStackSize                            = 4194304                                   {product} {ergonomic}
   size_t MaxHeapSize                              = 2130706432                                {product} {ergonomic}
   size_t MaxNewSize                               = 1278214144                                {product} {ergonomic}
   size_t MinHeapDeltaBytes                        = 1048576                                   {product} {ergonomic}
    uintx NonNMethodCodeHeapSize                   = 5830092                                {pd product} {ergonomic}
    uintx NonProfiledCodeHeapSize                  = 122914074                              {pd product} {ergonomic}
    uintx ProfiledCodeHeapSize                     = 122914074                              {pd product} {ergonomic}
    uintx ReservedCodeCacheSize                    = 251658240                              {pd product} {ergonomic}
     bool SegmentedCodeCache                       = true                                      {product} {ergonomic}
     bool UseCompressedClassPointers               = true                                 {lp64_product} {ergonomic}
     bool UseCompressedOops                        = true                                 {lp64_product} {ergonomic}
     bool UseG1GC                                  = true                                      {product} {ergonomic}
     bool UseLargePagesIndividualAllocation        = false                                  {pd product} {ergonomic}

Logging:
Log output configuration:
 #0: stdout all=warning uptime,level,tags
 #1: stderr all=off uptime,level,tags

Environment Variables:
JAVA_HOME=C:\Program Files\Java\jdk-13.0.2
CLASSPATH=.;.;C:\PROGRA~2\JMF21~1.1E\lib\sound.jar;C:\PROGRA~2\JMF21~1.1E\lib\jmf.jar;C:\PROGRA~2\JMF21~1.1E\lib;
PATH="C:\Windows\System32;";C:\MinGW\bin;C:\MinGW\libexec\gcc\x86_64-w64-mingw32\8.1.0;C:\Program Files (x86)\Common Files\Oracle\Java\javapath;C:\WINDOWS\system32;C:\WINDOWS;C:\WINDOWS\System32\Wbem;C:\WINDOWS\System32\WindowsPowerShell\v1.0\;C:\WINDOWS\System32\OpenSSH\;C:\Program Files\Microsoft\Web Platform Installer\;C:\Program Files (x86)\Microsoft ASP.NET\ASP.NET Web Pages\v1.0\;C:\Program Files (x86)\Windows Kits\8.1\Windows Performance Toolkit\;C:\Program Files (x86)\Microsoft SDKs\TypeScript\1.0\;C:\Program Files (x86)\Microsoft Visual Studio 12.0\VC\bin;C:\Program Files (x86)\Brackets\command;C:\Program Files\Microsoft SQL Server\Client SDK\ODBC\130\Tools\Binn\;C:\Program Files (x86)\Microsoft SQL Server\140\Tools\Binn\;C:\Program Files\Microsoft SQL Server\140\Tools\Binn\;C:\Program Files\Microsoft SQL Server\140\DTS\Binn\;C:\Program Files\Java\jdk-13.0.2\bin;C:\Program Files\Cmder;C:\Users\Google\AppData\Local\Microsoft\WindowsApps;
USERNAME=Kareem
OS=Windows_NT
PROCESSOR_IDENTIFIER=Intel64 Family 6 Model 58 Stepping 9, GenuineIntel



---------------  S Y S T E M  ---------------

OS: Windows 10 , 64 bit Build 18362 (10.0.18362.900)

CPU:total 4 (initial active 4) (2 cores per cpu, 2 threads per core) family 6 model 58 stepping 9, cmov, cx8, fxsr, mmx, sse, sse2, sse3, ssse3, sse4.1, sse4.2, popcnt, avx, aes, clmul, erms, ht, tsc, tscinvbit, tscinv

Memory: 4k page, system-wide physical 8124M (2475M free)
TotalPageFile size 13477M (AvailPageFile size 4225M)
current process WorkingSet (physical memory assigned to process): 226M, peak: 358M
current process commit charge ("private bytes"): 435M, peak: 451M

vm_info: Java HotSpot(TM) 64-Bit Server VM (11.0.1+13-LTS) for windows-amd64 JRE (11.0.1+13-LTS), built on Oct  6 2018 13:20:16 by "mach5one" with MS VC++ 15.5 (VS2017)

END.
