#
# A fatal error has been detected by the Java Runtime Environment:
#
#  EXCEPTION_ACCESS_VIOLATION (0xc0000005) at pc=0x000000006c5abb41, pid=5864, tid=7748
#
# JRE version: Java(TM) SE Runtime Environment (11.0.1+13) (build 11.0.1+13-LTS)
# Java VM: Java HotSpot(TM) 64-Bit Server VM (11.0.1+13-LTS, mixed mode, tiered, compressed oops, g1 gc, windows-amd64)
# Problematic frame:
# C  [atio6axx.dll+0xbbbb41]
#
# No core dump will be written. Minidumps are not enabled by default on client versions of Windows
#
# If you would like to submit a bug report, please visit:
#   http://bugreport.java.com/bugreport/crash.jsp
# The crash happened outside the Java Virtual Machine in native code.
# See problematic frame for where to report the bug.
#

---------------  S U M M A R Y ------------

Command Line: -Dfile.encoding=windows-1252 -Duser.country=US -Duser.language=en -Duser.variant com.Launcher.desktop.DesktopLauncher

Host: Intel(R) Core(TM) i5-3360M CPU @ 2.80GHz, 4 cores, 7G,  Windows 10 , 64 bit Build 18362 (10.0.18362.900)
Time: Thu Jul  9 21:17:17 2020 Egypt Standard Time elapsed time: 301 seconds (0d 0h 5m 1s)

---------------  T H R E A D  ---------------

Current thread (0x000001da416f5000):  JavaThread "LWJGL Application" [_thread_in_native, id=7748, stack(0x0000007798a00000,0x0000007798b00000)]

Stack: [0x0000007798a00000,0x0000007798b00000],  sp=0x0000007798afde10,  free space=1015k
Native frames: (J=compiled Java code, j=interpreted, Vv=VM code, C=native code)
C  [atio6axx.dll+0xbbbb41]

Java frames: (J=compiled Java code, j=interpreted, Vv=VM code)
J 1065  org.lwjgl.opengl.GL11.nglBindTexture(IIJ)V (0 bytes) @ 0x000001da31e4d209 [0x000001da31e4d1c0+0x0000000000000049]
J 1666 c2 com.badlogic.gdx.graphics.g2d.SpriteBatch.flush()V (193 bytes) @ 0x000001da31edb354 [0x000001da31edb260+0x00000000000000f4]
J 2474 c2 Screens.Level2.render(F)V (590 bytes) @ 0x000001da32036270 [0x000001da32033ae0+0x0000000000002790]
J 2413 c2 com.Hercules.game.Main.render()V (5 bytes) @ 0x000001da3202ceac [0x000001da3202ce40+0x000000000000006c]
j  com.badlogic.gdx.backends.lwjgl.LwjglApplication.mainLoop()V+770
j  com.badlogic.gdx.backends.lwjgl.LwjglApplication$1.run()V+27
v  ~StubRoutines::call_stub

siginfo: EXCEPTION_ACCESS_VIOLATION (0xc0000005), reading address 0x0000000000000000


Register to memory mapping:

RIP=0x000000006c5abb41 atio6axx.dll
RAX=0x000001da419488f0 points into unknown readable memory
RBX=0x000001da46f09580 points into unknown readable memory
RCX=0x0 is NULL
RDX=0x000001da435d6120 points into unknown readable memory
RSP=0x0000007798afde10 is pointing into the stack for thread: 0x000001da416f5000
RBP=0x000001da435d6120 points into unknown readable memory
RSI=0x000001da47499470 points into unknown readable memory
RDI=0x0000000000002700 is an unknown value
R8 =0x0 is NULL
R9 =0x0000000000000001 is an unknown value
R10=0x0000000000008000 is an unknown value
R11=0x0000007798afdcc0 is pointing into the stack for thread: 0x000001da416f5000
R12=0x000001da435d6120 points into unknown readable memory
R13=0x000001da4331d230 points into unknown readable memory
R14=0x00000000001eef00 is an unknown value
R15=0x000001da41771240 points into unknown readable memory


Registers:
RAX=0x000001da419488f0, RBX=0x000001da46f09580, RCX=0x0000000000000000, RDX=0x000001da435d6120
RSP=0x0000007798afde10, RBP=0x000001da435d6120, RSI=0x000001da47499470, RDI=0x0000000000002700
R8 =0x0000000000000000, R9 =0x0000000000000001, R10=0x0000000000008000, R11=0x0000007798afdcc0
R12=0x000001da435d6120, R13=0x000001da4331d230, R14=0x00000000001eef00, R15=0x000001da41771240
RIP=0x000000006c5abb41, EFLAGS=0x0000000000010246

Top of Stack: (sp=0x0000007798afde10)
0x0000007798afde10:   000001da41949210 0000000000000042
0x0000007798afde20:   0000000000000000 000000006ca66154
0x0000007798afde30:   000001da435d6120 000000006c5ab890
0x0000007798afde40:   000001da471b3240 000001da417fb130
0x0000007798afde50:   00000000000225a8 0000000000000000
0x0000007798afde60:   000001da435d6120 000000006c565f15
0x0000007798afde70:   0000000000000000 0000000000000002
0x0000007798afde80:   00000000000225a8 000001da471b4280
0x0000007798afde90:   000000003f4ccccd 0000000000000000
0x0000007798afdea0:   000001da435d6120 000000006c5661f1
0x0000007798afdeb0:   0000000000000002 00000000000225a8
0x0000007798afdec0:   0000000000000002 0000007798afdf00
0x0000007798afded0:   00000000000225a8 000000006c52e311
0x0000007798afdee0:   0000000100000000 0000000000000002
0x0000007798afdef0:   000000003f4ccccd 0000000000000000
0x0000007798afdf00:   000001da4331d230 000001da435d6120 

Instructions: (pc=0x000000006c5abb41)
0x000000006c5abb21:   74 36 66 66 66 66 66 0f 1f 84 00 00 00 00 00 48
0x000000006c5abb31:   8b 33 48 8b 5b 08 45 33 c0 48 8b 4e 20 48 8b d5
0x000000006c5abb41:   48 8b 01 ff 10 85 c0 74 0a 48 8b 46 18 8b 48 08
0x000000006c5abb51:   48 03 f9 48 85 db 75 d7 49 8d 04 3e eb 0c 4c 8b 



---------------  P R O C E S S  ---------------

Threads class SMR info:
_java_thread_list=0x000001da7b00c8a0, length=13, elements={
0x000001da40353000, 0x000001da4037c800, 0x000001da40cf3000, 0x000001da40390800,
0x000001da40393800, 0x000001da4039b800, 0x000001da403ac800, 0x000001da40e3d800,
0x000001da40e4a800, 0x000001da416f5000, 0x000001da21fd7000, 0x000001da4393f000,
0x000001da4393e000
}

Java Threads: ( => current thread )
  0x000001da40353000 JavaThread "Reference Handler" daemon [_thread_blocked, id=7592, stack(0x0000007797e00000,0x0000007797f00000)]
  0x000001da4037c800 JavaThread "Finalizer" daemon [_thread_blocked, id=5112, stack(0x0000007797f00000,0x0000007798000000)]
  0x000001da40cf3000 JavaThread "Signal Dispatcher" daemon [_thread_blocked, id=2816, stack(0x0000007798000000,0x0000007798100000)]
  0x000001da40390800 JavaThread "Attach Listener" daemon [_thread_blocked, id=2448, stack(0x0000007798100000,0x0000007798200000)]
  0x000001da40393800 JavaThread "C2 CompilerThread0" daemon [_thread_blocked, id=5232, stack(0x0000007798200000,0x0000007798300000)]
  0x000001da4039b800 JavaThread "C1 CompilerThread0" daemon [_thread_blocked, id=5536, stack(0x0000007798300000,0x0000007798400000)]
  0x000001da403ac800 JavaThread "Sweeper thread" daemon [_thread_blocked, id=1224, stack(0x0000007798400000,0x0000007798500000)]
  0x000001da40e3d800 JavaThread "Service Thread" daemon [_thread_blocked, id=3796, stack(0x0000007798500000,0x0000007798600000)]
  0x000001da40e4a800 JavaThread "Common-Cleaner" daemon [_thread_blocked, id=2668, stack(0x0000007798700000,0x0000007798800000)]
=>0x000001da416f5000 JavaThread "LWJGL Application" [_thread_in_native, id=7748, stack(0x0000007798a00000,0x0000007798b00000)]
  0x000001da21fd7000 JavaThread "DestroyJavaVM" [_thread_blocked, id=1088, stack(0x0000007797700000,0x0000007797800000)]
  0x000001da4393f000 JavaThread "AssetManager" daemon [_thread_blocked, id=7064, stack(0x0000007798f00000,0x0000007799000000)]
  0x000001da4393e000 JavaThread "LWJGL Timer" daemon [_thread_blocked, id=3708, stack(0x0000007799300000,0x0000007799400000)]

Other Threads:
  0x000001da4034f800 VMThread "VM Thread" [stack: 0x0000007797d00000,0x0000007797e00000] [id=7972]
  0x000001da40e45000 WatcherThread [stack: 0x0000007798600000,0x0000007798700000] [id=8436]
  0x000001da21fef000 GCTaskThread "GC Thread#0" [stack: 0x0000007797800000,0x0000007797900000] [id=11052]
  0x000001da43d0d800 GCTaskThread "GC Thread#1" [stack: 0x0000007799000000,0x0000007799100000] [id=9096]
  0x000001da43cd0800 GCTaskThread "GC Thread#2" [stack: 0x0000007799100000,0x0000007799200000] [id=11136]
  0x000001da43a61800 GCTaskThread "GC Thread#3" [stack: 0x0000007799200000,0x0000007799300000] [id=2624]
  0x000001da2201e800 ConcurrentGCThread "G1 Main Marker" [stack: 0x0000007797900000,0x0000007797a00000] [id=8080]
  0x000001da22020000 ConcurrentGCThread "G1 Conc#0" [stack: 0x0000007797a00000,0x0000007797b00000] [id=2728]
  0x000001da220a5000 ConcurrentGCThread "G1 Refine#0" [stack: 0x0000007797b00000,0x0000007797c00000] [id=11024]
  0x000001da440d5800 ConcurrentGCThread "G1 Refine#1" [stack: 0x0000007799400000,0x0000007799500000] [id=8896]
  0x000001da401c0800 ConcurrentGCThread "G1 Young RemSet Sampling" [stack: 0x0000007797c00000,0x0000007797d00000] [id=4156]

Threads with active compile tasks:

VM state:not at safepoint (normal execution)

VM Mutex/Monitor currently owned by a thread: None

Heap address: 0x0000000081000000, size: 2032 MB, Compressed Oops mode: 32-bit
Narrow klass base: 0x0000000000000000, Narrow klass shift: 3
Compressed class space size: 1073741824 Address: 0x0000000100000000

Heap:
 garbage-first heap   total 197632K, used 57594K [0x0000000081000000, 0x0000000100000000)
  region size 1024K, 10 young (10240K), 3 survivors (3072K)
 Metaspace       used 14314K, capacity 14467K, committed 14592K, reserved 1062912K
  class space    used 1173K, capacity 1227K, committed 1280K, reserved 1048576K
Heap Regions: E=young(eden), S=young(survivor), O=old, HS=humongous(starts), HC=humongous(continues), CS=collection set, F=free, A=archive, TAMS=top-at-mark-start (previous, next)
|   0|0x0000000081000000, 0x0000000081100000, 0x0000000081100000|100%| O|  |TAMS 0x0000000081100000, 0x0000000081000000| Untracked 
|   1|0x0000000081100000, 0x0000000081200000, 0x0000000081200000|100%| O|  |TAMS 0x0000000081200000, 0x0000000081100000| Untracked 
|   2|0x0000000081200000, 0x0000000081300000, 0x0000000081300000|100%| O|  |TAMS 0x0000000081300000, 0x0000000081200000| Untracked 
|   3|0x0000000081300000, 0x0000000081400000, 0x0000000081400000|100%|HS|  |TAMS 0x0000000081400000, 0x0000000081300000| Complete 
|   4|0x0000000081400000, 0x0000000081500000, 0x0000000081500000|100%|HC|  |TAMS 0x0000000081500000, 0x0000000081400000| Complete 
|   5|0x0000000081500000, 0x0000000081600000, 0x0000000081600000|100%|HS|  |TAMS 0x0000000081600000, 0x0000000081500000| Complete 
|   6|0x0000000081600000, 0x0000000081700000, 0x0000000081700000|100%|HC|  |TAMS 0x0000000081700000, 0x0000000081600000| Complete 
|   7|0x0000000081700000, 0x0000000081800000, 0x0000000081800000|100%|HS|  |TAMS 0x0000000081800000, 0x0000000081700000| Complete 
|   8|0x0000000081800000, 0x0000000081900000, 0x0000000081900000|100%|HC|  |TAMS 0x0000000081900000, 0x0000000081800000| Complete 
|   9|0x0000000081900000, 0x0000000081a00000, 0x0000000081a00000|100%|HS|  |TAMS 0x0000000081a00000, 0x0000000081900000| Complete 
|  10|0x0000000081a00000, 0x0000000081b00000, 0x0000000081b00000|100%|HC|  |TAMS 0x0000000081b00000, 0x0000000081a00000| Complete 
|  11|0x0000000081b00000, 0x0000000081c00000, 0x0000000081c00000|100%|HS|  |TAMS 0x0000000081c00000, 0x0000000081b00000| Complete 
|  12|0x0000000081c00000, 0x0000000081d00000, 0x0000000081d00000|100%|HC|  |TAMS 0x0000000081d00000, 0x0000000081c00000| Complete 
|  13|0x0000000081d00000, 0x0000000081e00000, 0x0000000081e00000|100%|HS|  |TAMS 0x0000000081e00000, 0x0000000081d00000| Complete 
|  14|0x0000000081e00000, 0x0000000081f00000, 0x0000000081f00000|100%|HC|  |TAMS 0x0000000081f00000, 0x0000000081e00000| Complete 
|  15|0x0000000081f00000, 0x0000000082000000, 0x0000000082000000|100%|HS|  |TAMS 0x0000000082000000, 0x0000000081f00000| Complete 
|  16|0x0000000082000000, 0x0000000082100000, 0x0000000082100000|100%|HC|  |TAMS 0x0000000082100000, 0x0000000082000000| Complete 
|  17|0x0000000082100000, 0x0000000082200000, 0x0000000082200000|100%|HS|  |TAMS 0x0000000082200000, 0x0000000082100000| Complete 
|  18|0x0000000082200000, 0x0000000082300000, 0x0000000082300000|100%|HC|  |TAMS 0x0000000082300000, 0x0000000082200000| Complete 
|  19|0x0000000082300000, 0x0000000082400000, 0x0000000082400000|100%|HS|  |TAMS 0x0000000082400000, 0x0000000082300000| Complete 
|  20|0x0000000082400000, 0x0000000082500000, 0x0000000082500000|100%|HC|  |TAMS 0x0000000082500000, 0x0000000082400000| Complete 
|  21|0x0000000082500000, 0x0000000082600000, 0x0000000082600000|100%|HS|  |TAMS 0x0000000082600000, 0x0000000082500000| Complete 
|  22|0x0000000082600000, 0x0000000082700000, 0x0000000082700000|100%|HC|  |TAMS 0x0000000082700000, 0x0000000082600000| Complete 
|  23|0x0000000082700000, 0x0000000082800000, 0x0000000082800000|100%| O|  |TAMS 0x0000000082700000, 0x0000000082700000| Untracked 
|  24|0x0000000082800000, 0x0000000082900000, 0x0000000082900000|100%| O|  |TAMS 0x0000000082800000, 0x0000000082800000| Untracked 
|  25|0x0000000082900000, 0x0000000082a00000, 0x0000000082a00000|100%| O|  |TAMS 0x0000000082900000, 0x0000000082900000| Untracked 
|  26|0x0000000082a00000, 0x0000000082a63000, 0x0000000082b00000| 38%| O|  |TAMS 0x0000000082a00000, 0x0000000082a00000| Untracked 
|  27|0x0000000082b00000, 0x0000000082b00000, 0x0000000082c00000|  0%| F|  |TAMS 0x0000000082b00000, 0x0000000082b00000| Untracked 
|  28|0x0000000082c00000, 0x0000000082c00000, 0x0000000082d00000|  0%| F|  |TAMS 0x0000000082c00000, 0x0000000082c00000| Untracked 
|  29|0x0000000082d00000, 0x0000000082d00000, 0x0000000082e00000|  0%| F|  |TAMS 0x0000000082d00000, 0x0000000082d00000| Untracked 
|  30|0x0000000082e00000, 0x0000000082e00000, 0x0000000082f00000|  0%| F|  |TAMS 0x0000000082e00000, 0x0000000082e00000| Untracked 
|  31|0x0000000082f00000, 0x0000000082f00000, 0x0000000083000000|  0%| F|  |TAMS 0x0000000082f00000, 0x0000000082f00000| Untracked 
|  32|0x0000000083000000, 0x0000000083000000, 0x0000000083100000|  0%| F|  |TAMS 0x0000000083000000, 0x0000000083000000| Untracked 
|  33|0x0000000083100000, 0x0000000083100000, 0x0000000083200000|  0%| F|  |TAMS 0x0000000083100000, 0x0000000083100000| Untracked 
|  34|0x0000000083200000, 0x0000000083200000, 0x0000000083300000|  0%| F|  |TAMS 0x0000000083200000, 0x0000000083200000| Untracked 
|  35|0x0000000083300000, 0x0000000083300000, 0x0000000083400000|  0%| F|  |TAMS 0x0000000083300000, 0x0000000083300000| Untracked 
|  36|0x0000000083400000, 0x0000000083400000, 0x0000000083500000|  0%| F|  |TAMS 0x0000000083400000, 0x0000000083400000| Untracked 
|  37|0x0000000083500000, 0x0000000083500000, 0x0000000083600000|  0%| F|  |TAMS 0x0000000083500000, 0x0000000083500000| Untracked 
|  38|0x0000000083600000, 0x0000000083600000, 0x0000000083700000|  0%| F|  |TAMS 0x0000000083600000, 0x0000000083600000| Untracked 
|  39|0x0000000083700000, 0x0000000083700000, 0x0000000083800000|  0%| F|  |TAMS 0x0000000083700000, 0x0000000083700000| Untracked 
|  40|0x0000000083800000, 0x0000000083800000, 0x0000000083900000|  0%| F|  |TAMS 0x0000000083800000, 0x0000000083800000| Untracked 
|  41|0x0000000083900000, 0x0000000083900000, 0x0000000083a00000|  0%| F|  |TAMS 0x0000000083900000, 0x0000000083900000| Untracked 
|  42|0x0000000083a00000, 0x0000000083a00000, 0x0000000083b00000|  0%| F|  |TAMS 0x0000000083a00000, 0x0000000083a00000| Untracked 
|  43|0x0000000083b00000, 0x0000000083c00000, 0x0000000083c00000|100%| O|  |TAMS 0x0000000083c00000, 0x0000000083b00000| Untracked 
|  44|0x0000000083c00000, 0x0000000083d00000, 0x0000000083d00000|100%| O|  |TAMS 0x0000000083d00000, 0x0000000083c00000| Untracked 
|  45|0x0000000083d00000, 0x0000000083e00000, 0x0000000083e00000|100%| O|  |TAMS 0x0000000083e00000, 0x0000000083d00000| Untracked 
|  46|0x0000000083e00000, 0x0000000083f00000, 0x0000000083f00000|100%| O|  |TAMS 0x0000000083f00000, 0x0000000083e00000| Untracked 
|  47|0x0000000083f00000, 0x0000000084000000, 0x0000000084000000|100%| O|  |TAMS 0x0000000084000000, 0x0000000083f00000| Untracked 
|  48|0x0000000084000000, 0x0000000084100000, 0x0000000084100000|100%| O|  |TAMS 0x0000000084100000, 0x0000000084000000| Untracked 
|  49|0x0000000084100000, 0x0000000084200000, 0x0000000084200000|100%| O|  |TAMS 0x0000000084200000, 0x0000000084100000| Untracked 
|  50|0x0000000084200000, 0x0000000084300000, 0x0000000084300000|100%| O|  |TAMS 0x0000000084300000, 0x0000000084200000| Untracked 
|  51|0x0000000084300000, 0x0000000084400000, 0x0000000084400000|100%| O|  |TAMS 0x0000000084400000, 0x0000000084300000| Untracked 
|  52|0x0000000084400000, 0x0000000084500000, 0x0000000084500000|100%| O|  |TAMS 0x0000000084500000, 0x0000000084400000| Untracked 
|  53|0x0000000084500000, 0x0000000084600000, 0x0000000084600000|100%| O|  |TAMS 0x0000000084600000, 0x0000000084500000| Untracked 
|  54|0x0000000084600000, 0x0000000084600000, 0x0000000084700000|  0%| F|  |TAMS 0x0000000084600000, 0x0000000084600000| Untracked 
|  55|0x0000000084700000, 0x0000000084700000, 0x0000000084800000|  0%| F|  |TAMS 0x0000000084700000, 0x0000000084700000| Untracked 
|  56|0x0000000084800000, 0x0000000084800000, 0x0000000084900000|  0%| F|  |TAMS 0x0000000084800000, 0x0000000084800000| Untracked 
|  57|0x0000000084900000, 0x0000000084900000, 0x0000000084a00000|  0%| F|  |TAMS 0x0000000084900000, 0x0000000084900000| Untracked 
|  58|0x0000000084a00000, 0x0000000084a00000, 0x0000000084b00000|  0%| F|  |TAMS 0x0000000084a00000, 0x0000000084a00000| Untracked 
|  59|0x0000000084b00000, 0x0000000084b00000, 0x0000000084c00000|  0%| F|  |TAMS 0x0000000084b00000, 0x0000000084b00000| Untracked 
|  60|0x0000000084c00000, 0x0000000084c00000, 0x0000000084d00000|  0%| F|  |TAMS 0x0000000084c00000, 0x0000000084c00000| Untracked 
|  61|0x0000000084d00000, 0x0000000084d00000, 0x0000000084e00000|  0%| F|  |TAMS 0x0000000084d00000, 0x0000000084d00000| Untracked 
|  62|0x0000000084e00000, 0x0000000084e00000, 0x0000000084f00000|  0%| F|  |TAMS 0x0000000084e00000, 0x0000000084e00000| Untracked 
|  63|0x0000000084f00000, 0x0000000084f00000, 0x0000000085000000|  0%| F|  |TAMS 0x0000000084f00000, 0x0000000084f00000| Untracked 
|  64|0x0000000085000000, 0x0000000085000000, 0x0000000085100000|  0%| F|  |TAMS 0x0000000085000000, 0x0000000085000000| Untracked 
|  65|0x0000000085100000, 0x0000000085100000, 0x0000000085200000|  0%| F|  |TAMS 0x0000000085100000, 0x0000000085100000| Untracked 
|  66|0x0000000085200000, 0x0000000085200000, 0x0000000085300000|  0%| F|  |TAMS 0x0000000085200000, 0x0000000085200000| Untracked 
|  67|0x0000000085300000, 0x0000000085300000, 0x0000000085400000|  0%| F|  |TAMS 0x0000000085300000, 0x0000000085300000| Untracked 
|  68|0x0000000085400000, 0x0000000085400000, 0x0000000085500000|  0%| F|  |TAMS 0x0000000085400000, 0x0000000085400000| Untracked 
|  69|0x0000000085500000, 0x0000000085500000, 0x0000000085600000|  0%| F|  |TAMS 0x0000000085500000, 0x0000000085500000| Untracked 
|  70|0x0000000085600000, 0x0000000085600000, 0x0000000085700000|  0%| F|  |TAMS 0x0000000085600000, 0x0000000085600000| Untracked 
|  71|0x0000000085700000, 0x00000000857dbbe8, 0x0000000085800000| 85%| S|CS|TAMS 0x0000000085700000, 0x0000000085700000| Complete 
|  72|0x0000000085800000, 0x0000000085900000, 0x0000000085900000|100%| S|CS|TAMS 0x0000000085800000, 0x0000000085800000| Complete 
|  73|0x0000000085900000, 0x0000000085a00000, 0x0000000085a00000|100%| S|CS|TAMS 0x0000000085900000, 0x0000000085900000| Complete 
|  74|0x0000000085a00000, 0x0000000085a00000, 0x0000000085b00000|  0%| F|  |TAMS 0x0000000085a00000, 0x0000000085a00000| Untracked 
|  75|0x0000000085b00000, 0x0000000085b00000, 0x0000000085c00000|  0%| F|  |TAMS 0x0000000085b00000, 0x0000000085b00000| Untracked 
|  76|0x0000000085c00000, 0x0000000085c00000, 0x0000000085d00000|  0%| F|  |TAMS 0x0000000085c00000, 0x0000000085c00000| Untracked 
|  77|0x0000000085d00000, 0x0000000085d00000, 0x0000000085e00000|  0%| F|  |TAMS 0x0000000085d00000, 0x0000000085d00000| Untracked 
|  78|0x0000000085e00000, 0x0000000085e00000, 0x0000000085f00000|  0%| F|  |TAMS 0x0000000085e00000, 0x0000000085e00000| Untracked 
|  79|0x0000000085f00000, 0x0000000085f00000, 0x0000000086000000|  0%| F|  |TAMS 0x0000000085f00000, 0x0000000085f00000| Untracked 
|  80|0x0000000086000000, 0x0000000086000000, 0x0000000086100000|  0%| F|  |TAMS 0x0000000086000000, 0x0000000086000000| Untracked 
|  81|0x0000000086100000, 0x0000000086100000, 0x0000000086200000|  0%| F|  |TAMS 0x0000000086100000, 0x0000000086100000| Untracked 
|  82|0x0000000086200000, 0x0000000086200000, 0x0000000086300000|  0%| F|  |TAMS 0x0000000086200000, 0x0000000086200000| Untracked 
|  83|0x0000000086300000, 0x0000000086300000, 0x0000000086400000|  0%| F|  |TAMS 0x0000000086300000, 0x0000000086300000| Untracked 
|  84|0x0000000086400000, 0x0000000086400000, 0x0000000086500000|  0%| F|  |TAMS 0x0000000086400000, 0x0000000086400000| Untracked 
|  85|0x0000000086500000, 0x0000000086500000, 0x0000000086600000|  0%| F|  |TAMS 0x0000000086500000, 0x0000000086500000| Untracked 
|  86|0x0000000086600000, 0x0000000086600000, 0x0000000086700000|  0%| F|  |TAMS 0x0000000086600000, 0x0000000086600000| Untracked 
|  87|0x0000000086700000, 0x0000000086800000, 0x0000000086800000|100%| O|  |TAMS 0x0000000086800000, 0x0000000086700000| Untracked 
|  88|0x0000000086800000, 0x0000000086900000, 0x0000000086900000|100%| O|  |TAMS 0x0000000086900000, 0x0000000086800000| Untracked 
|  89|0x0000000086900000, 0x0000000086a00000, 0x0000000086a00000|100%| O|  |TAMS 0x0000000086a00000, 0x0000000086900000| Untracked 
|  90|0x0000000086a00000, 0x0000000086b00000, 0x0000000086b00000|100%| O|  |TAMS 0x0000000086b00000, 0x0000000086a00000| Untracked 
|  91|0x0000000086b00000, 0x0000000086c00000, 0x0000000086c00000|100%| O|  |TAMS 0x0000000086c00000, 0x0000000086b00000| Untracked 
|  92|0x0000000086c00000, 0x0000000086d00000, 0x0000000086d00000|100%| O|  |TAMS 0x0000000086d00000, 0x0000000086c00000| Untracked 
|  93|0x0000000086d00000, 0x0000000086e00000, 0x0000000086e00000|100%| O|  |TAMS 0x0000000086e00000, 0x0000000086d00000| Untracked 
|  94|0x0000000086e00000, 0x0000000086f00000, 0x0000000086f00000|100%| O|  |TAMS 0x0000000086f00000, 0x0000000086e00000| Untracked 
|  95|0x0000000086f00000, 0x0000000087000000, 0x0000000087000000|100%| O|  |TAMS 0x0000000087000000, 0x0000000086f00000| Untracked 
|  96|0x0000000087000000, 0x0000000087100000, 0x0000000087100000|100%| O|  |TAMS 0x0000000087100000, 0x0000000087000000| Untracked 
|  97|0x0000000087100000, 0x0000000087100000, 0x0000000087200000|  0%| F|  |TAMS 0x0000000087100000, 0x0000000087100000| Untracked 
|  98|0x0000000087200000, 0x0000000087200000, 0x0000000087300000|  0%| F|  |TAMS 0x0000000087200000, 0x0000000087200000| Untracked 
|  99|0x0000000087300000, 0x0000000087300000, 0x0000000087400000|  0%| F|  |TAMS 0x0000000087300000, 0x0000000087300000| Untracked 
| 100|0x0000000087400000, 0x0000000087400000, 0x0000000087500000|  0%| F|  |TAMS 0x0000000087400000, 0x0000000087400000| Untracked 
| 101|0x0000000087500000, 0x0000000087500000, 0x0000000087600000|  0%| F|  |TAMS 0x0000000087500000, 0x0000000087500000| Untracked 
| 102|0x0000000087600000, 0x0000000087600000, 0x0000000087700000|  0%| F|  |TAMS 0x0000000087600000, 0x0000000087600000| Untracked 
| 103|0x0000000087700000, 0x0000000087700000, 0x0000000087800000|  0%| F|  |TAMS 0x0000000087700000, 0x0000000087700000| Untracked 
| 104|0x0000000087800000, 0x0000000087800000, 0x0000000087900000|  0%| F|  |TAMS 0x0000000087800000, 0x0000000087800000| Untracked 
| 105|0x0000000087900000, 0x0000000087900000, 0x0000000087a00000|  0%| F|  |TAMS 0x0000000087900000, 0x0000000087900000| Untracked 
| 106|0x0000000087a00000, 0x0000000087a00000, 0x0000000087b00000|  0%| F|  |TAMS 0x0000000087a00000, 0x0000000087a00000| Untracked 
| 107|0x0000000087b00000, 0x0000000087b00000, 0x0000000087c00000|  0%| F|  |TAMS 0x0000000087b00000, 0x0000000087b00000| Untracked 
| 108|0x0000000087c00000, 0x0000000087c00000, 0x0000000087d00000|  0%| F|  |TAMS 0x0000000087c00000, 0x0000000087c00000| Untracked 
| 109|0x0000000087d00000, 0x0000000087d00000, 0x0000000087e00000|  0%| F|  |TAMS 0x0000000087d00000, 0x0000000087d00000| Untracked 
| 110|0x0000000087e00000, 0x0000000087e00000, 0x0000000087f00000|  0%| F|  |TAMS 0x0000000087e00000, 0x0000000087e00000| Untracked 
| 111|0x0000000087f00000, 0x0000000087f00000, 0x0000000088000000|  0%| F|  |TAMS 0x0000000087f00000, 0x0000000087f00000| Untracked 
| 112|0x0000000088000000, 0x0000000088000000, 0x0000000088100000|  0%| F|  |TAMS 0x0000000088000000, 0x0000000088000000| Untracked 
| 113|0x0000000088100000, 0x0000000088100000, 0x0000000088200000|  0%| F|  |TAMS 0x0000000088100000, 0x0000000088100000| Untracked 
| 114|0x0000000088200000, 0x0000000088200000, 0x0000000088300000|  0%| F|  |TAMS 0x0000000088200000, 0x0000000088200000| Untracked 
| 115|0x0000000088300000, 0x0000000088300000, 0x0000000088400000|  0%| F|  |TAMS 0x0000000088300000, 0x0000000088300000| Untracked 
| 116|0x0000000088400000, 0x0000000088400000, 0x0000000088500000|  0%| F|  |TAMS 0x0000000088400000, 0x0000000088400000| Untracked 
| 117|0x0000000088500000, 0x0000000088500000, 0x0000000088600000|  0%| F|  |TAMS 0x0000000088500000, 0x0000000088500000| Untracked 
| 118|0x0000000088600000, 0x0000000088600000, 0x0000000088700000|  0%| F|  |TAMS 0x0000000088600000, 0x0000000088600000| Untracked 
| 119|0x0000000088700000, 0x0000000088700000, 0x0000000088800000|  0%| F|  |TAMS 0x0000000088700000, 0x0000000088700000| Untracked 
| 120|0x0000000088800000, 0x0000000088800000, 0x0000000088900000|  0%| F|  |TAMS 0x0000000088800000, 0x0000000088800000| Untracked 
| 121|0x0000000088900000, 0x0000000088900000, 0x0000000088a00000|  0%| F|  |TAMS 0x0000000088900000, 0x0000000088900000| Untracked 
| 122|0x0000000088a00000, 0x0000000088a00000, 0x0000000088b00000|  0%| F|  |TAMS 0x0000000088a00000, 0x0000000088a00000| Untracked 
| 123|0x0000000088b00000, 0x0000000088b00000, 0x0000000088c00000|  0%| F|  |TAMS 0x0000000088b00000, 0x0000000088b00000| Untracked 
| 124|0x0000000088c00000, 0x0000000088c00000, 0x0000000088d00000|  0%| F|  |TAMS 0x0000000088c00000, 0x0000000088c00000| Untracked 
| 125|0x0000000088d00000, 0x0000000088d00000, 0x0000000088e00000|  0%| F|  |TAMS 0x0000000088d00000, 0x0000000088d00000| Untracked 
| 126|0x0000000088e00000, 0x0000000088e00000, 0x0000000088f00000|  0%| F|  |TAMS 0x0000000088e00000, 0x0000000088e00000| Untracked 
| 127|0x0000000088f00000, 0x0000000088f00000, 0x0000000089000000|  0%| F|  |TAMS 0x0000000088f00000, 0x0000000088f00000| Untracked 
| 128|0x0000000089000000, 0x0000000089000000, 0x0000000089100000|  0%| F|  |TAMS 0x0000000089000000, 0x0000000089000000| Untracked 
| 129|0x0000000089100000, 0x0000000089100000, 0x0000000089200000|  0%| F|  |TAMS 0x0000000089100000, 0x0000000089100000| Untracked 
| 130|0x0000000089200000, 0x0000000089200000, 0x0000000089300000|  0%| F|  |TAMS 0x0000000089200000, 0x0000000089200000| Untracked 
| 131|0x0000000089300000, 0x0000000089300000, 0x0000000089400000|  0%| F|  |TAMS 0x0000000089300000, 0x0000000089300000| Untracked 
| 132|0x0000000089400000, 0x0000000089400000, 0x0000000089500000|  0%| F|  |TAMS 0x0000000089400000, 0x0000000089400000| Untracked 
| 133|0x0000000089500000, 0x0000000089500000, 0x0000000089600000|  0%| F|  |TAMS 0x0000000089500000, 0x0000000089500000| Untracked 
| 134|0x0000000089600000, 0x0000000089600000, 0x0000000089700000|  0%| F|  |TAMS 0x0000000089600000, 0x0000000089600000| Untracked 
| 135|0x0000000089700000, 0x0000000089700000, 0x0000000089800000|  0%| F|  |TAMS 0x0000000089700000, 0x0000000089700000| Untracked 
| 136|0x0000000089800000, 0x0000000089800000, 0x0000000089900000|  0%| F|  |TAMS 0x0000000089800000, 0x0000000089800000| Untracked 
| 137|0x0000000089900000, 0x0000000089900000, 0x0000000089a00000|  0%| F|  |TAMS 0x0000000089900000, 0x0000000089900000| Untracked 
| 138|0x0000000089a00000, 0x0000000089a00000, 0x0000000089b00000|  0%| F|  |TAMS 0x0000000089a00000, 0x0000000089a00000| Untracked 
| 139|0x0000000089b00000, 0x0000000089b00000, 0x0000000089c00000|  0%| F|  |TAMS 0x0000000089b00000, 0x0000000089b00000| Untracked 
| 140|0x0000000089c00000, 0x0000000089c00000, 0x0000000089d00000|  0%| F|  |TAMS 0x0000000089c00000, 0x0000000089c00000| Untracked 
| 141|0x0000000089d00000, 0x0000000089d00000, 0x0000000089e00000|  0%| F|  |TAMS 0x0000000089d00000, 0x0000000089d00000| Untracked 
| 142|0x0000000089e00000, 0x0000000089e00000, 0x0000000089f00000|  0%| F|  |TAMS 0x0000000089e00000, 0x0000000089e00000| Untracked 
| 143|0x0000000089f00000, 0x0000000089f00000, 0x000000008a000000|  0%| F|  |TAMS 0x0000000089f00000, 0x0000000089f00000| Untracked 
| 144|0x000000008a000000, 0x000000008a000000, 0x000000008a100000|  0%| F|  |TAMS 0x000000008a000000, 0x000000008a000000| Untracked 
| 145|0x000000008a100000, 0x000000008a100000, 0x000000008a200000|  0%| F|  |TAMS 0x000000008a100000, 0x000000008a100000| Untracked 
| 146|0x000000008a200000, 0x000000008a200000, 0x000000008a300000|  0%| F|  |TAMS 0x000000008a200000, 0x000000008a200000| Untracked 
| 147|0x000000008a300000, 0x000000008a300000, 0x000000008a400000|  0%| F|  |TAMS 0x000000008a300000, 0x000000008a300000| Untracked 
| 148|0x000000008a400000, 0x000000008a400000, 0x000000008a500000|  0%| F|  |TAMS 0x000000008a400000, 0x000000008a400000| Untracked 
| 149|0x000000008a500000, 0x000000008a500000, 0x000000008a600000|  0%| F|  |TAMS 0x000000008a500000, 0x000000008a500000| Untracked 
| 150|0x000000008a600000, 0x000000008a600000, 0x000000008a700000|  0%| F|  |TAMS 0x000000008a600000, 0x000000008a600000| Untracked 
| 151|0x000000008a700000, 0x000000008a700000, 0x000000008a800000|  0%| F|  |TAMS 0x000000008a700000, 0x000000008a700000| Untracked 
| 152|0x000000008a800000, 0x000000008a800000, 0x000000008a900000|  0%| F|  |TAMS 0x000000008a800000, 0x000000008a800000| Untracked 
| 153|0x000000008a900000, 0x000000008a900000, 0x000000008aa00000|  0%| F|  |TAMS 0x000000008a900000, 0x000000008a900000| Untracked 
| 154|0x000000008aa00000, 0x000000008aa00000, 0x000000008ab00000|  0%| F|  |TAMS 0x000000008aa00000, 0x000000008aa00000| Untracked 
| 155|0x000000008ab00000, 0x000000008ab00000, 0x000000008ac00000|  0%| F|  |TAMS 0x000000008ab00000, 0x000000008ab00000| Untracked 
| 156|0x000000008ac00000, 0x000000008ac00000, 0x000000008ad00000|  0%| F|  |TAMS 0x000000008ac00000, 0x000000008ac00000| Untracked 
| 157|0x000000008ad00000, 0x000000008ad00000, 0x000000008ae00000|  0%| F|  |TAMS 0x000000008ad00000, 0x000000008ad00000| Untracked 
| 158|0x000000008ae00000, 0x000000008ae00000, 0x000000008af00000|  0%| F|  |TAMS 0x000000008ae00000, 0x000000008ae00000| Untracked 
| 159|0x000000008af00000, 0x000000008af00000, 0x000000008b000000|  0%| F|  |TAMS 0x000000008af00000, 0x000000008af00000| Untracked 
| 160|0x000000008b000000, 0x000000008b000000, 0x000000008b100000|  0%| F|  |TAMS 0x000000008b000000, 0x000000008b000000| Untracked 
| 161|0x000000008b100000, 0x000000008b100000, 0x000000008b200000|  0%| F|  |TAMS 0x000000008b100000, 0x000000008b100000| Untracked 
| 162|0x000000008b200000, 0x000000008b200000, 0x000000008b300000|  0%| F|  |TAMS 0x000000008b200000, 0x000000008b200000| Untracked 
| 163|0x000000008b300000, 0x000000008b300000, 0x000000008b400000|  0%| F|  |TAMS 0x000000008b300000, 0x000000008b300000| Untracked 
| 164|0x000000008b400000, 0x000000008b400000, 0x000000008b500000|  0%| F|  |TAMS 0x000000008b400000, 0x000000008b400000| Untracked 
| 165|0x000000008b500000, 0x000000008b500000, 0x000000008b600000|  0%| F|  |TAMS 0x000000008b500000, 0x000000008b500000| Untracked 
| 166|0x000000008b600000, 0x000000008b600000, 0x000000008b700000|  0%| F|  |TAMS 0x000000008b600000, 0x000000008b600000| Untracked 
| 167|0x000000008b700000, 0x000000008b700000, 0x000000008b800000|  0%| F|  |TAMS 0x000000008b700000, 0x000000008b700000| Untracked 
| 168|0x000000008b800000, 0x000000008b800000, 0x000000008b900000|  0%| F|  |TAMS 0x000000008b800000, 0x000000008b800000| Untracked 
| 169|0x000000008b900000, 0x000000008b900000, 0x000000008ba00000|  0%| F|  |TAMS 0x000000008b900000, 0x000000008b900000| Untracked 
| 170|0x000000008ba00000, 0x000000008ba00000, 0x000000008bb00000|  0%| F|  |TAMS 0x000000008ba00000, 0x000000008ba00000| Untracked 
| 171|0x000000008bb00000, 0x000000008bb00000, 0x000000008bc00000|  0%| F|  |TAMS 0x000000008bb00000, 0x000000008bb00000| Untracked 
| 172|0x000000008bc00000, 0x000000008bc00000, 0x000000008bd00000|  0%| F|  |TAMS 0x000000008bc00000, 0x000000008bc00000| Untracked 
| 173|0x000000008bd00000, 0x000000008bd00000, 0x000000008be00000|  0%| F|  |TAMS 0x000000008bd00000, 0x000000008bd00000| Untracked 
| 174|0x000000008be00000, 0x000000008be00000, 0x000000008bf00000|  0%| F|  |TAMS 0x000000008be00000, 0x000000008be00000| Untracked 
| 175|0x000000008bf00000, 0x000000008bf00000, 0x000000008c000000|  0%| F|  |TAMS 0x000000008bf00000, 0x000000008bf00000| Untracked 
| 176|0x000000008c000000, 0x000000008c000000, 0x000000008c100000|  0%| F|  |TAMS 0x000000008c000000, 0x000000008c000000| Untracked 
| 177|0x000000008c100000, 0x000000008c100000, 0x000000008c200000|  0%| F|  |TAMS 0x000000008c100000, 0x000000008c100000| Untracked 
| 178|0x000000008c200000, 0x000000008c200000, 0x000000008c300000|  0%| F|  |TAMS 0x000000008c200000, 0x000000008c200000| Untracked 
| 179|0x000000008c300000, 0x000000008c300000, 0x000000008c400000|  0%| F|  |TAMS 0x000000008c300000, 0x000000008c300000| Untracked 
| 180|0x000000008c400000, 0x000000008c400000, 0x000000008c500000|  0%| F|  |TAMS 0x000000008c400000, 0x000000008c400000| Untracked 
| 181|0x000000008c500000, 0x000000008c500000, 0x000000008c600000|  0%| F|  |TAMS 0x000000008c500000, 0x000000008c500000| Untracked 
| 182|0x000000008c600000, 0x000000008c600000, 0x000000008c700000|  0%| F|  |TAMS 0x000000008c600000, 0x000000008c600000| Untracked 
| 183|0x000000008c700000, 0x000000008c700000, 0x000000008c800000|  0%| F|  |TAMS 0x000000008c700000, 0x000000008c700000| Untracked 
| 184|0x000000008c800000, 0x000000008c800000, 0x000000008c900000|  0%| F|  |TAMS 0x000000008c800000, 0x000000008c800000| Untracked 
| 185|0x000000008c900000, 0x000000008c900000, 0x000000008ca00000|  0%| F|  |TAMS 0x000000008c900000, 0x000000008c900000| Untracked 
| 186|0x000000008ca00000, 0x000000008ca8c6e0, 0x000000008cb00000| 54%| E|  |TAMS 0x000000008ca00000, 0x000000008ca00000| Complete 
| 187|0x000000008cb00000, 0x000000008cc00000, 0x000000008cc00000|100%| E|CS|TAMS 0x000000008cb00000, 0x000000008cb00000| Complete 
| 188|0x000000008cc00000, 0x000000008cd00000, 0x000000008cd00000|100%| E|CS|TAMS 0x000000008cc00000, 0x000000008cc00000| Complete 
| 189|0x000000008cd00000, 0x000000008ce00000, 0x000000008ce00000|100%| E|CS|TAMS 0x000000008cd00000, 0x000000008cd00000| Complete 
| 190|0x000000008ce00000, 0x000000008cf00000, 0x000000008cf00000|100%| E|CS|TAMS 0x000000008ce00000, 0x000000008ce00000| Complete 
| 191|0x000000008cf00000, 0x000000008d000000, 0x000000008d000000|100%| E|CS|TAMS 0x000000008cf00000, 0x000000008cf00000| Complete 
| 192|0x000000008d000000, 0x000000008d100000, 0x000000008d100000|100%| E|CS|TAMS 0x000000008d000000, 0x000000008d000000| Complete 

Card table byte_map: [0x000001da39700000,0x000001da39b00000] _byte_map_base: 0x000001da392f8000

Marking Bits (Prev, Next): (CMBitMap*) 0x000001da22015c68, (CMBitMap*) 0x000001da22015ca0
 Prev Bits: [0x000001da39f00000, 0x000001da3bec0000)
 Next Bits: [0x000001da3bec0000, 0x000001da3de80000)

Polling page: 0x000001da217b0000

Metaspace:

Usage:
  Non-class:     12.93 MB capacity,    12.83 MB (>99%) used,    86.33 KB ( <1%) free+waste,    12.31 KB ( <1%) overhead. 
      Class:      1.20 MB capacity,     1.15 MB ( 96%) used,    49.83 KB (  4%) free+waste,     3.81 KB ( <1%) overhead. 
       Both:     14.13 MB capacity,    13.98 MB ( 99%) used,   136.16 KB ( <1%) free+waste,    16.13 KB ( <1%) overhead. 

Virtual space:
  Non-class space:       14.00 MB reserved,      13.00 MB ( 93%) committed 
      Class space:        1.00 GB reserved,       1.25 MB ( <1%) committed 
             Both:        1.01 GB reserved,      14.25 MB (  1%) committed 

Chunk freelists:
   Non-Class:  9.00 KB
       Class:  2.63 KB
        Both:  11.63 KB

CodeHeap 'non-profiled nmethods': size=120064Kb used=2328Kb max_used=2626Kb free=117736Kb
 bounds [0x000001da31dc0000, 0x000001da32060000, 0x000001da39300000]
CodeHeap 'profiled nmethods': size=120000Kb used=2958Kb max_used=5155Kb free=117041Kb
 bounds [0x000001da2a890000, 0x000001da2adb0000, 0x000001da31dc0000]
CodeHeap 'non-nmethods': size=5696Kb used=1206Kb max_used=1253Kb free=4489Kb
 bounds [0x000001da2a300000, 0x000001da2a570000, 0x000001da2a890000]
 total_blobs=4270 nmethods=1935 adapters=488
 compilation: enabled
              stopped_count=0, restarted_count=0
 full_count=0

Compilation events (10 events):
Event: 266.025 Thread 0x000001da40393800 2509       4       com.badlogic.gdx.scenes.scene2d.ui.Value$2::get (30 bytes)
Event: 266.027 Thread 0x000001da40393800 nmethod 2509 0x000001da31e07990 code [0x000001da31e07b60, 0x000001da31e07d58]
Event: 266.027 Thread 0x000001da40393800 2510       4       com.badlogic.gdx.scenes.scene2d.ui.Value$5::get (30 bytes)
Event: 266.028 Thread 0x000001da40393800 nmethod 2510 0x000001da31dfaf90 code [0x000001da31dfb140, 0x000001da31dfb258]
Event: 277.406 Thread 0x000001da40393800 2511   !   4       Scenes.HUD2::update (379 bytes)
Event: 277.544 Thread 0x000001da40393800 nmethod 2511 0x000001da31e36c90 code [0x000001da31e370e0, 0x000001da31e3a838]
Event: 286.667 Thread 0x000001da40393800 2512       4       java.util.Formatter$FormatSpecifier::print (889 bytes)
Event: 286.751 Thread 0x000001da40393800 nmethod 2512 0x000001da31e1e290 code [0x000001da31e1e560, 0x000001da31e1fd70]
Event: 286.751 Thread 0x000001da40393800 2513       4       jdk.internal.math.FormattedFloatingDecimal::applyPrecision (162 bytes)
Event: 286.762 Thread 0x000001da40393800 nmethod 2513 0x000001da31e0b710 code [0x000001da31e0b8e0, 0x000001da31e0bd78]

GC Heap History (10 events):
Event: 145.739 GC heap before
{Heap before GC invocations=21 (full 0):
 garbage-first heap   total 197632K, used 128036K [0x0000000081000000, 0x0000000100000000)
  region size 1024K, 78 young (79872K), 2 survivors (2048K)
 Metaspace       used 14288K, capacity 14403K, committed 14592K, reserved 1062912K
  class space    used 1173K, capacity 1227K, committed 1280K, reserved 1048576K
}
Event: 145.741 GC heap after
{Heap after GC invocations=22 (full 0):
 garbage-first heap   total 197632K, used 50425K [0x0000000081000000, 0x0000000100000000)
  region size 1024K, 2 young (2048K), 2 survivors (2048K)
 Metaspace       used 14288K, capacity 14403K, committed 14592K, reserved 1062912K
  class space    used 1173K, capacity 1227K, committed 1280K, reserved 1048576K
}
Event: 180.933 GC heap before
{Heap before GC invocations=22 (full 0):
 garbage-first heap   total 197632K, used 134393K [0x0000000081000000, 0x0000000100000000)
  region size 1024K, 84 young (86016K), 2 survivors (2048K)
 Metaspace       used 14289K, capacity 14403K, committed 14592K, reserved 1062912K
  class space    used 1173K, capacity 1227K, committed 1280K, reserved 1048576K
}
Event: 180.935 GC heap after
{Heap after GC invocations=23 (full 0):
 garbage-first heap   total 197632K, used 50639K [0x0000000081000000, 0x0000000100000000)
  region size 1024K, 3 young (3072K), 3 survivors (3072K)
 Metaspace       used 14289K, capacity 14403K, committed 14592K, reserved 1062912K
  class space    used 1173K, capacity 1227K, committed 1280K, reserved 1048576K
}
Event: 206.294 GC heap before
{Heap before GC invocations=23 (full 0):
 garbage-first heap   total 197632K, used 138703K [0x0000000081000000, 0x0000000100000000)
  region size 1024K, 90 young (92160K), 3 survivors (3072K)
 Metaspace       used 14299K, capacity 14467K, committed 14592K, reserved 1062912K
  class space    used 1173K, capacity 1227K, committed 1280K, reserved 1048576K
}
Event: 206.296 GC heap after
{Heap after GC invocations=24 (full 0):
 garbage-first heap   total 197632K, used 50793K [0x0000000081000000, 0x0000000100000000)
  region size 1024K, 3 young (3072K), 3 survivors (3072K)
 Metaspace       used 14299K, capacity 14467K, committed 14592K, reserved 1062912K
  class space    used 1173K, capacity 1227K, committed 1280K, reserved 1048576K
}
Event: 251.507 GC heap before
{Heap before GC invocations=24 (full 0):
 garbage-first heap   total 197632K, used 156265K [0x0000000081000000, 0x0000000100000000)
  region size 1024K, 106 young (108544K), 3 survivors (3072K)
 Metaspace       used 14314K, capacity 14467K, committed 14592K, reserved 1062912K
  class space    used 1173K, capacity 1227K, committed 1280K, reserved 1048576K
}
Event: 251.510 GC heap after
{Heap after GC invocations=25 (full 0):
 garbage-first heap   total 197632K, used 50909K [0x0000000081000000, 0x0000000100000000)
  region size 1024K, 3 young (3072K), 3 survivors (3072K)
 Metaspace       used 14314K, capacity 14467K, committed 14592K, reserved 1062912K
  class space    used 1173K, capacity 1227K, committed 1280K, reserved 1048576K
}
Event: 301.484 GC heap before
{Heap before GC invocations=25 (full 0):
 garbage-first heap   total 197632K, used 159453K [0x0000000081000000, 0x0000000100000000)
  region size 1024K, 109 young (111616K), 3 survivors (3072K)
 Metaspace       used 14314K, capacity 14467K, committed 14592K, reserved 1062912K
  class space    used 1173K, capacity 1227K, committed 1280K, reserved 1048576K
}
Event: 301.487 GC heap after
{Heap after GC invocations=26 (full 0):
 garbage-first heap   total 197632K, used 51450K [0x0000000081000000, 0x0000000100000000)
  region size 1024K, 3 young (3072K), 3 survivors (3072K)
 Metaspace       used 14314K, capacity 14467K, committed 14592K, reserved 1062912K
  class space    used 1173K, capacity 1227K, committed 1280K, reserved 1048576K
}

Deoptimization events (10 events):
Event: 53.643 Thread 0x000001da416f5000 Uncommon trap: reason=unstable_if action=reinterpret pc=0x000001da31eaa07c method=com.badlogic.gdx.maps.tiled.renderers.OrthogonalTiledMapRenderer.renderTileLayer(Lcom/badlogic/gdx/maps/tiled/TiledMapTileLayer;)V @ 594 c2
Event: 70.513 Thread 0x000001da416f5000 Uncommon trap: reason=unstable_if action=reinterpret pc=0x000001da31fb4df0 method=MovingObjects.Hercules.getYourSword(F)V @ 44 c2
Event: 183.120 Thread 0x000001da416f5000 Uncommon trap: reason=unstable_if action=reinterpret pc=0x000001da3201277c method=Scenes.HUD2.update(F)V @ 287 c2
Event: 183.120 Thread 0x000001da416f5000 Uncommon trap: reason=unstable_if action=reinterpret pc=0x000001da31fbe6fc method=MovingObjects.Wagon.update(F)V @ 104 c2
Event: 183.122 Thread 0x000001da416f5000 Uncommon trap: reason=unstable_if action=reinterpret pc=0x000001da31f6ce4c method=Sprites.Wall.draw()V @ 48 c2
Event: 183.137 Thread 0x000001da416f5000 Uncommon trap: reason=unstable_if action=reinterpret pc=0x000001da31fccba0 method=Screens.Level2.update(F)V @ 20 c2
Event: 183.137 Thread 0x000001da416f5000 Uncommon trap: reason=unstable_if action=reinterpret pc=0x000001da31ee13e4 method=com.badlogic.gdx.utils.Array.iterator()Ljava/util/Iterator; @ 20 c2
Event: 186.106 Thread 0x000001da416f5000 Uncommon trap: reason=unstable_if action=reinterpret pc=0x000001da31ee983c method=com.badlogic.gdx.physics.box2d.Fixture.getShape()Lcom/badlogic/gdx/physics/box2d/Shape; @ 4 c2
Event: 196.018 Thread 0x000001da416f5000 Uncommon trap: reason=unstable_if action=reinterpret pc=0x000001da32023df4 method=jdk.internal.math.FormattedFloatingDecimal.applyPrecision(I[CII)I @ 78 c2
Event: 196.034 Thread 0x000001da416f5000 Uncommon trap: reason=unstable_if action=reinterpret pc=0x000001da32025c2c method=jdk.internal.math.FormattedFloatingDecimal.applyPrecision(I[CII)I @ 78 c2

Classes redefined (0 events):
No events

Internal exceptions (10 events):
Event: 268.191 Thread 0x000001da416f5000 Exception <a 'java/lang/ArrayIndexOutOfBoundsException'{0x000000008ac22b18}> (0x000000008ac22b18) thrown at [t:/workspace/open/src/hotspot/share/runtime/sharedRuntime.cpp, line 584]
Event: 269.110 Thread 0x000001da416f5000 Exception <a 'java/lang/ArrayIndexOutOfBoundsException'{0x000000008ac2d728}> (0x000000008ac2d728) thrown at [t:/workspace/open/src/hotspot/share/runtime/sharedRuntime.cpp, line 584]
Event: 270.077 Thread 0x000001da416f5000 Exception <a 'java/lang/ArrayIndexOutOfBoundsException'{0x000000008ac38f98}> (0x000000008ac38f98) thrown at [t:/workspace/open/src/hotspot/share/runtime/sharedRuntime.cpp, line 584]
Event: 271.028 Thread 0x000001da416f5000 Exception <a 'java/lang/ArrayIndexOutOfBoundsException'{0x000000008ac48238}> (0x000000008ac48238) thrown at [t:/workspace/open/src/hotspot/share/runtime/sharedRuntime.cpp, line 584]
Event: 272.319 Thread 0x000001da416f5000 Exception <a 'java/lang/ArrayIndexOutOfBoundsException'{0x000000008a2fba50}> (0x000000008a2fba50) thrown at [t:/workspace/open/src/hotspot/share/runtime/sharedRuntime.cpp, line 584]
Event: 273.317 Thread 0x000001da416f5000 Exception <a 'java/lang/ArrayIndexOutOfBoundsException'{0x000000008a107df0}> (0x000000008a107df0) thrown at [t:/workspace/open/src/hotspot/share/runtime/sharedRuntime.cpp, line 584]
Event: 274.249 Thread 0x000001da416f5000 Exception <a 'java/lang/ArrayIndexOutOfBoundsException'{0x000000008a112d18}> (0x000000008a112d18) thrown at [t:/workspace/open/src/hotspot/share/runtime/sharedRuntime.cpp, line 584]
Event: 275.200 Thread 0x000001da416f5000 Exception <a 'java/lang/ArrayIndexOutOfBoundsException'{0x000000008a121ed8}> (0x000000008a121ed8) thrown at [t:/workspace/open/src/hotspot/share/runtime/sharedRuntime.cpp, line 584]
Event: 276.137 Thread 0x000001da416f5000 Exception <a 'java/lang/ArrayIndexOutOfBoundsException'{0x000000008a12ce60}> (0x000000008a12ce60) thrown at [t:/workspace/open/src/hotspot/share/runtime/sharedRuntime.cpp, line 584]
Event: 277.257 Thread 0x000001da416f5000 Exception <a 'java/lang/ArrayIndexOutOfBoundsException'{0x00000000897e0d10}> (0x00000000897e0d10) thrown at [t:/workspace/open/src/hotspot/share/runtime/sharedRuntime.cpp, line 584]

Events (10 events):
Event: 256.661 Thread 0x000001da403ac800 flushing nmethod 0x000001da2ad60a90
Event: 256.661 Thread 0x000001da403ac800 flushing nmethod 0x000001da2ad60e90
Event: 256.661 Thread 0x000001da403ac800 flushing nmethod 0x000001da2ad63c90
Event: 256.661 Thread 0x000001da403ac800 flushing nmethod 0x000001da2ad69890
Event: 256.661 Thread 0x000001da403ac800 flushing nmethod 0x000001da2ad6b810
Event: 256.661 Thread 0x000001da403ac800 flushing nmethod 0x000001da2ad6be10
Event: 256.661 Thread 0x000001da403ac800 flushing nmethod 0x000001da2ad72790
Event: 256.661 Thread 0x000001da403ac800 flushing nmethod 0x000001da2ad77c90
Event: 301.484 Executing VM operation: G1CollectForAllocation
Event: 301.487 Executing VM operation: G1CollectForAllocation done


Dynamic libraries:
0x00007ff69be90000 - 0x00007ff69bed7000 	C:\Program Files\Java\jdk-11.0.1\bin\java.exe
0x00007ffa309e0000 - 0x00007ffa30bd0000 	C:\WINDOWS\SYSTEM32\ntdll.dll
0x00007ffa2ed30000 - 0x00007ffa2ede2000 	C:\WINDOWS\System32\KERNEL32.DLL
0x00007ffa2e060000 - 0x00007ffa2e304000 	C:\WINDOWS\System32\KERNELBASE.dll
0x00007ffa2f3a0000 - 0x00007ffa2f443000 	C:\WINDOWS\System32\ADVAPI32.dll
0x00007ffa2f7c0000 - 0x00007ffa2f85e000 	C:\WINDOWS\System32\msvcrt.dll
0x00007ffa2eaf0000 - 0x00007ffa2eb87000 	C:\WINDOWS\System32\sechost.dll
0x00007ffa2f270000 - 0x00007ffa2f390000 	C:\WINDOWS\System32\RPCRT4.dll
0x00007ffa2ffb0000 - 0x00007ffa30144000 	C:\WINDOWS\System32\USER32.dll
0x00007ffa2d970000 - 0x00007ffa2d991000 	C:\WINDOWS\System32\win32u.dll
0x00007ffa2f860000 - 0x00007ffa2f886000 	C:\WINDOWS\System32\GDI32.dll
0x00007ffa2da20000 - 0x00007ffa2dbb5000 	C:\WINDOWS\System32\gdi32full.dll
0x00007ffa2dfc0000 - 0x00007ffa2e05e000 	C:\WINDOWS\System32\msvcp_win.dll
0x00007ffa2dc40000 - 0x00007ffa2dd3a000 	C:\WINDOWS\System32\ucrtbase.dll
0x00007ffa12c70000 - 0x00007ffa12ef4000 	C:\WINDOWS\WinSxS\amd64_microsoft.windows.common-controls_6595b64144ccf1df_6.0.18362.900_none_e6beb9d913147d17\COMCTL32.dll
0x00007ffa2f480000 - 0x00007ffa2f7b5000 	C:\WINDOWS\System32\combase.dll
0x00007ffa27690000 - 0x00007ffa2769a000 	C:\WINDOWS\SYSTEM32\VERSION.dll
0x00007ffa2dbc0000 - 0x00007ffa2dc40000 	C:\WINDOWS\System32\bcryptPrimitives.dll
0x00007ffa2f890000 - 0x00007ffa2f8be000 	C:\WINDOWS\System32\IMM32.DLL
0x00007ffa13160000 - 0x00007ffa13176000 	C:\Program Files\Java\jdk-11.0.1\bin\vcruntime140.dll
0x00007ff9f0050000 - 0x00007ff9f00fa000 	C:\Program Files\Java\jdk-11.0.1\bin\msvcp140.dll
0x00007ff9ef030000 - 0x00007ff9efb72000 	C:\Program Files\Java\jdk-11.0.1\bin\server\jvm.dll
0x00007ffa2f390000 - 0x00007ffa2f398000 	C:\WINDOWS\System32\PSAPI.DLL
0x00007ffa1ca70000 - 0x00007ffa1ca79000 	C:\WINDOWS\SYSTEM32\WSOCK32.dll
0x00007ffa2c750000 - 0x00007ffa2c774000 	C:\WINDOWS\SYSTEM32\WINMM.dll
0x00007ffa2f200000 - 0x00007ffa2f26f000 	C:\WINDOWS\System32\WS2_32.dll
0x00007ffa2c450000 - 0x00007ffa2c47d000 	C:\WINDOWS\SYSTEM32\WINMMBASE.dll
0x00007ffa2de90000 - 0x00007ffa2deda000 	C:\WINDOWS\System32\cfgmgr32.dll
0x00007ffa2d900000 - 0x00007ffa2d911000 	C:\WINDOWS\System32\kernel.appcore.dll
0x00007ffa13140000 - 0x00007ffa13151000 	C:\Program Files\Java\jdk-11.0.1\bin\verify.dll
0x00007ffa1adc0000 - 0x00007ffa1afb4000 	C:\WINDOWS\SYSTEM32\DBGHELP.DLL
0x00007ffa1ad90000 - 0x00007ffa1adba000 	C:\WINDOWS\SYSTEM32\dbgcore.DLL
0x00007ffa0d610000 - 0x00007ffa0d639000 	C:\Program Files\Java\jdk-11.0.1\bin\java.dll
0x00007ffa0d5f0000 - 0x00007ffa0d606000 	C:\Program Files\Java\jdk-11.0.1\bin\zip.dll
0x00007ffa20c10000 - 0x00007ffa20c1a000 	C:\Program Files\Java\jdk-11.0.1\bin\jimage.dll
0x00007ffa301e0000 - 0x00007ffa308c6000 	C:\WINDOWS\System32\SHELL32.dll
0x00007ffa2ec80000 - 0x00007ffa2ed29000 	C:\WINDOWS\System32\shcore.dll
0x00007ffa2e310000 - 0x00007ffa2ea90000 	C:\WINDOWS\System32\windows.storage.dll
0x00007ffa2d8d0000 - 0x00007ffa2d8f3000 	C:\WINDOWS\System32\profapi.dll
0x00007ffa2d920000 - 0x00007ffa2d96a000 	C:\WINDOWS\System32\powrprof.dll
0x00007ffa2d8a0000 - 0x00007ffa2d8b0000 	C:\WINDOWS\System32\UMPDC.dll
0x00007ffa2efe0000 - 0x00007ffa2f032000 	C:\WINDOWS\System32\shlwapi.dll
0x00007ffa2da00000 - 0x00007ffa2da17000 	C:\WINDOWS\System32\cryptsp.dll
0x00007ffa0cb10000 - 0x00007ffa0cb29000 	C:\Program Files\Java\jdk-11.0.1\bin\net.dll
0x00007ffa22920000 - 0x00007ffa22a10000 	C:\WINDOWS\SYSTEM32\WINHTTP.dll
0x00007ffa2d060000 - 0x00007ffa2d0c7000 	C:\WINDOWS\system32\mswsock.dll
0x00007ffa0caf0000 - 0x00007ffa0cb03000 	C:\Program Files\Java\jdk-11.0.1\bin\nio.dll
0x0000000065ac0000 - 0x0000000065b0b000 	C:\Users\Google\AppData\Local\Temp\libgdxKareem\7d76f548\gdx64.dll
0x00007ffa2cbe0000 - 0x00007ffa2cc13000 	C:\WINDOWS\system32\rsaenh.dll
0x00007ffa2df90000 - 0x00007ffa2dfb6000 	C:\WINDOWS\System32\bcrypt.dll
0x00007ffa2d7c0000 - 0x00007ffa2d7e5000 	C:\WINDOWS\SYSTEM32\USERENV.dll
0x00007ffa2d1e0000 - 0x00007ffa2d1ec000 	C:\WINDOWS\SYSTEM32\CRYPTBASE.dll
0x00007ffa2cd80000 - 0x00007ffa2cdba000 	C:\WINDOWS\SYSTEM32\IPHLPAPI.DLL
0x00007ffa2f450000 - 0x00007ffa2f458000 	C:\WINDOWS\System32\NSI.dll
0x00007ffa237e0000 - 0x00007ffa237f6000 	C:\WINDOWS\SYSTEM32\dhcpcsvc6.DLL
0x00007ffa237c0000 - 0x00007ffa237dc000 	C:\WINDOWS\SYSTEM32\dhcpcsvc.DLL
0x00007ffa2ce20000 - 0x00007ffa2ceeb000 	C:\WINDOWS\SYSTEM32\DNSAPI.dll
0x0000000180000000 - 0x0000000180053000 	C:\Users\Google\AppData\Local\Temp\libgdxKareem\1cecf4f6\lwjgl64.dll
0x00007ff9efef0000 - 0x00007ff9f0046000 	C:\WINDOWS\SYSTEM32\OPENGL32.dll
0x00007ffa0c8b0000 - 0x00007ffa0c8dc000 	C:\WINDOWS\SYSTEM32\GLU32.dll
0x00007ffa2c5c0000 - 0x00007ffa2c5e0000 	C:\WINDOWS\SYSTEM32\dxcore.dll
0x000001da41cf0000 - 0x000001da41d54000 	C:\Users\Google\AppData\Local\Temp\libgdxKareem\1cecf4f6\OpenAL64.dll
0x00007ffa2f040000 - 0x00007ffa2f197000 	C:\WINDOWS\System32\ole32.dll
0x00007ffa2ba90000 - 0x00007ffa2bb29000 	C:\WINDOWS\system32\uxtheme.dll
0x00007ffa2edf0000 - 0x00007ffa2ee92000 	C:\WINDOWS\System32\clbcatq.dll
0x00007ff9e2440000 - 0x00007ff9e24d9000 	C:\WINDOWS\SYSTEM32\dsound.dll
0x00007ffa26990000 - 0x00007ffa26a02000 	C:\WINDOWS\System32\MMDevApi.dll
0x00007ffa2d640000 - 0x00007ffa2d66a000 	C:\WINDOWS\System32\DEVOBJ.dll
0x00007ffa26a10000 - 0x00007ffa26b6d000 	C:\WINDOWS\SYSTEM32\AUDIOSES.DLL
0x00007ffa308d0000 - 0x00007ffa30995000 	C:\WINDOWS\System32\OLEAUT32.dll
0x00007ffa29820000 - 0x00007ffa29973000 	C:\WINDOWS\SYSTEM32\wintypes.dll
0x00007ffa2bdf0000 - 0x00007ffa2be04000 	C:\WINDOWS\SYSTEM32\resourcepolicyclient.dll
0x00007ffa291e0000 - 0x00007ffa2928e000 	C:\WINDOWS\SYSTEM32\mscms.dll
0x00007ffa291c0000 - 0x00007ffa291d7000 	C:\WINDOWS\SYSTEM32\ColorAdapterClient.dll
0x00007ffa26ff0000 - 0x00007ffa2700a000 	C:\Windows\System32\Windows.Internal.Graphics.Display.DisplayColorManagement.dll
0x00007ffa2eea0000 - 0x00007ffa2efd5000 	C:\WINDOWS\System32\MSCTF.dll
0x00007ffa1ef90000 - 0x00007ffa1f02e000 	C:\WINDOWS\System32\TextInputFramework.dll
0x00007ffa299a0000 - 0x00007ffa29cca000 	C:\WINDOWS\System32\CoreUIComponents.dll
0x00007ffa2b700000 - 0x00007ffa2b7d4000 	C:\WINDOWS\System32\CoreMessaging.dll
0x00007ffa2c8c0000 - 0x00007ffa2c8f1000 	C:\WINDOWS\SYSTEM32\ntmarta.dll
0x00007ffa21220000 - 0x00007ffa214c6000 	C:\WINDOWS\System32\iertutil.dll
0x00007ffa1aa10000 - 0x00007ffa1aa28000 	C:\WINDOWS\SYSTEM32\atig6pxx.dll
0x000000006b9f0000 - 0x000000006d7f0000 	C:\WINDOWS\SYSTEM32\atio6axx.dll
0x00007ffa2f8c0000 - 0x00007ffa2fd30000 	C:\WINDOWS\System32\SETUPAPI.dll
0x00007ffa2bee0000 - 0x00007ffa2bf0d000 	C:\WINDOWS\SYSTEM32\dwmapi.dll
0x00007ff9e2300000 - 0x00007ff9e2440000 	C:\WINDOWS\SYSTEM32\atiadlxx.dll
0x00007ffa29590000 - 0x00007ffa295a3000 	C:\WINDOWS\SYSTEM32\WTSAPI32.dll
0x00007ffa29cd0000 - 0x00007ffa29dc0000 	C:\WINDOWS\SYSTEM32\PROPSYS.dll
0x00007ffa2d9a0000 - 0x00007ffa2d9fc000 	C:\WINDOWS\System32\WINTRUST.dll
0x00007ffa2d8b0000 - 0x00007ffa2d8c2000 	C:\WINDOWS\System32\MSASN1.dll
0x00007ffa2dd40000 - 0x00007ffa2de89000 	C:\WINDOWS\System32\CRYPT32.dll
0x00007ffa1a9e0000 - 0x00007ffa1aa0c000 	C:\WINDOWS\SYSTEM32\atig6txx.dll
0x00007ff9ed8f0000 - 0x00007ff9ed933000 	C:\WINDOWS\SYSTEM32\icm32.dll
0x000000006e9c0000 - 0x000000006ea1b000 	C:\Users\Google\AppData\Local\Temp\libgdxKareem\b8f13a6a\gdx-box2d64.dll
0x00007ffa2c5e0000 - 0x00007ffa2c6cb000 	C:\WINDOWS\SYSTEM32\dxgi.dll
0x00007ffa2aaf0000 - 0x00007ffa2ad4b000 	C:\WINDOWS\SYSTEM32\d3d11.dll
0x00007ffa27730000 - 0x00007ffa27894000 	C:\WINDOWS\SYSTEM32\aticfx64.dll
0x00007ffa27660000 - 0x00007ffa27688000 	C:\WINDOWS\SYSTEM32\atiuxp64.dll
0x00007ffa25cf0000 - 0x00007ffa2684a000 	C:\WINDOWS\SYSTEM32\atidxx64.dll
0x00007ffa2b910000 - 0x00007ffa2b99f000 	C:\WINDOWS\SYSTEM32\apphelp.dll

dbghelp: loaded successfully - version: 4.0.5 - missing functions: none
symbol engine: initialized successfully - sym options: 0x614 - pdb path: .;C:\Program Files\Java\jdk-11.0.1\bin;C:\WINDOWS\SYSTEM32;C:\WINDOWS\WinSxS\amd64_microsoft.windows.common-controls_6595b64144ccf1df_6.0.18362.900_none_e6beb9d913147d17;C:\Program Files\Java\jdk-11.0.1\bin\server;C:\Users\Google\AppData\Local\Temp\libgdxKareem\7d76f548;C:\Users\Google\AppData\Local\Temp\libgdxKareem\1cecf4f6;C:\Users\Google\AppData\Local\Temp\libgdxKareem\b8f13a6a

VM Arguments:
jvm_args: -Dfile.encoding=windows-1252 -Duser.country=US -Duser.language=en -Duser.variant 
java_command: com.Launcher.desktop.DesktopLauncher
java_class_path (initial): C:\Users\Google\Documents\NetBeansProjects\Disney's Hercules\desktop\build\classes\java\main;C:\Users\Google\Documents\NetBeansProjects\Disney's Hercules\desktop\build\resources\main;C:\Users\Google\.gradle\caches\modules-2\files-2.1\com.badlogicgames.gdx\gdx-tools\1.9.10\67524f012868e0cff57531b5bfda2781d00c6b1f\gdx-tools-1.9.10.jar;C:\Users\Google\.gradle\caches\modules-2\files-2.1\com.badlogicgames.gdx\gdx-backend-lwjgl\1.9.10\8f88abd43500d94c486d25f04d642318da72773a\gdx-backend-lwjgl-1.9.10.jar;C:\Users\Google\.gradle\caches\modules-2\files-2.1\com.badlogicgames.gdx\gdx-platform\1.9.10\1907b49f8363dd1ee37d273854a9cc3c741a6e66\gdx-platform-1.9.10-natives-desktop.jar;C:\Users\Google\.gradle\caches\modules-2\files-2.1\com.badlogicgames.gdx\gdx-box2d-platform\1.9.10\91b19c283b24eec646a18e0e7b940c829920df4f\gdx-box2d-platform-1.9.10-natives-desktop.jar;C:\Users\Google\Documents\NetBeansProjects\Disney's Hercules\core\build\libs\core-1.0.jar;C:\Users\Google\.gradle\caches\modules-2\files-2.1\com.badlogicgames.gdx\gdx-backend-headless\1.9.10\d357526e6bb3d36b01b4f833ab42588e5285d487\gdx-backend-headless-1.9.10.jar;C:\Users\Google\.gradle\caches\modules-2\files-2.1\com.badlogicgames.gdx\gdx-freetype\1.9.10\8853e4f08589a9feb4b851187909cfde8810e491\gdx-freetype-1.9.10.jar;C:\Users\Google\.gradle\caches\modules-2\files-2.1\com.badlogicgames.gdx\gdx-box2d\1.9.10\d68a7a3484d47529a8d23cd467579eb098b38a9e\gdx-box2d-1.9.10.jar;C:\Users\Google\.gradle\caches\modules-2\files-2.1\com.badlogicgames.gdx\gdx\1.9.10\79d9ad27bd5e3eb18c9ade61d3a27d7237695d53\gdx-1.9.10.jar;C:\Users\Google\.gradle\caches\modules-2\files-2.1\org.lwjgl.lwjgl\lwjgl_util\2.9.3\751f06b62424da056954c67288fd5c494431e350\lwjgl_util-2.9.3.jar;C:\Users\Google\.gradle\caches\modules-2\files-2.1\org.lwjgl.lwjgl\lwjgl\2.9.3\3df168ac74e4a8c96562cdff24ad352e255bf89c\lwjgl-2.9.3.jar;C:\Users\Google\.gradle\caches\modules-2\files-2.1\com.badlogicgames.jlayer\jlayer\1.0.1-gdx\7cca83cec5c1b2f0113
Launcher Type: SUN_STANDARD

[Global flags]
     intx CICompilerCount                          = 3                                         {product} {ergonomic}
     uint ConcGCThreads                            = 1                                         {product} {ergonomic}
     uint G1ConcRefinementThreads                  = 4                                         {product} {ergonomic}
   size_t G1HeapRegionSize                         = 1048576                                   {product} {ergonomic}
    uintx GCDrainStackTargetSize                   = 64                                        {product} {ergonomic}
   size_t InitialHeapSize                          = 134217728                                 {product} {ergonomic}
   size_t MarkStackSize                            = 4194304                                   {product} {ergonomic}
   size_t MaxHeapSize                              = 2130706432                                {product} {ergonomic}
   size_t MaxNewSize                               = 1278214144                                {product} {ergonomic}
   size_t MinHeapDeltaBytes                        = 1048576                                   {product} {ergonomic}
    uintx NonNMethodCodeHeapSize                   = 5830092                                {pd product} {ergonomic}
    uintx NonProfiledCodeHeapSize                  = 122914074                              {pd product} {ergonomic}
    uintx ProfiledCodeHeapSize                     = 122914074                              {pd product} {ergonomic}
    uintx ReservedCodeCacheSize                    = 251658240                              {pd product} {ergonomic}
     bool SegmentedCodeCache                       = true                                      {product} {ergonomic}
     bool UseCompressedClassPointers               = true                                 {lp64_product} {ergonomic}
     bool UseCompressedOops                        = true                                 {lp64_product} {ergonomic}
     bool UseG1GC                                  = true                                      {product} {ergonomic}
     bool UseLargePagesIndividualAllocation        = false                                  {pd product} {ergonomic}

Logging:
Log output configuration:
 #0: stdout all=warning uptime,level,tags
 #1: stderr all=off uptime,level,tags

Environment Variables:
JAVA_HOME=C:\Program Files\Java\jdk-13.0.2
CLASSPATH=.;.;C:\PROGRA~2\JMF21~1.1E\lib\sound.jar;C:\PROGRA~2\JMF21~1.1E\lib\jmf.jar;C:\PROGRA~2\JMF21~1.1E\lib;
PATH="C:\Windows\System32;";C:\MinGW\bin;C:\MinGW\libexec\gcc\x86_64-w64-mingw32\8.1.0;C:\Program Files (x86)\Common Files\Oracle\Java\javapath;C:\WINDOWS\system32;C:\WINDOWS;C:\WINDOWS\System32\Wbem;C:\WINDOWS\System32\WindowsPowerShell\v1.0\;C:\WINDOWS\System32\OpenSSH\;C:\Program Files\Microsoft\Web Platform Installer\;C:\Program Files (x86)\Microsoft ASP.NET\ASP.NET Web Pages\v1.0\;C:\Program Files (x86)\Windows Kits\8.1\Windows Performance Toolkit\;C:\Program Files (x86)\Microsoft SDKs\TypeScript\1.0\;C:\Program Files (x86)\Microsoft Visual Studio 12.0\VC\bin;C:\Program Files (x86)\Brackets\command;C:\Program Files\Microsoft SQL Server\Client SDK\ODBC\130\Tools\Binn\;C:\Program Files (x86)\Microsoft SQL Server\140\Tools\Binn\;C:\Program Files\Microsoft SQL Server\140\Tools\Binn\;C:\Program Files\Microsoft SQL Server\140\DTS\Binn\;C:\Program Files\Java\jdk-13.0.2\bin;C:\Program Files\Cmder;C:\Users\Google\AppData\Local\Microsoft\WindowsApps;
USERNAME=Kareem
OS=Windows_NT
PROCESSOR_IDENTIFIER=Intel64 Family 6 Model 58 Stepping 9, GenuineIntel



---------------  S Y S T E M  ---------------

OS: Windows 10 , 64 bit Build 18362 (10.0.18362.900)

CPU:total 4 (initial active 4) (2 cores per cpu, 2 threads per core) family 6 model 58 stepping 9, cmov, cx8, fxsr, mmx, sse, sse2, sse3, ssse3, sse4.1, sse4.2, popcnt, avx, aes, clmul, erms, ht, tsc, tscinvbit, tscinv

Memory: 4k page, system-wide physical 8124M (1238M free)
TotalPageFile size 11964M (AvailPageFile size 3438M)
current process WorkingSet (physical memory assigned to process): 2640M, peak: 2696M
current process commit charge ("private bytes"): 3518M, peak: 3518M

vm_info: Java HotSpot(TM) 64-Bit Server VM (11.0.1+13-LTS) for windows-amd64 JRE (11.0.1+13-LTS), built on Oct  6 2018 13:20:16 by "mach5one" with MS VC++ 15.5 (VS2017)

END.
