#
# A fatal error has been detected by the Java Runtime Environment:
#
#  EXCEPTION_ACCESS_VIOLATION (0xc0000005) at pc=0x000000006e9cbbb1, pid=7428, tid=628
#
# JRE version: Java(TM) SE Runtime Environment (11.0.1+13) (build 11.0.1+13-LTS)
# Java VM: Java HotSpot(TM) 64-Bit Server VM (11.0.1+13-LTS, mixed mode, tiered, compressed oops, g1 gc, windows-amd64)
# Problematic frame:
# C  [gdx-box2d64.dll+0xbbb1]
#
# No core dump will be written. Minidumps are not enabled by default on client versions of Windows
#
# If you would like to submit a bug report, please visit:
#   http://bugreport.java.com/bugreport/crash.jsp
# The crash happened outside the Java Virtual Machine in native code.
# See problematic frame for where to report the bug.
#

---------------  S U M M A R Y ------------

Command Line: -Dfile.encoding=windows-1252 -Duser.country=US -Duser.language=en -Duser.variant com.Launcher.desktop.DesktopLauncher

Host: Intel(R) Core(TM) i5-3360M CPU @ 2.80GHz, 4 cores, 7G,  Windows 10 , 64 bit Build 18362 (10.0.18362.900)
Time: Thu Jul  9 14:57:20 2020 Egypt Standard Time elapsed time: 16 seconds (0d 0h 0m 16s)

---------------  T H R E A D  ---------------

Current thread (0x0000020641301800):  JavaThread "LWJGL Application" [_thread_in_native, id=628, stack(0x000000c484c00000,0x000000c484d00000)]

Stack: [0x000000c484c00000,0x000000c484d00000],  sp=0x000000c484cfe250,  free space=1016k
Native frames: (J=compiled Java code, j=interpreted, Vv=VM code, C=native code)
C  [gdx-box2d64.dll+0xbbb1]

Java frames: (J=compiled Java code, j=interpreted, Vv=VM code)
j  com.badlogic.gdx.physics.box2d.World.jniCreateBody(JIFFFFFFFFZZZZZF)J+0
j  com.badlogic.gdx.physics.box2d.World.createBody(Lcom/badlogic/gdx/physics/box2d/BodyDef;)Lcom/badlogic/gdx/physics/box2d/Body;+80
j  MovingObjects.Wagon.defineCharacter()V+37
j  MovingObjects.SecondaryCharacter.<init>(LScreens/PlayScreen;FF)V+24
j  MovingObjects.Wagon.<init>(LScreens/PlayScreen;FF)V+4
j  Tools.WorldCreator.Wagons()V+77
j  Tools.WorldCreator.restarat()V+69
j  Screens.Level2.restart()V+19
J 1851 c1 Screens.Level2.update(F)V (392 bytes) @ 0x000002062a870e5c [0x000002062a870ce0+0x000000000000017c]
J 1791 c1 Screens.Level2.render(F)V (580 bytes) @ 0x000002062a852934 [0x000002062a8528a0+0x0000000000000094]
j  com.badlogic.gdx.Game.render()V+19
j  com.Hercules.game.Main.render()V+1
j  com.badlogic.gdx.backends.lwjgl.LwjglApplication.mainLoop()V+770
j  com.badlogic.gdx.backends.lwjgl.LwjglApplication$1.run()V+27
v  ~StubRoutines::call_stub

siginfo: EXCEPTION_ACCESS_VIOLATION (0xc0000005), reading address 0x0000002600000002


Register to memory mapping:

RIP=0x000000006e9cbbb1 gdx-box2d64.dll
RAX=0x000000006ea10060 gdx-box2d64.dll
RBX=0x0000002600000002 is an unknown value
RCX=0x0000020640d103f0 points into unknown readable memory
RDX=0x00000000000000b8 is an unknown value
RSP=0x000000c484cfe250 is pointing into the stack for thread: 0x0000020641301800
RBP=0x0000020640d10420 points into unknown readable memory
RSI=0x0000020640d103f0 points into unknown readable memory
RDI=0x000000c484cfe310 is pointing into the stack for thread: 0x0000020641301800
R8 =0x0000020640d103f0 points into unknown readable memory
R9 =0x0000000000000002 is an unknown value
R10=0x0 is NULL
R11=0x0000000000000001 is an unknown value
R12=0x0 is NULL
R13=0x0000000000000006 is an unknown value
R14=0x000000c484cfe508 is pointing into the stack for thread: 0x0000020641301800
R15=0x0000020641301800 is a thread


Registers:
RAX=0x000000006ea10060, RBX=0x0000002600000002, RCX=0x0000020640d103f0, RDX=0x00000000000000b8
RSP=0x000000c484cfe250, RBP=0x0000020640d10420, RSI=0x0000020640d103f0, RDI=0x000000c484cfe310
R8 =0x0000020640d103f0, R9 =0x0000000000000002, R10=0x0000000000000000, R11=0x0000000000000001
R12=0x0000000000000000, R13=0x0000000000000006, R14=0x000000c484cfe508, R15=0x0000020641301800
RIP=0x000000006e9cbbb1, EFLAGS=0x0000000000010202

Top of Stack: (sp=0x000000c484cfe250)
0x000000c484cfe250:   0000020644e68e18 0000020641301800
0x000000c484cfe260:   00007ffd324edca8 0000020643974a50
0x000000c484cfe270:   0000000000000001 0000020640d103f0
0x000000c484cfe280:   000000c484cfe310 000000c484cfe460
0x000000c484cfe290:   0000000000000000 0000020644e68e18
0x000000c484cfe2a0:   000000c484cfe508 000000006e9e1163
0x000000c484cfe2b0:   000000c484cfe350 000000c484cfe350
0x000000c484cfe2c0:   0000000000000003 0000020644e68e18
0x000000c484cfe2d0:   0000000000000001 00000206401d5278
0x000000c484cfe2e0:   000000000016eec8 000000006e9e6a36
0x000000c484cfe2f0:   0000020641301800 000000c484cfe508
0x000000c484cfe300:   000000c484cfe460 0000020629f0878b
0x000000c484cfe310:   428fe14800000002 000000003e75c28f
0x000000c484cfe320:   0000000000000000 0000000000000000
0x000000c484cfe330:   0000010100000000 000000c484cfe501
0x000000c484cfe340:   0000000000000000 000000003f800000 

Instructions: (pc=0x000000006e9cbbb1)
0x000000006e9cbb91:   05 ca 44 04 00 44 0f b6 2c 18 41 80 fd 0d 4c 89
0x000000006e9cbba1:   eb 77 2c 48 8d 2c de 48 8b 5d 10 48 85 db 74 45
0x000000006e9cbbb1:   48 8b 03 48 89 45 10 48 89 d8 48 83 c4 20 5b 5e
0x000000006e9cbbc1:   5f 5d 41 5c 41 5d 41 5e c3 66 0f 1f 44 00 00 48 



---------------  P R O C E S S  ---------------

Threads class SMR info:
_java_thread_list=0x0000020646d244b0, length=13, elements={
0x000002063ff77000, 0x000002063ff80000, 0x00000206408f3000, 0x000002063ff91000,
0x000002063ff94000, 0x000002063ff9b800, 0x000002063ff9d000, 0x0000020640a55000,
0x0000020640a61800, 0x0000020641301800, 0x0000020621bd7000, 0x000002064365f000,
0x000002064365d000
}

Java Threads: ( => current thread )
  0x000002063ff77000 JavaThread "Reference Handler" daemon [_thread_blocked, id=3392, stack(0x000000c484000000,0x000000c484100000)]
  0x000002063ff80000 JavaThread "Finalizer" daemon [_thread_blocked, id=5564, stack(0x000000c484100000,0x000000c484200000)]
  0x00000206408f3000 JavaThread "Signal Dispatcher" daemon [_thread_blocked, id=13012, stack(0x000000c484200000,0x000000c484300000)]
  0x000002063ff91000 JavaThread "Attach Listener" daemon [_thread_blocked, id=6220, stack(0x000000c484300000,0x000000c484400000)]
  0x000002063ff94000 JavaThread "C2 CompilerThread0" daemon [_thread_blocked, id=11968, stack(0x000000c484400000,0x000000c484500000)]
  0x000002063ff9b800 JavaThread "C1 CompilerThread0" daemon [_thread_blocked, id=11416, stack(0x000000c484500000,0x000000c484600000)]
  0x000002063ff9d000 JavaThread "Sweeper thread" daemon [_thread_blocked, id=8428, stack(0x000000c484600000,0x000000c484700000)]
  0x0000020640a55000 JavaThread "Service Thread" daemon [_thread_blocked, id=9792, stack(0x000000c484700000,0x000000c484800000)]
  0x0000020640a61800 JavaThread "Common-Cleaner" daemon [_thread_blocked, id=5400, stack(0x000000c484900000,0x000000c484a00000)]
=>0x0000020641301800 JavaThread "LWJGL Application" [_thread_in_native, id=628, stack(0x000000c484c00000,0x000000c484d00000)]
  0x0000020621bd7000 JavaThread "DestroyJavaVM" [_thread_blocked, id=2976, stack(0x000000c483900000,0x000000c483a00000)]
  0x000002064365f000 JavaThread "AssetManager" daemon [_thread_blocked, id=1488, stack(0x000000c485100000,0x000000c485200000)]
  0x000002064365d000 JavaThread "LWJGL Timer" daemon [_thread_blocked, id=9872, stack(0x000000c485200000,0x000000c485300000)]

Other Threads:
  0x000002063ff4e000 VMThread "VM Thread" [stack: 0x000000c483f00000,0x000000c484000000] [id=3532]
  0x0000020640a5d000 WatcherThread [stack: 0x000000c484800000,0x000000c484900000] [id=9292]
  0x0000020621bef800 GCTaskThread "GC Thread#0" [stack: 0x000000c483a00000,0x000000c483b00000] [id=9864]
  0x0000020643aae000 GCTaskThread "GC Thread#1" [stack: 0x000000c485300000,0x000000c485400000] [id=5020]
  0x00000206415f9000 GCTaskThread "GC Thread#2" [stack: 0x000000c485400000,0x000000c485500000] [id=11088]
  0x00000206415f9800 GCTaskThread "GC Thread#3" [stack: 0x000000c485500000,0x000000c485600000] [id=1324]
  0x0000020621c1f800 ConcurrentGCThread "G1 Main Marker" [stack: 0x000000c483b00000,0x000000c483c00000] [id=7716]
  0x0000020621c21000 ConcurrentGCThread "G1 Conc#0" [stack: 0x000000c483c00000,0x000000c483d00000] [id=11056]
  0x0000020621ca6000 ConcurrentGCThread "G1 Refine#0" [stack: 0x000000c483d00000,0x000000c483e00000] [id=1136]
  0x0000020643972800 ConcurrentGCThread "G1 Refine#1" [stack: 0x000000c485600000,0x000000c485700000] [id=10272]
  0x000002063fdc0800 ConcurrentGCThread "G1 Young RemSet Sampling" [stack: 0x000000c483e00000,0x000000c483f00000] [id=3504]

Threads with active compile tasks:

VM state:not at safepoint (normal execution)

VM Mutex/Monitor currently owned by a thread: None

Heap address: 0x0000000081000000, size: 2032 MB, Compressed Oops mode: 32-bit
Narrow klass base: 0x0000000000000000, Narrow klass shift: 3
Compressed class space size: 1073741824 Address: 0x0000000100000000

Heap:
 garbage-first heap   total 197632K, used 87799K [0x0000000081000000, 0x0000000100000000)
  region size 1024K, 34 young (34816K), 4 survivors (4096K)
 Metaspace       used 14020K, capacity 14211K, committed 14336K, reserved 1062912K
  class space    used 1172K, capacity 1227K, committed 1280K, reserved 1048576K
Heap Regions: E=young(eden), S=young(survivor), O=old, HS=humongous(starts), HC=humongous(continues), CS=collection set, F=free, A=archive, TAMS=top-at-mark-start (previous, next)
|   0|0x0000000081000000, 0x0000000081100000, 0x0000000081100000|100%| O|  |TAMS 0x0000000081100000, 0x0000000081000000| Untracked 
|   1|0x0000000081100000, 0x0000000081200000, 0x0000000081200000|100%| O|  |TAMS 0x0000000081200000, 0x0000000081100000| Untracked 
|   2|0x0000000081200000, 0x0000000081300000, 0x0000000081300000|100%| O|  |TAMS 0x0000000081300000, 0x0000000081200000| Untracked 
|   3|0x0000000081300000, 0x0000000081400000, 0x0000000081400000|100%|HS|  |TAMS 0x0000000081400000, 0x0000000081300000| Complete 
|   4|0x0000000081400000, 0x0000000081500000, 0x0000000081500000|100%|HC|  |TAMS 0x0000000081500000, 0x0000000081400000| Complete 
|   5|0x0000000081500000, 0x0000000081600000, 0x0000000081600000|100%|HS|  |TAMS 0x0000000081600000, 0x0000000081500000| Complete 
|   6|0x0000000081600000, 0x0000000081700000, 0x0000000081700000|100%|HC|  |TAMS 0x0000000081700000, 0x0000000081600000| Complete 
|   7|0x0000000081700000, 0x0000000081800000, 0x0000000081800000|100%|HS|  |TAMS 0x0000000081800000, 0x0000000081700000| Complete 
|   8|0x0000000081800000, 0x0000000081900000, 0x0000000081900000|100%|HC|  |TAMS 0x0000000081900000, 0x0000000081800000| Complete 
|   9|0x0000000081900000, 0x0000000081a00000, 0x0000000081a00000|100%|HS|  |TAMS 0x0000000081a00000, 0x0000000081900000| Complete 
|  10|0x0000000081a00000, 0x0000000081b00000, 0x0000000081b00000|100%|HC|  |TAMS 0x0000000081b00000, 0x0000000081a00000| Complete 
|  11|0x0000000081b00000, 0x0000000081c00000, 0x0000000081c00000|100%|HS|  |TAMS 0x0000000081c00000, 0x0000000081b00000| Complete 
|  12|0x0000000081c00000, 0x0000000081d00000, 0x0000000081d00000|100%|HC|  |TAMS 0x0000000081d00000, 0x0000000081c00000| Complete 
|  13|0x0000000081d00000, 0x0000000081e00000, 0x0000000081e00000|100%|HS|  |TAMS 0x0000000081e00000, 0x0000000081d00000| Complete 
|  14|0x0000000081e00000, 0x0000000081f00000, 0x0000000081f00000|100%|HC|  |TAMS 0x0000000081f00000, 0x0000000081e00000| Complete 
|  15|0x0000000081f00000, 0x0000000082000000, 0x0000000082000000|100%|HS|  |TAMS 0x0000000082000000, 0x0000000081f00000| Complete 
|  16|0x0000000082000000, 0x0000000082100000, 0x0000000082100000|100%|HC|  |TAMS 0x0000000082100000, 0x0000000082000000| Complete 
|  17|0x0000000082100000, 0x0000000082200000, 0x0000000082200000|100%|HS|  |TAMS 0x0000000082200000, 0x0000000082100000| Complete 
|  18|0x0000000082200000, 0x0000000082300000, 0x0000000082300000|100%|HC|  |TAMS 0x0000000082300000, 0x0000000082200000| Complete 
|  19|0x0000000082300000, 0x0000000082400000, 0x0000000082400000|100%|HS|  |TAMS 0x0000000082400000, 0x0000000082300000| Complete 
|  20|0x0000000082400000, 0x0000000082500000, 0x0000000082500000|100%|HC|  |TAMS 0x0000000082500000, 0x0000000082400000| Complete 
|  21|0x0000000082500000, 0x0000000082600000, 0x0000000082600000|100%|HS|  |TAMS 0x0000000082600000, 0x0000000082500000| Complete 
|  22|0x0000000082600000, 0x0000000082700000, 0x0000000082700000|100%|HC|  |TAMS 0x0000000082700000, 0x0000000082600000| Complete 
|  23|0x0000000082700000, 0x0000000082800000, 0x0000000082800000|100%|HS|  |TAMS 0x0000000082700000, 0x0000000082700000| Complete 
|  24|0x0000000082800000, 0x0000000082900000, 0x0000000082900000|100%|HS|  |TAMS 0x0000000082800000, 0x0000000082800000| Complete 
|  25|0x0000000082900000, 0x0000000082a00000, 0x0000000082a00000|100%|HS|  |TAMS 0x0000000082900000, 0x0000000082900000| Complete 
|  26|0x0000000082a00000, 0x0000000082b00000, 0x0000000082b00000|100%|HS|  |TAMS 0x0000000082a00000, 0x0000000082a00000| Complete 
|  27|0x0000000082b00000, 0x0000000082c00000, 0x0000000082c00000|100%|HS|  |TAMS 0x0000000082b00000, 0x0000000082b00000| Complete 
|  28|0x0000000082c00000, 0x0000000082d00000, 0x0000000082d00000|100%|HS|  |TAMS 0x0000000082c00000, 0x0000000082c00000| Complete 
|  29|0x0000000082d00000, 0x0000000082e00000, 0x0000000082e00000|100%|HS|  |TAMS 0x0000000082d00000, 0x0000000082d00000| Complete 
|  30|0x0000000082e00000, 0x0000000082f00000, 0x0000000082f00000|100%|HS|  |TAMS 0x0000000082e00000, 0x0000000082e00000| Complete 
|  31|0x0000000082f00000, 0x0000000083000000, 0x0000000083000000|100%|HS|  |TAMS 0x0000000082f00000, 0x0000000082f00000| Complete 
|  32|0x0000000083000000, 0x0000000083100000, 0x0000000083100000|100%|HS|  |TAMS 0x0000000083000000, 0x0000000083000000| Complete 
|  33|0x0000000083100000, 0x0000000083100000, 0x0000000083200000|  0%| F|  |TAMS 0x0000000083100000, 0x0000000083100000| Untracked 
|  34|0x0000000083200000, 0x0000000083200000, 0x0000000083300000|  0%| F|  |TAMS 0x0000000083200000, 0x0000000083200000| Untracked 
|  35|0x0000000083300000, 0x0000000083300000, 0x0000000083400000|  0%| F|  |TAMS 0x0000000083300000, 0x0000000083300000| Untracked 
|  36|0x0000000083400000, 0x0000000083400000, 0x0000000083500000|  0%| F|  |TAMS 0x0000000083400000, 0x0000000083400000| Untracked 
|  37|0x0000000083500000, 0x0000000083500000, 0x0000000083600000|  0%| F|  |TAMS 0x0000000083500000, 0x0000000083500000| Untracked 
|  38|0x0000000083600000, 0x0000000083600000, 0x0000000083700000|  0%| F|  |TAMS 0x0000000083600000, 0x0000000083600000| Untracked 
|  39|0x0000000083700000, 0x0000000083700000, 0x0000000083800000|  0%| F|  |TAMS 0x0000000083700000, 0x0000000083700000| Untracked 
|  40|0x0000000083800000, 0x0000000083800000, 0x0000000083900000|  0%| F|  |TAMS 0x0000000083800000, 0x0000000083800000| Untracked 
|  41|0x0000000083900000, 0x0000000083900000, 0x0000000083a00000|  0%| F|  |TAMS 0x0000000083900000, 0x0000000083900000| Untracked 
|  42|0x0000000083a00000, 0x0000000083a00000, 0x0000000083b00000|  0%| F|  |TAMS 0x0000000083a00000, 0x0000000083a00000| Untracked 
|  43|0x0000000083b00000, 0x0000000083c00000, 0x0000000083c00000|100%| O|  |TAMS 0x0000000083c00000, 0x0000000083b00000| Untracked 
|  44|0x0000000083c00000, 0x0000000083d00000, 0x0000000083d00000|100%| O|  |TAMS 0x0000000083d00000, 0x0000000083c00000| Untracked 
|  45|0x0000000083d00000, 0x0000000083e00000, 0x0000000083e00000|100%| O|  |TAMS 0x0000000083e00000, 0x0000000083d00000| Untracked 
|  46|0x0000000083e00000, 0x0000000083f00000, 0x0000000083f00000|100%| O|  |TAMS 0x0000000083f00000, 0x0000000083e00000| Untracked 
|  47|0x0000000083f00000, 0x0000000084000000, 0x0000000084000000|100%| O|  |TAMS 0x0000000084000000, 0x0000000083f00000| Untracked 
|  48|0x0000000084000000, 0x0000000084100000, 0x0000000084100000|100%| O|  |TAMS 0x0000000084100000, 0x0000000084000000| Untracked 
|  49|0x0000000084100000, 0x0000000084200000, 0x0000000084200000|100%| O|  |TAMS 0x0000000084200000, 0x0000000084100000| Untracked 
|  50|0x0000000084200000, 0x0000000084300000, 0x0000000084300000|100%| O|  |TAMS 0x0000000084300000, 0x0000000084200000| Untracked 
|  51|0x0000000084300000, 0x0000000084400000, 0x0000000084400000|100%| O|  |TAMS 0x0000000084400000, 0x0000000084300000| Untracked 
|  52|0x0000000084400000, 0x0000000084500000, 0x0000000084500000|100%| O|  |TAMS 0x0000000084500000, 0x0000000084400000| Untracked 
|  53|0x0000000084500000, 0x0000000084600000, 0x0000000084600000|100%| O|  |TAMS 0x0000000084600000, 0x0000000084500000| Untracked 
|  54|0x0000000084600000, 0x0000000084600000, 0x0000000084700000|  0%| F|  |TAMS 0x0000000084600000, 0x0000000084600000| Untracked 
|  55|0x0000000084700000, 0x0000000084700000, 0x0000000084800000|  0%| F|  |TAMS 0x0000000084700000, 0x0000000084700000| Untracked 
|  56|0x0000000084800000, 0x0000000084800000, 0x0000000084900000|  0%| F|  |TAMS 0x0000000084800000, 0x0000000084800000| Untracked 
|  57|0x0000000084900000, 0x0000000084900000, 0x0000000084a00000|  0%| F|  |TAMS 0x0000000084900000, 0x0000000084900000| Untracked 
|  58|0x0000000084a00000, 0x0000000084a00000, 0x0000000084b00000|  0%| F|  |TAMS 0x0000000084a00000, 0x0000000084a00000| Untracked 
|  59|0x0000000084b00000, 0x0000000084b00000, 0x0000000084c00000|  0%| F|  |TAMS 0x0000000084b00000, 0x0000000084b00000| Untracked 
|  60|0x0000000084c00000, 0x0000000084c00000, 0x0000000084d00000|  0%| F|  |TAMS 0x0000000084c00000, 0x0000000084c00000| Untracked 
|  61|0x0000000084d00000, 0x0000000084d00000, 0x0000000084e00000|  0%| F|  |TAMS 0x0000000084d00000, 0x0000000084d00000| Untracked 
|  62|0x0000000084e00000, 0x0000000084e00000, 0x0000000084f00000|  0%| F|  |TAMS 0x0000000084e00000, 0x0000000084e00000| Untracked 
|  63|0x0000000084f00000, 0x0000000084f00000, 0x0000000085000000|  0%| F|  |TAMS 0x0000000084f00000, 0x0000000084f00000| Untracked 
|  64|0x0000000085000000, 0x0000000085000000, 0x0000000085100000|  0%| F|  |TAMS 0x0000000085000000, 0x0000000085000000| Untracked 
|  65|0x0000000085100000, 0x0000000085100000, 0x0000000085200000|  0%| F|  |TAMS 0x0000000085100000, 0x0000000085100000| Untracked 
|  66|0x0000000085200000, 0x0000000085200000, 0x0000000085300000|  0%| F|  |TAMS 0x0000000085200000, 0x0000000085200000| Untracked 
|  67|0x0000000085300000, 0x0000000085300000, 0x0000000085400000|  0%| F|  |TAMS 0x0000000085300000, 0x0000000085300000| Untracked 
|  68|0x0000000085400000, 0x0000000085400000, 0x0000000085500000|  0%| F|  |TAMS 0x0000000085400000, 0x0000000085400000| Untracked 
|  69|0x0000000085500000, 0x0000000085500000, 0x0000000085600000|  0%| F|  |TAMS 0x0000000085500000, 0x0000000085500000| Untracked 
|  70|0x0000000085600000, 0x0000000085600000, 0x0000000085700000|  0%| F|  |TAMS 0x0000000085600000, 0x0000000085600000| Untracked 
|  71|0x0000000085700000, 0x0000000085700000, 0x0000000085800000|  0%| F|  |TAMS 0x0000000085700000, 0x0000000085700000| Untracked 
|  72|0x0000000085800000, 0x0000000085800000, 0x0000000085900000|  0%| F|  |TAMS 0x0000000085800000, 0x0000000085800000| Untracked 
|  73|0x0000000085900000, 0x0000000085900000, 0x0000000085a00000|  0%| F|  |TAMS 0x0000000085900000, 0x0000000085900000| Untracked 
|  74|0x0000000085a00000, 0x0000000085a00000, 0x0000000085b00000|  0%| F|  |TAMS 0x0000000085a00000, 0x0000000085a00000| Untracked 
|  75|0x0000000085b00000, 0x0000000085b00000, 0x0000000085c00000|  0%| F|  |TAMS 0x0000000085b00000, 0x0000000085b00000| Untracked 
|  76|0x0000000085c00000, 0x0000000085c00000, 0x0000000085d00000|  0%| F|  |TAMS 0x0000000085c00000, 0x0000000085c00000| Untracked 
|  77|0x0000000085d00000, 0x0000000085d00000, 0x0000000085e00000|  0%| F|  |TAMS 0x0000000085d00000, 0x0000000085d00000| Untracked 
|  78|0x0000000085e00000, 0x0000000085e00000, 0x0000000085f00000|  0%| F|  |TAMS 0x0000000085e00000, 0x0000000085e00000| Untracked 
|  79|0x0000000085f00000, 0x0000000085f00000, 0x0000000086000000|  0%| F|  |TAMS 0x0000000085f00000, 0x0000000085f00000| Untracked 
|  80|0x0000000086000000, 0x0000000086000000, 0x0000000086100000|  0%| F|  |TAMS 0x0000000086000000, 0x0000000086000000| Untracked 
|  81|0x0000000086100000, 0x0000000086100000, 0x0000000086200000|  0%| F|  |TAMS 0x0000000086100000, 0x0000000086100000| Untracked 
|  82|0x0000000086200000, 0x0000000086200000, 0x0000000086300000|  0%| F|  |TAMS 0x0000000086200000, 0x0000000086200000| Untracked 
|  83|0x0000000086300000, 0x0000000086300000, 0x0000000086400000|  0%| F|  |TAMS 0x0000000086300000, 0x0000000086300000| Untracked 
|  84|0x0000000086400000, 0x0000000086400000, 0x0000000086500000|  0%| F|  |TAMS 0x0000000086400000, 0x0000000086400000| Untracked 
|  85|0x0000000086500000, 0x0000000086500000, 0x0000000086600000|  0%| F|  |TAMS 0x0000000086500000, 0x0000000086500000| Untracked 
|  86|0x0000000086600000, 0x0000000086600000, 0x0000000086700000|  0%| F|  |TAMS 0x0000000086600000, 0x0000000086600000| Untracked 
|  87|0x0000000086700000, 0x0000000086800000, 0x0000000086800000|100%| O|  |TAMS 0x0000000086800000, 0x0000000086700000| Untracked 
|  88|0x0000000086800000, 0x00000000868ffff8, 0x0000000086900000| 99%| O|  |TAMS 0x00000000868ffff8, 0x0000000086800000| Untracked 
|  89|0x0000000086900000, 0x0000000086a00000, 0x0000000086a00000|100%| O|  |TAMS 0x0000000086a00000, 0x0000000086900000| Untracked 
|  90|0x0000000086a00000, 0x0000000086b00000, 0x0000000086b00000|100%| O|  |TAMS 0x0000000086b00000, 0x0000000086a00000| Untracked 
|  91|0x0000000086b00000, 0x0000000086c00000, 0x0000000086c00000|100%| O|  |TAMS 0x0000000086c00000, 0x0000000086b00000| Untracked 
|  92|0x0000000086c00000, 0x0000000086d00000, 0x0000000086d00000|100%| O|  |TAMS 0x0000000086d00000, 0x0000000086c00000| Untracked 
|  93|0x0000000086d00000, 0x0000000086e00000, 0x0000000086e00000|100%| O|  |TAMS 0x0000000086e00000, 0x0000000086d00000| Untracked 
|  94|0x0000000086e00000, 0x0000000086f00000, 0x0000000086f00000|100%| O|  |TAMS 0x0000000086f00000, 0x0000000086e00000| Untracked 
|  95|0x0000000086f00000, 0x0000000087000000, 0x0000000087000000|100%| O|  |TAMS 0x0000000087000000, 0x0000000086f00000| Untracked 
|  96|0x0000000087000000, 0x0000000087100000, 0x0000000087100000|100%| O|  |TAMS 0x0000000087100000, 0x0000000087000000| Untracked 
|  97|0x0000000087100000, 0x0000000087100000, 0x0000000087200000|  0%| F|  |TAMS 0x0000000087100000, 0x0000000087100000| Untracked 
|  98|0x0000000087200000, 0x0000000087200000, 0x0000000087300000|  0%| F|  |TAMS 0x0000000087200000, 0x0000000087200000| Untracked 
|  99|0x0000000087300000, 0x0000000087300000, 0x0000000087400000|  0%| F|  |TAMS 0x0000000087300000, 0x0000000087300000| Untracked 
| 100|0x0000000087400000, 0x0000000087400000, 0x0000000087500000|  0%| F|  |TAMS 0x0000000087400000, 0x0000000087400000| Untracked 
| 101|0x0000000087500000, 0x0000000087500000, 0x0000000087600000|  0%| F|  |TAMS 0x0000000087500000, 0x0000000087500000| Untracked 
| 102|0x0000000087600000, 0x0000000087600000, 0x0000000087700000|  0%| F|  |TAMS 0x0000000087600000, 0x0000000087600000| Untracked 
| 103|0x0000000087700000, 0x0000000087700000, 0x0000000087800000|  0%| F|  |TAMS 0x0000000087700000, 0x0000000087700000| Untracked 
| 104|0x0000000087800000, 0x0000000087800000, 0x0000000087900000|  0%| F|  |TAMS 0x0000000087800000, 0x0000000087800000| Untracked 
| 105|0x0000000087900000, 0x0000000087900000, 0x0000000087a00000|  0%| F|  |TAMS 0x0000000087900000, 0x0000000087900000| Untracked 
| 106|0x0000000087a00000, 0x0000000087a00000, 0x0000000087b00000|  0%| F|  |TAMS 0x0000000087a00000, 0x0000000087a00000| Untracked 
| 107|0x0000000087b00000, 0x0000000087b00000, 0x0000000087c00000|  0%| F|  |TAMS 0x0000000087b00000, 0x0000000087b00000| Untracked 
| 108|0x0000000087c00000, 0x0000000087c00000, 0x0000000087d00000|  0%| F|  |TAMS 0x0000000087c00000, 0x0000000087c00000| Untracked 
| 109|0x0000000087d00000, 0x0000000087d00000, 0x0000000087e00000|  0%| F|  |TAMS 0x0000000087d00000, 0x0000000087d00000| Untracked 
| 110|0x0000000087e00000, 0x0000000087e00000, 0x0000000087f00000|  0%| F|  |TAMS 0x0000000087e00000, 0x0000000087e00000| Untracked 
| 111|0x0000000087f00000, 0x0000000087f00000, 0x0000000088000000|  0%| F|  |TAMS 0x0000000087f00000, 0x0000000087f00000| Untracked 
| 112|0x0000000088000000, 0x0000000088000000, 0x0000000088100000|  0%| F|  |TAMS 0x0000000088000000, 0x0000000088000000| Untracked 
| 113|0x0000000088100000, 0x0000000088100000, 0x0000000088200000|  0%| F|  |TAMS 0x0000000088100000, 0x0000000088100000| Untracked 
| 114|0x0000000088200000, 0x0000000088200000, 0x0000000088300000|  0%| F|  |TAMS 0x0000000088200000, 0x0000000088200000| Untracked 
| 115|0x0000000088300000, 0x0000000088300000, 0x0000000088400000|  0%| F|  |TAMS 0x0000000088300000, 0x0000000088300000| Untracked 
| 116|0x0000000088400000, 0x0000000088400000, 0x0000000088500000|  0%| F|  |TAMS 0x0000000088400000, 0x0000000088400000| Untracked 
| 117|0x0000000088500000, 0x0000000088500000, 0x0000000088600000|  0%| F|  |TAMS 0x0000000088500000, 0x0000000088500000| Untracked 
| 118|0x0000000088600000, 0x0000000088600000, 0x0000000088700000|  0%| F|  |TAMS 0x0000000088600000, 0x0000000088600000| Untracked 
| 119|0x0000000088700000, 0x0000000088700000, 0x0000000088800000|  0%| F|  |TAMS 0x0000000088700000, 0x0000000088700000| Untracked 
| 120|0x0000000088800000, 0x0000000088800000, 0x0000000088900000|  0%| F|  |TAMS 0x0000000088800000, 0x0000000088800000| Untracked 
| 121|0x0000000088900000, 0x0000000088900000, 0x0000000088a00000|  0%| F|  |TAMS 0x0000000088900000, 0x0000000088900000| Untracked 
| 122|0x0000000088a00000, 0x0000000088a00000, 0x0000000088b00000|  0%| F|  |TAMS 0x0000000088a00000, 0x0000000088a00000| Untracked 
| 123|0x0000000088b00000, 0x0000000088b00000, 0x0000000088c00000|  0%| F|  |TAMS 0x0000000088b00000, 0x0000000088b00000| Untracked 
| 124|0x0000000088c00000, 0x0000000088c00000, 0x0000000088d00000|  0%| F|  |TAMS 0x0000000088c00000, 0x0000000088c00000| Untracked 
| 125|0x0000000088d00000, 0x0000000088d00000, 0x0000000088e00000|  0%| F|  |TAMS 0x0000000088d00000, 0x0000000088d00000| Untracked 
| 126|0x0000000088e00000, 0x0000000088e00000, 0x0000000088f00000|  0%| F|  |TAMS 0x0000000088e00000, 0x0000000088e00000| Untracked 
| 127|0x0000000088f00000, 0x0000000088f00000, 0x0000000089000000|  0%| F|  |TAMS 0x0000000088f00000, 0x0000000088f00000| Untracked 
| 128|0x0000000089000000, 0x0000000089000000, 0x0000000089100000|  0%| F|  |TAMS 0x0000000089000000, 0x0000000089000000| Untracked 
| 129|0x0000000089100000, 0x0000000089100000, 0x0000000089200000|  0%| F|  |TAMS 0x0000000089100000, 0x0000000089100000| Untracked 
| 130|0x0000000089200000, 0x0000000089200000, 0x0000000089300000|  0%| F|  |TAMS 0x0000000089200000, 0x0000000089200000| Untracked 
| 131|0x0000000089300000, 0x0000000089300000, 0x0000000089400000|  0%| F|  |TAMS 0x0000000089300000, 0x0000000089300000| Untracked 
| 132|0x0000000089400000, 0x0000000089400000, 0x0000000089500000|  0%| F|  |TAMS 0x0000000089400000, 0x0000000089400000| Untracked 
| 133|0x0000000089500000, 0x0000000089500000, 0x0000000089600000|  0%| F|  |TAMS 0x0000000089500000, 0x0000000089500000| Untracked 
| 134|0x0000000089600000, 0x0000000089600000, 0x0000000089700000|  0%| F|  |TAMS 0x0000000089600000, 0x0000000089600000| Untracked 
| 135|0x0000000089700000, 0x0000000089700000, 0x0000000089800000|  0%| F|  |TAMS 0x0000000089700000, 0x0000000089700000| Untracked 
| 136|0x0000000089800000, 0x0000000089800000, 0x0000000089900000|  0%| F|  |TAMS 0x0000000089800000, 0x0000000089800000| Untracked 
| 137|0x0000000089900000, 0x0000000089900000, 0x0000000089a00000|  0%| F|  |TAMS 0x0000000089900000, 0x0000000089900000| Untracked 
| 138|0x0000000089a00000, 0x0000000089a00000, 0x0000000089b00000|  0%| F|  |TAMS 0x0000000089a00000, 0x0000000089a00000| Untracked 
| 139|0x0000000089b00000, 0x0000000089b00000, 0x0000000089c00000|  0%| F|  |TAMS 0x0000000089b00000, 0x0000000089b00000| Untracked 
| 140|0x0000000089c00000, 0x0000000089c00000, 0x0000000089d00000|  0%| F|  |TAMS 0x0000000089c00000, 0x0000000089c00000| Untracked 
| 141|0x0000000089d00000, 0x0000000089d00000, 0x0000000089e00000|  0%| F|  |TAMS 0x0000000089d00000, 0x0000000089d00000| Untracked 
| 142|0x0000000089e00000, 0x0000000089e00000, 0x0000000089f00000|  0%| F|  |TAMS 0x0000000089e00000, 0x0000000089e00000| Untracked 
| 143|0x0000000089f00000, 0x0000000089f00000, 0x000000008a000000|  0%| F|  |TAMS 0x0000000089f00000, 0x0000000089f00000| Untracked 
| 144|0x000000008a000000, 0x000000008a000000, 0x000000008a100000|  0%| F|  |TAMS 0x000000008a000000, 0x000000008a000000| Untracked 
| 145|0x000000008a100000, 0x000000008a100000, 0x000000008a200000|  0%| F|  |TAMS 0x000000008a100000, 0x000000008a100000| Untracked 
| 146|0x000000008a200000, 0x000000008a200000, 0x000000008a300000|  0%| F|  |TAMS 0x000000008a200000, 0x000000008a200000| Untracked 
| 147|0x000000008a300000, 0x000000008a300000, 0x000000008a400000|  0%| F|  |TAMS 0x000000008a300000, 0x000000008a300000| Untracked 
| 148|0x000000008a400000, 0x000000008a400000, 0x000000008a500000|  0%| F|  |TAMS 0x000000008a400000, 0x000000008a400000| Untracked 
| 149|0x000000008a500000, 0x000000008a500000, 0x000000008a600000|  0%| F|  |TAMS 0x000000008a500000, 0x000000008a500000| Untracked 
| 150|0x000000008a600000, 0x000000008a600000, 0x000000008a700000|  0%| F|  |TAMS 0x000000008a600000, 0x000000008a600000| Untracked 
| 151|0x000000008a700000, 0x000000008a700000, 0x000000008a800000|  0%| F|  |TAMS 0x000000008a700000, 0x000000008a700000| Untracked 
| 152|0x000000008a800000, 0x000000008a800000, 0x000000008a900000|  0%| F|  |TAMS 0x000000008a800000, 0x000000008a800000| Untracked 
| 153|0x000000008a900000, 0x000000008a900000, 0x000000008aa00000|  0%| F|  |TAMS 0x000000008a900000, 0x000000008a900000| Untracked 
| 154|0x000000008aa00000, 0x000000008aa00000, 0x000000008ab00000|  0%| F|  |TAMS 0x000000008aa00000, 0x000000008aa00000| Untracked 
| 155|0x000000008ab00000, 0x000000008ab00000, 0x000000008ac00000|  0%| F|  |TAMS 0x000000008ab00000, 0x000000008ab00000| Untracked 
| 156|0x000000008ac00000, 0x000000008ac00000, 0x000000008ad00000|  0%| F|  |TAMS 0x000000008ac00000, 0x000000008ac00000| Untracked 
| 157|0x000000008ad00000, 0x000000008ad00000, 0x000000008ae00000|  0%| F|  |TAMS 0x000000008ad00000, 0x000000008ad00000| Untracked 
| 158|0x000000008ae00000, 0x000000008ae00000, 0x000000008af00000|  0%| F|  |TAMS 0x000000008ae00000, 0x000000008ae00000| Untracked 
| 159|0x000000008af00000, 0x000000008b000000, 0x000000008b000000|100%| E|  |TAMS 0x000000008af00000, 0x000000008af00000| Complete 
| 160|0x000000008b000000, 0x000000008b100000, 0x000000008b100000|100%| E|CS|TAMS 0x000000008b000000, 0x000000008b000000| Complete 
| 161|0x000000008b100000, 0x000000008b200000, 0x000000008b200000|100%| E|CS|TAMS 0x000000008b100000, 0x000000008b100000| Complete 
| 162|0x000000008b200000, 0x000000008b300000, 0x000000008b300000|100%| E|CS|TAMS 0x000000008b200000, 0x000000008b200000| Complete 
| 163|0x000000008b300000, 0x000000008b400000, 0x000000008b400000|100%| E|CS|TAMS 0x000000008b300000, 0x000000008b300000| Complete 
| 164|0x000000008b400000, 0x000000008b500000, 0x000000008b500000|100%| E|CS|TAMS 0x000000008b400000, 0x000000008b400000| Complete 
| 165|0x000000008b500000, 0x000000008b600000, 0x000000008b600000|100%| E|CS|TAMS 0x000000008b500000, 0x000000008b500000| Complete 
| 166|0x000000008b600000, 0x000000008b700000, 0x000000008b700000|100%| E|CS|TAMS 0x000000008b600000, 0x000000008b600000| Complete 
| 167|0x000000008b700000, 0x000000008b800000, 0x000000008b800000|100%| E|CS|TAMS 0x000000008b700000, 0x000000008b700000| Complete 
| 168|0x000000008b800000, 0x000000008b900000, 0x000000008b900000|100%| E|CS|TAMS 0x000000008b800000, 0x000000008b800000| Complete 
| 169|0x000000008b900000, 0x000000008ba00000, 0x000000008ba00000|100%| E|CS|TAMS 0x000000008b900000, 0x000000008b900000| Complete 
| 170|0x000000008ba00000, 0x000000008bb00000, 0x000000008bb00000|100%| E|CS|TAMS 0x000000008ba00000, 0x000000008ba00000| Complete 
| 171|0x000000008bb00000, 0x000000008bc00000, 0x000000008bc00000|100%| E|CS|TAMS 0x000000008bb00000, 0x000000008bb00000| Complete 
| 172|0x000000008bc00000, 0x000000008bd00000, 0x000000008bd00000|100%| E|CS|TAMS 0x000000008bc00000, 0x000000008bc00000| Complete 
| 173|0x000000008bd00000, 0x000000008be00000, 0x000000008be00000|100%| E|CS|TAMS 0x000000008bd00000, 0x000000008bd00000| Complete 
| 174|0x000000008be00000, 0x000000008bf00000, 0x000000008bf00000|100%| E|CS|TAMS 0x000000008be00000, 0x000000008be00000| Complete 
| 175|0x000000008bf00000, 0x000000008c000000, 0x000000008c000000|100%| E|CS|TAMS 0x000000008bf00000, 0x000000008bf00000| Complete 
| 176|0x000000008c000000, 0x000000008c100000, 0x000000008c100000|100%| E|CS|TAMS 0x000000008c000000, 0x000000008c000000| Complete 
| 177|0x000000008c100000, 0x000000008c200000, 0x000000008c200000|100%| E|CS|TAMS 0x000000008c100000, 0x000000008c100000| Complete 
| 178|0x000000008c200000, 0x000000008c300000, 0x000000008c300000|100%| E|CS|TAMS 0x000000008c200000, 0x000000008c200000| Complete 
| 179|0x000000008c300000, 0x000000008c400000, 0x000000008c400000|100%| E|CS|TAMS 0x000000008c300000, 0x000000008c300000| Complete 
| 180|0x000000008c400000, 0x000000008c500000, 0x000000008c500000|100%| E|CS|TAMS 0x000000008c400000, 0x000000008c400000| Complete 
| 181|0x000000008c500000, 0x000000008c600000, 0x000000008c600000|100%| E|CS|TAMS 0x000000008c500000, 0x000000008c500000| Complete 
| 182|0x000000008c600000, 0x000000008c700000, 0x000000008c700000|100%| E|CS|TAMS 0x000000008c600000, 0x000000008c600000| Complete 
| 183|0x000000008c700000, 0x000000008c800000, 0x000000008c800000|100%| E|CS|TAMS 0x000000008c700000, 0x000000008c700000| Complete 
| 184|0x000000008c800000, 0x000000008c900000, 0x000000008c900000|100%| E|CS|TAMS 0x000000008c800000, 0x000000008c800000| Complete 
| 185|0x000000008c900000, 0x000000008ca00000, 0x000000008ca00000|100%| E|  |TAMS 0x000000008c900000, 0x000000008c900000| Complete 
| 186|0x000000008ca00000, 0x000000008cb00000, 0x000000008cb00000|100%| E|CS|TAMS 0x000000008ca00000, 0x000000008ca00000| Complete 
| 187|0x000000008cb00000, 0x000000008cbbdd40, 0x000000008cc00000| 74%| S|CS|TAMS 0x000000008cb00000, 0x000000008cb00000| Complete 
| 188|0x000000008cc00000, 0x000000008cd00000, 0x000000008cd00000|100%| S|CS|TAMS 0x000000008cc00000, 0x000000008cc00000| Complete 
| 189|0x000000008cd00000, 0x000000008ce00000, 0x000000008ce00000|100%| S|CS|TAMS 0x000000008cd00000, 0x000000008cd00000| Complete 
| 190|0x000000008ce00000, 0x000000008cf00000, 0x000000008cf00000|100%| S|CS|TAMS 0x000000008ce00000, 0x000000008ce00000| Complete 
| 191|0x000000008cf00000, 0x000000008d000000, 0x000000008d000000|100%| E|CS|TAMS 0x000000008cf00000, 0x000000008cf00000| Complete 
| 192|0x000000008d000000, 0x000000008d100000, 0x000000008d100000|100%| E|CS|TAMS 0x000000008d000000, 0x000000008d000000| Complete 

Card table byte_map: [0x0000020639300000,0x0000020639700000] _byte_map_base: 0x0000020638ef8000

Marking Bits (Prev, Next): (CMBitMap*) 0x0000020621c16d18, (CMBitMap*) 0x0000020621c16d50
 Prev Bits: [0x0000020639b00000, 0x000002063bac0000)
 Next Bits: [0x000002063bac0000, 0x000002063da80000)

Polling page: 0x000002061fb70000

Metaspace:

Usage:
  Non-class:     12.68 MB capacity,    12.55 MB ( 99%) used,   123.77 KB ( <1%) free+waste,    12.06 KB ( <1%) overhead. 
      Class:      1.20 MB capacity,     1.14 MB ( 96%) used,    50.83 KB (  4%) free+waste,     3.81 KB ( <1%) overhead. 
       Both:     13.88 MB capacity,    13.69 MB ( 99%) used,   174.60 KB (  1%) free+waste,    15.88 KB ( <1%) overhead. 

Virtual space:
  Non-class space:       14.00 MB reserved,      12.75 MB ( 91%) committed 
      Class space:        1.00 GB reserved,       1.25 MB ( <1%) committed 
             Both:        1.01 GB reserved,      14.00 MB (  1%) committed 

Chunk freelists:
   Non-Class:  9.00 KB
       Class:  2.63 KB
        Both:  11.63 KB

CodeHeap 'non-profiled nmethods': size=120064Kb used=1464Kb max_used=1464Kb free=118599Kb
 bounds [0x00000206319c0000, 0x0000020631c30000, 0x0000020638f00000]
CodeHeap 'profiled nmethods': size=120000Kb used=4180Kb max_used=4180Kb free=115819Kb
 bounds [0x000002062a490000, 0x000002062a8b0000, 0x00000206319c0000]
CodeHeap 'non-nmethods': size=5696Kb used=1208Kb max_used=1248Kb free=4487Kb
 bounds [0x0000020629f00000, 0x000002062a170000, 0x000002062a490000]
 total_blobs=3181 nmethods=1927 adapters=488
 compilation: enabled
              stopped_count=0, restarted_count=0
 full_count=0

Compilation events (10 events):
Event: 16.395 Thread 0x000002063ff94000 1923       4       java.io.File::<init> (47 bytes)
Event: 16.407 Thread 0x000002063ff94000 nmethod 1923 0x0000020631b2c710 code [0x0000020631b2c920, 0x0000020631b2d080]
Event: 16.420 Thread 0x000002063ff9b800 1924       3       MovingObjects.Vulture::update (352 bytes)
Event: 16.423 Thread 0x000002063ff9b800 nmethod 1924 0x000002062a8a1f10 code [0x000002062a8a2300, 0x000002062a8a4400]
Event: 16.465 Thread 0x000002063ff9b800 1925       1       com.badlogic.gdx.scenes.scene2d.ui.Widget::getMaxWidth (2 bytes)
Event: 16.466 Thread 0x000002063ff9b800 nmethod 1925 0x0000020631b2d710 code [0x0000020631b2d8c0, 0x0000020631b2d9d8]
Event: 16.466 Thread 0x000002063ff9b800 1927       3       com.badlogic.gdx.scenes.scene2d.ui.Label::getPrefWidth (58 bytes)
Event: 16.466 Thread 0x000002063ff9b800 nmethod 1927 0x000002062a8a4c10 code [0x000002062a8a4de0, 0x000002062a8a5210]
Event: 16.466 Thread 0x000002063ff9b800 1926       1       com.badlogic.gdx.scenes.scene2d.ui.Widget::getMaxHeight (2 bytes)
Event: 16.466 Thread 0x000002063ff9b800 nmethod 1926 0x0000020631b2da90 code [0x0000020631b2dc40, 0x0000020631b2dd58]

GC Heap History (10 events):
Event: 2.445 GC heap before
{Heap before GC invocations=9 (full 0):
 garbage-first heap   total 197632K, used 89894K [0x0000000081000000, 0x0000000100000000)
  region size 1024K, 3 young (3072K), 1 survivors (1024K)
 Metaspace       used 11094K, capacity 11172K, committed 11520K, reserved 1060864K
  class space    used 916K, capacity 960K, committed 1024K, reserved 1048576K
}
Event: 2.446 GC heap after
{Heap after GC invocations=10 (full 0):
 garbage-first heap   total 197632K, used 23459K [0x0000000081000000, 0x0000000100000000)
  region size 1024K, 1 young (1024K), 1 survivors (1024K)
 Metaspace       used 11094K, capacity 11172K, committed 11520K, reserved 1060864K
  class space    used 916K, capacity 960K, committed 1024K, reserved 1048576K
}
Event: 3.026 GC heap before
{Heap before GC invocations=11 (full 0):
 garbage-first heap   total 197632K, used 112547K [0x0000000081000000, 0x0000000100000000)
  region size 1024K, 25 young (25600K), 1 survivors (1024K)
 Metaspace       used 11218K, capacity 11396K, committed 11520K, reserved 1060864K
  class space    used 926K, capacity 992K, committed 1024K, reserved 1048576K
}
Event: 3.053 GC heap after
{Heap after GC invocations=12 (full 0):
 garbage-first heap   total 197632K, used 50838K [0x0000000081000000, 0x0000000100000000)
  region size 1024K, 11 young (11264K), 11 survivors (11264K)
 Metaspace       used 11218K, capacity 11396K, committed 11520K, reserved 1060864K
  class space    used 926K, capacity 992K, committed 1024K, reserved 1048576K
}
Event: 6.027 GC heap before
{Heap before GC invocations=13 (full 0):
 garbage-first heap   total 197632K, used 123542K [0x0000000081000000, 0x0000000100000000)
  region size 1024K, 63 young (64512K), 11 survivors (11264K)
 Metaspace       used 11885K, capacity 12068K, committed 12288K, reserved 1060864K
  class space    used 980K, capacity 1024K, committed 1024K, reserved 1048576K
}
Event: 6.046 GC heap after
{Heap after GC invocations=14 (full 0):
 garbage-first heap   total 197632K, used 48929K [0x0000000081000000, 0x0000000100000000)
  region size 1024K, 4 young (4096K), 4 survivors (4096K)
 Metaspace       used 11885K, capacity 12068K, committed 12288K, reserved 1060864K
  class space    used 980K, capacity 1024K, committed 1024K, reserved 1048576K
}
Event: 9.091 GC heap before
{Heap before GC invocations=14 (full 0):
 garbage-first heap   total 197632K, used 125729K [0x0000000081000000, 0x0000000100000000)
  region size 1024K, 37 young (37888K), 4 survivors (4096K)
 Metaspace       used 11910K, capacity 12068K, committed 12288K, reserved 1060864K
  class space    used 982K, capacity 1024K, committed 1024K, reserved 1048576K
}
Event: 9.093 GC heap after
{Heap after GC invocations=15 (full 0):
 garbage-first heap   total 197632K, used 49042K [0x0000000081000000, 0x0000000100000000)
  region size 1024K, 4 young (4096K), 4 survivors (4096K)
 Metaspace       used 11910K, capacity 12068K, committed 12288K, reserved 1060864K
  class space    used 982K, capacity 1024K, committed 1024K, reserved 1048576K
}
Event: 10.031 GC heap before
{Heap before GC invocations=16 (full 0):
 garbage-first heap   total 197632K, used 94098K [0x0000000081000000, 0x0000000100000000)
  region size 1024K, 6 young (6144K), 4 survivors (4096K)
 Metaspace       used 11910K, capacity 12068K, committed 12288K, reserved 1060864K
  class space    used 982K, capacity 1024K, committed 1024K, reserved 1048576K
}
Event: 10.033 GC heap after
{Heap after GC invocations=17 (full 0):
 garbage-first heap   total 197632K, used 48887K [0x0000000081000000, 0x0000000100000000)
  region size 1024K, 4 young (4096K), 4 survivors (4096K)
 Metaspace       used 11910K, capacity 12068K, committed 12288K, reserved 1060864K
  class space    used 982K, capacity 1024K, committed 1024K, reserved 1048576K
}

Deoptimization events (10 events):
Event: 11.059 Thread 0x0000020641301800 Uncommon trap: reason=unstable_if action=reinterpret pc=0x0000020631aab468 method=javazoom.jl.decoder.huffcodetab.huffman_decoder(Ljavazoom/jl/decoder/huffcodetab;[I[I[I[ILjavazoom/jl/decoder/BitReserve;)I @ 27 c2
Event: 11.070 Thread 0x0000020641301800 Uncommon trap: reason=class_check action=maybe_recompile pc=0x0000020631a647e4 method=java.io.BufferedInputStream.read([BII)I @ 101 c2
Event: 11.284 Thread 0x0000020641301800 Uncommon trap: reason=unstable_if action=reinterpret pc=0x0000020631a10f28 method=java.lang.Math.round(F)I @ 36 c2
Event: 11.532 Thread 0x0000020641301800 Uncommon trap: reason=class_check action=maybe_recompile pc=0x0000020631a647e4 method=java.io.BufferedInputStream.read([BII)I @ 101 c2
Event: 12.243 Thread 0x0000020641301800 Uncommon trap: reason=class_check action=maybe_recompile pc=0x0000020631a647e4 method=java.io.BufferedInputStream.read([BII)I @ 101 c2
Event: 12.632 Thread 0x0000020641301800 Uncommon trap: reason=class_check action=maybe_recompile pc=0x0000020631a647e4 method=java.io.BufferedInputStream.read([BII)I @ 101 c2
Event: 13.795 Thread 0x0000020641301800 Uncommon trap: reason=unstable_if action=reinterpret pc=0x0000020631aedc30 method=com.badlogic.gdx.math.Rectangle.overlaps(Lcom/badlogic/gdx/math/Rectangle;)Z @ 31 c2
Event: 16.113 Thread 0x0000020641301800 Uncommon trap: reason=unstable_if action=reinterpret pc=0x0000020631ad3e94 method=javazoom.jl.decoder.BitReserve.hgetbits(I)I @ 22 c2
Event: 16.115 Thread 0x0000020641301800 Uncommon trap: reason=unstable_if action=reinterpret pc=0x0000020631b18358 method=MovingObjects.Vulture.update(F)V @ 161 c2
Event: 16.466 Thread 0x0000020641301800 Uncommon trap: reason=unstable_if action=reinterpret pc=0x0000020631afa764 method=com.badlogic.gdx.utils.Array.iterator()Ljava/util/Iterator; @ 20 c2

Classes redefined (0 events):
No events

Internal exceptions (10 events):
Event: 0.944 Thread 0x0000020621bd7000 Exception <a 'java/security/PrivilegedActionException'{0x0000000088b6de00}> (0x0000000088b6de00) thrown at [t:/workspace/open/src/hotspot/share/prims/jvm.cpp, line 1308]
Event: 0.944 Thread 0x0000020621bd7000 Exception <a 'java/security/PrivilegedActionException'{0x0000000088b6e9c0}> (0x0000000088b6e9c0) thrown at [t:/workspace/open/src/hotspot/share/prims/jvm.cpp, line 1308]
Event: 0.944 Thread 0x0000020621bd7000 Exception <a 'java/security/PrivilegedActionException'{0x0000000088b6f540}> (0x0000000088b6f540) thrown at [t:/workspace/open/src/hotspot/share/prims/jvm.cpp, line 1308]
Event: 3.210 Thread 0x0000020641301800 Exception <a 'java/lang/NullPointerException'{0x000000008cc38250}> (0x000000008cc38250) thrown at [t:/workspace/open/src/hotspot/share/interpreter/linkResolver.cpp, line 1372]
Event: 10.655 Thread 0x0000020641301800 Exception <a 'java/lang/NoSuchMethodError'{0x000000008c4d39c0}: java.lang.invoke.DirectMethodHandle$Holder.invokeSpecialIFC(Ljava/lang/Object;Ljava/lang/Object;I)I> (0x000000008c4d39c0) thrown at [t:/workspace/open/src/hotspot/share/interpreter/linkResolv
Event: 12.467 Thread 0x0000020641301800 Exception <a 'java/lang/ArrayIndexOutOfBoundsException'{0x000000008b910558}: Index 6 out of bounds for length 6> (0x000000008b910558) thrown at [t:/workspace/open/src/hotspot/share/interpreter/interpreterRuntime.cpp, line 459]
Event: 13.412 Thread 0x0000020641301800 Exception <a 'java/lang/ArrayIndexOutOfBoundsException'{0x000000008b91cc68}: Index 6 out of bounds for length 6> (0x000000008b91cc68) thrown at [t:/workspace/open/src/hotspot/share/interpreter/interpreterRuntime.cpp, line 459]
Event: 14.378 Thread 0x0000020641301800 Exception <a 'java/lang/ArrayIndexOutOfBoundsException'{0x000000008b928dd8}: Index 6 out of bounds for length 6> (0x000000008b928dd8) thrown at [t:/workspace/open/src/hotspot/share/interpreter/interpreterRuntime.cpp, line 459]
Event: 15.310 Thread 0x0000020641301800 Exception <a 'java/lang/ArrayIndexOutOfBoundsException'{0x000000008b934b30}: Index 6 out of bounds for length 6> (0x000000008b934b30) thrown at [t:/workspace/open/src/hotspot/share/interpreter/interpreterRuntime.cpp, line 459]
Event: 16.466 Thread 0x0000020641301800 Implicit null exception at 0x0000020631afa6e4 to 0x0000020631afa752

Events (10 events):
Event: 13.795 Thread 0x0000020641301800 DEOPT UNPACKING pc=0x0000020629f28eaf sp=0x000000c484cfea00 mode 2
Event: 16.113 Thread 0x0000020641301800 Uncommon trap: trap_request=0xffffff4d fr.pc=0x0000020631ad3e94 relative=0x00000000000000f4
Event: 16.114 Thread 0x0000020641301800 DEOPT PACKING pc=0x0000020631ad3e94 sp=0x000000c484cfe740
Event: 16.114 Thread 0x0000020641301800 DEOPT UNPACKING pc=0x0000020629f28eaf sp=0x000000c484cfe6c8 mode 2
Event: 16.115 Thread 0x0000020641301800 Uncommon trap: trap_request=0xffffff4d fr.pc=0x0000020631b18358 relative=0x0000000000002af8
Event: 16.115 Thread 0x0000020641301800 DEOPT PACKING pc=0x0000020631b18358 sp=0x000000c484cfe7d0
Event: 16.115 Thread 0x0000020641301800 DEOPT UNPACKING pc=0x0000020629f28eaf sp=0x000000c484cfe7d0 mode 2
Event: 16.466 Thread 0x0000020641301800 Uncommon trap: trap_request=0xffffff4d fr.pc=0x0000020631afa764 relative=0x00000000000000c4
Event: 16.466 Thread 0x0000020641301800 DEOPT PACKING pc=0x0000020631afa764 sp=0x000000c484cfe6f0
Event: 16.466 Thread 0x0000020641301800 DEOPT UNPACKING pc=0x0000020629f28eaf sp=0x000000c484cfe690 mode 2


Dynamic libraries:
0x00007ff795510000 - 0x00007ff795557000 	C:\Program Files\Java\jdk-11.0.1\bin\java.exe
0x00007ffd6ebe0000 - 0x00007ffd6edd0000 	C:\WINDOWS\SYSTEM32\ntdll.dll
0x00007ffd6e280000 - 0x00007ffd6e332000 	C:\WINDOWS\System32\KERNEL32.DLL
0x00007ffd6bee0000 - 0x00007ffd6c184000 	C:\WINDOWS\System32\KERNELBASE.dll
0x00007ffd6d090000 - 0x00007ffd6d133000 	C:\WINDOWS\System32\ADVAPI32.dll
0x00007ffd6ce20000 - 0x00007ffd6cebe000 	C:\WINDOWS\System32\msvcrt.dll
0x00007ffd6e010000 - 0x00007ffd6e0a7000 	C:\WINDOWS\System32\sechost.dll
0x00007ffd6dee0000 - 0x00007ffd6e000000 	C:\WINDOWS\System32\RPCRT4.dll
0x00007ffd6d140000 - 0x00007ffd6d2d4000 	C:\WINDOWS\System32\USER32.dll
0x00007ffd6c3b0000 - 0x00007ffd6c3d1000 	C:\WINDOWS\System32\win32u.dll
0x00007ffd6cc90000 - 0x00007ffd6ccb6000 	C:\WINDOWS\System32\GDI32.dll
0x00007ffd6bc70000 - 0x00007ffd6be05000 	C:\WINDOWS\System32\gdi32full.dll
0x00007ffd6c310000 - 0x00007ffd6c3ae000 	C:\WINDOWS\System32\msvcp_win.dll
0x00007ffd6bb70000 - 0x00007ffd6bc6a000 	C:\WINDOWS\System32\ucrtbase.dll
0x00007ffd4ec80000 - 0x00007ffd4ef04000 	C:\WINDOWS\WinSxS\amd64_microsoft.windows.common-controls_6595b64144ccf1df_6.0.18362.900_none_e6beb9d913147d17\COMCTL32.dll
0x00007ffd6e340000 - 0x00007ffd6e675000 	C:\WINDOWS\System32\combase.dll
0x00007ffd65690000 - 0x00007ffd6569a000 	C:\WINDOWS\SYSTEM32\VERSION.dll
0x00007ffd6c440000 - 0x00007ffd6c4c0000 	C:\WINDOWS\System32\bcryptPrimitives.dll
0x00007ffd6ccc0000 - 0x00007ffd6ccee000 	C:\WINDOWS\System32\IMM32.DLL
0x00007ffd459a0000 - 0x00007ffd459b6000 	C:\Program Files\Java\jdk-11.0.1\bin\vcruntime140.dll
0x00007ffd35780000 - 0x00007ffd3582a000 	C:\Program Files\Java\jdk-11.0.1\bin\msvcp140.dll
0x00007ffd31c50000 - 0x00007ffd32792000 	C:\Program Files\Java\jdk-11.0.1\bin\server\jvm.dll
0x00007ffd6d000000 - 0x00007ffd6d008000 	C:\WINDOWS\System32\PSAPI.DLL
0x00007ffd5ce60000 - 0x00007ffd5ce69000 	C:\WINDOWS\SYSTEM32\WSOCK32.dll
0x00007ffd6e0b0000 - 0x00007ffd6e11f000 	C:\WINDOWS\System32\WS2_32.dll
0x00007ffd6a9b0000 - 0x00007ffd6a9d4000 	C:\WINDOWS\SYSTEM32\WINMM.dll
0x00007ffd6a950000 - 0x00007ffd6a97d000 	C:\WINDOWS\SYSTEM32\WINMMBASE.dll
0x00007ffd6cc40000 - 0x00007ffd6cc8a000 	C:\WINDOWS\System32\cfgmgr32.dll
0x00007ffd6bad0000 - 0x00007ffd6bae1000 	C:\WINDOWS\System32\kernel.appcore.dll
0x00007ffd453a0000 - 0x00007ffd453b1000 	C:\Program Files\Java\jdk-11.0.1\bin\verify.dll
0x00007ffd59e40000 - 0x00007ffd5a034000 	C:\WINDOWS\SYSTEM32\DBGHELP.DLL
0x00007ffd5c690000 - 0x00007ffd5c6ba000 	C:\WINDOWS\SYSTEM32\dbgcore.DLL
0x00007ffd45780000 - 0x00007ffd457a9000 	C:\Program Files\Java\jdk-11.0.1\bin\java.dll
0x00007ffd45270000 - 0x00007ffd45286000 	C:\Program Files\Java\jdk-11.0.1\bin\zip.dll
0x00007ffd5cd50000 - 0x00007ffd5cd5a000 	C:\Program Files\Java\jdk-11.0.1\bin\jimage.dll
0x00007ffd6d640000 - 0x00007ffd6dd26000 	C:\WINDOWS\System32\SHELL32.dll
0x00007ffd6cd70000 - 0x00007ffd6ce19000 	C:\WINDOWS\System32\shcore.dll
0x00007ffd6c4c0000 - 0x00007ffd6cc40000 	C:\WINDOWS\System32\windows.storage.dll
0x00007ffd6bb40000 - 0x00007ffd6bb63000 	C:\WINDOWS\System32\profapi.dll
0x00007ffd6baf0000 - 0x00007ffd6bb3a000 	C:\WINDOWS\System32\powrprof.dll
0x00007ffd6baa0000 - 0x00007ffd6bab0000 	C:\WINDOWS\System32\UMPDC.dll
0x00007ffd6d5e0000 - 0x00007ffd6d632000 	C:\WINDOWS\System32\shlwapi.dll
0x00007ffd6bec0000 - 0x00007ffd6bed7000 	C:\WINDOWS\System32\cryptsp.dll
0x00007ffd43d80000 - 0x00007ffd43d99000 	C:\Program Files\Java\jdk-11.0.1\bin\net.dll
0x00007ffd60c10000 - 0x00007ffd60d00000 	C:\WINDOWS\SYSTEM32\WINHTTP.dll
0x00007ffd6b260000 - 0x00007ffd6b2c7000 	C:\WINDOWS\system32\mswsock.dll
0x00007ffd43d30000 - 0x00007ffd43d43000 	C:\Program Files\Java\jdk-11.0.1\bin\nio.dll
0x0000000065ac0000 - 0x0000000065b0b000 	C:\Users\Google\AppData\Local\Temp\libgdxKareem\7d76f548\gdx64.dll
0x00007ffd6ade0000 - 0x00007ffd6ae13000 	C:\WINDOWS\system32\rsaenh.dll
0x00007ffd6c190000 - 0x00007ffd6c1b6000 	C:\WINDOWS\System32\bcrypt.dll
0x00007ffd6b990000 - 0x00007ffd6b9b5000 	C:\WINDOWS\SYSTEM32\USERENV.dll
0x00007ffd6b3e0000 - 0x00007ffd6b3ec000 	C:\WINDOWS\SYSTEM32\CRYPTBASE.dll
0x00007ffd6af80000 - 0x00007ffd6afba000 	C:\WINDOWS\SYSTEM32\IPHLPAPI.DLL
0x00007ffd6e000000 - 0x00007ffd6e008000 	C:\WINDOWS\System32\NSI.dll
0x00007ffd62f80000 - 0x00007ffd62f96000 	C:\WINDOWS\SYSTEM32\dhcpcsvc6.DLL
0x00007ffd62f50000 - 0x00007ffd62f6c000 	C:\WINDOWS\SYSTEM32\dhcpcsvc.DLL
0x00007ffd6b020000 - 0x00007ffd6b0eb000 	C:\WINDOWS\SYSTEM32\DNSAPI.dll
0x0000000180000000 - 0x0000000180053000 	C:\Users\Google\AppData\Local\Temp\libgdxKareem\1cecf4f6\lwjgl64.dll
0x00007ffd34f50000 - 0x00007ffd350a6000 	C:\WINDOWS\SYSTEM32\OPENGL32.dll
0x00007ffd417b0000 - 0x00007ffd417dc000 	C:\WINDOWS\SYSTEM32\GLU32.dll
0x00007ffd6a790000 - 0x00007ffd6a7b0000 	C:\WINDOWS\SYSTEM32\dxcore.dll
0x0000020621b10000 - 0x0000020621b74000 	C:\Users\Google\AppData\Local\Temp\libgdxKareem\1cecf4f6\OpenAL64.dll
0x00007ffd6e120000 - 0x00007ffd6e277000 	C:\WINDOWS\System32\ole32.dll
0x00007ffd69c90000 - 0x00007ffd69d29000 	C:\WINDOWS\system32\uxtheme.dll
0x00007ffd6e680000 - 0x00007ffd6e722000 	C:\WINDOWS\System32\clbcatq.dll
0x00007ffd61af0000 - 0x00007ffd61b89000 	C:\WINDOWS\SYSTEM32\dsound.dll
0x00007ffd64650000 - 0x00007ffd646c2000 	C:\WINDOWS\System32\MMDevApi.dll
0x00007ffd6b8a0000 - 0x00007ffd6b8ca000 	C:\WINDOWS\System32\DEVOBJ.dll
0x00007ffd646d0000 - 0x00007ffd6482d000 	C:\WINDOWS\SYSTEM32\AUDIOSES.DLL
0x00007ffd6d4f0000 - 0x00007ffd6d5b5000 	C:\WINDOWS\System32\OLEAUT32.dll
0x00007ffd67b90000 - 0x00007ffd67ce3000 	C:\WINDOWS\SYSTEM32\wintypes.dll
0x00007ffd69ff0000 - 0x00007ffd6a004000 	C:\WINDOWS\SYSTEM32\resourcepolicyclient.dll
0x00007ffd66fa0000 - 0x00007ffd6704e000 	C:\WINDOWS\SYSTEM32\mscms.dll
0x00007ffd66f80000 - 0x00007ffd66f97000 	C:\WINDOWS\SYSTEM32\ColorAdapterClient.dll
0x00007ffd63e10000 - 0x00007ffd63e2a000 	C:\Windows\System32\Windows.Internal.Graphics.Display.DisplayColorManagement.dll
0x00007ffd6dda0000 - 0x00007ffd6ded5000 	C:\WINDOWS\System32\MSCTF.dll
0x00007ffd68230000 - 0x00007ffd682ce000 	C:\WINDOWS\System32\TextInputFramework.dll
0x00007ffd67e00000 - 0x00007ffd6812a000 	C:\WINDOWS\System32\CoreUIComponents.dll
0x00007ffd68ed0000 - 0x00007ffd68fa4000 	C:\WINDOWS\System32\CoreMessaging.dll
0x00007ffd6aac0000 - 0x00007ffd6aaf1000 	C:\WINDOWS\SYSTEM32\ntmarta.dll
0x00007ffd5c840000 - 0x00007ffd5cae6000 	C:\WINDOWS\System32\iertutil.dll
0x00007ffd61ad0000 - 0x00007ffd61ae8000 	C:\WINDOWS\SYSTEM32\atig6pxx.dll
0x0000000075c60000 - 0x0000000077a60000 	C:\WINDOWS\SYSTEM32\atio6axx.dll
0x00007ffd6e730000 - 0x00007ffd6eba0000 	C:\WINDOWS\System32\SETUPAPI.dll
0x00007ffd6a0e0000 - 0x00007ffd6a10d000 	C:\WINDOWS\SYSTEM32\dwmapi.dll
0x00007ffd31b10000 - 0x00007ffd31c50000 	C:\WINDOWS\SYSTEM32\atiadlxx.dll
0x00007ffd68130000 - 0x00007ffd68220000 	C:\WINDOWS\SYSTEM32\PROPSYS.dll
0x00007ffd66170000 - 0x00007ffd66183000 	C:\WINDOWS\SYSTEM32\WTSAPI32.dll
0x00007ffd6c3e0000 - 0x00007ffd6c43c000 	C:\WINDOWS\System32\WINTRUST.dll
0x00007ffd6bab0000 - 0x00007ffd6bac2000 	C:\WINDOWS\System32\MSASN1.dll
0x00007ffd6c1c0000 - 0x00007ffd6c309000 	C:\WINDOWS\System32\CRYPT32.dll
0x00007ffd61aa0000 - 0x00007ffd61acc000 	C:\WINDOWS\SYSTEM32\atig6txx.dll
0x00007ffd455e0000 - 0x00007ffd45623000 	C:\WINDOWS\SYSTEM32\icm32.dll
0x000000006e9c0000 - 0x000000006ea1b000 	C:\Users\Google\AppData\Local\Temp\libgdxKareem\b8f13a6a\gdx-box2d64.dll

dbghelp: loaded successfully - version: 4.0.5 - missing functions: none
symbol engine: initialized successfully - sym options: 0x614 - pdb path: .;C:\Program Files\Java\jdk-11.0.1\bin;C:\WINDOWS\SYSTEM32;C:\WINDOWS\WinSxS\amd64_microsoft.windows.common-controls_6595b64144ccf1df_6.0.18362.900_none_e6beb9d913147d17;C:\Program Files\Java\jdk-11.0.1\bin\server;C:\Users\Google\AppData\Local\Temp\libgdxKareem\7d76f548;C:\Users\Google\AppData\Local\Temp\libgdxKareem\1cecf4f6;C:\Users\Google\AppData\Local\Temp\libgdxKareem\b8f13a6a

VM Arguments:
jvm_args: -Dfile.encoding=windows-1252 -Duser.country=US -Duser.language=en -Duser.variant 
java_command: com.Launcher.desktop.DesktopLauncher
java_class_path (initial): C:\Users\Google\Documents\NetBeansProjects\Disney's Hercules\desktop\build\classes\java\main;C:\Users\Google\Documents\NetBeansProjects\Disney's Hercules\desktop\build\resources\main;C:\Users\Google\.gradle\caches\modules-2\files-2.1\com.badlogicgames.gdx\gdx-tools\1.9.10\67524f012868e0cff57531b5bfda2781d00c6b1f\gdx-tools-1.9.10.jar;C:\Users\Google\.gradle\caches\modules-2\files-2.1\com.badlogicgames.gdx\gdx-backend-lwjgl\1.9.10\8f88abd43500d94c486d25f04d642318da72773a\gdx-backend-lwjgl-1.9.10.jar;C:\Users\Google\.gradle\caches\modules-2\files-2.1\com.badlogicgames.gdx\gdx-platform\1.9.10\1907b49f8363dd1ee37d273854a9cc3c741a6e66\gdx-platform-1.9.10-natives-desktop.jar;C:\Users\Google\.gradle\caches\modules-2\files-2.1\com.badlogicgames.gdx\gdx-box2d-platform\1.9.10\91b19c283b24eec646a18e0e7b940c829920df4f\gdx-box2d-platform-1.9.10-natives-desktop.jar;C:\Users\Google\Documents\NetBeansProjects\Disney's Hercules\core\build\libs\core-1.0.jar;C:\Users\Google\.gradle\caches\modules-2\files-2.1\com.badlogicgames.gdx\gdx-backend-headless\1.9.10\d357526e6bb3d36b01b4f833ab42588e5285d487\gdx-backend-headless-1.9.10.jar;C:\Users\Google\.gradle\caches\modules-2\files-2.1\com.badlogicgames.gdx\gdx-freetype\1.9.10\8853e4f08589a9feb4b851187909cfde8810e491\gdx-freetype-1.9.10.jar;C:\Users\Google\.gradle\caches\modules-2\files-2.1\com.badlogicgames.gdx\gdx-box2d\1.9.10\d68a7a3484d47529a8d23cd467579eb098b38a9e\gdx-box2d-1.9.10.jar;C:\Users\Google\.gradle\caches\modules-2\files-2.1\com.badlogicgames.gdx\gdx\1.9.10\79d9ad27bd5e3eb18c9ade61d3a27d7237695d53\gdx-1.9.10.jar;C:\Users\Google\.gradle\caches\modules-2\files-2.1\org.lwjgl.lwjgl\lwjgl_util\2.9.3\751f06b62424da056954c67288fd5c494431e350\lwjgl_util-2.9.3.jar;C:\Users\Google\.gradle\caches\modules-2\files-2.1\org.lwjgl.lwjgl\lwjgl\2.9.3\3df168ac74e4a8c96562cdff24ad352e255bf89c\lwjgl-2.9.3.jar;C:\Users\Google\.gradle\caches\modules-2\files-2.1\com.badlogicgames.jlayer\jlayer\1.0.1-gdx\7cca83cec5c1b2f0113
Launcher Type: SUN_STANDARD

[Global flags]
     intx CICompilerCount                          = 3                                         {product} {ergonomic}
     uint ConcGCThreads                            = 1                                         {product} {ergonomic}
     uint G1ConcRefinementThreads                  = 4                                         {product} {ergonomic}
   size_t G1HeapRegionSize                         = 1048576                                   {product} {ergonomic}
    uintx GCDrainStackTargetSize                   = 64                                        {product} {ergonomic}
   size_t InitialHeapSize                          = 134217728                                 {product} {ergonomic}
   size_t MarkStackSize                            = 4194304                                   {product} {ergonomic}
   size_t MaxHeapSize                              = 2130706432                                {product} {ergonomic}
   size_t MaxNewSize                               = 1278214144                                {product} {ergonomic}
   size_t MinHeapDeltaBytes                        = 1048576                                   {product} {ergonomic}
    uintx NonNMethodCodeHeapSize                   = 5830092                                {pd product} {ergonomic}
    uintx NonProfiledCodeHeapSize                  = 122914074                              {pd product} {ergonomic}
    uintx ProfiledCodeHeapSize                     = 122914074                              {pd product} {ergonomic}
    uintx ReservedCodeCacheSize                    = 251658240                              {pd product} {ergonomic}
     bool SegmentedCodeCache                       = true                                      {product} {ergonomic}
     bool UseCompressedClassPointers               = true                                 {lp64_product} {ergonomic}
     bool UseCompressedOops                        = true                                 {lp64_product} {ergonomic}
     bool UseG1GC                                  = true                                      {product} {ergonomic}
     bool UseLargePagesIndividualAllocation        = false                                  {pd product} {ergonomic}

Logging:
Log output configuration:
 #0: stdout all=warning uptime,level,tags
 #1: stderr all=off uptime,level,tags

Environment Variables:
JAVA_HOME=C:\Program Files\Java\jdk-13.0.2
CLASSPATH=.;.;C:\PROGRA~2\JMF21~1.1E\lib\sound.jar;C:\PROGRA~2\JMF21~1.1E\lib\jmf.jar;C:\PROGRA~2\JMF21~1.1E\lib;
PATH="C:\Windows\System32;";C:\MinGW\bin;C:\MinGW\libexec\gcc\x86_64-w64-mingw32\8.1.0;C:\Program Files (x86)\Common Files\Oracle\Java\javapath;C:\WINDOWS\system32;C:\WINDOWS;C:\WINDOWS\System32\Wbem;C:\WINDOWS\System32\WindowsPowerShell\v1.0\;C:\WINDOWS\System32\OpenSSH\;C:\Program Files\Microsoft\Web Platform Installer\;C:\Program Files (x86)\Microsoft ASP.NET\ASP.NET Web Pages\v1.0\;C:\Program Files (x86)\Windows Kits\8.1\Windows Performance Toolkit\;C:\Program Files (x86)\Microsoft SDKs\TypeScript\1.0\;C:\Program Files (x86)\Microsoft Visual Studio 12.0\VC\bin;C:\Program Files (x86)\Brackets\command;C:\Program Files\Microsoft SQL Server\Client SDK\ODBC\130\Tools\Binn\;C:\Program Files (x86)\Microsoft SQL Server\140\Tools\Binn\;C:\Program Files\Microsoft SQL Server\140\Tools\Binn\;C:\Program Files\Microsoft SQL Server\140\DTS\Binn\;C:\Program Files\Java\jdk-13.0.2\bin;C:\Program Files\Cmder;C:\Users\Google\AppData\Local\Microsoft\WindowsApps;
USERNAME=Kareem
OS=Windows_NT
PROCESSOR_IDENTIFIER=Intel64 Family 6 Model 58 Stepping 9, GenuineIntel



---------------  S Y S T E M  ---------------

OS: Windows 10 , 64 bit Build 18362 (10.0.18362.900)

CPU:total 4 (initial active 4) (2 cores per cpu, 2 threads per core) family 6 model 58 stepping 9, cmov, cx8, fxsr, mmx, sse, sse2, sse3, ssse3, sse4.1, sse4.2, popcnt, avx, aes, clmul, erms, ht, tsc, tscinvbit, tscinv

Memory: 4k page, system-wide physical 8124M (2134M free)
TotalPageFile size 12745M (AvailPageFile size 4612M)
current process WorkingSet (physical memory assigned to process): 949M, peak: 1717M
current process commit charge ("private bytes"): 1913M, peak: 1916M

vm_info: Java HotSpot(TM) 64-Bit Server VM (11.0.1+13-LTS) for windows-amd64 JRE (11.0.1+13-LTS), built on Oct  6 2018 13:20:16 by "mach5one" with MS VC++ 15.5 (VS2017)

END.
