#
# A fatal error has been detected by the Java Runtime Environment:
#
#  EXCEPTION_ACCESS_VIOLATION (0xc0000005) at pc=0x000000007681bb41, pid=10828, tid=12444
#
# JRE version: Java(TM) SE Runtime Environment (11.0.1+13) (build 11.0.1+13-LTS)
# Java VM: Java HotSpot(TM) 64-Bit Server VM (11.0.1+13-LTS, mixed mode, tiered, compressed oops, g1 gc, windows-amd64)
# Problematic frame:
# C  [atio6axx.dll+0xbbbb41]
#
# No core dump will be written. Minidumps are not enabled by default on client versions of Windows
#
# If you would like to submit a bug report, please visit:
#   http://bugreport.java.com/bugreport/crash.jsp
# The crash happened outside the Java Virtual Machine in native code.
# See problematic frame for where to report the bug.
#

---------------  S U M M A R Y ------------

Command Line: -Dfile.encoding=windows-1252 -Duser.country=US -Duser.language=en -Duser.variant com.Launcher.desktop.DesktopLauncher

Host: Intel(R) Core(TM) i5-3360M CPU @ 2.80GHz, 4 cores, 7G,  Windows 10 , 64 bit Build 18362 (10.0.18362.900)
Time: Thu Jul  9 02:47:19 2020 Egypt Standard Time elapsed time: 60 seconds (0d 0h 1m 0s)

---------------  T H R E A D  ---------------

Current thread (0x0000026e2010e000):  JavaThread "LWJGL Application" [_thread_in_native, id=12444, stack(0x0000009737200000,0x0000009737300000)]

Stack: [0x0000009737200000,0x0000009737300000],  sp=0x00000097372fd930,  free space=1014k
Native frames: (J=compiled Java code, j=interpreted, Vv=VM code, C=native code)
C  [atio6axx.dll+0xbbbb41]

Java frames: (J=compiled Java code, j=interpreted, Vv=VM code)
J 1103  org.lwjgl.opengl.GL11.nglBindTexture(IIJ)V (0 bytes) @ 0x0000026e111b3209 [0x0000026e111b31c0+0x0000000000000049]
J 1671 c2 com.badlogic.gdx.graphics.g2d.SpriteBatch.flush()V (193 bytes) @ 0x0000026e11248e54 [0x0000026e11248d60+0x00000000000000f4]
J 2311 c2 Screens.Level2.render(F)V (580 bytes) @ 0x0000026e11322850 [0x0000026e1131f5c0+0x0000000000003290]
J 2014 c1 com.Hercules.game.Main.render()V (5 bytes) @ 0x0000026e0a0479bc [0x0000026e0a0477e0+0x00000000000001dc]
j  com.badlogic.gdx.backends.lwjgl.LwjglApplication.mainLoop()V+770
j  com.badlogic.gdx.backends.lwjgl.LwjglApplication$1.run()V+27
v  ~StubRoutines::call_stub

siginfo: EXCEPTION_ACCESS_VIOLATION (0xc0000005), reading address 0x0000000000000000


Register to memory mapping:

RIP=0x000000007681bb41 atio6axx.dll
RAX=0x0000026e2279bbf0 points into unknown readable memory
RBX=0x0000026e329cc1a0 points into unknown readable memory
RCX=0x0 is NULL
RDX=0x0000026e2200d050 points into unknown readable memory
RSP=0x00000097372fd930 is pointing into the stack for thread: 0x0000026e2010e000
RBP=0x0000026e2200d050 points into unknown readable memory
RSI=0x0000026e22610e80 points into unknown readable memory
RDI=0x0000000000002700 is an unknown value
R8 =0x0 is NULL
R9 =0x0000000000000001 is an unknown value
R10=0x0000000000008000 is an unknown value
R11=0x00000097372fd7e0 is pointing into the stack for thread: 0x0000026e2010e000
R12=0x0000026e2200d050 points into unknown readable memory
R13=0x0000026e21d54730 points into unknown readable memory
R14=0x00000000001d9000 is an unknown value
R15=0x0000026e1ece74d0 points into unknown readable memory


Registers:
RAX=0x0000026e2279bbf0, RBX=0x0000026e329cc1a0, RCX=0x0000000000000000, RDX=0x0000026e2200d050
RSP=0x00000097372fd930, RBP=0x0000026e2200d050, RSI=0x0000026e22610e80, RDI=0x0000000000002700
R8 =0x0000000000000000, R9 =0x0000000000000001, R10=0x0000000000008000, R11=0x00000097372fd7e0
R12=0x0000026e2200d050, R13=0x0000026e21d54730, R14=0x00000000001d9000, R15=0x0000026e1ece74d0
RIP=0x000000007681bb41, EFLAGS=0x0000000000010246

Top of Stack: (sp=0x00000097372fd930)
0x00000097372fd930:   0000026e2279c3f0 0000000000000200
0x00000097372fd940:   0000000000000000 0000000076cd6154
0x00000097372fd950:   0000026e2200d050 000000007681b890
0x00000097372fd960:   0000026e1f9eb3b0 0000026e2035e790
0x00000097372fd970:   000000000058a800 0000000000000000
0x00000097372fd980:   0000026e2200d050 00000000767d5f15
0x00000097372fd990:   00000000003bc000 0000000000000002
0x00000097372fd9a0:   000000000058a800 0000026e1f9ea230
0x00000097372fd9b0:   000000003f4ccccd 0000000000000000
0x00000097372fd9c0:   0000026e2200d050 00000000767d61f1
0x00000097372fd9d0:   0000000000000002 000000000058a800
0x00000097372fd9e0:   0000000000000002 00000097372fda20
0x00000097372fd9f0:   000000000058a800 000000007679e311
0x00000097372fda00:   0000000100000000 0000000000000002
0x00000097372fda10:   000000003f4ccccd 0000000000000000
0x00000097372fda20:   0000026e21d54730 0000026e2200d050 

Instructions: (pc=0x000000007681bb41)
0x000000007681bb21:   74 36 66 66 66 66 66 0f 1f 84 00 00 00 00 00 48
0x000000007681bb31:   8b 33 48 8b 5b 08 45 33 c0 48 8b 4e 20 48 8b d5
0x000000007681bb41:   48 8b 01 ff 10 85 c0 74 0a 48 8b 46 18 8b 48 08
0x000000007681bb51:   48 03 f9 48 85 db 75 d7 49 8d 04 3e eb 0c 4c 8b 



---------------  P R O C E S S  ---------------

Threads class SMR info:
_java_thread_list=0x0000026e25ca2490, length=13, elements={
0x0000026e1ecb4000, 0x0000026e1ecb5000, 0x0000026e1f633000, 0x0000026e1ecce800,
0x0000026e1ecd2000, 0x0000026e1ecdb000, 0x0000026e1ece6000, 0x0000026e1f795000,
0x0000026e1f7a1800, 0x0000026e2010e000, 0x0000026e7f488800, 0x0000026e22386800,
0x0000026e22383800
}

Java Threads: ( => current thread )
  0x0000026e1ecb4000 JavaThread "Reference Handler" daemon [_thread_blocked, id=11920, stack(0x0000009736600000,0x0000009736700000)]
  0x0000026e1ecb5000 JavaThread "Finalizer" daemon [_thread_blocked, id=12228, stack(0x0000009736700000,0x0000009736800000)]
  0x0000026e1f633000 JavaThread "Signal Dispatcher" daemon [_thread_blocked, id=10244, stack(0x0000009736800000,0x0000009736900000)]
  0x0000026e1ecce800 JavaThread "Attach Listener" daemon [_thread_blocked, id=9676, stack(0x0000009736900000,0x0000009736a00000)]
  0x0000026e1ecd2000 JavaThread "C2 CompilerThread0" daemon [_thread_blocked, id=4960, stack(0x0000009736a00000,0x0000009736b00000)]
  0x0000026e1ecdb000 JavaThread "C1 CompilerThread0" daemon [_thread_blocked, id=12344, stack(0x0000009736b00000,0x0000009736c00000)]
  0x0000026e1ece6000 JavaThread "Sweeper thread" daemon [_thread_blocked, id=8548, stack(0x0000009736c00000,0x0000009736d00000)]
  0x0000026e1f795000 JavaThread "Service Thread" daemon [_thread_blocked, id=11376, stack(0x0000009736d00000,0x0000009736e00000)]
  0x0000026e1f7a1800 JavaThread "Common-Cleaner" daemon [_thread_blocked, id=11796, stack(0x0000009736f00000,0x0000009737000000)]
=>0x0000026e2010e000 JavaThread "LWJGL Application" [_thread_in_native, id=12444, stack(0x0000009737200000,0x0000009737300000)]
  0x0000026e7f488800 JavaThread "DestroyJavaVM" [_thread_blocked, id=3732, stack(0x0000009735f00000,0x0000009736000000)]
  0x0000026e22386800 JavaThread "AssetManager" daemon [_thread_blocked, id=9884, stack(0x0000009737700000,0x0000009737800000)]
  0x0000026e22383800 JavaThread "LWJGL Timer" daemon [_thread_blocked, id=9712, stack(0x0000009737d00000,0x0000009737e00000)]

Other Threads:
  0x0000026e1ec8e800 VMThread "VM Thread" [stack: 0x0000009736500000,0x0000009736600000] [id=872]
  0x0000026e1f79d000 WatcherThread [stack: 0x0000009736e00000,0x0000009736f00000] [id=11368]
  0x0000026e7f4a1000 GCTaskThread "GC Thread#0" [stack: 0x0000009736000000,0x0000009736100000] [id=5404]
  0x0000026e224d1800 GCTaskThread "GC Thread#1" [stack: 0x0000009737900000,0x0000009737a00000] [id=7936]
  0x0000026e2271e000 GCTaskThread "GC Thread#2" [stack: 0x0000009737a00000,0x0000009737b00000] [id=1484]
  0x0000026e226e1000 GCTaskThread "GC Thread#3" [stack: 0x0000009737b00000,0x0000009737c00000] [id=9824]
  0x0000026e7f4d1800 ConcurrentGCThread "G1 Main Marker" [stack: 0x0000009736100000,0x0000009736200000] [id=4572]
  0x0000026e7f4d2800 ConcurrentGCThread "G1 Conc#0" [stack: 0x0000009736200000,0x0000009736300000] [id=10140]
  0x0000026e7f557000 ConcurrentGCThread "G1 Refine#0" [stack: 0x0000009736300000,0x0000009736400000] [id=2152]
  0x0000026e22547000 ConcurrentGCThread "G1 Refine#1" [stack: 0x0000009737800000,0x0000009737900000] [id=13120]
  0x0000026e4b21e800 ConcurrentGCThread "G1 Refine#2" [stack: 0x0000009737c00000,0x0000009737d00000] [id=10708]
  0x0000026e474d4800 ConcurrentGCThread "G1 Refine#3" [stack: 0x0000009737300000,0x0000009737400000] [id=9968]
  0x0000026e1eb00800 ConcurrentGCThread "G1 Young RemSet Sampling" [stack: 0x0000009736400000,0x0000009736500000] [id=7932]

Threads with active compile tasks:

VM state:not at safepoint (normal execution)

VM Mutex/Monitor currently owned by a thread: None

Heap address: 0x0000000081000000, size: 2032 MB, Compressed Oops mode: 32-bit
Narrow klass base: 0x0000000000000000, Narrow klass shift: 3
Compressed class space size: 1073741824 Address: 0x0000000100000000

Heap:
 garbage-first heap   total 330752K, used 157147K [0x0000000081000000, 0x0000000100000000)
  region size 1024K, 28 young (28672K), 3 survivors (3072K)
 Metaspace       used 14319K, capacity 14409K, committed 14592K, reserved 1062912K
  class space    used 1175K, capacity 1228K, committed 1280K, reserved 1048576K
Heap Regions: E=young(eden), S=young(survivor), O=old, HS=humongous(starts), HC=humongous(continues), CS=collection set, F=free, A=archive, TAMS=top-at-mark-start (previous, next)
|   0|0x0000000081000000, 0x0000000081100000, 0x0000000081100000|100%| O|  |TAMS 0x0000000081100000, 0x0000000081000000| Untracked 
|   1|0x0000000081100000, 0x0000000081200000, 0x0000000081200000|100%|HS|  |TAMS 0x0000000081200000, 0x0000000081100000| Complete 
|   2|0x0000000081200000, 0x0000000081300000, 0x0000000081300000|100%|HC|  |TAMS 0x0000000081300000, 0x0000000081200000| Complete 
|   3|0x0000000081300000, 0x0000000081400000, 0x0000000081400000|100%|HS|  |TAMS 0x0000000081400000, 0x0000000081300000| Complete 
|   4|0x0000000081400000, 0x0000000081500000, 0x0000000081500000|100%|HC|  |TAMS 0x0000000081500000, 0x0000000081400000| Complete 
|   5|0x0000000081500000, 0x0000000081600000, 0x0000000081600000|100%|HS|  |TAMS 0x0000000081600000, 0x0000000081500000| Complete 
|   6|0x0000000081600000, 0x0000000081700000, 0x0000000081700000|100%|HC|  |TAMS 0x0000000081700000, 0x0000000081600000| Complete 
|   7|0x0000000081700000, 0x0000000081800000, 0x0000000081800000|100%|HS|  |TAMS 0x0000000081800000, 0x0000000081700000| Complete 
|   8|0x0000000081800000, 0x0000000081900000, 0x0000000081900000|100%|HC|  |TAMS 0x0000000081900000, 0x0000000081800000| Complete 
|   9|0x0000000081900000, 0x0000000081a00000, 0x0000000081a00000|100%|HS|  |TAMS 0x0000000081a00000, 0x0000000081900000| Complete 
|  10|0x0000000081a00000, 0x0000000081b00000, 0x0000000081b00000|100%|HC|  |TAMS 0x0000000081b00000, 0x0000000081a00000| Complete 
|  11|0x0000000081b00000, 0x0000000081c00000, 0x0000000081c00000|100%|HS|  |TAMS 0x0000000081c00000, 0x0000000081b00000| Complete 
|  12|0x0000000081c00000, 0x0000000081d00000, 0x0000000081d00000|100%|HC|  |TAMS 0x0000000081d00000, 0x0000000081c00000| Complete 
|  13|0x0000000081d00000, 0x0000000081e00000, 0x0000000081e00000|100%|HS|  |TAMS 0x0000000081e00000, 0x0000000081d00000| Complete 
|  14|0x0000000081e00000, 0x0000000081f00000, 0x0000000081f00000|100%|HC|  |TAMS 0x0000000081f00000, 0x0000000081e00000| Complete 
|  15|0x0000000081f00000, 0x0000000082000000, 0x0000000082000000|100%|HS|  |TAMS 0x0000000082000000, 0x0000000081f00000| Complete 
|  16|0x0000000082000000, 0x0000000082100000, 0x0000000082100000|100%|HC|  |TAMS 0x0000000082100000, 0x0000000082000000| Complete 
|  17|0x0000000082100000, 0x0000000082200000, 0x0000000082200000|100%|HS|  |TAMS 0x0000000082200000, 0x0000000082100000| Complete 
|  18|0x0000000082200000, 0x0000000082300000, 0x0000000082300000|100%|HC|  |TAMS 0x0000000082300000, 0x0000000082200000| Complete 
|  19|0x0000000082300000, 0x0000000082400000, 0x0000000082400000|100%|HS|  |TAMS 0x0000000082400000, 0x0000000082300000| Complete 
|  20|0x0000000082400000, 0x0000000082500000, 0x0000000082500000|100%|HC|  |TAMS 0x0000000082500000, 0x0000000082400000| Complete 
|  21|0x0000000082500000, 0x0000000082600000, 0x0000000082600000|100%|HS|  |TAMS 0x0000000082600000, 0x0000000082500000| Complete 
|  22|0x0000000082600000, 0x0000000082700000, 0x0000000082700000|100%|HC|  |TAMS 0x0000000082700000, 0x0000000082600000| Complete 
|  23|0x0000000082700000, 0x0000000082800000, 0x0000000082800000|100%|HS|  |TAMS 0x0000000082800000, 0x0000000082700000| Complete 
|  24|0x0000000082800000, 0x0000000082900000, 0x0000000082900000|100%|HC|  |TAMS 0x0000000082900000, 0x0000000082800000| Complete 
|  25|0x0000000082900000, 0x0000000082a00000, 0x0000000082a00000|100%|HS|  |TAMS 0x0000000082a00000, 0x0000000082900000| Complete 
|  26|0x0000000082a00000, 0x0000000082b00000, 0x0000000082b00000|100%|HC|  |TAMS 0x0000000082b00000, 0x0000000082a00000| Complete 
|  27|0x0000000082b00000, 0x0000000082c00000, 0x0000000082c00000|100%|HS|  |TAMS 0x0000000082c00000, 0x0000000082b00000| Complete 
|  28|0x0000000082c00000, 0x0000000082d00000, 0x0000000082d00000|100%|HC|  |TAMS 0x0000000082d00000, 0x0000000082c00000| Complete 
|  29|0x0000000082d00000, 0x0000000082e00000, 0x0000000082e00000|100%|HS|  |TAMS 0x0000000082e00000, 0x0000000082d00000| Complete 
|  30|0x0000000082e00000, 0x0000000082f00000, 0x0000000082f00000|100%|HC|  |TAMS 0x0000000082f00000, 0x0000000082e00000| Complete 
|  31|0x0000000082f00000, 0x0000000083000000, 0x0000000083000000|100%|HS|  |TAMS 0x0000000083000000, 0x0000000082f00000| Complete 
|  32|0x0000000083000000, 0x0000000083100000, 0x0000000083100000|100%|HC|  |TAMS 0x0000000083100000, 0x0000000083000000| Complete 
|  33|0x0000000083100000, 0x0000000083200000, 0x0000000083200000|100%|HS|  |TAMS 0x0000000083200000, 0x0000000083100000| Complete 
|  34|0x0000000083200000, 0x0000000083300000, 0x0000000083300000|100%|HC|  |TAMS 0x0000000083300000, 0x0000000083200000| Complete 
|  35|0x0000000083300000, 0x0000000083400000, 0x0000000083400000|100%|HS|  |TAMS 0x0000000083400000, 0x0000000083300000| Complete 
|  36|0x0000000083400000, 0x0000000083500000, 0x0000000083500000|100%|HC|  |TAMS 0x0000000083500000, 0x0000000083400000| Complete 
|  37|0x0000000083500000, 0x0000000083600000, 0x0000000083600000|100%|HS|  |TAMS 0x0000000083600000, 0x0000000083500000| Complete 
|  38|0x0000000083600000, 0x0000000083700000, 0x0000000083700000|100%|HC|  |TAMS 0x0000000083700000, 0x0000000083600000| Complete 
|  39|0x0000000083700000, 0x0000000083800000, 0x0000000083800000|100%| O|  |TAMS 0x0000000083800000, 0x0000000083700000| Untracked 
|  40|0x0000000083800000, 0x0000000083900000, 0x0000000083900000|100%| O|  |TAMS 0x0000000083900000, 0x0000000083800000| Untracked 
|  41|0x0000000083900000, 0x0000000083a00000, 0x0000000083a00000|100%| O|  |TAMS 0x0000000083a00000, 0x0000000083900000| Untracked 
|  42|0x0000000083a00000, 0x0000000083b00000, 0x0000000083b00000|100%|HS|  |TAMS 0x0000000083a00000, 0x0000000083a00000| Complete 
|  43|0x0000000083b00000, 0x0000000083c00000, 0x0000000083c00000|100%|HS|  |TAMS 0x0000000083b00000, 0x0000000083b00000| Complete 
|  44|0x0000000083c00000, 0x0000000083d00000, 0x0000000083d00000|100%| O|  |TAMS 0x0000000083d00000, 0x0000000083c00000| Untracked 
|  45|0x0000000083d00000, 0x0000000083e00000, 0x0000000083e00000|100%| O|  |TAMS 0x0000000083e00000, 0x0000000083d00000| Untracked 
|  46|0x0000000083e00000, 0x0000000083f00000, 0x0000000083f00000|100%| O|  |TAMS 0x0000000083f00000, 0x0000000083e00000| Untracked 
|  47|0x0000000083f00000, 0x0000000084000000, 0x0000000084000000|100%| O|  |TAMS 0x0000000084000000, 0x0000000083f00000| Untracked 
|  48|0x0000000084000000, 0x0000000084100000, 0x0000000084100000|100%| O|  |TAMS 0x0000000084100000, 0x0000000084000000| Untracked 
|  49|0x0000000084100000, 0x0000000084200000, 0x0000000084200000|100%|HS|  |TAMS 0x0000000084200000, 0x0000000084100000| Complete 
|  50|0x0000000084200000, 0x0000000084300000, 0x0000000084300000|100%|HC|  |TAMS 0x0000000084300000, 0x0000000084200000| Complete 
|  51|0x0000000084300000, 0x0000000084400000, 0x0000000084400000|100%|HS|  |TAMS 0x0000000084300000, 0x0000000084300000| Complete 
|  52|0x0000000084400000, 0x0000000084500000, 0x0000000084500000|100%|HS|  |TAMS 0x0000000084400000, 0x0000000084400000| Complete 
|  53|0x0000000084500000, 0x0000000084600000, 0x0000000084600000|100%|HS|  |TAMS 0x0000000084500000, 0x0000000084500000| Complete 
|  54|0x0000000084600000, 0x0000000084700000, 0x0000000084700000|100%|HS|  |TAMS 0x0000000084600000, 0x0000000084600000| Complete 
|  55|0x0000000084700000, 0x0000000084800000, 0x0000000084800000|100%|HS|  |TAMS 0x0000000084700000, 0x0000000084700000| Complete 
|  56|0x0000000084800000, 0x0000000084900000, 0x0000000084900000|100%|HS|  |TAMS 0x0000000084800000, 0x0000000084800000| Complete 
|  57|0x0000000084900000, 0x0000000084a00000, 0x0000000084a00000|100%|HS|  |TAMS 0x0000000084900000, 0x0000000084900000| Complete 
|  58|0x0000000084a00000, 0x0000000084b00000, 0x0000000084b00000|100%|HS|  |TAMS 0x0000000084a00000, 0x0000000084a00000| Complete 
|  59|0x0000000084b00000, 0x0000000084c00000, 0x0000000084c00000|100%|HS|  |TAMS 0x0000000084b00000, 0x0000000084b00000| Complete 
|  60|0x0000000084c00000, 0x0000000084d00000, 0x0000000084d00000|100%|HS|  |TAMS 0x0000000084c00000, 0x0000000084c00000| Complete 
|  61|0x0000000084d00000, 0x0000000084e00000, 0x0000000084e00000|100%|HS|  |TAMS 0x0000000084d00000, 0x0000000084d00000| Complete 
|  62|0x0000000084e00000, 0x0000000084f00000, 0x0000000084f00000|100%|HS|  |TAMS 0x0000000084e00000, 0x0000000084e00000| Complete 
|  63|0x0000000084f00000, 0x0000000085000000, 0x0000000085000000|100%|HS|  |TAMS 0x0000000084f00000, 0x0000000084f00000| Complete 
|  64|0x0000000085000000, 0x0000000085100000, 0x0000000085100000|100%|HS|  |TAMS 0x0000000085000000, 0x0000000085000000| Complete 
|  65|0x0000000085100000, 0x0000000085200000, 0x0000000085200000|100%|HS|  |TAMS 0x0000000085100000, 0x0000000085100000| Complete 
|  66|0x0000000085200000, 0x0000000085300000, 0x0000000085300000|100%|HS|  |TAMS 0x0000000085200000, 0x0000000085200000| Complete 
|  67|0x0000000085300000, 0x0000000085400000, 0x0000000085400000|100%|HS|  |TAMS 0x0000000085300000, 0x0000000085300000| Complete 
|  68|0x0000000085400000, 0x0000000085500000, 0x0000000085500000|100%|HS|  |TAMS 0x0000000085400000, 0x0000000085400000| Complete 
|  69|0x0000000085500000, 0x0000000085600000, 0x0000000085600000|100%|HS|  |TAMS 0x0000000085500000, 0x0000000085500000| Complete 
|  70|0x0000000085600000, 0x0000000085700000, 0x0000000085700000|100%|HS|  |TAMS 0x0000000085600000, 0x0000000085600000| Complete 
|  71|0x0000000085700000, 0x0000000085800000, 0x0000000085800000|100%|HS|  |TAMS 0x0000000085700000, 0x0000000085700000| Complete 
|  72|0x0000000085800000, 0x0000000085900000, 0x0000000085900000|100%|HS|  |TAMS 0x0000000085800000, 0x0000000085800000| Complete 
|  73|0x0000000085900000, 0x0000000085a00000, 0x0000000085a00000|100%|HS|  |TAMS 0x0000000085900000, 0x0000000085900000| Complete 
|  74|0x0000000085a00000, 0x0000000085b00000, 0x0000000085b00000|100%|HS|  |TAMS 0x0000000085a00000, 0x0000000085a00000| Complete 
|  75|0x0000000085b00000, 0x0000000085c00000, 0x0000000085c00000|100%|HS|  |TAMS 0x0000000085b00000, 0x0000000085b00000| Complete 
|  76|0x0000000085c00000, 0x0000000085c00000, 0x0000000085d00000|  0%| F|  |TAMS 0x0000000085c00000, 0x0000000085c00000| Untracked 
|  77|0x0000000085d00000, 0x0000000085e00000, 0x0000000085e00000|100%| O|  |TAMS 0x0000000085e00000, 0x0000000085d00000| Untracked 
|  78|0x0000000085e00000, 0x0000000085f00000, 0x0000000085f00000|100%| O|  |TAMS 0x0000000085f00000, 0x0000000085e00000| Untracked 
|  79|0x0000000085f00000, 0x0000000086000000, 0x0000000086000000|100%| O|  |TAMS 0x0000000086000000, 0x0000000085f00000| Untracked 
|  80|0x0000000086000000, 0x0000000086100000, 0x0000000086100000|100%| O|  |TAMS 0x0000000086100000, 0x0000000086000000| Untracked 
|  81|0x0000000086100000, 0x0000000086200000, 0x0000000086200000|100%| O|  |TAMS 0x0000000086200000, 0x0000000086100000| Untracked 
|  82|0x0000000086200000, 0x0000000086300000, 0x0000000086300000|100%| O|  |TAMS 0x0000000086300000, 0x0000000086200000| Untracked 
|  83|0x0000000086300000, 0x0000000086300000, 0x0000000086400000|  0%| F|  |TAMS 0x0000000086300000, 0x0000000086300000| Untracked 
|  84|0x0000000086400000, 0x0000000086400000, 0x0000000086500000|  0%| F|  |TAMS 0x0000000086400000, 0x0000000086400000| Untracked 
|  85|0x0000000086500000, 0x0000000086500000, 0x0000000086600000|  0%| F|  |TAMS 0x0000000086500000, 0x0000000086500000| Untracked 
|  86|0x0000000086600000, 0x0000000086600000, 0x0000000086700000|  0%| F|  |TAMS 0x0000000086600000, 0x0000000086600000| Untracked 
|  87|0x0000000086700000, 0x0000000086700000, 0x0000000086800000|  0%| F|  |TAMS 0x0000000086700000, 0x0000000086700000| Untracked 
|  88|0x0000000086800000, 0x0000000086800000, 0x0000000086900000|  0%| F|  |TAMS 0x0000000086800000, 0x0000000086800000| Untracked 
|  89|0x0000000086900000, 0x0000000086900000, 0x0000000086a00000|  0%| F|  |TAMS 0x0000000086900000, 0x0000000086900000| Untracked 
|  90|0x0000000086a00000, 0x0000000086a00000, 0x0000000086b00000|  0%| F|  |TAMS 0x0000000086a00000, 0x0000000086a00000| Untracked 
|  91|0x0000000086b00000, 0x0000000086b00000, 0x0000000086c00000|  0%| F|  |TAMS 0x0000000086b00000, 0x0000000086b00000| Untracked 
|  92|0x0000000086c00000, 0x0000000086c00000, 0x0000000086d00000|  0%| F|  |TAMS 0x0000000086c00000, 0x0000000086c00000| Untracked 
|  93|0x0000000086d00000, 0x0000000086d00000, 0x0000000086e00000|  0%| F|  |TAMS 0x0000000086d00000, 0x0000000086d00000| Untracked 
|  94|0x0000000086e00000, 0x0000000086e00000, 0x0000000086f00000|  0%| F|  |TAMS 0x0000000086e00000, 0x0000000086e00000| Untracked 
|  95|0x0000000086f00000, 0x0000000086f00000, 0x0000000087000000|  0%| F|  |TAMS 0x0000000086f00000, 0x0000000086f00000| Untracked 
|  96|0x0000000087000000, 0x0000000087000000, 0x0000000087100000|  0%| F|  |TAMS 0x0000000087000000, 0x0000000087000000| Untracked 
|  97|0x0000000087100000, 0x0000000087200000, 0x0000000087200000|100%| O|  |TAMS 0x0000000087200000, 0x0000000087100000| Untracked 
|  98|0x0000000087200000, 0x0000000087300000, 0x0000000087300000|100%| O|  |TAMS 0x0000000087300000, 0x0000000087200000| Untracked 
|  99|0x0000000087300000, 0x0000000087400000, 0x0000000087400000|100%| O|  |TAMS 0x0000000087400000, 0x0000000087300000| Untracked 
| 100|0x0000000087400000, 0x0000000087500000, 0x0000000087500000|100%| O|  |TAMS 0x0000000087500000, 0x0000000087400000| Untracked 
| 101|0x0000000087500000, 0x0000000087600000, 0x0000000087600000|100%| O|  |TAMS 0x0000000087600000, 0x0000000087500000| Untracked 
| 102|0x0000000087600000, 0x0000000087700000, 0x0000000087700000|100%| O|  |TAMS 0x0000000087700000, 0x0000000087600000| Untracked 
| 103|0x0000000087700000, 0x0000000087800000, 0x0000000087800000|100%| O|  |TAMS 0x0000000087800000, 0x0000000087700000| Untracked 
| 104|0x0000000087800000, 0x0000000087900000, 0x0000000087900000|100%| O|  |TAMS 0x0000000087900000, 0x0000000087800000| Untracked 
| 105|0x0000000087900000, 0x0000000087a00000, 0x0000000087a00000|100%| O|  |TAMS 0x0000000087a00000, 0x0000000087900000| Untracked 
| 106|0x0000000087a00000, 0x0000000087b00000, 0x0000000087b00000|100%| O|  |TAMS 0x0000000087b00000, 0x0000000087a00000| Untracked 
| 107|0x0000000087b00000, 0x0000000087c00000, 0x0000000087c00000|100%| O|  |TAMS 0x0000000087c00000, 0x0000000087b00000| Untracked 
| 108|0x0000000087c00000, 0x0000000087d00000, 0x0000000087d00000|100%| O|  |TAMS 0x0000000087d00000, 0x0000000087c00000| Untracked 
| 109|0x0000000087d00000, 0x0000000087e00000, 0x0000000087e00000|100%| O|  |TAMS 0x0000000087e00000, 0x0000000087d00000| Untracked 
| 110|0x0000000087e00000, 0x0000000087f00000, 0x0000000087f00000|100%| O|  |TAMS 0x0000000087f00000, 0x0000000087e00000| Untracked 
| 111|0x0000000087f00000, 0x0000000088000000, 0x0000000088000000|100%| O|  |TAMS 0x0000000088000000, 0x0000000087f00000| Untracked 
| 112|0x0000000088000000, 0x0000000088100000, 0x0000000088100000|100%| O|  |TAMS 0x0000000088100000, 0x0000000088000000| Untracked 
| 113|0x0000000088100000, 0x0000000088200000, 0x0000000088200000|100%| O|  |TAMS 0x0000000088200000, 0x0000000088100000| Untracked 
| 114|0x0000000088200000, 0x0000000088300000, 0x0000000088300000|100%| O|  |TAMS 0x0000000088300000, 0x0000000088200000| Untracked 
| 115|0x0000000088300000, 0x0000000088400000, 0x0000000088400000|100%| O|  |TAMS 0x0000000088400000, 0x0000000088300000| Untracked 
| 116|0x0000000088400000, 0x0000000088500000, 0x0000000088500000|100%| O|  |TAMS 0x0000000088500000, 0x0000000088400000| Untracked 
| 117|0x0000000088500000, 0x0000000088600000, 0x0000000088600000|100%| O|  |TAMS 0x0000000088600000, 0x0000000088500000| Untracked 
| 118|0x0000000088600000, 0x0000000088700000, 0x0000000088700000|100%| O|  |TAMS 0x0000000088700000, 0x0000000088600000| Untracked 
| 119|0x0000000088700000, 0x0000000088800000, 0x0000000088800000|100%| O|  |TAMS 0x0000000088800000, 0x0000000088700000| Untracked 
| 120|0x0000000088800000, 0x0000000088900000, 0x0000000088900000|100%| O|  |TAMS 0x0000000088900000, 0x0000000088800000| Untracked 
| 121|0x0000000088900000, 0x0000000088a00000, 0x0000000088a00000|100%| O|  |TAMS 0x0000000088a00000, 0x0000000088900000| Untracked 
| 122|0x0000000088a00000, 0x0000000088b00000, 0x0000000088b00000|100%| O|  |TAMS 0x0000000088b00000, 0x0000000088a00000| Untracked 
| 123|0x0000000088b00000, 0x0000000088c00000, 0x0000000088c00000|100%| O|  |TAMS 0x0000000088c00000, 0x0000000088b00000| Untracked 
| 124|0x0000000088c00000, 0x0000000088d00000, 0x0000000088d00000|100%| O|  |TAMS 0x0000000088d00000, 0x0000000088c00000| Untracked 
| 125|0x0000000088d00000, 0x0000000088e00000, 0x0000000088e00000|100%| O|  |TAMS 0x0000000088e00000, 0x0000000088d00000| Untracked 
| 126|0x0000000088e00000, 0x0000000088f00000, 0x0000000088f00000|100%| O|  |TAMS 0x0000000088f00000, 0x0000000088e00000| Untracked 
| 127|0x0000000088f00000, 0x0000000089000000, 0x0000000089000000|100%| O|  |TAMS 0x0000000089000000, 0x0000000088f00000| Untracked 
| 128|0x0000000089000000, 0x0000000089100000, 0x0000000089100000|100%| O|  |TAMS 0x0000000089100000, 0x0000000089000000| Untracked 
| 129|0x0000000089100000, 0x0000000089200000, 0x0000000089200000|100%| O|  |TAMS 0x0000000089200000, 0x0000000089100000| Untracked 
| 130|0x0000000089200000, 0x0000000089300000, 0x0000000089300000|100%| O|  |TAMS 0x0000000089300000, 0x0000000089200000| Untracked 
| 131|0x0000000089300000, 0x0000000089400000, 0x0000000089400000|100%| O|  |TAMS 0x0000000089400000, 0x0000000089300000| Untracked 
| 132|0x0000000089400000, 0x0000000089500000, 0x0000000089500000|100%| O|  |TAMS 0x0000000089500000, 0x0000000089400000| Untracked 
| 133|0x0000000089500000, 0x0000000089600000, 0x0000000089600000|100%| O|  |TAMS 0x0000000089600000, 0x0000000089500000| Untracked 
| 134|0x0000000089600000, 0x0000000089700000, 0x0000000089700000|100%| O|  |TAMS 0x0000000089700000, 0x0000000089600000| Untracked 
| 135|0x0000000089700000, 0x0000000089746a00, 0x0000000089800000| 27%| O|  |TAMS 0x0000000089746a00, 0x0000000089700000| Untracked 
| 136|0x0000000089800000, 0x0000000089800000, 0x0000000089900000|  0%| F|  |TAMS 0x0000000089800000, 0x0000000089800000| Untracked 
| 137|0x0000000089900000, 0x0000000089900000, 0x0000000089a00000|  0%| F|  |TAMS 0x0000000089900000, 0x0000000089900000| Untracked 
| 138|0x0000000089a00000, 0x0000000089a00000, 0x0000000089b00000|  0%| F|  |TAMS 0x0000000089a00000, 0x0000000089a00000| Untracked 
| 139|0x0000000089b00000, 0x0000000089b00000, 0x0000000089c00000|  0%| F|  |TAMS 0x0000000089b00000, 0x0000000089b00000| Untracked 
| 140|0x0000000089c00000, 0x0000000089c00000, 0x0000000089d00000|  0%| F|  |TAMS 0x0000000089c00000, 0x0000000089c00000| Untracked 
| 141|0x0000000089d00000, 0x0000000089d00000, 0x0000000089e00000|  0%| F|  |TAMS 0x0000000089d00000, 0x0000000089d00000| Untracked 
| 142|0x0000000089e00000, 0x0000000089e00000, 0x0000000089f00000|  0%| F|  |TAMS 0x0000000089e00000, 0x0000000089e00000| Untracked 
| 143|0x0000000089f00000, 0x0000000089f00000, 0x000000008a000000|  0%| F|  |TAMS 0x0000000089f00000, 0x0000000089f00000| Untracked 
| 144|0x000000008a000000, 0x000000008a000000, 0x000000008a100000|  0%| F|  |TAMS 0x000000008a000000, 0x000000008a000000| Untracked 
| 145|0x000000008a100000, 0x000000008a100000, 0x000000008a200000|  0%| F|  |TAMS 0x000000008a100000, 0x000000008a100000| Untracked 
| 146|0x000000008a200000, 0x000000008a200000, 0x000000008a300000|  0%| F|  |TAMS 0x000000008a200000, 0x000000008a200000| Untracked 
| 147|0x000000008a300000, 0x000000008a400000, 0x000000008a400000|100%| O|  |TAMS 0x000000008a400000, 0x000000008a300000| Untracked 
| 148|0x000000008a400000, 0x000000008a500000, 0x000000008a500000|100%| O|  |TAMS 0x000000008a500000, 0x000000008a400000| Untracked 
| 149|0x000000008a500000, 0x000000008a600000, 0x000000008a600000|100%| O|  |TAMS 0x000000008a600000, 0x000000008a500000| Untracked 
| 150|0x000000008a600000, 0x000000008a700000, 0x000000008a700000|100%| O|  |TAMS 0x000000008a700000, 0x000000008a600000| Untracked 
| 151|0x000000008a700000, 0x000000008a800000, 0x000000008a800000|100%| O|  |TAMS 0x000000008a800000, 0x000000008a700000| Untracked 
| 152|0x000000008a800000, 0x000000008a900000, 0x000000008a900000|100%| O|  |TAMS 0x000000008a900000, 0x000000008a800000| Untracked 
| 153|0x000000008a900000, 0x000000008aa00000, 0x000000008aa00000|100%| O|  |TAMS 0x000000008aa00000, 0x000000008a900000| Untracked 
| 154|0x000000008aa00000, 0x000000008ab00000, 0x000000008ab00000|100%| O|  |TAMS 0x000000008ab00000, 0x000000008aa00000| Untracked 
| 155|0x000000008ab00000, 0x000000008ab00000, 0x000000008ac00000|  0%| F|  |TAMS 0x000000008ab00000, 0x000000008ab00000| Untracked 
| 156|0x000000008ac00000, 0x000000008ac00000, 0x000000008ad00000|  0%| F|  |TAMS 0x000000008ac00000, 0x000000008ac00000| Untracked 
| 157|0x000000008ad00000, 0x000000008ad00000, 0x000000008ae00000|  0%| F|  |TAMS 0x000000008ad00000, 0x000000008ad00000| Untracked 
| 158|0x000000008ae00000, 0x000000008ae00000, 0x000000008af00000|  0%| F|  |TAMS 0x000000008ae00000, 0x000000008ae00000| Untracked 
| 159|0x000000008af00000, 0x000000008af00000, 0x000000008b000000|  0%| F|  |TAMS 0x000000008af00000, 0x000000008af00000| Untracked 
| 160|0x000000008b000000, 0x000000008b000000, 0x000000008b100000|  0%| F|  |TAMS 0x000000008b000000, 0x000000008b000000| Untracked 
| 161|0x000000008b100000, 0x000000008b100000, 0x000000008b200000|  0%| F|  |TAMS 0x000000008b100000, 0x000000008b100000| Untracked 
| 162|0x000000008b200000, 0x000000008b200000, 0x000000008b300000|  0%| F|  |TAMS 0x000000008b200000, 0x000000008b200000| Untracked 
| 163|0x000000008b300000, 0x000000008b300000, 0x000000008b400000|  0%| F|  |TAMS 0x000000008b300000, 0x000000008b300000| Untracked 
| 164|0x000000008b400000, 0x000000008b400000, 0x000000008b500000|  0%| F|  |TAMS 0x000000008b400000, 0x000000008b400000| Untracked 
| 165|0x000000008b500000, 0x000000008b500000, 0x000000008b600000|  0%| F|  |TAMS 0x000000008b500000, 0x000000008b500000| Untracked 
| 166|0x000000008b600000, 0x000000008b600000, 0x000000008b700000|  0%| F|  |TAMS 0x000000008b600000, 0x000000008b600000| Untracked 
| 167|0x000000008b700000, 0x000000008b700000, 0x000000008b800000|  0%| F|  |TAMS 0x000000008b700000, 0x000000008b700000| Untracked 
| 168|0x000000008b800000, 0x000000008b800000, 0x000000008b900000|  0%| F|  |TAMS 0x000000008b800000, 0x000000008b800000| Untracked 
| 169|0x000000008b900000, 0x000000008b900000, 0x000000008ba00000|  0%| F|  |TAMS 0x000000008b900000, 0x000000008b900000| Untracked 
| 170|0x000000008ba00000, 0x000000008ba00000, 0x000000008bb00000|  0%| F|  |TAMS 0x000000008ba00000, 0x000000008ba00000| Untracked 
| 171|0x000000008bb00000, 0x000000008bb00000, 0x000000008bc00000|  0%| F|  |TAMS 0x000000008bb00000, 0x000000008bb00000| Untracked 
| 172|0x000000008bc00000, 0x000000008bc00000, 0x000000008bd00000|  0%| F|  |TAMS 0x000000008bc00000, 0x000000008bc00000| Untracked 
| 173|0x000000008bd00000, 0x000000008bd00000, 0x000000008be00000|  0%| F|  |TAMS 0x000000008bd00000, 0x000000008bd00000| Untracked 
| 174|0x000000008be00000, 0x000000008be00000, 0x000000008bf00000|  0%| F|  |TAMS 0x000000008be00000, 0x000000008be00000| Untracked 
| 175|0x000000008bf00000, 0x000000008bf00000, 0x000000008c000000|  0%| F|  |TAMS 0x000000008bf00000, 0x000000008bf00000| Untracked 
| 176|0x000000008c000000, 0x000000008c000000, 0x000000008c100000|  0%| F|  |TAMS 0x000000008c000000, 0x000000008c000000| Untracked 
| 177|0x000000008c100000, 0x000000008c100000, 0x000000008c200000|  0%| F|  |TAMS 0x000000008c100000, 0x000000008c100000| Untracked 
| 178|0x000000008c200000, 0x000000008c200000, 0x000000008c300000|  0%| F|  |TAMS 0x000000008c200000, 0x000000008c200000| Untracked 
| 179|0x000000008c300000, 0x000000008c300000, 0x000000008c400000|  0%| F|  |TAMS 0x000000008c300000, 0x000000008c300000| Untracked 
| 180|0x000000008c400000, 0x000000008c400000, 0x000000008c500000|  0%| F|  |TAMS 0x000000008c400000, 0x000000008c400000| Untracked 
| 181|0x000000008c500000, 0x000000008c500000, 0x000000008c600000|  0%| F|  |TAMS 0x000000008c500000, 0x000000008c500000| Untracked 
| 182|0x000000008c600000, 0x000000008c600000, 0x000000008c700000|  0%| F|  |TAMS 0x000000008c600000, 0x000000008c600000| Untracked 
| 183|0x000000008c700000, 0x000000008c700000, 0x000000008c800000|  0%| F|  |TAMS 0x000000008c700000, 0x000000008c700000| Untracked 
| 184|0x000000008c800000, 0x000000008c800000, 0x000000008c900000|  0%| F|  |TAMS 0x000000008c800000, 0x000000008c800000| Untracked 
| 185|0x000000008c900000, 0x000000008c900000, 0x000000008ca00000|  0%| F|  |TAMS 0x000000008c900000, 0x000000008c900000| Untracked 
| 186|0x000000008ca00000, 0x000000008ca00000, 0x000000008cb00000|  0%| F|  |TAMS 0x000000008ca00000, 0x000000008ca00000| Untracked 
| 187|0x000000008cb00000, 0x000000008cb00000, 0x000000008cc00000|  0%| F|  |TAMS 0x000000008cb00000, 0x000000008cb00000| Untracked 
| 188|0x000000008cc00000, 0x000000008cc00000, 0x000000008cd00000|  0%| F|  |TAMS 0x000000008cc00000, 0x000000008cc00000| Untracked 
| 189|0x000000008cd00000, 0x000000008cd00000, 0x000000008ce00000|  0%| F|  |TAMS 0x000000008cd00000, 0x000000008cd00000| Untracked 
| 190|0x000000008ce00000, 0x000000008ce00000, 0x000000008cf00000|  0%| F|  |TAMS 0x000000008ce00000, 0x000000008ce00000| Untracked 
| 191|0x000000008cf00000, 0x000000008cf00000, 0x000000008d000000|  0%| F|  |TAMS 0x000000008cf00000, 0x000000008cf00000| Untracked 
| 192|0x000000008d000000, 0x000000008d000000, 0x000000008d100000|  0%| F|  |TAMS 0x000000008d000000, 0x000000008d000000| Untracked 
| 193|0x000000008d100000, 0x000000008d100000, 0x000000008d200000|  0%| F|  |TAMS 0x000000008d100000, 0x000000008d100000| Untracked 
| 194|0x000000008d200000, 0x000000008d200000, 0x000000008d300000|  0%| F|  |TAMS 0x000000008d200000, 0x000000008d200000| Untracked 
| 195|0x000000008d300000, 0x000000008d300000, 0x000000008d400000|  0%| F|  |TAMS 0x000000008d300000, 0x000000008d300000| Untracked 
| 196|0x000000008d400000, 0x000000008d400000, 0x000000008d500000|  0%| F|  |TAMS 0x000000008d400000, 0x000000008d400000| Untracked 
| 197|0x000000008d500000, 0x000000008d500000, 0x000000008d600000|  0%| F|  |TAMS 0x000000008d500000, 0x000000008d500000| Untracked 
| 198|0x000000008d600000, 0x000000008d600000, 0x000000008d700000|  0%| F|  |TAMS 0x000000008d600000, 0x000000008d600000| Untracked 
| 199|0x000000008d700000, 0x000000008d700000, 0x000000008d800000|  0%| F|  |TAMS 0x000000008d700000, 0x000000008d700000| Untracked 
| 200|0x000000008d800000, 0x000000008d800000, 0x000000008d900000|  0%| F|  |TAMS 0x000000008d800000, 0x000000008d800000| Untracked 
| 201|0x000000008d900000, 0x000000008d900000, 0x000000008da00000|  0%| F|  |TAMS 0x000000008d900000, 0x000000008d900000| Untracked 
| 202|0x000000008da00000, 0x000000008da00000, 0x000000008db00000|  0%| F|  |TAMS 0x000000008da00000, 0x000000008da00000| Untracked 
| 203|0x000000008db00000, 0x000000008db00000, 0x000000008dc00000|  0%| F|  |TAMS 0x000000008db00000, 0x000000008db00000| Untracked 
| 204|0x000000008dc00000, 0x000000008dc00000, 0x000000008dd00000|  0%| F|  |TAMS 0x000000008dc00000, 0x000000008dc00000| Untracked 
| 205|0x000000008dd00000, 0x000000008dd00000, 0x000000008de00000|  0%| F|  |TAMS 0x000000008dd00000, 0x000000008dd00000| Untracked 
| 206|0x000000008de00000, 0x000000008de00000, 0x000000008df00000|  0%| F|  |TAMS 0x000000008de00000, 0x000000008de00000| Untracked 
| 207|0x000000008df00000, 0x000000008df00000, 0x000000008e000000|  0%| F|  |TAMS 0x000000008df00000, 0x000000008df00000| Untracked 
| 208|0x000000008e000000, 0x000000008e000000, 0x000000008e100000|  0%| F|  |TAMS 0x000000008e000000, 0x000000008e000000| Untracked 
| 209|0x000000008e100000, 0x000000008e100000, 0x000000008e200000|  0%| F|  |TAMS 0x000000008e100000, 0x000000008e100000| Untracked 
| 210|0x000000008e200000, 0x000000008e200000, 0x000000008e300000|  0%| F|  |TAMS 0x000000008e200000, 0x000000008e200000| Untracked 
| 211|0x000000008e300000, 0x000000008e300000, 0x000000008e400000|  0%| F|  |TAMS 0x000000008e300000, 0x000000008e300000| Untracked 
| 212|0x000000008e400000, 0x000000008e400000, 0x000000008e500000|  0%| F|  |TAMS 0x000000008e400000, 0x000000008e400000| Untracked 
| 213|0x000000008e500000, 0x000000008e500000, 0x000000008e600000|  0%| F|  |TAMS 0x000000008e500000, 0x000000008e500000| Untracked 
| 214|0x000000008e600000, 0x000000008e600000, 0x000000008e700000|  0%| F|  |TAMS 0x000000008e600000, 0x000000008e600000| Untracked 
| 215|0x000000008e700000, 0x000000008e700000, 0x000000008e800000|  0%| F|  |TAMS 0x000000008e700000, 0x000000008e700000| Untracked 
| 216|0x000000008e800000, 0x000000008e800000, 0x000000008e900000|  0%| F|  |TAMS 0x000000008e800000, 0x000000008e800000| Untracked 
| 217|0x000000008e900000, 0x000000008e900000, 0x000000008ea00000|  0%| F|  |TAMS 0x000000008e900000, 0x000000008e900000| Untracked 
| 218|0x000000008ea00000, 0x000000008ea00000, 0x000000008eb00000|  0%| F|  |TAMS 0x000000008ea00000, 0x000000008ea00000| Untracked 
| 219|0x000000008eb00000, 0x000000008eb00000, 0x000000008ec00000|  0%| F|  |TAMS 0x000000008eb00000, 0x000000008eb00000| Untracked 
| 220|0x000000008ec00000, 0x000000008ec00000, 0x000000008ed00000|  0%| F|  |TAMS 0x000000008ec00000, 0x000000008ec00000| Untracked 
| 221|0x000000008ed00000, 0x000000008ed00000, 0x000000008ee00000|  0%| F|  |TAMS 0x000000008ed00000, 0x000000008ed00000| Untracked 
| 222|0x000000008ee00000, 0x000000008ee00000, 0x000000008ef00000|  0%| F|  |TAMS 0x000000008ee00000, 0x000000008ee00000| Untracked 
| 223|0x000000008ef00000, 0x000000008ef00000, 0x000000008f000000|  0%| F|  |TAMS 0x000000008ef00000, 0x000000008ef00000| Untracked 
| 224|0x000000008f000000, 0x000000008f000000, 0x000000008f100000|  0%| F|  |TAMS 0x000000008f000000, 0x000000008f000000| Untracked 
| 225|0x000000008f100000, 0x000000008f100000, 0x000000008f200000|  0%| F|  |TAMS 0x000000008f100000, 0x000000008f100000| Untracked 
| 226|0x000000008f200000, 0x000000008f200000, 0x000000008f300000|  0%| F|  |TAMS 0x000000008f200000, 0x000000008f200000| Untracked 
| 227|0x000000008f300000, 0x000000008f300000, 0x000000008f400000|  0%| F|  |TAMS 0x000000008f300000, 0x000000008f300000| Untracked 
| 228|0x000000008f400000, 0x000000008f400000, 0x000000008f500000|  0%| F|  |TAMS 0x000000008f400000, 0x000000008f400000| Untracked 
| 229|0x000000008f500000, 0x000000008f500000, 0x000000008f600000|  0%| F|  |TAMS 0x000000008f500000, 0x000000008f500000| Untracked 
| 230|0x000000008f600000, 0x000000008f600000, 0x000000008f700000|  0%| F|  |TAMS 0x000000008f600000, 0x000000008f600000| Untracked 
| 231|0x000000008f700000, 0x000000008f700000, 0x000000008f800000|  0%| F|  |TAMS 0x000000008f700000, 0x000000008f700000| Untracked 
| 232|0x000000008f800000, 0x000000008f800000, 0x000000008f900000|  0%| F|  |TAMS 0x000000008f800000, 0x000000008f800000| Untracked 
| 233|0x000000008f900000, 0x000000008f900000, 0x000000008fa00000|  0%| F|  |TAMS 0x000000008f900000, 0x000000008f900000| Untracked 
| 234|0x000000008fa00000, 0x000000008fa00000, 0x000000008fb00000|  0%| F|  |TAMS 0x000000008fa00000, 0x000000008fa00000| Untracked 
| 235|0x000000008fb00000, 0x000000008fb00000, 0x000000008fc00000|  0%| F|  |TAMS 0x000000008fb00000, 0x000000008fb00000| Untracked 
| 236|0x000000008fc00000, 0x000000008fc00000, 0x000000008fd00000|  0%| F|  |TAMS 0x000000008fc00000, 0x000000008fc00000| Untracked 
| 237|0x000000008fd00000, 0x000000008fd00000, 0x000000008fe00000|  0%| F|  |TAMS 0x000000008fd00000, 0x000000008fd00000| Untracked 
| 238|0x000000008fe00000, 0x000000008fe00000, 0x000000008ff00000|  0%| F|  |TAMS 0x000000008fe00000, 0x000000008fe00000| Untracked 
| 239|0x000000008ff00000, 0x000000008ff00000, 0x0000000090000000|  0%| F|  |TAMS 0x000000008ff00000, 0x000000008ff00000| Untracked 
| 240|0x0000000090000000, 0x0000000090000000, 0x0000000090100000|  0%| F|  |TAMS 0x0000000090000000, 0x0000000090000000| Untracked 
| 241|0x0000000090100000, 0x0000000090100000, 0x0000000090200000|  0%| F|  |TAMS 0x0000000090100000, 0x0000000090100000| Untracked 
| 242|0x0000000090200000, 0x0000000090200000, 0x0000000090300000|  0%| F|  |TAMS 0x0000000090200000, 0x0000000090200000| Untracked 
| 243|0x0000000090300000, 0x0000000090300000, 0x0000000090400000|  0%| F|  |TAMS 0x0000000090300000, 0x0000000090300000| Untracked 
| 244|0x0000000090400000, 0x0000000090400000, 0x0000000090500000|  0%| F|  |TAMS 0x0000000090400000, 0x0000000090400000| Untracked 
| 245|0x0000000090500000, 0x0000000090500000, 0x0000000090600000|  0%| F|  |TAMS 0x0000000090500000, 0x0000000090500000| Untracked 
| 246|0x0000000090600000, 0x0000000090600000, 0x0000000090700000|  0%| F|  |TAMS 0x0000000090600000, 0x0000000090600000| Untracked 
| 247|0x0000000090700000, 0x0000000090700000, 0x0000000090800000|  0%| F|  |TAMS 0x0000000090700000, 0x0000000090700000| Untracked 
| 248|0x0000000090800000, 0x0000000090800000, 0x0000000090900000|  0%| F|  |TAMS 0x0000000090800000, 0x0000000090800000| Untracked 
| 249|0x0000000090900000, 0x0000000090900000, 0x0000000090a00000|  0%| F|  |TAMS 0x0000000090900000, 0x0000000090900000| Untracked 
| 250|0x0000000090a00000, 0x0000000090a00000, 0x0000000090b00000|  0%| F|  |TAMS 0x0000000090a00000, 0x0000000090a00000| Untracked 
| 251|0x0000000090b00000, 0x0000000090b00000, 0x0000000090c00000|  0%| F|  |TAMS 0x0000000090b00000, 0x0000000090b00000| Untracked 
| 252|0x0000000090c00000, 0x0000000090c00000, 0x0000000090d00000|  0%| F|  |TAMS 0x0000000090c00000, 0x0000000090c00000| Untracked 
| 253|0x0000000090d00000, 0x0000000090d00000, 0x0000000090e00000|  0%| F|  |TAMS 0x0000000090d00000, 0x0000000090d00000| Untracked 
| 254|0x0000000090e00000, 0x0000000090e00000, 0x0000000090f00000|  0%| F|  |TAMS 0x0000000090e00000, 0x0000000090e00000| Untracked 
| 255|0x0000000090f00000, 0x0000000090f00000, 0x0000000091000000|  0%| F|  |TAMS 0x0000000090f00000, 0x0000000090f00000| Untracked 
| 256|0x0000000091000000, 0x0000000091000000, 0x0000000091100000|  0%| F|  |TAMS 0x0000000091000000, 0x0000000091000000| Untracked 
| 257|0x0000000091100000, 0x0000000091100000, 0x0000000091200000|  0%| F|  |TAMS 0x0000000091100000, 0x0000000091100000| Untracked 
| 258|0x0000000091200000, 0x0000000091200000, 0x0000000091300000|  0%| F|  |TAMS 0x0000000091200000, 0x0000000091200000| Untracked 
| 259|0x0000000091300000, 0x0000000091300000, 0x0000000091400000|  0%| F|  |TAMS 0x0000000091300000, 0x0000000091300000| Untracked 
| 260|0x0000000091400000, 0x0000000091400000, 0x0000000091500000|  0%| F|  |TAMS 0x0000000091400000, 0x0000000091400000| Untracked 
| 261|0x0000000091500000, 0x0000000091500000, 0x0000000091600000|  0%| F|  |TAMS 0x0000000091500000, 0x0000000091500000| Untracked 
| 262|0x0000000091600000, 0x0000000091600000, 0x0000000091700000|  0%| F|  |TAMS 0x0000000091600000, 0x0000000091600000| Untracked 
| 263|0x0000000091700000, 0x0000000091700000, 0x0000000091800000|  0%| F|  |TAMS 0x0000000091700000, 0x0000000091700000| Untracked 
| 264|0x0000000091800000, 0x0000000091800000, 0x0000000091900000|  0%| F|  |TAMS 0x0000000091800000, 0x0000000091800000| Untracked 
| 265|0x0000000091900000, 0x0000000091900000, 0x0000000091a00000|  0%| F|  |TAMS 0x0000000091900000, 0x0000000091900000| Untracked 
| 266|0x0000000091a00000, 0x0000000091a00000, 0x0000000091b00000|  0%| F|  |TAMS 0x0000000091a00000, 0x0000000091a00000| Untracked 
| 267|0x0000000091b00000, 0x0000000091b00000, 0x0000000091c00000|  0%| F|  |TAMS 0x0000000091b00000, 0x0000000091b00000| Untracked 
| 268|0x0000000091c00000, 0x0000000091c00000, 0x0000000091d00000|  0%| F|  |TAMS 0x0000000091c00000, 0x0000000091c00000| Untracked 
| 269|0x0000000091d00000, 0x0000000091d00000, 0x0000000091e00000|  0%| F|  |TAMS 0x0000000091d00000, 0x0000000091d00000| Untracked 
| 270|0x0000000091e00000, 0x0000000091e00000, 0x0000000091f00000|  0%| F|  |TAMS 0x0000000091e00000, 0x0000000091e00000| Untracked 
| 271|0x0000000091f00000, 0x0000000091f00000, 0x0000000092000000|  0%| F|  |TAMS 0x0000000091f00000, 0x0000000091f00000| Untracked 
| 272|0x0000000092000000, 0x0000000092000000, 0x0000000092100000|  0%| F|  |TAMS 0x0000000092000000, 0x0000000092000000| Untracked 
| 273|0x0000000092100000, 0x0000000092100000, 0x0000000092200000|  0%| F|  |TAMS 0x0000000092100000, 0x0000000092100000| Untracked 
| 274|0x0000000092200000, 0x0000000092200000, 0x0000000092300000|  0%| F|  |TAMS 0x0000000092200000, 0x0000000092200000| Untracked 
| 275|0x0000000092300000, 0x0000000092300000, 0x0000000092400000|  0%| F|  |TAMS 0x0000000092300000, 0x0000000092300000| Untracked 
| 276|0x0000000092400000, 0x0000000092400000, 0x0000000092500000|  0%| F|  |TAMS 0x0000000092400000, 0x0000000092400000| Untracked 
| 277|0x0000000092500000, 0x0000000092500000, 0x0000000092600000|  0%| F|  |TAMS 0x0000000092500000, 0x0000000092500000| Untracked 
| 278|0x0000000092600000, 0x0000000092600000, 0x0000000092700000|  0%| F|  |TAMS 0x0000000092600000, 0x0000000092600000| Untracked 
| 279|0x0000000092700000, 0x0000000092700000, 0x0000000092800000|  0%| F|  |TAMS 0x0000000092700000, 0x0000000092700000| Untracked 
| 280|0x0000000092800000, 0x0000000092800000, 0x0000000092900000|  0%| F|  |TAMS 0x0000000092800000, 0x0000000092800000| Untracked 
| 281|0x0000000092900000, 0x0000000092900000, 0x0000000092a00000|  0%| F|  |TAMS 0x0000000092900000, 0x0000000092900000| Untracked 
| 282|0x0000000092a00000, 0x0000000092a00000, 0x0000000092b00000|  0%| F|  |TAMS 0x0000000092a00000, 0x0000000092a00000| Untracked 
| 283|0x0000000092b00000, 0x0000000092b00000, 0x0000000092c00000|  0%| F|  |TAMS 0x0000000092b00000, 0x0000000092b00000| Untracked 
| 284|0x0000000092c00000, 0x0000000092c00000, 0x0000000092d00000|  0%| F|  |TAMS 0x0000000092c00000, 0x0000000092c00000| Untracked 
| 285|0x0000000092d00000, 0x0000000092d00000, 0x0000000092e00000|  0%| F|  |TAMS 0x0000000092d00000, 0x0000000092d00000| Untracked 
| 286|0x0000000092e00000, 0x0000000092e00000, 0x0000000092f00000|  0%| F|  |TAMS 0x0000000092e00000, 0x0000000092e00000| Untracked 
| 287|0x0000000092f00000, 0x0000000092f00000, 0x0000000093000000|  0%| F|  |TAMS 0x0000000092f00000, 0x0000000092f00000| Untracked 
| 288|0x0000000093000000, 0x0000000093000000, 0x0000000093100000|  0%| F|  |TAMS 0x0000000093000000, 0x0000000093000000| Untracked 
| 289|0x0000000093100000, 0x0000000093100000, 0x0000000093200000|  0%| F|  |TAMS 0x0000000093100000, 0x0000000093100000| Untracked 
| 290|0x0000000093200000, 0x0000000093200000, 0x0000000093300000|  0%| F|  |TAMS 0x0000000093200000, 0x0000000093200000| Untracked 
| 291|0x0000000093300000, 0x0000000093300000, 0x0000000093400000|  0%| F|  |TAMS 0x0000000093300000, 0x0000000093300000| Untracked 
| 292|0x0000000093400000, 0x0000000093400000, 0x0000000093500000|  0%| F|  |TAMS 0x0000000093400000, 0x0000000093400000| Untracked 
| 293|0x0000000093500000, 0x0000000093500000, 0x0000000093600000|  0%| F|  |TAMS 0x0000000093500000, 0x0000000093500000| Untracked 
| 294|0x0000000093600000, 0x0000000093600000, 0x0000000093700000|  0%| F|  |TAMS 0x0000000093600000, 0x0000000093600000| Untracked 
| 295|0x0000000093700000, 0x0000000093800000, 0x0000000093800000|100%| E|  |TAMS 0x0000000093700000, 0x0000000093700000| Complete 
| 296|0x0000000093800000, 0x0000000093900000, 0x0000000093900000|100%| E|CS|TAMS 0x0000000093800000, 0x0000000093800000| Complete 
| 297|0x0000000093900000, 0x0000000093a00000, 0x0000000093a00000|100%| E|CS|TAMS 0x0000000093900000, 0x0000000093900000| Complete 
| 298|0x0000000093a00000, 0x0000000093b00000, 0x0000000093b00000|100%| E|CS|TAMS 0x0000000093a00000, 0x0000000093a00000| Complete 
| 299|0x0000000093b00000, 0x0000000093c00000, 0x0000000093c00000|100%| E|CS|TAMS 0x0000000093b00000, 0x0000000093b00000| Complete 
| 300|0x0000000093c00000, 0x0000000093d00000, 0x0000000093d00000|100%| E|CS|TAMS 0x0000000093c00000, 0x0000000093c00000| Complete 
| 301|0x0000000093d00000, 0x0000000093e00000, 0x0000000093e00000|100%| E|CS|TAMS 0x0000000093d00000, 0x0000000093d00000| Complete 
| 302|0x0000000093e00000, 0x0000000093f00000, 0x0000000093f00000|100%| E|CS|TAMS 0x0000000093e00000, 0x0000000093e00000| Complete 
| 303|0x0000000093f00000, 0x0000000094000000, 0x0000000094000000|100%| E|CS|TAMS 0x0000000093f00000, 0x0000000093f00000| Complete 
| 304|0x0000000094000000, 0x0000000094100000, 0x0000000094100000|100%| E|CS|TAMS 0x0000000094000000, 0x0000000094000000| Complete 
| 305|0x0000000094100000, 0x0000000094200000, 0x0000000094200000|100%| E|CS|TAMS 0x0000000094100000, 0x0000000094100000| Complete 
| 306|0x0000000094200000, 0x0000000094300000, 0x0000000094300000|100%| E|CS|TAMS 0x0000000094200000, 0x0000000094200000| Complete 
| 307|0x0000000094300000, 0x0000000094400000, 0x0000000094400000|100%| E|CS|TAMS 0x0000000094300000, 0x0000000094300000| Complete 
| 308|0x0000000094400000, 0x0000000094500000, 0x0000000094500000|100%| E|CS|TAMS 0x0000000094400000, 0x0000000094400000| Complete 
| 309|0x0000000094500000, 0x0000000094600000, 0x0000000094600000|100%| E|CS|TAMS 0x0000000094500000, 0x0000000094500000| Complete 
| 310|0x0000000094600000, 0x0000000094700000, 0x0000000094700000|100%| E|CS|TAMS 0x0000000094600000, 0x0000000094600000| Complete 
| 311|0x0000000094700000, 0x0000000094800000, 0x0000000094800000|100%| E|CS|TAMS 0x0000000094700000, 0x0000000094700000| Complete 
| 312|0x0000000094800000, 0x0000000094900000, 0x0000000094900000|100%| E|CS|TAMS 0x0000000094800000, 0x0000000094800000| Complete 
| 313|0x0000000094900000, 0x0000000094a00000, 0x0000000094a00000|100%| E|CS|TAMS 0x0000000094900000, 0x0000000094900000| Complete 
| 314|0x0000000094a00000, 0x0000000094b00000, 0x0000000094b00000|100%| E|CS|TAMS 0x0000000094a00000, 0x0000000094a00000| Complete 
| 315|0x0000000094b00000, 0x0000000094c00000, 0x0000000094c00000|100%| E|  |TAMS 0x0000000094b00000, 0x0000000094b00000| Complete 
| 316|0x0000000094c00000, 0x0000000094d00000, 0x0000000094d00000|100%| E|CS|TAMS 0x0000000094c00000, 0x0000000094c00000| Complete 
| 317|0x0000000094d00000, 0x0000000094e00000, 0x0000000094e00000|100%| E|CS|TAMS 0x0000000094d00000, 0x0000000094d00000| Complete 
| 318|0x0000000094e00000, 0x0000000094e305a8, 0x0000000094f00000| 18%| S|CS|TAMS 0x0000000094e00000, 0x0000000094e00000| Complete 
| 319|0x0000000094f00000, 0x0000000095000000, 0x0000000095000000|100%| S|CS|TAMS 0x0000000094f00000, 0x0000000094f00000| Complete 
| 320|0x0000000095000000, 0x0000000095100000, 0x0000000095100000|100%| S|CS|TAMS 0x0000000095000000, 0x0000000095000000| Complete 
| 321|0x0000000095100000, 0x0000000095200000, 0x0000000095200000|100%| E|CS|TAMS 0x0000000095100000, 0x0000000095100000| Complete 
| 322|0x0000000095200000, 0x0000000095300000, 0x0000000095300000|100%| E|CS|TAMS 0x0000000095200000, 0x0000000095200000| Complete 

Card table byte_map: [0x0000026e7f960000,0x0000026e7fd60000] _byte_map_base: 0x0000026e7f558000

Marking Bits (Prev, Next): (CMBitMap*) 0x0000026e7f4c8a80, (CMBitMap*) 0x0000026e7f4c8a48
 Prev Bits: [0x0000026e1aa20000, 0x0000026e1c9e0000)
 Next Bits: [0x0000026e18a60000, 0x0000026e1aa20000)

Polling page: 0x0000026e7e750000

Metaspace:

Usage:
  Non-class:     12.87 MB capacity,    12.84 MB (>99%) used,    24.41 KB ( <1%) free+waste,    12.38 KB ( <1%) overhead. 
      Class:      1.20 MB capacity,     1.15 MB ( 96%) used,    48.49 KB (  4%) free+waste,     3.88 KB ( <1%) overhead. 
       Both:     14.07 MB capacity,    13.98 MB (>99%) used,    72.90 KB ( <1%) free+waste,    16.25 KB ( <1%) overhead. 

Virtual space:
  Non-class space:       14.00 MB reserved,      13.00 MB ( 93%) committed 
      Class space:        1.00 GB reserved,       1.25 MB ( <1%) committed 
             Both:        1.01 GB reserved,      14.25 MB (  1%) committed 

Chunk freelists:
   Non-Class:  8.38 KB
       Class:  2.50 KB
        Both:  10.88 KB

CodeHeap 'non-profiled nmethods': size=120064Kb used=2243Kb max_used=2243Kb free=117820Kb
 bounds [0x0000026e11120000, 0x0000026e11390000, 0x0000026e18660000]
CodeHeap 'profiled nmethods': size=120000Kb used=5303Kb max_used=5303Kb free=114696Kb
 bounds [0x0000026e09bf0000, 0x0000026e0a120000, 0x0000026e11120000]
CodeHeap 'non-nmethods': size=5696Kb used=1206Kb max_used=1252Kb free=4489Kb
 bounds [0x0000026e09660000, 0x0000026e098d0000, 0x0000026e09bf0000]
 total_blobs=3903 nmethods=2375 adapters=488
 compilation: enabled
              stopped_count=0, restarted_count=0
 full_count=0

Compilation events (10 events):
Event: 57.041 Thread 0x0000026e1ecdb000 2371       3       com.badlogic.gdx.scenes.scene2d.ui.Skin::optional (52 bytes)
Event: 57.041 Thread 0x0000026e1ecdb000 nmethod 2371 0x0000026e0a118590 code [0x0000026e0a1187a0, 0x0000026e0a118dc0]
Event: 58.103 Thread 0x0000026e1ecdb000 2372       1       com.badlogic.gdx.scenes.scene2d.Actor::setStage (6 bytes)
Event: 58.103 Thread 0x0000026e1ecdb000 nmethod 2372 0x0000026e11350b90 code [0x0000026e11350d40, 0x0000026e11350e98]
Event: 58.118 Thread 0x0000026e1ecdb000 2373       3       java.util.regex.Pattern::closure (365 bytes)
Event: 58.123 Thread 0x0000026e1ecdb000 nmethod 2373 0x0000026e0a118f90 code [0x0000026e0a1194e0, 0x0000026e0a11c450]
Event: 58.123 Thread 0x0000026e1ecdb000 2374       3       java.util.regex.Pattern::append (39 bytes)
Event: 58.123 Thread 0x0000026e1ecdb000 nmethod 2374 0x0000026e0a11d290 code [0x0000026e0a11d460, 0x0000026e0a11d810]
Event: 58.123 Thread 0x0000026e1ecdb000 2375       3       java.util.regex.Pattern$CharProperty::<init> (10 bytes)
Event: 58.123 Thread 0x0000026e1ecdb000 nmethod 2375 0x0000026e0a11d990 code [0x0000026e0a11db60, 0x0000026e0a11de38]

GC Heap History (10 events):
Event: 40.364 GC heap before
{Heap before GC invocations=41 (full 0):
 garbage-first heap   total 330752K, used 195286K [0x0000000081000000, 0x0000000100000000)
  region size 1024K, 2 young (2048K), 1 survivors (1024K)
 Metaspace       used 14269K, capacity 14409K, committed 14592K, reserved 1062912K
  class space    used 1173K, capacity 1228K, committed 1280K, reserved 1048576K
}
Event: 40.365 GC heap after
{Heap after GC invocations=42 (full 0):
 garbage-first heap   total 330752K, used 126719K [0x0000000081000000, 0x0000000100000000)
  region size 1024K, 1 young (1024K), 1 survivors (1024K)
 Metaspace       used 14269K, capacity 14409K, committed 14592K, reserved 1062912K
  class space    used 1173K, capacity 1228K, committed 1280K, reserved 1048576K
}
Event: 40.827 GC heap before
{Heap before GC invocations=43 (full 0):
 garbage-first heap   total 330752K, used 155391K [0x0000000081000000, 0x0000000100000000)
  region size 1024K, 9 young (9216K), 1 survivors (1024K)
 Metaspace       used 14276K, capacity 14409K, committed 14592K, reserved 1062912K
  class space    used 1173K, capacity 1228K, committed 1280K, reserved 1048576K
}
Event: 40.831 GC heap after
{Heap after GC invocations=44 (full 0):
 garbage-first heap   total 330752K, used 84429K [0x0000000081000000, 0x0000000100000000)
  region size 1024K, 5 young (5120K), 5 survivors (5120K)
 Metaspace       used 14276K, capacity 14409K, committed 14592K, reserved 1062912K
  class space    used 1173K, capacity 1228K, committed 1280K, reserved 1048576K
}
Event: 41.040 GC heap before
{Heap before GC invocations=45 (full 0):
 garbage-first heap   total 330752K, used 170445K [0x0000000081000000, 0x0000000100000000)
  region size 1024K, 24 young (24576K), 5 survivors (5120K)
 Metaspace       used 14276K, capacity 14409K, committed 14592K, reserved 1062912K
  class space    used 1173K, capacity 1228K, committed 1280K, reserved 1048576K
}
Event: 41.061 GC heap after
{Heap after GC invocations=46 (full 0):
 garbage-first heap   total 330752K, used 105193K [0x0000000081000000, 0x0000000100000000)
  region size 1024K, 12 young (12288K), 12 survivors (12288K)
 Metaspace       used 14276K, capacity 14409K, committed 14592K, reserved 1062912K
  class space    used 1173K, capacity 1228K, committed 1280K, reserved 1048576K
}
Event: 51.332 GC heap before
{Heap before GC invocations=47 (full 0):
 garbage-first heap   total 330752K, used 228073K [0x0000000081000000, 0x0000000100000000)
  region size 1024K, 91 young (93184K), 12 survivors (12288K)
 Metaspace       used 14282K, capacity 14409K, committed 14592K, reserved 1062912K
  class space    used 1174K, capacity 1228K, committed 1280K, reserved 1048576K
}
Event: 51.437 GC heap after
{Heap after GC invocations=48 (full 0):
 garbage-first heap   total 330752K, used 106778K [0x0000000081000000, 0x0000000100000000)
  region size 1024K, 3 young (3072K), 3 survivors (3072K)
 Metaspace       used 14282K, capacity 14409K, committed 14592K, reserved 1062912K
  class space    used 1174K, capacity 1228K, committed 1280K, reserved 1048576K
}
Event: 53.758 GC heap before
{Heap before GC invocations=48 (full 0):
 garbage-first heap   total 330752K, used 151834K [0x0000000081000000, 0x0000000100000000)
  region size 1024K, 5 young (5120K), 3 survivors (3072K)
 Metaspace       used 14282K, capacity 14409K, committed 14592K, reserved 1062912K
  class space    used 1174K, capacity 1228K, committed 1280K, reserved 1048576K
}
Event: 53.770 GC heap after
{Heap after GC invocations=49 (full 0):
 garbage-first heap   total 330752K, used 105947K [0x0000000081000000, 0x0000000100000000)
  region size 1024K, 3 young (3072K), 3 survivors (3072K)
 Metaspace       used 14282K, capacity 14409K, committed 14592K, reserved 1062912K
  class space    used 1174K, capacity 1228K, committed 1280K, reserved 1048576K
}

Deoptimization events (10 events):
Event: 30.557 Thread 0x0000026e2010e000 Uncommon trap: reason=bimorphic_or_optimized_type_check action=maybe_recompile pc=0x0000026e11299fb8 method=java.util.regex.Pattern$GroupHead.match(Ljava/util/regex/Matcher;ILjava/lang/CharSequence;)Z @ 28 c2
Event: 30.561 Thread 0x0000026e2010e000 Uncommon trap: reason=class_check action=maybe_recompile pc=0x0000026e1129a21c method=java.util.regex.Pattern$BmpCharPropertyGreedy.match(Ljava/util/regex/Matcher;ILjava/lang/CharSequence;)Z @ 70 c2
Event: 30.561 Thread 0x0000026e2010e000 Uncommon trap: reason=array_check action=maybe_recompile pc=0x0000026e1122c628 method=com.badlogic.gdx.utils.Array.add(Ljava/lang/Object;)V @ 46 c2
Event: 30.561 Thread 0x0000026e2010e000 Uncommon trap: reason=array_check action=maybe_recompile pc=0x0000026e1122c628 method=com.badlogic.gdx.utils.Array.add(Ljava/lang/Object;)V @ 46 c2
Event: 30.563 Thread 0x0000026e2010e000 Uncommon trap: reason=bimorphic_or_optimized_type_check action=maybe_recompile pc=0x0000026e11299fb8 method=java.util.regex.Pattern$GroupHead.match(Ljava/util/regex/Matcher;ILjava/lang/CharSequence;)Z @ 28 c2
Event: 30.840 Thread 0x0000026e2010e000 Uncommon trap: reason=unstable_if action=reinterpret pc=0x0000026e11290c9c method=com.badlogic.gdx.utils.Array.iterator()Ljava/util/Iterator; @ 20 c2
Event: 31.185 Thread 0x0000026e2010e000 Uncommon trap: reason=unstable_if action=reinterpret pc=0x0000026e11289440 method=com.badlogic.gdx.utils.Array.iterator()Ljava/util/Iterator; @ 20 c2
Event: 31.185 Thread 0x0000026e2010e000 Uncommon trap: reason=unstable_if action=reinterpret pc=0x0000026e1126ff98 method=com.badlogic.gdx.utils.Array.iterator()Ljava/util/Iterator; @ 20 c2
Event: 31.186 Thread 0x0000026e2010e000 Uncommon trap: reason=unstable_if action=reinterpret pc=0x0000026e11260b64 method=com.badlogic.gdx.utils.Array.iterator()Ljava/util/Iterator; @ 20 c2
Event: 31.186 Thread 0x0000026e2010e000 Uncommon trap: reason=unstable_if action=reinterpret pc=0x0000026e112574bc method=com.badlogic.gdx.physics.box2d.Fixture.getShape()Lcom/badlogic/gdx/physics/box2d/Shape; @ 4 c2

Classes redefined (0 events):
No events

Internal exceptions (10 events):
Event: 32.442 Thread 0x0000026e2010e000 Exception <a 'java/lang/ArrayIndexOutOfBoundsException'{0x000000008fa40f08}> (0x000000008fa40f08) thrown at [t:/workspace/open/src/hotspot/share/runtime/sharedRuntime.cpp, line 584]
Event: 33.489 Thread 0x0000026e2010e000 Exception <a 'java/lang/ArrayIndexOutOfBoundsException'{0x000000008fa48518}> (0x000000008fa48518) thrown at [t:/workspace/open/src/hotspot/share/runtime/sharedRuntime.cpp, line 584]
Event: 34.455 Thread 0x0000026e2010e000 Exception <a 'java/lang/ArrayIndexOutOfBoundsException'{0x000000008fa54b88}> (0x000000008fa54b88) thrown at [t:/workspace/open/src/hotspot/share/runtime/sharedRuntime.cpp, line 584]
Event: 35.418 Thread 0x0000026e2010e000 Exception <a 'java/lang/ArrayIndexOutOfBoundsException'{0x000000008fa5fc30}> (0x000000008fa5fc30) thrown at [t:/workspace/open/src/hotspot/share/runtime/sharedRuntime.cpp, line 584]
Event: 36.659 Thread 0x0000026e2010e000 Exception <a 'java/lang/ArrayIndexOutOfBoundsException'{0x000000008ef15340}> (0x000000008ef15340) thrown at [t:/workspace/open/src/hotspot/share/runtime/sharedRuntime.cpp, line 584]
Event: 37.725 Thread 0x0000026e2010e000 Exception <a 'java/lang/ArrayIndexOutOfBoundsException'{0x000000008ef1ec78}> (0x000000008ef1ec78) thrown at [t:/workspace/open/src/hotspot/share/runtime/sharedRuntime.cpp, line 584]
Event: 38.676 Thread 0x0000026e2010e000 Exception <a 'java/lang/ArrayIndexOutOfBoundsException'{0x000000008ef55b70}> (0x000000008ef55b70) thrown at [t:/workspace/open/src/hotspot/share/runtime/sharedRuntime.cpp, line 584]
Event: 39.631 Thread 0x0000026e2010e000 Exception <a 'java/lang/ArrayIndexOutOfBoundsException'{0x000000008ef753b0}> (0x000000008ef753b0) thrown at [t:/workspace/open/src/hotspot/share/runtime/sharedRuntime.cpp, line 584]
Event: 41.188 Thread 0x0000026e2010e000 Exception <a 'java/lang/NullPointerException'{0x0000000095070998}> (0x0000000095070998) thrown at [t:/workspace/open/src/hotspot/share/interpreter/linkResolver.cpp, line 1372]
Event: 56.673 Thread 0x0000026e2010e000 Exception <a 'java/lang/ArrayIndexOutOfBoundsException'{0x0000000094cf7d30}: Index 9 out of bounds for length 8> (0x0000000094cf7d30) thrown at [t:/workspace/open/src/hotspot/share/interpreter/interpreterRuntime.cpp, line 459]

Events (10 events):
Event: 53.757 Executing VM operation: G1CollectForAllocation
Event: 53.771 Executing VM operation: G1CollectForAllocation done
Event: 54.065 Executing VM operation: CGC_Operation
Event: 54.091 Executing VM operation: CGC_Operation done
Event: 54.158 Executing VM operation: CGC_Operation
Event: 54.159 Executing VM operation: CGC_Operation done
Event: 57.967 Executing VM operation: RevokeBias
Event: 57.968 Executing VM operation: RevokeBias done
Event: 58.004 loading class Scenes/GameOver
Event: 58.004 loading class Scenes/GameOver done


Dynamic libraries:
0x00007ff72ea70000 - 0x00007ff72eab7000 	C:\Program Files\Java\jdk-11.0.1\bin\java.exe
0x00007ffd6ebe0000 - 0x00007ffd6edd0000 	C:\WINDOWS\SYSTEM32\ntdll.dll
0x00007ffd6e280000 - 0x00007ffd6e332000 	C:\WINDOWS\System32\KERNEL32.DLL
0x00007ffd6bee0000 - 0x00007ffd6c184000 	C:\WINDOWS\System32\KERNELBASE.dll
0x00007ffd6d090000 - 0x00007ffd6d133000 	C:\WINDOWS\System32\ADVAPI32.dll
0x00007ffd6ce20000 - 0x00007ffd6cebe000 	C:\WINDOWS\System32\msvcrt.dll
0x00007ffd6e010000 - 0x00007ffd6e0a7000 	C:\WINDOWS\System32\sechost.dll
0x00007ffd6dee0000 - 0x00007ffd6e000000 	C:\WINDOWS\System32\RPCRT4.dll
0x00007ffd6d140000 - 0x00007ffd6d2d4000 	C:\WINDOWS\System32\USER32.dll
0x00007ffd6c3b0000 - 0x00007ffd6c3d1000 	C:\WINDOWS\System32\win32u.dll
0x00007ffd6cc90000 - 0x00007ffd6ccb6000 	C:\WINDOWS\System32\GDI32.dll
0x00007ffd6bc70000 - 0x00007ffd6be05000 	C:\WINDOWS\System32\gdi32full.dll
0x00007ffd6c310000 - 0x00007ffd6c3ae000 	C:\WINDOWS\System32\msvcp_win.dll
0x00007ffd6bb70000 - 0x00007ffd6bc6a000 	C:\WINDOWS\System32\ucrtbase.dll
0x00007ffd4ec80000 - 0x00007ffd4ef04000 	C:\WINDOWS\WinSxS\amd64_microsoft.windows.common-controls_6595b64144ccf1df_6.0.18362.900_none_e6beb9d913147d17\COMCTL32.dll
0x00007ffd6e340000 - 0x00007ffd6e675000 	C:\WINDOWS\System32\combase.dll
0x00007ffd6c440000 - 0x00007ffd6c4c0000 	C:\WINDOWS\System32\bcryptPrimitives.dll
0x00007ffd65690000 - 0x00007ffd6569a000 	C:\WINDOWS\SYSTEM32\VERSION.dll
0x00007ffd6ccc0000 - 0x00007ffd6ccee000 	C:\WINDOWS\System32\IMM32.DLL
0x00007ffd5ce70000 - 0x00007ffd5ce86000 	C:\Program Files\Java\jdk-11.0.1\bin\vcruntime140.dll
0x00007ffd3fe40000 - 0x00007ffd3feea000 	C:\Program Files\Java\jdk-11.0.1\bin\msvcp140.dll
0x00007ffd36bd0000 - 0x00007ffd37712000 	C:\Program Files\Java\jdk-11.0.1\bin\server\jvm.dll
0x00007ffd6d000000 - 0x00007ffd6d008000 	C:\WINDOWS\System32\PSAPI.DLL
0x00007ffd61680000 - 0x00007ffd61689000 	C:\WINDOWS\SYSTEM32\WSOCK32.dll
0x00007ffd6e0b0000 - 0x00007ffd6e11f000 	C:\WINDOWS\System32\WS2_32.dll
0x00007ffd6a9b0000 - 0x00007ffd6a9d4000 	C:\WINDOWS\SYSTEM32\WINMM.dll
0x00007ffd6a950000 - 0x00007ffd6a97d000 	C:\WINDOWS\SYSTEM32\WINMMBASE.dll
0x00007ffd6cc40000 - 0x00007ffd6cc8a000 	C:\WINDOWS\System32\cfgmgr32.dll
0x00007ffd6bad0000 - 0x00007ffd6bae1000 	C:\WINDOWS\System32\kernel.appcore.dll
0x00007ffd5a0a0000 - 0x00007ffd5a0b1000 	C:\Program Files\Java\jdk-11.0.1\bin\verify.dll
0x00007ffd59e40000 - 0x00007ffd5a034000 	C:\WINDOWS\SYSTEM32\DBGHELP.DLL
0x00007ffd5c690000 - 0x00007ffd5c6ba000 	C:\WINDOWS\SYSTEM32\dbgcore.DLL
0x00007ffd5ab80000 - 0x00007ffd5aba9000 	C:\Program Files\Java\jdk-11.0.1\bin\java.dll
0x00007ffd5a080000 - 0x00007ffd5a096000 	C:\Program Files\Java\jdk-11.0.1\bin\zip.dll
0x00007ffd60310000 - 0x00007ffd6031a000 	C:\Program Files\Java\jdk-11.0.1\bin\jimage.dll
0x00007ffd6d640000 - 0x00007ffd6dd26000 	C:\WINDOWS\System32\SHELL32.dll
0x00007ffd6cd70000 - 0x00007ffd6ce19000 	C:\WINDOWS\System32\shcore.dll
0x00007ffd6c4c0000 - 0x00007ffd6cc40000 	C:\WINDOWS\System32\windows.storage.dll
0x00007ffd6bb40000 - 0x00007ffd6bb63000 	C:\WINDOWS\System32\profapi.dll
0x00007ffd6baf0000 - 0x00007ffd6bb3a000 	C:\WINDOWS\System32\powrprof.dll
0x00007ffd6baa0000 - 0x00007ffd6bab0000 	C:\WINDOWS\System32\UMPDC.dll
0x00007ffd6d5e0000 - 0x00007ffd6d632000 	C:\WINDOWS\System32\shlwapi.dll
0x00007ffd6bec0000 - 0x00007ffd6bed7000 	C:\WINDOWS\System32\cryptsp.dll
0x00007ffd5a060000 - 0x00007ffd5a079000 	C:\Program Files\Java\jdk-11.0.1\bin\net.dll
0x00007ffd60c10000 - 0x00007ffd60d00000 	C:\WINDOWS\SYSTEM32\WINHTTP.dll
0x00007ffd6b260000 - 0x00007ffd6b2c7000 	C:\WINDOWS\system32\mswsock.dll
0x00007ffd52f60000 - 0x00007ffd52f73000 	C:\Program Files\Java\jdk-11.0.1\bin\nio.dll
0x0000000065ac0000 - 0x0000000065b0b000 	C:\Users\Google\AppData\Local\Temp\libgdxKareem\7d76f548\gdx64.dll
0x00007ffd6ade0000 - 0x00007ffd6ae13000 	C:\WINDOWS\system32\rsaenh.dll
0x00007ffd6c190000 - 0x00007ffd6c1b6000 	C:\WINDOWS\System32\bcrypt.dll
0x00007ffd6b990000 - 0x00007ffd6b9b5000 	C:\WINDOWS\SYSTEM32\USERENV.dll
0x00007ffd6b3e0000 - 0x00007ffd6b3ec000 	C:\WINDOWS\SYSTEM32\CRYPTBASE.dll
0x00007ffd6af80000 - 0x00007ffd6afba000 	C:\WINDOWS\SYSTEM32\IPHLPAPI.DLL
0x00007ffd6e000000 - 0x00007ffd6e008000 	C:\WINDOWS\System32\NSI.dll
0x00007ffd62f80000 - 0x00007ffd62f96000 	C:\WINDOWS\SYSTEM32\dhcpcsvc6.DLL
0x00007ffd62f50000 - 0x00007ffd62f6c000 	C:\WINDOWS\SYSTEM32\dhcpcsvc.DLL
0x00007ffd6b020000 - 0x00007ffd6b0eb000 	C:\WINDOWS\SYSTEM32\DNSAPI.dll
0x0000000180000000 - 0x0000000180053000 	C:\Users\Google\AppData\Local\Temp\libgdxKareem\1cecf4f6\lwjgl64.dll
0x00007ffd368d0000 - 0x00007ffd36a26000 	C:\WINDOWS\SYSTEM32\OPENGL32.dll
0x00007ffd52eb0000 - 0x00007ffd52edc000 	C:\WINDOWS\SYSTEM32\GLU32.dll
0x00007ffd6a790000 - 0x00007ffd6a7b0000 	C:\WINDOWS\SYSTEM32\dxcore.dll
0x0000026e20650000 - 0x0000026e206b4000 	C:\Users\Google\AppData\Local\Temp\libgdxKareem\1cecf4f6\OpenAL64.dll
0x00007ffd6e120000 - 0x00007ffd6e277000 	C:\WINDOWS\System32\ole32.dll
0x00007ffd69c90000 - 0x00007ffd69d29000 	C:\WINDOWS\system32\uxtheme.dll
0x00007ffd6e680000 - 0x00007ffd6e722000 	C:\WINDOWS\System32\clbcatq.dll
0x00007ffd34c00000 - 0x00007ffd34c99000 	C:\WINDOWS\SYSTEM32\dsound.dll
0x00007ffd64650000 - 0x00007ffd646c2000 	C:\WINDOWS\System32\MMDevApi.dll
0x00007ffd6b8a0000 - 0x00007ffd6b8ca000 	C:\WINDOWS\System32\DEVOBJ.dll
0x00007ffd646d0000 - 0x00007ffd6482d000 	C:\WINDOWS\SYSTEM32\AUDIOSES.DLL
0x00007ffd6d4f0000 - 0x00007ffd6d5b5000 	C:\WINDOWS\System32\OLEAUT32.dll
0x00007ffd67b90000 - 0x00007ffd67ce3000 	C:\WINDOWS\SYSTEM32\wintypes.dll
0x00007ffd69ff0000 - 0x00007ffd6a004000 	C:\WINDOWS\SYSTEM32\resourcepolicyclient.dll
0x00007ffd66fa0000 - 0x00007ffd6704e000 	C:\WINDOWS\SYSTEM32\mscms.dll
0x00007ffd66f80000 - 0x00007ffd66f97000 	C:\WINDOWS\SYSTEM32\ColorAdapterClient.dll
0x00007ffd63e10000 - 0x00007ffd63e2a000 	C:\Windows\System32\Windows.Internal.Graphics.Display.DisplayColorManagement.dll
0x00007ffd6dda0000 - 0x00007ffd6ded5000 	C:\WINDOWS\System32\MSCTF.dll
0x00007ffd637a0000 - 0x00007ffd6383e000 	C:\WINDOWS\System32\TextInputFramework.dll
0x00007ffd68ed0000 - 0x00007ffd68fa4000 	C:\WINDOWS\System32\CoreMessaging.dll
0x00007ffd67e00000 - 0x00007ffd6812a000 	C:\WINDOWS\System32\CoreUIComponents.dll
0x00007ffd6aac0000 - 0x00007ffd6aaf1000 	C:\WINDOWS\SYSTEM32\ntmarta.dll
0x00007ffd5c840000 - 0x00007ffd5cae6000 	C:\WINDOWS\System32\iertutil.dll
0x00007ffd61d20000 - 0x00007ffd61d38000 	C:\WINDOWS\SYSTEM32\atig6pxx.dll
0x0000000075c60000 - 0x0000000077a60000 	C:\WINDOWS\SYSTEM32\atio6axx.dll
0x00007ffd6e730000 - 0x00007ffd6eba0000 	C:\WINDOWS\System32\SETUPAPI.dll
0x00007ffd6a0e0000 - 0x00007ffd6a10d000 	C:\WINDOWS\SYSTEM32\dwmapi.dll
0x00007ffd34ac0000 - 0x00007ffd34c00000 	C:\WINDOWS\SYSTEM32\atiadlxx.dll
0x00007ffd68130000 - 0x00007ffd68220000 	C:\WINDOWS\SYSTEM32\PROPSYS.dll
0x00007ffd66170000 - 0x00007ffd66183000 	C:\WINDOWS\SYSTEM32\WTSAPI32.dll
0x00007ffd6c3e0000 - 0x00007ffd6c43c000 	C:\WINDOWS\System32\WINTRUST.dll
0x00007ffd6bab0000 - 0x00007ffd6bac2000 	C:\WINDOWS\System32\MSASN1.dll
0x00007ffd6c1c0000 - 0x00007ffd6c309000 	C:\WINDOWS\System32\CRYPT32.dll
0x00007ffd4cdc0000 - 0x00007ffd4cdec000 	C:\WINDOWS\SYSTEM32\atig6txx.dll
0x00007ffd47f90000 - 0x00007ffd47fd3000 	C:\WINDOWS\SYSTEM32\icm32.dll
0x000000006e9c0000 - 0x000000006ea1b000 	C:\Users\Google\AppData\Local\Temp\libgdxKareem\b8f13a6a\gdx-box2d64.dll

dbghelp: loaded successfully - version: 4.0.5 - missing functions: none
symbol engine: initialized successfully - sym options: 0x614 - pdb path: .;C:\Program Files\Java\jdk-11.0.1\bin;C:\WINDOWS\SYSTEM32;C:\WINDOWS\WinSxS\amd64_microsoft.windows.common-controls_6595b64144ccf1df_6.0.18362.900_none_e6beb9d913147d17;C:\Program Files\Java\jdk-11.0.1\bin\server;C:\Users\Google\AppData\Local\Temp\libgdxKareem\7d76f548;C:\Users\Google\AppData\Local\Temp\libgdxKareem\1cecf4f6;C:\Users\Google\AppData\Local\Temp\libgdxKareem\b8f13a6a

VM Arguments:
jvm_args: -Dfile.encoding=windows-1252 -Duser.country=US -Duser.language=en -Duser.variant 
java_command: com.Launcher.desktop.DesktopLauncher
java_class_path (initial): C:\Users\Google\Documents\NetBeansProjects\Disney's Hercules\desktop\build\classes\java\main;C:\Users\Google\Documents\NetBeansProjects\Disney's Hercules\desktop\build\resources\main;C:\Users\Google\.gradle\caches\modules-2\files-2.1\com.badlogicgames.gdx\gdx-tools\1.9.10\67524f012868e0cff57531b5bfda2781d00c6b1f\gdx-tools-1.9.10.jar;C:\Users\Google\.gradle\caches\modules-2\files-2.1\com.badlogicgames.gdx\gdx-backend-lwjgl\1.9.10\8f88abd43500d94c486d25f04d642318da72773a\gdx-backend-lwjgl-1.9.10.jar;C:\Users\Google\.gradle\caches\modules-2\files-2.1\com.badlogicgames.gdx\gdx-platform\1.9.10\1907b49f8363dd1ee37d273854a9cc3c741a6e66\gdx-platform-1.9.10-natives-desktop.jar;C:\Users\Google\.gradle\caches\modules-2\files-2.1\com.badlogicgames.gdx\gdx-box2d-platform\1.9.10\91b19c283b24eec646a18e0e7b940c829920df4f\gdx-box2d-platform-1.9.10-natives-desktop.jar;C:\Users\Google\Documents\NetBeansProjects\Disney's Hercules\core\build\libs\core-1.0.jar;C:\Users\Google\.gradle\caches\modules-2\files-2.1\com.badlogicgames.gdx\gdx-backend-headless\1.9.10\d357526e6bb3d36b01b4f833ab42588e5285d487\gdx-backend-headless-1.9.10.jar;C:\Users\Google\.gradle\caches\modules-2\files-2.1\com.badlogicgames.gdx\gdx-freetype\1.9.10\8853e4f08589a9feb4b851187909cfde8810e491\gdx-freetype-1.9.10.jar;C:\Users\Google\.gradle\caches\modules-2\files-2.1\com.badlogicgames.gdx\gdx-box2d\1.9.10\d68a7a3484d47529a8d23cd467579eb098b38a9e\gdx-box2d-1.9.10.jar;C:\Users\Google\.gradle\caches\modules-2\files-2.1\com.badlogicgames.gdx\gdx\1.9.10\79d9ad27bd5e3eb18c9ade61d3a27d7237695d53\gdx-1.9.10.jar;C:\Users\Google\.gradle\caches\modules-2\files-2.1\org.lwjgl.lwjgl\lwjgl_util\2.9.3\751f06b62424da056954c67288fd5c494431e350\lwjgl_util-2.9.3.jar;C:\Users\Google\.gradle\caches\modules-2\files-2.1\org.lwjgl.lwjgl\lwjgl\2.9.3\3df168ac74e4a8c96562cdff24ad352e255bf89c\lwjgl-2.9.3.jar;C:\Users\Google\.gradle\caches\modules-2\files-2.1\com.badlogicgames.jlayer\jlayer\1.0.1-gdx\7cca83cec5c1b2f0113
Launcher Type: SUN_STANDARD

[Global flags]
     intx CICompilerCount                          = 3                                         {product} {ergonomic}
     uint ConcGCThreads                            = 1                                         {product} {ergonomic}
     uint G1ConcRefinementThreads                  = 4                                         {product} {ergonomic}
   size_t G1HeapRegionSize                         = 1048576                                   {product} {ergonomic}
    uintx GCDrainStackTargetSize                   = 64                                        {product} {ergonomic}
   size_t InitialHeapSize                          = 134217728                                 {product} {ergonomic}
   size_t MarkStackSize                            = 4194304                                   {product} {ergonomic}
   size_t MaxHeapSize                              = 2130706432                                {product} {ergonomic}
   size_t MaxNewSize                               = 1278214144                                {product} {ergonomic}
   size_t MinHeapDeltaBytes                        = 1048576                                   {product} {ergonomic}
    uintx NonNMethodCodeHeapSize                   = 5830092                                {pd product} {ergonomic}
    uintx NonProfiledCodeHeapSize                  = 122914074                              {pd product} {ergonomic}
    uintx ProfiledCodeHeapSize                     = 122914074                              {pd product} {ergonomic}
    uintx ReservedCodeCacheSize                    = 251658240                              {pd product} {ergonomic}
     bool SegmentedCodeCache                       = true                                      {product} {ergonomic}
     bool UseCompressedClassPointers               = true                                 {lp64_product} {ergonomic}
     bool UseCompressedOops                        = true                                 {lp64_product} {ergonomic}
     bool UseG1GC                                  = true                                      {product} {ergonomic}
     bool UseLargePagesIndividualAllocation        = false                                  {pd product} {ergonomic}

Logging:
Log output configuration:
 #0: stdout all=warning uptime,level,tags
 #1: stderr all=off uptime,level,tags

Environment Variables:
JAVA_HOME=C:\Program Files\Java\jdk-13.0.2
CLASSPATH=.;.;C:\PROGRA~2\JMF21~1.1E\lib\sound.jar;C:\PROGRA~2\JMF21~1.1E\lib\jmf.jar;C:\PROGRA~2\JMF21~1.1E\lib;
PATH="C:\Windows\System32;";C:\MinGW\bin;C:\MinGW\libexec\gcc\x86_64-w64-mingw32\8.1.0;C:\Program Files (x86)\Common Files\Oracle\Java\javapath;C:\WINDOWS\system32;C:\WINDOWS;C:\WINDOWS\System32\Wbem;C:\WINDOWS\System32\WindowsPowerShell\v1.0\;C:\WINDOWS\System32\OpenSSH\;C:\Program Files\Microsoft\Web Platform Installer\;C:\Program Files (x86)\Microsoft ASP.NET\ASP.NET Web Pages\v1.0\;C:\Program Files (x86)\Windows Kits\8.1\Windows Performance Toolkit\;C:\Program Files (x86)\Microsoft SDKs\TypeScript\1.0\;C:\Program Files (x86)\Microsoft Visual Studio 12.0\VC\bin;C:\Program Files (x86)\Brackets\command;C:\Program Files\Microsoft SQL Server\Client SDK\ODBC\130\Tools\Binn\;C:\Program Files (x86)\Microsoft SQL Server\140\Tools\Binn\;C:\Program Files\Microsoft SQL Server\140\Tools\Binn\;C:\Program Files\Microsoft SQL Server\140\DTS\Binn\;C:\Program Files\Java\jdk-13.0.2\bin;C:\Program Files\Cmder;C:\Users\Google\AppData\Local\Microsoft\WindowsApps;
USERNAME=Kareem
OS=Windows_NT
PROCESSOR_IDENTIFIER=Intel64 Family 6 Model 58 Stepping 9, GenuineIntel



---------------  S Y S T E M  ---------------

OS: Windows 10 , 64 bit Build 18362 (10.0.18362.900)

CPU:total 4 (initial active 4) (2 cores per cpu, 2 threads per core) family 6 model 58 stepping 9, cmov, cx8, fxsr, mmx, sse, sse2, sse3, ssse3, sse4.1, sse4.2, popcnt, avx, aes, clmul, erms, ht, tsc, tscinvbit, tscinv

Memory: 4k page, system-wide physical 8124M (795M free)
TotalPageFile size 13904M (AvailPageFile size 1764M)
current process WorkingSet (physical memory assigned to process): 2153M, peak: 2947M
current process commit charge ("private bytes"): 5129M, peak: 5136M

vm_info: Java HotSpot(TM) 64-Bit Server VM (11.0.1+13-LTS) for windows-amd64 JRE (11.0.1+13-LTS), built on Oct  6 2018 13:20:16 by "mach5one" with MS VC++ 15.5 (VS2017)

END.
