#
# A fatal error has been detected by the Java Runtime Environment:
#
#  EXCEPTION_ACCESS_VIOLATION (0xc0000005) at pc=0x000000007681bb41, pid=864, tid=11816
#
# JRE version: Java(TM) SE Runtime Environment (11.0.1+13) (build 11.0.1+13-LTS)
# Java VM: Java HotSpot(TM) 64-Bit Server VM (11.0.1+13-LTS, mixed mode, tiered, compressed oops, g1 gc, windows-amd64)
# Problematic frame:
# C  [atio6axx.dll+0xbbbb41]
#
# No core dump will be written. Minidumps are not enabled by default on client versions of Windows
#
# If you would like to submit a bug report, please visit:
#   http://bugreport.java.com/bugreport/crash.jsp
# The crash happened outside the Java Virtual Machine in native code.
# See problematic frame for where to report the bug.
#

---------------  S U M M A R Y ------------

Command Line: -Dfile.encoding=windows-1252 -Duser.country=US -Duser.language=en -Duser.variant com.Launcher.desktop.DesktopLauncher

Host: Intel(R) Core(TM) i5-3360M CPU @ 2.80GHz, 4 cores, 7G,  Windows 10 , 64 bit Build 18362 (10.0.18362.900)
Time: Thu Jul  9 18:46:11 2020 Egypt Standard Time elapsed time: 152 seconds (0d 0h 2m 32s)

---------------  T H R E A D  ---------------

Current thread (0x0000026382642800):  JavaThread "LWJGL Application" [_thread_in_native, id=11816, stack(0x000000f3d8c00000,0x000000f3d8d00000)]

Stack: [0x000000f3d8c00000,0x000000f3d8d00000],  sp=0x000000f3d8cfda50,  free space=1014k
Native frames: (J=compiled Java code, j=interpreted, Vv=VM code, C=native code)
C  [atio6axx.dll+0xbbbb41]

Java frames: (J=compiled Java code, j=interpreted, Vv=VM code)
J 1106  org.lwjgl.opengl.GL11.nglBindTexture(IIJ)V (0 bytes) @ 0x00000263f2423809 [0x00000263f24237c0+0x0000000000000049]
J 1587 c2 com.badlogic.gdx.graphics.g2d.SpriteBatch.flush()V (193 bytes) @ 0x00000263f2482354 [0x00000263f2482260+0x00000000000000f4]
J 1604 c2 com.badlogic.gdx.graphics.g2d.Sprite.draw(Lcom/badlogic/gdx/graphics/g2d/Batch;)V (18 bytes) @ 0x00000263f2486f6c [0x00000263f2486e00+0x000000000000016c]
J 2057 c2 Screens.Level2.render(F)V (580 bytes) @ 0x00000263f250bc88 [0x00000263f2509e80+0x0000000000001e08]
J 2037 c1 com.Hercules.game.Main.render()V (5 bytes) @ 0x00000263eb28b12c [0x00000263eb28af60+0x00000000000001cc]
j  com.badlogic.gdx.backends.lwjgl.LwjglApplication.mainLoop()V+770
j  com.badlogic.gdx.backends.lwjgl.LwjglApplication$1.run()V+27
v  ~StubRoutines::call_stub

siginfo: EXCEPTION_ACCESS_VIOLATION (0xc0000005), reading address 0x0000000000000000


Register to memory mapping:

RIP=0x000000007681bb41 atio6axx.dll
RAX=0x00000263a1294540 points into unknown readable memory
RBX=0x0 is NULL
RCX=0x0 is NULL
RDX=0x00000263844937f0 points into unknown readable memory
RSP=0x000000f3d8cfda50 is pointing into the stack for thread: 0x0000026382642800
RBP=0x00000263844937f0 points into unknown readable memory
RSI=0x0000026391fc72d0 points into unknown readable memory
RDI=0x0000000000002900 is an unknown value
R8 =0x0 is NULL
R9 =0x0000000000000001 is an unknown value
R10=0x0000000000008000 is an unknown value
R11=0x000000f3d8cfd900 is pointing into the stack for thread: 0x0000026382642800
R12=0x00000263844937f0 points into unknown readable memory
R13=0x00000263841ded30 points into unknown readable memory
R14=0x00000000001ee100 is an unknown value
R15=0x00000263828777e0 points into unknown readable memory


Registers:
RAX=0x00000263a1294540, RBX=0x0000000000000000, RCX=0x0000000000000000, RDX=0x00000263844937f0
RSP=0x000000f3d8cfda50, RBP=0x00000263844937f0, RSI=0x0000026391fc72d0, RDI=0x0000000000002900
R8 =0x0000000000000000, R9 =0x0000000000000001, R10=0x0000000000008000, R11=0x000000f3d8cfd900
R12=0x00000263844937f0, R13=0x00000263841ded30, R14=0x00000000001ee100, R15=0x00000263828777e0
RIP=0x000000007681bb41, EFLAGS=0x0000000000010246

Top of Stack: (sp=0x000000f3d8cfda50)
0x000000f3d8cfda50:   00000263a1294760 0000000000000042
0x000000f3d8cfda60:   0000000000000000 0000000076cd6154
0x000000f3d8cfda70:   00000263844937f0 000000007681b890
0x000000f3d8cfda80:   00000263a18ba840 0000026382562af0
0x000000f3d8cfda90:   00000000000225a8 0000000000000000
0x000000f3d8cfdaa0:   00000263844937f0 00000000767d5f15
0x000000f3d8cfdab0:   0000000000000000 0000000000000002
0x000000f3d8cfdac0:   00000000000225a8 00000263a18bab60
0x000000f3d8cfdad0:   000000003f4ccccd 0000000000000000
0x000000f3d8cfdae0:   00000263844937f0 00000000767d61f1
0x000000f3d8cfdaf0:   0000000000000002 00000000000225a8
0x000000f3d8cfdb00:   0000000000000002 000000f3d8cfdb40
0x000000f3d8cfdb10:   00000000000225a8 000000007679e311
0x000000f3d8cfdb20:   0000000100000000 0000000000000002
0x000000f3d8cfdb30:   000000003f4ccccd 0000000000000000
0x000000f3d8cfdb40:   00000263841ded30 00000263844937f0 

Instructions: (pc=0x000000007681bb41)
0x000000007681bb21:   74 36 66 66 66 66 66 0f 1f 84 00 00 00 00 00 48
0x000000007681bb31:   8b 33 48 8b 5b 08 45 33 c0 48 8b 4e 20 48 8b d5
0x000000007681bb41:   48 8b 01 ff 10 85 c0 74 0a 48 8b 46 18 8b 48 08
0x000000007681bb51:   48 03 f9 48 85 db 75 d7 49 8d 04 3e eb 0c 4c 8b 



---------------  P R O C E S S  ---------------

Threads class SMR info:
_java_thread_list=0x00000263849d4cc0, length=13, elements={
0x00000263ff086800, 0x00000263ff087800, 0x00000263ffa03000, 0x00000263ff091000,
0x00000263ff094000, 0x00000263ff09c000, 0x00000263ff09d000, 0x00000263ffb6b800,
0x00000263ffb78800, 0x0000026382642800, 0x00000263e0d6a800, 0x00000263847f7000,
0x00000263847fb800
}

Java Threads: ( => current thread )
  0x00000263ff086800 JavaThread "Reference Handler" daemon [_thread_blocked, id=3824, stack(0x000000f3d8000000,0x000000f3d8100000)]
  0x00000263ff087800 JavaThread "Finalizer" daemon [_thread_blocked, id=12048, stack(0x000000f3d8100000,0x000000f3d8200000)]
  0x00000263ffa03000 JavaThread "Signal Dispatcher" daemon [_thread_blocked, id=11600, stack(0x000000f3d8200000,0x000000f3d8300000)]
  0x00000263ff091000 JavaThread "Attach Listener" daemon [_thread_blocked, id=9392, stack(0x000000f3d8300000,0x000000f3d8400000)]
  0x00000263ff094000 JavaThread "C2 CompilerThread0" daemon [_thread_blocked, id=11484, stack(0x000000f3d8400000,0x000000f3d8500000)]
  0x00000263ff09c000 JavaThread "C1 CompilerThread0" daemon [_thread_blocked, id=6356, stack(0x000000f3d8500000,0x000000f3d8600000)]
  0x00000263ff09d000 JavaThread "Sweeper thread" daemon [_thread_blocked, id=5996, stack(0x000000f3d8600000,0x000000f3d8700000)]
  0x00000263ffb6b800 JavaThread "Service Thread" daemon [_thread_blocked, id=13180, stack(0x000000f3d8700000,0x000000f3d8800000)]
  0x00000263ffb78800 JavaThread "Common-Cleaner" daemon [_thread_blocked, id=5484, stack(0x000000f3d8900000,0x000000f3d8a00000)]
=>0x0000026382642800 JavaThread "LWJGL Application" [_thread_in_native, id=11816, stack(0x000000f3d8c00000,0x000000f3d8d00000)]
  0x00000263e0d6a800 JavaThread "DestroyJavaVM" [_thread_blocked, id=12204, stack(0x000000f3d7900000,0x000000f3d7a00000)]
  0x00000263847f7000 JavaThread "AssetManager" daemon [_thread_blocked, id=13120, stack(0x000000f3d9100000,0x000000f3d9200000)]
  0x00000263847fb800 JavaThread "LWJGL Timer" daemon [_thread_blocked, id=11020, stack(0x000000f3d9200000,0x000000f3d9300000)]

Other Threads:
  0x00000263ff050000 VMThread "VM Thread" [stack: 0x000000f3d7f00000,0x000000f3d8000000] [id=11176]
  0x00000263ffb73000 WatcherThread [stack: 0x000000f3d8800000,0x000000f3d8900000] [id=9340]
  0x00000263e0d83000 GCTaskThread "GC Thread#0" [stack: 0x000000f3d7a00000,0x000000f3d7b00000] [id=10708]
  0x0000026384b76800 GCTaskThread "GC Thread#1" [stack: 0x000000f3d9300000,0x000000f3d9400000] [id=8360]
  0x0000026384b77000 GCTaskThread "GC Thread#2" [stack: 0x000000f3d9400000,0x000000f3d9500000] [id=3280]
  0x0000026384bbe800 GCTaskThread "GC Thread#3" [stack: 0x000000f3d9500000,0x000000f3d9600000] [id=10528]
  0x00000263e0db2800 ConcurrentGCThread "G1 Main Marker" [stack: 0x000000f3d7b00000,0x000000f3d7c00000] [id=10524]
  0x00000263e0db3800 ConcurrentGCThread "G1 Conc#0" [stack: 0x000000f3d7c00000,0x000000f3d7d00000] [id=6944]
  0x00000263e0e37800 ConcurrentGCThread "G1 Refine#0" [stack: 0x000000f3d7d00000,0x000000f3d7e00000] [id=6740]
  0x000002638498d800 ConcurrentGCThread "G1 Refine#1" [stack: 0x000000f3d9600000,0x000000f3d9700000] [id=4644]
  0x00000263feec0800 ConcurrentGCThread "G1 Young RemSet Sampling" [stack: 0x000000f3d7e00000,0x000000f3d7f00000] [id=816]

Threads with active compile tasks:

VM state:not at safepoint (normal execution)

VM Mutex/Monitor currently owned by a thread: None

Heap address: 0x0000000081000000, size: 2032 MB, Compressed Oops mode: 32-bit
Narrow klass base: 0x0000000000000000, Narrow klass shift: 3
Compressed class space size: 1073741824 Address: 0x0000000100000000

Heap:
 garbage-first heap   total 197632K, used 142187K [0x0000000081000000, 0x0000000100000000)
  region size 1024K, 96 young (98304K), 5 survivors (5120K)
 Metaspace       used 13853K, capacity 13978K, committed 14336K, reserved 1062912K
  class space    used 1144K, capacity 1191K, committed 1280K, reserved 1048576K
Heap Regions: E=young(eden), S=young(survivor), O=old, HS=humongous(starts), HC=humongous(continues), CS=collection set, F=free, A=archive, TAMS=top-at-mark-start (previous, next)
|   0|0x0000000081000000, 0x0000000081100000, 0x0000000081100000|100%| O|  |TAMS 0x0000000081100000, 0x0000000081000000| Untracked 
|   1|0x0000000081100000, 0x0000000081200000, 0x0000000081200000|100%| O|  |TAMS 0x0000000081200000, 0x0000000081100000| Untracked 
|   2|0x0000000081200000, 0x0000000081300000, 0x0000000081300000|100%| O|  |TAMS 0x0000000081300000, 0x0000000081200000| Untracked 
|   3|0x0000000081300000, 0x0000000081400000, 0x0000000081400000|100%|HS|  |TAMS 0x0000000081400000, 0x0000000081300000| Complete 
|   4|0x0000000081400000, 0x0000000081500000, 0x0000000081500000|100%|HC|  |TAMS 0x0000000081500000, 0x0000000081400000| Complete 
|   5|0x0000000081500000, 0x0000000081600000, 0x0000000081600000|100%|HS|  |TAMS 0x0000000081600000, 0x0000000081500000| Complete 
|   6|0x0000000081600000, 0x0000000081700000, 0x0000000081700000|100%|HC|  |TAMS 0x0000000081700000, 0x0000000081600000| Complete 
|   7|0x0000000081700000, 0x0000000081800000, 0x0000000081800000|100%|HS|  |TAMS 0x0000000081800000, 0x0000000081700000| Complete 
|   8|0x0000000081800000, 0x0000000081900000, 0x0000000081900000|100%|HC|  |TAMS 0x0000000081900000, 0x0000000081800000| Complete 
|   9|0x0000000081900000, 0x0000000081a00000, 0x0000000081a00000|100%|HS|  |TAMS 0x0000000081a00000, 0x0000000081900000| Complete 
|  10|0x0000000081a00000, 0x0000000081b00000, 0x0000000081b00000|100%|HC|  |TAMS 0x0000000081b00000, 0x0000000081a00000| Complete 
|  11|0x0000000081b00000, 0x0000000081c00000, 0x0000000081c00000|100%|HS|  |TAMS 0x0000000081c00000, 0x0000000081b00000| Complete 
|  12|0x0000000081c00000, 0x0000000081d00000, 0x0000000081d00000|100%|HC|  |TAMS 0x0000000081d00000, 0x0000000081c00000| Complete 
|  13|0x0000000081d00000, 0x0000000081e00000, 0x0000000081e00000|100%|HS|  |TAMS 0x0000000081e00000, 0x0000000081d00000| Complete 
|  14|0x0000000081e00000, 0x0000000081f00000, 0x0000000081f00000|100%|HC|  |TAMS 0x0000000081f00000, 0x0000000081e00000| Complete 
|  15|0x0000000081f00000, 0x0000000082000000, 0x0000000082000000|100%|HS|  |TAMS 0x0000000082000000, 0x0000000081f00000| Complete 
|  16|0x0000000082000000, 0x0000000082100000, 0x0000000082100000|100%|HC|  |TAMS 0x0000000082100000, 0x0000000082000000| Complete 
|  17|0x0000000082100000, 0x0000000082200000, 0x0000000082200000|100%|HS|  |TAMS 0x0000000082200000, 0x0000000082100000| Complete 
|  18|0x0000000082200000, 0x0000000082300000, 0x0000000082300000|100%|HC|  |TAMS 0x0000000082300000, 0x0000000082200000| Complete 
|  19|0x0000000082300000, 0x0000000082400000, 0x0000000082400000|100%|HS|  |TAMS 0x0000000082400000, 0x0000000082300000| Complete 
|  20|0x0000000082400000, 0x0000000082500000, 0x0000000082500000|100%|HC|  |TAMS 0x0000000082500000, 0x0000000082400000| Complete 
|  21|0x0000000082500000, 0x0000000082600000, 0x0000000082600000|100%|HS|  |TAMS 0x0000000082600000, 0x0000000082500000| Complete 
|  22|0x0000000082600000, 0x0000000082700000, 0x0000000082700000|100%|HC|  |TAMS 0x0000000082700000, 0x0000000082600000| Complete 
|  23|0x0000000082700000, 0x0000000082700000, 0x0000000082800000|  0%| F|  |TAMS 0x0000000082700000, 0x0000000082700000| Untracked 
|  24|0x0000000082800000, 0x0000000082800000, 0x0000000082900000|  0%| F|  |TAMS 0x0000000082800000, 0x0000000082800000| Untracked 
|  25|0x0000000082900000, 0x0000000082900000, 0x0000000082a00000|  0%| F|  |TAMS 0x0000000082900000, 0x0000000082900000| Untracked 
|  26|0x0000000082a00000, 0x0000000082a00000, 0x0000000082b00000|  0%| F|  |TAMS 0x0000000082a00000, 0x0000000082a00000| Untracked 
|  27|0x0000000082b00000, 0x0000000082b00000, 0x0000000082c00000|  0%| F|  |TAMS 0x0000000082b00000, 0x0000000082b00000| Untracked 
|  28|0x0000000082c00000, 0x0000000082c00000, 0x0000000082d00000|  0%| F|  |TAMS 0x0000000082c00000, 0x0000000082c00000| Untracked 
|  29|0x0000000082d00000, 0x0000000082d00000, 0x0000000082e00000|  0%| F|  |TAMS 0x0000000082d00000, 0x0000000082d00000| Untracked 
|  30|0x0000000082e00000, 0x0000000082e00000, 0x0000000082f00000|  0%| F|  |TAMS 0x0000000082e00000, 0x0000000082e00000| Untracked 
|  31|0x0000000082f00000, 0x0000000082f00000, 0x0000000083000000|  0%| F|  |TAMS 0x0000000082f00000, 0x0000000082f00000| Untracked 
|  32|0x0000000083000000, 0x0000000083000000, 0x0000000083100000|  0%| F|  |TAMS 0x0000000083000000, 0x0000000083000000| Untracked 
|  33|0x0000000083100000, 0x0000000083100000, 0x0000000083200000|  0%| F|  |TAMS 0x0000000083100000, 0x0000000083100000| Untracked 
|  34|0x0000000083200000, 0x0000000083200000, 0x0000000083300000|  0%| F|  |TAMS 0x0000000083200000, 0x0000000083200000| Untracked 
|  35|0x0000000083300000, 0x0000000083300000, 0x0000000083400000|  0%| F|  |TAMS 0x0000000083300000, 0x0000000083300000| Untracked 
|  36|0x0000000083400000, 0x0000000083400000, 0x0000000083500000|  0%| F|  |TAMS 0x0000000083400000, 0x0000000083400000| Untracked 
|  37|0x0000000083500000, 0x0000000083500000, 0x0000000083600000|  0%| F|  |TAMS 0x0000000083500000, 0x0000000083500000| Untracked 
|  38|0x0000000083600000, 0x0000000083600000, 0x0000000083700000|  0%| F|  |TAMS 0x0000000083600000, 0x0000000083600000| Untracked 
|  39|0x0000000083700000, 0x0000000083700000, 0x0000000083800000|  0%| F|  |TAMS 0x0000000083700000, 0x0000000083700000| Untracked 
|  40|0x0000000083800000, 0x0000000083800000, 0x0000000083900000|  0%| F|  |TAMS 0x0000000083800000, 0x0000000083800000| Untracked 
|  41|0x0000000083900000, 0x0000000083900000, 0x0000000083a00000|  0%| F|  |TAMS 0x0000000083900000, 0x0000000083900000| Untracked 
|  42|0x0000000083a00000, 0x0000000083a00000, 0x0000000083b00000|  0%| F|  |TAMS 0x0000000083a00000, 0x0000000083a00000| Untracked 
|  43|0x0000000083b00000, 0x0000000083c00000, 0x0000000083c00000|100%| O|  |TAMS 0x0000000083c00000, 0x0000000083b00000| Untracked 
|  44|0x0000000083c00000, 0x0000000083d00000, 0x0000000083d00000|100%| O|  |TAMS 0x0000000083d00000, 0x0000000083c00000| Untracked 
|  45|0x0000000083d00000, 0x0000000083e00000, 0x0000000083e00000|100%| O|  |TAMS 0x0000000083e00000, 0x0000000083d00000| Untracked 
|  46|0x0000000083e00000, 0x0000000083f00000, 0x0000000083f00000|100%| O|  |TAMS 0x0000000083f00000, 0x0000000083e00000| Untracked 
|  47|0x0000000083f00000, 0x0000000084000000, 0x0000000084000000|100%| O|  |TAMS 0x0000000084000000, 0x0000000083f00000| Untracked 
|  48|0x0000000084000000, 0x0000000084100000, 0x0000000084100000|100%| O|  |TAMS 0x0000000084100000, 0x0000000084000000| Untracked 
|  49|0x0000000084100000, 0x0000000084200000, 0x0000000084200000|100%| O|  |TAMS 0x0000000084200000, 0x0000000084100000| Untracked 
|  50|0x0000000084200000, 0x0000000084300000, 0x0000000084300000|100%| O|  |TAMS 0x0000000084300000, 0x0000000084200000| Untracked 
|  51|0x0000000084300000, 0x0000000084400000, 0x0000000084400000|100%| O|  |TAMS 0x0000000084400000, 0x0000000084300000| Untracked 
|  52|0x0000000084400000, 0x0000000084500000, 0x0000000084500000|100%| O|  |TAMS 0x0000000084500000, 0x0000000084400000| Untracked 
|  53|0x0000000084500000, 0x0000000084600000, 0x0000000084600000|100%| O|  |TAMS 0x0000000084600000, 0x0000000084500000| Untracked 
|  54|0x0000000084600000, 0x0000000084600000, 0x0000000084700000|  0%| F|  |TAMS 0x0000000084600000, 0x0000000084600000| Untracked 
|  55|0x0000000084700000, 0x0000000084700000, 0x0000000084800000|  0%| F|  |TAMS 0x0000000084700000, 0x0000000084700000| Untracked 
|  56|0x0000000084800000, 0x0000000084800000, 0x0000000084900000|  0%| F|  |TAMS 0x0000000084800000, 0x0000000084800000| Untracked 
|  57|0x0000000084900000, 0x0000000084900000, 0x0000000084a00000|  0%| F|  |TAMS 0x0000000084900000, 0x0000000084900000| Untracked 
|  58|0x0000000084a00000, 0x0000000084a00000, 0x0000000084b00000|  0%| F|  |TAMS 0x0000000084a00000, 0x0000000084a00000| Untracked 
|  59|0x0000000084b00000, 0x0000000084b00000, 0x0000000084c00000|  0%| F|  |TAMS 0x0000000084b00000, 0x0000000084b00000| Untracked 
|  60|0x0000000084c00000, 0x0000000084c00000, 0x0000000084d00000|  0%| F|  |TAMS 0x0000000084c00000, 0x0000000084c00000| Untracked 
|  61|0x0000000084d00000, 0x0000000084d00000, 0x0000000084e00000|  0%| F|  |TAMS 0x0000000084d00000, 0x0000000084d00000| Untracked 
|  62|0x0000000084e00000, 0x0000000084e00000, 0x0000000084f00000|  0%| F|  |TAMS 0x0000000084e00000, 0x0000000084e00000| Untracked 
|  63|0x0000000084f00000, 0x0000000084f00000, 0x0000000085000000|  0%| F|  |TAMS 0x0000000084f00000, 0x0000000084f00000| Untracked 
|  64|0x0000000085000000, 0x0000000085000000, 0x0000000085100000|  0%| F|  |TAMS 0x0000000085000000, 0x0000000085000000| Untracked 
|  65|0x0000000085100000, 0x0000000085100000, 0x0000000085200000|  0%| F|  |TAMS 0x0000000085100000, 0x0000000085100000| Untracked 
|  66|0x0000000085200000, 0x0000000085200000, 0x0000000085300000|  0%| F|  |TAMS 0x0000000085200000, 0x0000000085200000| Untracked 
|  67|0x0000000085300000, 0x0000000085300000, 0x0000000085400000|  0%| F|  |TAMS 0x0000000085300000, 0x0000000085300000| Untracked 
|  68|0x0000000085400000, 0x0000000085400000, 0x0000000085500000|  0%| F|  |TAMS 0x0000000085400000, 0x0000000085400000| Untracked 
|  69|0x0000000085500000, 0x0000000085500000, 0x0000000085600000|  0%| F|  |TAMS 0x0000000085500000, 0x0000000085500000| Untracked 
|  70|0x0000000085600000, 0x0000000085600000, 0x0000000085700000|  0%| F|  |TAMS 0x0000000085600000, 0x0000000085600000| Untracked 
|  71|0x0000000085700000, 0x0000000085700000, 0x0000000085800000|  0%| F|  |TAMS 0x0000000085700000, 0x0000000085700000| Untracked 
|  72|0x0000000085800000, 0x0000000085800000, 0x0000000085900000|  0%| F|  |TAMS 0x0000000085800000, 0x0000000085800000| Untracked 
|  73|0x0000000085900000, 0x0000000085900000, 0x0000000085a00000|  0%| F|  |TAMS 0x0000000085900000, 0x0000000085900000| Untracked 
|  74|0x0000000085a00000, 0x0000000085a00000, 0x0000000085b00000|  0%| F|  |TAMS 0x0000000085a00000, 0x0000000085a00000| Untracked 
|  75|0x0000000085b00000, 0x0000000085b00000, 0x0000000085c00000|  0%| F|  |TAMS 0x0000000085b00000, 0x0000000085b00000| Untracked 
|  76|0x0000000085c00000, 0x0000000085c00000, 0x0000000085d00000|  0%| F|  |TAMS 0x0000000085c00000, 0x0000000085c00000| Untracked 
|  77|0x0000000085d00000, 0x0000000085d00000, 0x0000000085e00000|  0%| F|  |TAMS 0x0000000085d00000, 0x0000000085d00000| Untracked 
|  78|0x0000000085e00000, 0x0000000085e00000, 0x0000000085f00000|  0%| F|  |TAMS 0x0000000085e00000, 0x0000000085e00000| Untracked 
|  79|0x0000000085f00000, 0x0000000085fdaee0, 0x0000000086000000| 85%| S|CS|TAMS 0x0000000085f00000, 0x0000000085f00000| Complete 
|  80|0x0000000086000000, 0x0000000086100000, 0x0000000086100000|100%| S|CS|TAMS 0x0000000086000000, 0x0000000086000000| Complete 
|  81|0x0000000086100000, 0x0000000086200000, 0x0000000086200000|100%| S|CS|TAMS 0x0000000086100000, 0x0000000086100000| Complete 
|  82|0x0000000086200000, 0x0000000086300000, 0x0000000086300000|100%| S|CS|TAMS 0x0000000086200000, 0x0000000086200000| Complete 
|  83|0x0000000086300000, 0x0000000086400000, 0x0000000086400000|100%| S|CS|TAMS 0x0000000086300000, 0x0000000086300000| Complete 
|  84|0x0000000086400000, 0x0000000086400000, 0x0000000086500000|  0%| F|  |TAMS 0x0000000086400000, 0x0000000086400000| Untracked 
|  85|0x0000000086500000, 0x0000000086500000, 0x0000000086600000|  0%| F|  |TAMS 0x0000000086500000, 0x0000000086500000| Untracked 
|  86|0x0000000086600000, 0x0000000086600000, 0x0000000086700000|  0%| F|  |TAMS 0x0000000086600000, 0x0000000086600000| Untracked 
|  87|0x0000000086700000, 0x0000000086800000, 0x0000000086800000|100%| O|  |TAMS 0x0000000086800000, 0x0000000086700000| Untracked 
|  88|0x0000000086800000, 0x0000000086900000, 0x0000000086900000|100%| O|  |TAMS 0x0000000086900000, 0x0000000086800000| Untracked 
|  89|0x0000000086900000, 0x0000000086a00000, 0x0000000086a00000|100%| O|  |TAMS 0x0000000086a00000, 0x0000000086900000| Untracked 
|  90|0x0000000086a00000, 0x0000000086b00000, 0x0000000086b00000|100%| O|  |TAMS 0x0000000086b00000, 0x0000000086a00000| Untracked 
|  91|0x0000000086b00000, 0x0000000086c00000, 0x0000000086c00000|100%| O|  |TAMS 0x0000000086c00000, 0x0000000086b00000| Untracked 
|  92|0x0000000086c00000, 0x0000000086d00000, 0x0000000086d00000|100%| O|  |TAMS 0x0000000086d00000, 0x0000000086c00000| Untracked 
|  93|0x0000000086d00000, 0x0000000086e00000, 0x0000000086e00000|100%| O|  |TAMS 0x0000000086e00000, 0x0000000086d00000| Untracked 
|  94|0x0000000086e00000, 0x0000000086f00000, 0x0000000086f00000|100%| O|  |TAMS 0x0000000086f00000, 0x0000000086e00000| Untracked 
|  95|0x0000000086f00000, 0x0000000087000000, 0x0000000087000000|100%| O|  |TAMS 0x0000000087000000, 0x0000000086f00000| Untracked 
|  96|0x0000000087000000, 0x0000000087100000, 0x0000000087100000|100%| O|  |TAMS 0x0000000087100000, 0x0000000087000000| Untracked 
|  97|0x0000000087100000, 0x0000000087100000, 0x0000000087200000|  0%| F|  |TAMS 0x0000000087100000, 0x0000000087100000| Untracked 
|  98|0x0000000087200000, 0x0000000087200000, 0x0000000087300000|  0%| F|  |TAMS 0x0000000087200000, 0x0000000087200000| Untracked 
|  99|0x0000000087300000, 0x0000000087300000, 0x0000000087400000|  0%| F|  |TAMS 0x0000000087300000, 0x0000000087300000| Untracked 
| 100|0x0000000087400000, 0x0000000087400000, 0x0000000087500000|  0%| F|  |TAMS 0x0000000087400000, 0x0000000087400000| Untracked 
| 101|0x0000000087500000, 0x0000000087500000, 0x0000000087600000|  0%| F|  |TAMS 0x0000000087500000, 0x0000000087500000| Untracked 
| 102|0x0000000087600000, 0x000000008760c6e0, 0x0000000087700000|  4%| E|  |TAMS 0x0000000087600000, 0x0000000087600000| Complete 
| 103|0x0000000087700000, 0x0000000087800000, 0x0000000087800000|100%| E|CS|TAMS 0x0000000087700000, 0x0000000087700000| Complete 
| 104|0x0000000087800000, 0x0000000087900000, 0x0000000087900000|100%| E|CS|TAMS 0x0000000087800000, 0x0000000087800000| Complete 
| 105|0x0000000087900000, 0x0000000087a00000, 0x0000000087a00000|100%| E|CS|TAMS 0x0000000087900000, 0x0000000087900000| Complete 
| 106|0x0000000087a00000, 0x0000000087b00000, 0x0000000087b00000|100%| E|CS|TAMS 0x0000000087a00000, 0x0000000087a00000| Complete 
| 107|0x0000000087b00000, 0x0000000087c00000, 0x0000000087c00000|100%| E|CS|TAMS 0x0000000087b00000, 0x0000000087b00000| Complete 
| 108|0x0000000087c00000, 0x0000000087d00000, 0x0000000087d00000|100%| E|CS|TAMS 0x0000000087c00000, 0x0000000087c00000| Complete 
| 109|0x0000000087d00000, 0x0000000087e00000, 0x0000000087e00000|100%| E|CS|TAMS 0x0000000087d00000, 0x0000000087d00000| Complete 
| 110|0x0000000087e00000, 0x0000000087f00000, 0x0000000087f00000|100%| E|CS|TAMS 0x0000000087e00000, 0x0000000087e00000| Complete 
| 111|0x0000000087f00000, 0x0000000088000000, 0x0000000088000000|100%| E|CS|TAMS 0x0000000087f00000, 0x0000000087f00000| Complete 
| 112|0x0000000088000000, 0x0000000088100000, 0x0000000088100000|100%| E|CS|TAMS 0x0000000088000000, 0x0000000088000000| Complete 
| 113|0x0000000088100000, 0x0000000088200000, 0x0000000088200000|100%| E|CS|TAMS 0x0000000088100000, 0x0000000088100000| Complete 
| 114|0x0000000088200000, 0x0000000088300000, 0x0000000088300000|100%| E|CS|TAMS 0x0000000088200000, 0x0000000088200000| Complete 
| 115|0x0000000088300000, 0x0000000088400000, 0x0000000088400000|100%| E|CS|TAMS 0x0000000088300000, 0x0000000088300000| Complete 
| 116|0x0000000088400000, 0x0000000088500000, 0x0000000088500000|100%| E|CS|TAMS 0x0000000088400000, 0x0000000088400000| Complete 
| 117|0x0000000088500000, 0x0000000088600000, 0x0000000088600000|100%| E|CS|TAMS 0x0000000088500000, 0x0000000088500000| Complete 
| 118|0x0000000088600000, 0x0000000088700000, 0x0000000088700000|100%| E|CS|TAMS 0x0000000088600000, 0x0000000088600000| Complete 
| 119|0x0000000088700000, 0x0000000088800000, 0x0000000088800000|100%| E|CS|TAMS 0x0000000088700000, 0x0000000088700000| Complete 
| 120|0x0000000088800000, 0x0000000088900000, 0x0000000088900000|100%| E|CS|TAMS 0x0000000088800000, 0x0000000088800000| Complete 
| 121|0x0000000088900000, 0x0000000088a00000, 0x0000000088a00000|100%| E|CS|TAMS 0x0000000088900000, 0x0000000088900000| Complete 
| 122|0x0000000088a00000, 0x0000000088b00000, 0x0000000088b00000|100%| E|CS|TAMS 0x0000000088a00000, 0x0000000088a00000| Complete 
| 123|0x0000000088b00000, 0x0000000088c00000, 0x0000000088c00000|100%| E|CS|TAMS 0x0000000088b00000, 0x0000000088b00000| Complete 
| 124|0x0000000088c00000, 0x0000000088d00000, 0x0000000088d00000|100%| E|CS|TAMS 0x0000000088c00000, 0x0000000088c00000| Complete 
| 125|0x0000000088d00000, 0x0000000088e00000, 0x0000000088e00000|100%| E|CS|TAMS 0x0000000088d00000, 0x0000000088d00000| Complete 
| 126|0x0000000088e00000, 0x0000000088f00000, 0x0000000088f00000|100%| E|CS|TAMS 0x0000000088e00000, 0x0000000088e00000| Complete 
| 127|0x0000000088f00000, 0x0000000089000000, 0x0000000089000000|100%| E|CS|TAMS 0x0000000088f00000, 0x0000000088f00000| Complete 
| 128|0x0000000089000000, 0x0000000089100000, 0x0000000089100000|100%| E|CS|TAMS 0x0000000089000000, 0x0000000089000000| Complete 
| 129|0x0000000089100000, 0x0000000089200000, 0x0000000089200000|100%| E|CS|TAMS 0x0000000089100000, 0x0000000089100000| Complete 
| 130|0x0000000089200000, 0x0000000089300000, 0x0000000089300000|100%| E|CS|TAMS 0x0000000089200000, 0x0000000089200000| Complete 
| 131|0x0000000089300000, 0x0000000089400000, 0x0000000089400000|100%| E|CS|TAMS 0x0000000089300000, 0x0000000089300000| Complete 
| 132|0x0000000089400000, 0x0000000089500000, 0x0000000089500000|100%| E|CS|TAMS 0x0000000089400000, 0x0000000089400000| Complete 
| 133|0x0000000089500000, 0x0000000089600000, 0x0000000089600000|100%| E|CS|TAMS 0x0000000089500000, 0x0000000089500000| Complete 
| 134|0x0000000089600000, 0x0000000089700000, 0x0000000089700000|100%| E|CS|TAMS 0x0000000089600000, 0x0000000089600000| Complete 
| 135|0x0000000089700000, 0x0000000089800000, 0x0000000089800000|100%| E|CS|TAMS 0x0000000089700000, 0x0000000089700000| Complete 
| 136|0x0000000089800000, 0x0000000089900000, 0x0000000089900000|100%| E|CS|TAMS 0x0000000089800000, 0x0000000089800000| Complete 
| 137|0x0000000089900000, 0x0000000089a00000, 0x0000000089a00000|100%| E|CS|TAMS 0x0000000089900000, 0x0000000089900000| Complete 
| 138|0x0000000089a00000, 0x0000000089b00000, 0x0000000089b00000|100%| E|CS|TAMS 0x0000000089a00000, 0x0000000089a00000| Complete 
| 139|0x0000000089b00000, 0x0000000089c00000, 0x0000000089c00000|100%| E|CS|TAMS 0x0000000089b00000, 0x0000000089b00000| Complete 
| 140|0x0000000089c00000, 0x0000000089d00000, 0x0000000089d00000|100%| E|CS|TAMS 0x0000000089c00000, 0x0000000089c00000| Complete 
| 141|0x0000000089d00000, 0x0000000089e00000, 0x0000000089e00000|100%| E|CS|TAMS 0x0000000089d00000, 0x0000000089d00000| Complete 
| 142|0x0000000089e00000, 0x0000000089f00000, 0x0000000089f00000|100%| E|CS|TAMS 0x0000000089e00000, 0x0000000089e00000| Complete 
| 143|0x0000000089f00000, 0x000000008a000000, 0x000000008a000000|100%| E|CS|TAMS 0x0000000089f00000, 0x0000000089f00000| Complete 
| 144|0x000000008a000000, 0x000000008a100000, 0x000000008a100000|100%| E|CS|TAMS 0x000000008a000000, 0x000000008a000000| Complete 
| 145|0x000000008a100000, 0x000000008a200000, 0x000000008a200000|100%| E|CS|TAMS 0x000000008a100000, 0x000000008a100000| Complete 
| 146|0x000000008a200000, 0x000000008a300000, 0x000000008a300000|100%| E|CS|TAMS 0x000000008a200000, 0x000000008a200000| Complete 
| 147|0x000000008a300000, 0x000000008a400000, 0x000000008a400000|100%| E|CS|TAMS 0x000000008a300000, 0x000000008a300000| Complete 
| 148|0x000000008a400000, 0x000000008a500000, 0x000000008a500000|100%| E|CS|TAMS 0x000000008a400000, 0x000000008a400000| Complete 
| 149|0x000000008a500000, 0x000000008a600000, 0x000000008a600000|100%| E|CS|TAMS 0x000000008a500000, 0x000000008a500000| Complete 
| 150|0x000000008a600000, 0x000000008a700000, 0x000000008a700000|100%| E|CS|TAMS 0x000000008a600000, 0x000000008a600000| Complete 
| 151|0x000000008a700000, 0x000000008a800000, 0x000000008a800000|100%| E|CS|TAMS 0x000000008a700000, 0x000000008a700000| Complete 
| 152|0x000000008a800000, 0x000000008a900000, 0x000000008a900000|100%| E|CS|TAMS 0x000000008a800000, 0x000000008a800000| Complete 
| 153|0x000000008a900000, 0x000000008aa00000, 0x000000008aa00000|100%| E|CS|TAMS 0x000000008a900000, 0x000000008a900000| Complete 
| 154|0x000000008aa00000, 0x000000008ab00000, 0x000000008ab00000|100%| E|CS|TAMS 0x000000008aa00000, 0x000000008aa00000| Complete 
| 155|0x000000008ab00000, 0x000000008ac00000, 0x000000008ac00000|100%| E|CS|TAMS 0x000000008ab00000, 0x000000008ab00000| Complete 
| 156|0x000000008ac00000, 0x000000008ad00000, 0x000000008ad00000|100%| E|CS|TAMS 0x000000008ac00000, 0x000000008ac00000| Complete 
| 157|0x000000008ad00000, 0x000000008ae00000, 0x000000008ae00000|100%| E|CS|TAMS 0x000000008ad00000, 0x000000008ad00000| Complete 
| 158|0x000000008ae00000, 0x000000008af00000, 0x000000008af00000|100%| E|CS|TAMS 0x000000008ae00000, 0x000000008ae00000| Complete 
| 159|0x000000008af00000, 0x000000008b000000, 0x000000008b000000|100%| E|CS|TAMS 0x000000008af00000, 0x000000008af00000| Complete 
| 160|0x000000008b000000, 0x000000008b100000, 0x000000008b100000|100%| E|CS|TAMS 0x000000008b000000, 0x000000008b000000| Complete 
| 161|0x000000008b100000, 0x000000008b200000, 0x000000008b200000|100%| E|CS|TAMS 0x000000008b100000, 0x000000008b100000| Complete 
| 162|0x000000008b200000, 0x000000008b300000, 0x000000008b300000|100%| E|CS|TAMS 0x000000008b200000, 0x000000008b200000| Complete 
| 163|0x000000008b300000, 0x000000008b400000, 0x000000008b400000|100%| E|CS|TAMS 0x000000008b300000, 0x000000008b300000| Complete 
| 164|0x000000008b400000, 0x000000008b500000, 0x000000008b500000|100%| E|CS|TAMS 0x000000008b400000, 0x000000008b400000| Complete 
| 165|0x000000008b500000, 0x000000008b600000, 0x000000008b600000|100%| E|CS|TAMS 0x000000008b500000, 0x000000008b500000| Complete 
| 166|0x000000008b600000, 0x000000008b700000, 0x000000008b700000|100%| E|CS|TAMS 0x000000008b600000, 0x000000008b600000| Complete 
| 167|0x000000008b700000, 0x000000008b800000, 0x000000008b800000|100%| E|CS|TAMS 0x000000008b700000, 0x000000008b700000| Complete 
| 168|0x000000008b800000, 0x000000008b900000, 0x000000008b900000|100%| E|CS|TAMS 0x000000008b800000, 0x000000008b800000| Complete 
| 169|0x000000008b900000, 0x000000008ba00000, 0x000000008ba00000|100%| E|CS|TAMS 0x000000008b900000, 0x000000008b900000| Complete 
| 170|0x000000008ba00000, 0x000000008bb00000, 0x000000008bb00000|100%| E|CS|TAMS 0x000000008ba00000, 0x000000008ba00000| Complete 
| 171|0x000000008bb00000, 0x000000008bc00000, 0x000000008bc00000|100%| E|CS|TAMS 0x000000008bb00000, 0x000000008bb00000| Complete 
| 172|0x000000008bc00000, 0x000000008bd00000, 0x000000008bd00000|100%| E|CS|TAMS 0x000000008bc00000, 0x000000008bc00000| Complete 
| 173|0x000000008bd00000, 0x000000008be00000, 0x000000008be00000|100%| E|CS|TAMS 0x000000008bd00000, 0x000000008bd00000| Complete 
| 174|0x000000008be00000, 0x000000008bf00000, 0x000000008bf00000|100%| E|CS|TAMS 0x000000008be00000, 0x000000008be00000| Complete 
| 175|0x000000008bf00000, 0x000000008c000000, 0x000000008c000000|100%| E|CS|TAMS 0x000000008bf00000, 0x000000008bf00000| Complete 
| 176|0x000000008c000000, 0x000000008c100000, 0x000000008c100000|100%| E|CS|TAMS 0x000000008c000000, 0x000000008c000000| Complete 
| 177|0x000000008c100000, 0x000000008c200000, 0x000000008c200000|100%| E|CS|TAMS 0x000000008c100000, 0x000000008c100000| Complete 
| 178|0x000000008c200000, 0x000000008c300000, 0x000000008c300000|100%| E|CS|TAMS 0x000000008c200000, 0x000000008c200000| Complete 
| 179|0x000000008c300000, 0x000000008c400000, 0x000000008c400000|100%| E|CS|TAMS 0x000000008c300000, 0x000000008c300000| Complete 
| 180|0x000000008c400000, 0x000000008c500000, 0x000000008c500000|100%| E|CS|TAMS 0x000000008c400000, 0x000000008c400000| Complete 
| 181|0x000000008c500000, 0x000000008c600000, 0x000000008c600000|100%| E|CS|TAMS 0x000000008c500000, 0x000000008c500000| Complete 
| 182|0x000000008c600000, 0x000000008c700000, 0x000000008c700000|100%| E|CS|TAMS 0x000000008c600000, 0x000000008c600000| Complete 
| 183|0x000000008c700000, 0x000000008c800000, 0x000000008c800000|100%| E|CS|TAMS 0x000000008c700000, 0x000000008c700000| Complete 
| 184|0x000000008c800000, 0x000000008c900000, 0x000000008c900000|100%| E|CS|TAMS 0x000000008c800000, 0x000000008c800000| Complete 
| 185|0x000000008c900000, 0x000000008ca00000, 0x000000008ca00000|100%| E|CS|TAMS 0x000000008c900000, 0x000000008c900000| Complete 
| 186|0x000000008ca00000, 0x000000008cb00000, 0x000000008cb00000|100%| E|CS|TAMS 0x000000008ca00000, 0x000000008ca00000| Complete 
| 187|0x000000008cb00000, 0x000000008cc00000, 0x000000008cc00000|100%| E|CS|TAMS 0x000000008cb00000, 0x000000008cb00000| Complete 
| 188|0x000000008cc00000, 0x000000008cd00000, 0x000000008cd00000|100%| E|CS|TAMS 0x000000008cc00000, 0x000000008cc00000| Complete 
| 189|0x000000008cd00000, 0x000000008ce00000, 0x000000008ce00000|100%| E|CS|TAMS 0x000000008cd00000, 0x000000008cd00000| Complete 
| 190|0x000000008ce00000, 0x000000008cf00000, 0x000000008cf00000|100%| E|CS|TAMS 0x000000008ce00000, 0x000000008ce00000| Complete 
| 191|0x000000008cf00000, 0x000000008d000000, 0x000000008d000000|100%| E|CS|TAMS 0x000000008cf00000, 0x000000008cf00000| Complete 
| 192|0x000000008d000000, 0x000000008d100000, 0x000000008d100000|100%| E|CS|TAMS 0x000000008d000000, 0x000000008d000000| Complete 

Card table byte_map: [0x00000263fa2e0000,0x00000263fa6e0000] _byte_map_base: 0x00000263f9ed8000

Marking Bits (Prev, Next): (CMBitMap*) 0x00000263e0da9958, (CMBitMap*) 0x00000263e0da9990
 Prev Bits: [0x00000263faae0000, 0x00000263fcaa0000)
 Next Bits: [0x00000263fcaa0000, 0x00000263fea60000)

Polling page: 0x00000263e0e40000

Metaspace:

Usage:
  Non-class:     12.49 MB capacity,    12.41 MB (>99%) used,    66.85 KB ( <1%) free+waste,    11.56 KB ( <1%) overhead. 
      Class:      1.16 MB capacity,     1.12 MB ( 96%) used,    42.98 KB (  4%) free+waste,     3.50 KB ( <1%) overhead. 
       Both:     13.65 MB capacity,    13.53 MB (>99%) used,   109.83 KB ( <1%) free+waste,    15.06 KB ( <1%) overhead. 

Virtual space:
  Non-class space:       14.00 MB reserved,      12.75 MB ( 91%) committed 
      Class space:        1.00 GB reserved,       1.25 MB ( <1%) committed 
             Both:        1.01 GB reserved,      14.00 MB (  1%) committed 

Chunk freelists:
   Non-Class:  9.63 KB
       Class:  3.13 KB
        Both:  12.75 KB

CodeHeap 'non-profiled nmethods': size=120064Kb used=2238Kb max_used=2238Kb free=117826Kb
 bounds [0x00000263f2380000, 0x00000263f25f0000, 0x00000263f98c0000]
CodeHeap 'profiled nmethods': size=120000Kb used=4521Kb max_used=4521Kb free=115479Kb
 bounds [0x00000263eae50000, 0x00000263eb2c0000, 0x00000263f2380000]
CodeHeap 'non-nmethods': size=5696Kb used=1207Kb max_used=1253Kb free=4488Kb
 bounds [0x00000263ea8c0000, 0x00000263eab30000, 0x00000263eae50000]
 total_blobs=3783 nmethods=2245 adapters=486
 compilation: enabled
              stopped_count=0, restarted_count=0
 full_count=0

Compilation events (10 events):
Event: 146.408 Thread 0x00000263ff094000 2241       4       com.badlogic.gdx.graphics.Texture::addManagedTexture (42 bytes)
Event: 146.445 Thread 0x00000263ff094000 nmethod 2241 0x00000263f25a7910 code [0x00000263f25a7b80, 0x00000263f25a8dc0]
Event: 146.657 Thread 0x00000263ff094000 2242       4       MovingObjects.Hercules::getFrame (352 bytes)
Event: 146.679 Thread 0x00000263ff094000 nmethod 2242 0x00000263f25a9790 code [0x00000263f25a9a40, 0x00000263f25aa970]
Event: 149.386 Thread 0x00000263ff094000 2243       4       java.util.Formatter$FormatSpecifier::print (889 bytes)
Event: 149.458 Thread 0x00000263ff094000 nmethod 2243 0x00000263f25ab410 code [0x00000263f25ab6e0, 0x00000263f25ad0f0]
Event: 149.458 Thread 0x00000263ff094000 2244       4       org.lwjgl.opengl.DrawableGL::swapBuffers (4 bytes)
Event: 149.470 Thread 0x00000263ff094000 nmethod 2244 0x00000263f25ae590 code [0x00000263f25ae7a0, 0x00000263f25af320]
Event: 150.123 Thread 0x00000263ff09c000 2245       3       com.badlogic.gdx.scenes.scene2d.ui.Table::computeSize (1689 bytes)
Event: 150.128 Thread 0x00000263ff09c000 nmethod 2245 0x00000263eb2b3010 code [0x00000263eb2b3740, 0x00000263eb2b7ee0]

GC Heap History (10 events):
Event: 11.066 GC heap before
{Heap before GC invocations=16 (full 0):
 garbage-first heap   total 197632K, used 94208K [0x0000000081000000, 0x0000000100000000)
  region size 1024K, 6 young (6144K), 4 survivors (4096K)
 Metaspace       used 11920K, capacity 12068K, committed 12288K, reserved 1060864K
  class space    used 982K, capacity 1024K, committed 1024K, reserved 1048576K
}
Event: 11.068 GC heap after
{Heap after GC invocations=17 (full 0):
 garbage-first heap   total 197632K, used 48853K [0x0000000081000000, 0x0000000100000000)
  region size 1024K, 4 young (4096K), 4 survivors (4096K)
 Metaspace       used 11920K, capacity 12068K, committed 12288K, reserved 1060864K
  class space    used 982K, capacity 1024K, committed 1024K, reserved 1048576K
}
Event: 19.640 GC heap before
{Heap before GC invocations=18 (full 0):
 garbage-first heap   total 197632K, used 115413K [0x0000000081000000, 0x0000000100000000)
  region size 1024K, 60 young (61440K), 4 survivors (4096K)
 Metaspace       used 13604K, capacity 13786K, committed 14080K, reserved 1062912K
  class space    used 1142K, capacity 1191K, committed 1280K, reserved 1048576K
}
Event: 19.643 GC heap after
{Heap after GC invocations=19 (full 0):
 garbage-first heap   total 197632K, used 49503K [0x0000000081000000, 0x0000000100000000)
  region size 1024K, 5 young (5120K), 5 survivors (5120K)
 Metaspace       used 13604K, capacity 13786K, committed 14080K, reserved 1062912K
  class space    used 1142K, capacity 1191K, committed 1280K, reserved 1048576K
}
Event: 42.750 GC heap before
{Heap before GC invocations=19 (full 0):
 garbage-first heap   total 197632K, used 117087K [0x0000000081000000, 0x0000000100000000)
  region size 1024K, 71 young (72704K), 5 survivors (5120K)
 Metaspace       used 13792K, capacity 13914K, committed 14080K, reserved 1062912K
  class space    used 1142K, capacity 1191K, committed 1280K, reserved 1048576K
}
Event: 42.753 GC heap after
{Heap after GC invocations=20 (full 0):
 garbage-first heap   total 197632K, used 49902K [0x0000000081000000, 0x0000000100000000)
  region size 1024K, 5 young (5120K), 5 survivors (5120K)
 Metaspace       used 13792K, capacity 13914K, committed 14080K, reserved 1062912K
  class space    used 1142K, capacity 1191K, committed 1280K, reserved 1048576K
}
Event: 82.941 GC heap before
{Heap before GC invocations=20 (full 0):
 garbage-first heap   total 197632K, used 137966K [0x0000000081000000, 0x0000000100000000)
  region size 1024K, 91 young (93184K), 5 survivors (5120K)
 Metaspace       used 13812K, capacity 13978K, committed 14336K, reserved 1062912K
  class space    used 1144K, capacity 1191K, committed 1280K, reserved 1048576K
}
Event: 82.945 GC heap after
{Heap after GC invocations=21 (full 0):
 garbage-first heap   total 197632K, used 49976K [0x0000000081000000, 0x0000000100000000)
  region size 1024K, 5 young (5120K), 5 survivors (5120K)
 Metaspace       used 13812K, capacity 13978K, committed 14336K, reserved 1062912K
  class space    used 1144K, capacity 1191K, committed 1280K, reserved 1048576K
}
Event: 123.714 GC heap before
{Heap before GC invocations=21 (full 0):
 garbage-first heap   total 197632K, used 145208K [0x0000000081000000, 0x0000000100000000)
  region size 1024K, 99 young (101376K), 5 survivors (5120K)
 Metaspace       used 13814K, capacity 13978K, committed 14336K, reserved 1062912K
  class space    used 1144K, capacity 1191K, committed 1280K, reserved 1048576K
}
Event: 123.717 GC heap after
{Heap after GC invocations=22 (full 0):
 garbage-first heap   total 197632K, used 50027K [0x0000000081000000, 0x0000000100000000)
  region size 1024K, 5 young (5120K), 5 survivors (5120K)
 Metaspace       used 13814K, capacity 13978K, committed 14336K, reserved 1062912K
  class space    used 1144K, capacity 1191K, committed 1280K, reserved 1048576K
}

Deoptimization events (10 events):
Event: 20.623 Thread 0x0000026382642800 Uncommon trap: reason=array_check action=maybe_recompile pc=0x00000263f24713a8 method=com.badlogic.gdx.utils.Array.add(Ljava/lang/Object;)V @ 46 c2
Event: 20.626 Thread 0x0000026382642800 Uncommon trap: reason=unstable_if action=reinterpret pc=0x00000263f249382c method=com.badlogic.gdx.utils.Array.iterator()Ljava/util/Iterator; @ 20 c2
Event: 20.626 Thread 0x0000026382642800 Uncommon trap: reason=unstable_if action=reinterpret pc=0x00000263f248f4bc method=com.badlogic.gdx.physics.box2d.Fixture.getShape()Lcom/badlogic/gdx/physics/box2d/Shape; @ 4 c2
Event: 27.167 Thread 0x0000026382642800 Uncommon trap: reason=array_check action=maybe_recompile pc=0x00000263f24713a8 method=com.badlogic.gdx.utils.Array.add(Ljava/lang/Object;)V @ 46 c2
Event: 27.769 Thread 0x0000026382642800 Uncommon trap: reason=unstable_if action=reinterpret pc=0x00000263f24cb2bc method=Sprites.GoldenCoin.update(LMovingObjects/Hercules;)V @ 252 c2
Event: 27.769 Thread 0x0000026382642800 Uncommon trap: reason=unstable_if action=reinterpret pc=0x00000263f24a2c68 method=Sprites.SilverCoin.update(LMovingObjects/Hercules;)V @ 177 c2
Event: 41.836 Thread 0x0000026382642800 Uncommon trap: reason=unstable_if action=reinterpret pc=0x00000263f2519804 method=MovingObjects.Wolf.update(F)V @ 103 c2
Event: 42.183 Thread 0x0000026382642800 Uncommon trap: reason=array_check action=maybe_recompile pc=0x00000263f24713a8 method=com.badlogic.gdx.utils.Array.add(Ljava/lang/Object;)V @ 46 c2
Event: 57.188 Thread 0x0000026382642800 Uncommon trap: reason=array_check action=maybe_recompile pc=0x00000263f24713a8 method=com.badlogic.gdx.utils.Array.add(Ljava/lang/Object;)V @ 46 c2
Event: 113.174 Thread 0x0000026382642800 Uncommon trap: reason=unstable_if action=reinterpret pc=0x00000263f25886dc method=com.badlogic.gdx.scenes.scene2d.ui.Label.textEquals(Ljava/lang/CharSequence;)Z @ 23 c2

Classes redefined (0 events):
No events

Internal exceptions (10 events):
Event: 131.149 Thread 0x0000026382642800 Exception <a 'java/lang/ArrayIndexOutOfBoundsException'{0x000000008ad69258}> (0x000000008ad69258) thrown at [t:/workspace/open/src/hotspot/share/runtime/sharedRuntime.cpp, line 584]
Event: 132.553 Thread 0x0000026382642800 Exception <a 'java/lang/ArrayIndexOutOfBoundsException'{0x000000008a2192e8}> (0x000000008a2192e8) thrown at [t:/workspace/open/src/hotspot/share/runtime/sharedRuntime.cpp, line 584]
Event: 133.466 Thread 0x0000026382642800 Exception <a 'java/lang/ArrayIndexOutOfBoundsException'{0x000000008a223c10}> (0x000000008a223c10) thrown at [t:/workspace/open/src/hotspot/share/runtime/sharedRuntime.cpp, line 584]
Event: 134.400 Thread 0x0000026382642800 Exception <a 'java/lang/ArrayIndexOutOfBoundsException'{0x000000008a232fc0}> (0x000000008a232fc0) thrown at [t:/workspace/open/src/hotspot/share/runtime/sharedRuntime.cpp, line 584]
Event: 135.335 Thread 0x0000026382642800 Exception <a 'java/lang/ArrayIndexOutOfBoundsException'{0x000000008a23e688}> (0x000000008a23e688) thrown at [t:/workspace/open/src/hotspot/share/runtime/sharedRuntime.cpp, line 584]
Event: 136.555 Thread 0x0000026382642800 Exception <a 'java/lang/ArrayIndexOutOfBoundsException'{0x00000000898f91b0}> (0x00000000898f91b0) thrown at [t:/workspace/open/src/hotspot/share/runtime/sharedRuntime.cpp, line 584]
Event: 137.554 Thread 0x0000026382642800 Exception <a 'java/lang/ArrayIndexOutOfBoundsException'{0x000000008970fac0}> (0x000000008970fac0) thrown at [t:/workspace/open/src/hotspot/share/runtime/sharedRuntime.cpp, line 584]
Event: 138.506 Thread 0x0000026382642800 Exception <a 'java/lang/ArrayIndexOutOfBoundsException'{0x000000008971ad90}> (0x000000008971ad90) thrown at [t:/workspace/open/src/hotspot/share/runtime/sharedRuntime.cpp, line 584]
Event: 139.460 Thread 0x0000026382642800 Exception <a 'java/lang/ArrayIndexOutOfBoundsException'{0x00000000897260c0}> (0x00000000897260c0) thrown at [t:/workspace/open/src/hotspot/share/runtime/sharedRuntime.cpp, line 584]
Event: 140.408 Thread 0x0000026382642800 Exception <a 'java/lang/ArrayIndexOutOfBoundsException'{0x00000000897313f0}> (0x00000000897313f0) thrown at [t:/workspace/open/src/hotspot/share/runtime/sharedRuntime.cpp, line 584]

Events (10 events):
Event: 82.945 Executing VM operation: G1CollectForAllocation done
Event: 94.117 Thread 0x0000026382642800 DEOPT PACKING pc=0x00000263eb27473c sp=0x000000f3d8cfe850
Event: 94.117 Thread 0x0000026382642800 DEOPT UNPACKING pc=0x00000263ea8e8cce sp=0x000000f3d8cfdc88 mode 0
Event: 106.983 Thread 0x0000026382642800 DEOPT PACKING pc=0x00000263eb1d4be0 sp=0x000000f3d8cfe830
Event: 106.983 Thread 0x0000026382642800 DEOPT UNPACKING pc=0x00000263ea8e8cce sp=0x000000f3d8cfdcc0 mode 0
Event: 113.174 Thread 0x0000026382642800 Uncommon trap: trap_request=0xffffff4d fr.pc=0x00000263f25886dc relative=0x000000000000019c
Event: 113.174 Thread 0x0000026382642800 DEOPT PACKING pc=0x00000263f25886dc sp=0x000000f3d8cfeb80
Event: 113.174 Thread 0x0000026382642800 DEOPT UNPACKING pc=0x00000263ea8e8eaf sp=0x000000f3d8cfeb00 mode 2
Event: 123.714 Executing VM operation: G1CollectForAllocation
Event: 123.717 Executing VM operation: G1CollectForAllocation done


Dynamic libraries:
0x00007ff795510000 - 0x00007ff795557000 	C:\Program Files\Java\jdk-11.0.1\bin\java.exe
0x00007ffd6ebe0000 - 0x00007ffd6edd0000 	C:\WINDOWS\SYSTEM32\ntdll.dll
0x00007ffd6e280000 - 0x00007ffd6e332000 	C:\WINDOWS\System32\KERNEL32.DLL
0x00007ffd6bee0000 - 0x00007ffd6c184000 	C:\WINDOWS\System32\KERNELBASE.dll
0x00007ffd6d090000 - 0x00007ffd6d133000 	C:\WINDOWS\System32\ADVAPI32.dll
0x00007ffd6ce20000 - 0x00007ffd6cebe000 	C:\WINDOWS\System32\msvcrt.dll
0x00007ffd6e010000 - 0x00007ffd6e0a7000 	C:\WINDOWS\System32\sechost.dll
0x00007ffd6dee0000 - 0x00007ffd6e000000 	C:\WINDOWS\System32\RPCRT4.dll
0x00007ffd6d140000 - 0x00007ffd6d2d4000 	C:\WINDOWS\System32\USER32.dll
0x00007ffd6c3b0000 - 0x00007ffd6c3d1000 	C:\WINDOWS\System32\win32u.dll
0x00007ffd6cc90000 - 0x00007ffd6ccb6000 	C:\WINDOWS\System32\GDI32.dll
0x00007ffd6bc70000 - 0x00007ffd6be05000 	C:\WINDOWS\System32\gdi32full.dll
0x00007ffd6c310000 - 0x00007ffd6c3ae000 	C:\WINDOWS\System32\msvcp_win.dll
0x00007ffd6bb70000 - 0x00007ffd6bc6a000 	C:\WINDOWS\System32\ucrtbase.dll
0x00007ffd4ec80000 - 0x00007ffd4ef04000 	C:\WINDOWS\WinSxS\amd64_microsoft.windows.common-controls_6595b64144ccf1df_6.0.18362.900_none_e6beb9d913147d17\COMCTL32.dll
0x00007ffd65690000 - 0x00007ffd6569a000 	C:\WINDOWS\SYSTEM32\VERSION.dll
0x00007ffd6e340000 - 0x00007ffd6e675000 	C:\WINDOWS\System32\combase.dll
0x00007ffd6c440000 - 0x00007ffd6c4c0000 	C:\WINDOWS\System32\bcryptPrimitives.dll
0x00007ffd6ccc0000 - 0x00007ffd6ccee000 	C:\WINDOWS\System32\IMM32.DLL
0x00007ffd459a0000 - 0x00007ffd459b6000 	C:\Program Files\Java\jdk-11.0.1\bin\vcruntime140.dll
0x00007ffd35780000 - 0x00007ffd3582a000 	C:\Program Files\Java\jdk-11.0.1\bin\msvcp140.dll
0x00007ffd31c50000 - 0x00007ffd32792000 	C:\Program Files\Java\jdk-11.0.1\bin\server\jvm.dll
0x00007ffd6d000000 - 0x00007ffd6d008000 	C:\WINDOWS\System32\PSAPI.DLL
0x00007ffd6a9b0000 - 0x00007ffd6a9d4000 	C:\WINDOWS\SYSTEM32\WINMM.dll
0x00007ffd5ce60000 - 0x00007ffd5ce69000 	C:\WINDOWS\SYSTEM32\WSOCK32.dll
0x00007ffd6e0b0000 - 0x00007ffd6e11f000 	C:\WINDOWS\System32\ws2_32.DLL
0x00007ffd6a950000 - 0x00007ffd6a97d000 	C:\WINDOWS\SYSTEM32\WINMMBASE.dll
0x00007ffd6cc40000 - 0x00007ffd6cc8a000 	C:\WINDOWS\System32\cfgmgr32.dll
0x00007ffd6bad0000 - 0x00007ffd6bae1000 	C:\WINDOWS\System32\kernel.appcore.dll
0x00007ffd453a0000 - 0x00007ffd453b1000 	C:\Program Files\Java\jdk-11.0.1\bin\verify.dll
0x00007ffd59e40000 - 0x00007ffd5a034000 	C:\WINDOWS\SYSTEM32\DBGHELP.DLL
0x00007ffd5c690000 - 0x00007ffd5c6ba000 	C:\WINDOWS\SYSTEM32\dbgcore.DLL
0x00007ffd45780000 - 0x00007ffd457a9000 	C:\Program Files\Java\jdk-11.0.1\bin\java.dll
0x00007ffd45270000 - 0x00007ffd45286000 	C:\Program Files\Java\jdk-11.0.1\bin\zip.dll
0x00007ffd5cd50000 - 0x00007ffd5cd5a000 	C:\Program Files\Java\jdk-11.0.1\bin\jimage.dll
0x00007ffd6d640000 - 0x00007ffd6dd26000 	C:\WINDOWS\System32\SHELL32.dll
0x00007ffd6cd70000 - 0x00007ffd6ce19000 	C:\WINDOWS\System32\shcore.dll
0x00007ffd6c4c0000 - 0x00007ffd6cc40000 	C:\WINDOWS\System32\windows.storage.dll
0x00007ffd6bb40000 - 0x00007ffd6bb63000 	C:\WINDOWS\System32\profapi.dll
0x00007ffd6baf0000 - 0x00007ffd6bb3a000 	C:\WINDOWS\System32\powrprof.dll
0x00007ffd6baa0000 - 0x00007ffd6bab0000 	C:\WINDOWS\System32\UMPDC.dll
0x00007ffd6d5e0000 - 0x00007ffd6d632000 	C:\WINDOWS\System32\shlwapi.dll
0x00007ffd6bec0000 - 0x00007ffd6bed7000 	C:\WINDOWS\System32\cryptsp.dll
0x00007ffd43d80000 - 0x00007ffd43d99000 	C:\Program Files\Java\jdk-11.0.1\bin\net.dll
0x00007ffd60c10000 - 0x00007ffd60d00000 	C:\WINDOWS\SYSTEM32\WINHTTP.dll
0x00007ffd6b260000 - 0x00007ffd6b2c7000 	C:\WINDOWS\system32\mswsock.dll
0x00007ffd43d30000 - 0x00007ffd43d43000 	C:\Program Files\Java\jdk-11.0.1\bin\nio.dll
0x0000000065ac0000 - 0x0000000065b0b000 	C:\Users\Google\AppData\Local\Temp\libgdxKareem\7d76f548\gdx64.dll
0x00007ffd6ade0000 - 0x00007ffd6ae13000 	C:\WINDOWS\system32\rsaenh.dll
0x00007ffd6c190000 - 0x00007ffd6c1b6000 	C:\WINDOWS\System32\bcrypt.dll
0x00007ffd6b990000 - 0x00007ffd6b9b5000 	C:\WINDOWS\SYSTEM32\USERENV.dll
0x00007ffd6b3e0000 - 0x00007ffd6b3ec000 	C:\WINDOWS\SYSTEM32\CRYPTBASE.dll
0x00007ffd6af80000 - 0x00007ffd6afba000 	C:\WINDOWS\SYSTEM32\IPHLPAPI.DLL
0x00007ffd6e000000 - 0x00007ffd6e008000 	C:\WINDOWS\System32\NSI.dll
0x00007ffd62f80000 - 0x00007ffd62f96000 	C:\WINDOWS\SYSTEM32\dhcpcsvc6.DLL
0x00007ffd62f50000 - 0x00007ffd62f6c000 	C:\WINDOWS\SYSTEM32\dhcpcsvc.DLL
0x00007ffd6b020000 - 0x00007ffd6b0eb000 	C:\WINDOWS\SYSTEM32\DNSAPI.dll
0x0000000180000000 - 0x0000000180053000 	C:\Users\Google\AppData\Local\Temp\libgdxKareem\1cecf4f6\lwjgl64.dll
0x00007ffd34f50000 - 0x00007ffd350a6000 	C:\WINDOWS\SYSTEM32\OPENGL32.dll
0x00007ffd417b0000 - 0x00007ffd417dc000 	C:\WINDOWS\SYSTEM32\GLU32.dll
0x00007ffd6a790000 - 0x00007ffd6a7b0000 	C:\WINDOWS\SYSTEM32\dxcore.dll
0x0000026382b60000 - 0x0000026382bc4000 	C:\Users\Google\AppData\Local\Temp\libgdxKareem\1cecf4f6\OpenAL64.dll
0x00007ffd6e120000 - 0x00007ffd6e277000 	C:\WINDOWS\System32\ole32.dll
0x00007ffd69c90000 - 0x00007ffd69d29000 	C:\WINDOWS\system32\uxtheme.dll
0x00007ffd6e680000 - 0x00007ffd6e722000 	C:\WINDOWS\System32\clbcatq.dll
0x00007ffd40540000 - 0x00007ffd405d9000 	C:\WINDOWS\SYSTEM32\dsound.dll
0x00007ffd64650000 - 0x00007ffd646c2000 	C:\WINDOWS\System32\MMDevApi.dll
0x00007ffd6b8a0000 - 0x00007ffd6b8ca000 	C:\WINDOWS\System32\DEVOBJ.dll
0x00007ffd646d0000 - 0x00007ffd6482d000 	C:\WINDOWS\SYSTEM32\AUDIOSES.DLL
0x00007ffd6d4f0000 - 0x00007ffd6d5b5000 	C:\WINDOWS\System32\OLEAUT32.dll
0x00007ffd67b90000 - 0x00007ffd67ce3000 	C:\WINDOWS\SYSTEM32\wintypes.dll
0x00007ffd69ff0000 - 0x00007ffd6a004000 	C:\WINDOWS\SYSTEM32\resourcepolicyclient.dll
0x00007ffd66fa0000 - 0x00007ffd6704e000 	C:\WINDOWS\SYSTEM32\mscms.dll
0x00007ffd66f80000 - 0x00007ffd66f97000 	C:\WINDOWS\SYSTEM32\ColorAdapterClient.dll
0x00007ffd63e10000 - 0x00007ffd63e2a000 	C:\Windows\System32\Windows.Internal.Graphics.Display.DisplayColorManagement.dll
0x00007ffd6dda0000 - 0x00007ffd6ded5000 	C:\WINDOWS\System32\MSCTF.dll
0x00007ffd68230000 - 0x00007ffd682ce000 	C:\WINDOWS\System32\TextInputFramework.dll
0x00007ffd67e00000 - 0x00007ffd6812a000 	C:\WINDOWS\System32\CoreUIComponents.dll
0x00007ffd68ed0000 - 0x00007ffd68fa4000 	C:\WINDOWS\System32\CoreMessaging.dll
0x00007ffd6aac0000 - 0x00007ffd6aaf1000 	C:\WINDOWS\SYSTEM32\ntmarta.dll
0x00007ffd5c840000 - 0x00007ffd5cae6000 	C:\WINDOWS\System32\iertutil.dll
0x00007ffd61b00000 - 0x00007ffd61b18000 	C:\WINDOWS\SYSTEM32\atig6pxx.dll
0x0000000075c60000 - 0x0000000077a60000 	C:\WINDOWS\SYSTEM32\atio6axx.dll
0x00007ffd6e730000 - 0x00007ffd6eba0000 	C:\WINDOWS\System32\SETUPAPI.dll
0x00007ffd6a0e0000 - 0x00007ffd6a10d000 	C:\WINDOWS\SYSTEM32\dwmapi.dll
0x00007ffd2ec70000 - 0x00007ffd2edb0000 	C:\WINDOWS\SYSTEM32\atiadlxx.dll
0x00007ffd66170000 - 0x00007ffd66183000 	C:\WINDOWS\SYSTEM32\WTSAPI32.dll
0x00007ffd68130000 - 0x00007ffd68220000 	C:\WINDOWS\SYSTEM32\PROPSYS.dll
0x00007ffd6c3e0000 - 0x00007ffd6c43c000 	C:\WINDOWS\System32\WINTRUST.dll
0x00007ffd6bab0000 - 0x00007ffd6bac2000 	C:\WINDOWS\System32\MSASN1.dll
0x00007ffd6c1c0000 - 0x00007ffd6c309000 	C:\WINDOWS\System32\CRYPT32.dll
0x00007ffd61ad0000 - 0x00007ffd61afc000 	C:\WINDOWS\SYSTEM32\atig6txx.dll
0x00007ffd44a60000 - 0x00007ffd44aa3000 	C:\WINDOWS\SYSTEM32\icm32.dll
0x000000006e9c0000 - 0x000000006ea1b000 	C:\Users\Google\AppData\Local\Temp\libgdxKareem\b8f13a6a\gdx-box2d64.dll

dbghelp: loaded successfully - version: 4.0.5 - missing functions: none
symbol engine: initialized successfully - sym options: 0x614 - pdb path: .;C:\Program Files\Java\jdk-11.0.1\bin;C:\WINDOWS\SYSTEM32;C:\WINDOWS\WinSxS\amd64_microsoft.windows.common-controls_6595b64144ccf1df_6.0.18362.900_none_e6beb9d913147d17;C:\Program Files\Java\jdk-11.0.1\bin\server;C:\Users\Google\AppData\Local\Temp\libgdxKareem\7d76f548;C:\Users\Google\AppData\Local\Temp\libgdxKareem\1cecf4f6;C:\Users\Google\AppData\Local\Temp\libgdxKareem\b8f13a6a

VM Arguments:
jvm_args: -Dfile.encoding=windows-1252 -Duser.country=US -Duser.language=en -Duser.variant 
java_command: com.Launcher.desktop.DesktopLauncher
java_class_path (initial): C:\Users\Google\Documents\NetBeansProjects\Disney's Hercules\desktop\build\classes\java\main;C:\Users\Google\Documents\NetBeansProjects\Disney's Hercules\desktop\build\resources\main;C:\Users\Google\.gradle\caches\modules-2\files-2.1\com.badlogicgames.gdx\gdx-tools\1.9.10\67524f012868e0cff57531b5bfda2781d00c6b1f\gdx-tools-1.9.10.jar;C:\Users\Google\.gradle\caches\modules-2\files-2.1\com.badlogicgames.gdx\gdx-backend-lwjgl\1.9.10\8f88abd43500d94c486d25f04d642318da72773a\gdx-backend-lwjgl-1.9.10.jar;C:\Users\Google\.gradle\caches\modules-2\files-2.1\com.badlogicgames.gdx\gdx-platform\1.9.10\1907b49f8363dd1ee37d273854a9cc3c741a6e66\gdx-platform-1.9.10-natives-desktop.jar;C:\Users\Google\.gradle\caches\modules-2\files-2.1\com.badlogicgames.gdx\gdx-box2d-platform\1.9.10\91b19c283b24eec646a18e0e7b940c829920df4f\gdx-box2d-platform-1.9.10-natives-desktop.jar;C:\Users\Google\Documents\NetBeansProjects\Disney's Hercules\core\build\libs\core-1.0.jar;C:\Users\Google\.gradle\caches\modules-2\files-2.1\com.badlogicgames.gdx\gdx-backend-headless\1.9.10\d357526e6bb3d36b01b4f833ab42588e5285d487\gdx-backend-headless-1.9.10.jar;C:\Users\Google\.gradle\caches\modules-2\files-2.1\com.badlogicgames.gdx\gdx-freetype\1.9.10\8853e4f08589a9feb4b851187909cfde8810e491\gdx-freetype-1.9.10.jar;C:\Users\Google\.gradle\caches\modules-2\files-2.1\com.badlogicgames.gdx\gdx-box2d\1.9.10\d68a7a3484d47529a8d23cd467579eb098b38a9e\gdx-box2d-1.9.10.jar;C:\Users\Google\.gradle\caches\modules-2\files-2.1\com.badlogicgames.gdx\gdx\1.9.10\79d9ad27bd5e3eb18c9ade61d3a27d7237695d53\gdx-1.9.10.jar;C:\Users\Google\.gradle\caches\modules-2\files-2.1\org.lwjgl.lwjgl\lwjgl_util\2.9.3\751f06b62424da056954c67288fd5c494431e350\lwjgl_util-2.9.3.jar;C:\Users\Google\.gradle\caches\modules-2\files-2.1\org.lwjgl.lwjgl\lwjgl\2.9.3\3df168ac74e4a8c96562cdff24ad352e255bf89c\lwjgl-2.9.3.jar;C:\Users\Google\.gradle\caches\modules-2\files-2.1\com.badlogicgames.jlayer\jlayer\1.0.1-gdx\7cca83cec5c1b2f0113
Launcher Type: SUN_STANDARD

[Global flags]
     intx CICompilerCount                          = 3                                         {product} {ergonomic}
     uint ConcGCThreads                            = 1                                         {product} {ergonomic}
     uint G1ConcRefinementThreads                  = 4                                         {product} {ergonomic}
   size_t G1HeapRegionSize                         = 1048576                                   {product} {ergonomic}
    uintx GCDrainStackTargetSize                   = 64                                        {product} {ergonomic}
   size_t InitialHeapSize                          = 134217728                                 {product} {ergonomic}
   size_t MarkStackSize                            = 4194304                                   {product} {ergonomic}
   size_t MaxHeapSize                              = 2130706432                                {product} {ergonomic}
   size_t MaxNewSize                               = 1278214144                                {product} {ergonomic}
   size_t MinHeapDeltaBytes                        = 1048576                                   {product} {ergonomic}
    uintx NonNMethodCodeHeapSize                   = 5830092                                {pd product} {ergonomic}
    uintx NonProfiledCodeHeapSize                  = 122914074                              {pd product} {ergonomic}
    uintx ProfiledCodeHeapSize                     = 122914074                              {pd product} {ergonomic}
    uintx ReservedCodeCacheSize                    = 251658240                              {pd product} {ergonomic}
     bool SegmentedCodeCache                       = true                                      {product} {ergonomic}
     bool UseCompressedClassPointers               = true                                 {lp64_product} {ergonomic}
     bool UseCompressedOops                        = true                                 {lp64_product} {ergonomic}
     bool UseG1GC                                  = true                                      {product} {ergonomic}
     bool UseLargePagesIndividualAllocation        = false                                  {pd product} {ergonomic}

Logging:
Log output configuration:
 #0: stdout all=warning uptime,level,tags
 #1: stderr all=off uptime,level,tags

Environment Variables:
JAVA_HOME=C:\Program Files\Java\jdk-13.0.2
CLASSPATH=.;.;C:\PROGRA~2\JMF21~1.1E\lib\sound.jar;C:\PROGRA~2\JMF21~1.1E\lib\jmf.jar;C:\PROGRA~2\JMF21~1.1E\lib;
PATH="C:\Windows\System32;";C:\MinGW\bin;C:\MinGW\libexec\gcc\x86_64-w64-mingw32\8.1.0;C:\Program Files (x86)\Common Files\Oracle\Java\javapath;C:\WINDOWS\system32;C:\WINDOWS;C:\WINDOWS\System32\Wbem;C:\WINDOWS\System32\WindowsPowerShell\v1.0\;C:\WINDOWS\System32\OpenSSH\;C:\Program Files\Microsoft\Web Platform Installer\;C:\Program Files (x86)\Microsoft ASP.NET\ASP.NET Web Pages\v1.0\;C:\Program Files (x86)\Windows Kits\8.1\Windows Performance Toolkit\;C:\Program Files (x86)\Microsoft SDKs\TypeScript\1.0\;C:\Program Files (x86)\Microsoft Visual Studio 12.0\VC\bin;C:\Program Files (x86)\Brackets\command;C:\Program Files\Microsoft SQL Server\Client SDK\ODBC\130\Tools\Binn\;C:\Program Files (x86)\Microsoft SQL Server\140\Tools\Binn\;C:\Program Files\Microsoft SQL Server\140\Tools\Binn\;C:\Program Files\Microsoft SQL Server\140\DTS\Binn\;C:\Program Files\Java\jdk-13.0.2\bin;C:\Program Files\Cmder;C:\Users\Google\AppData\Local\Microsoft\WindowsApps;
USERNAME=Kareem
OS=Windows_NT
PROCESSOR_IDENTIFIER=Intel64 Family 6 Model 58 Stepping 9, GenuineIntel



---------------  S Y S T E M  ---------------

OS: Windows 10 , 64 bit Build 18362 (10.0.18362.900)

CPU:total 4 (initial active 4) (2 cores per cpu, 2 threads per core) family 6 model 58 stepping 9, cmov, cx8, fxsr, mmx, sse, sse2, sse3, ssse3, sse4.1, sse4.2, popcnt, avx, aes, clmul, erms, ht, tsc, tscinvbit, tscinv

Memory: 4k page, system-wide physical 8124M (558M free)
TotalPageFile size 13771M (AvailPageFile size 1391M)
current process WorkingSet (physical memory assigned to process): 2502M, peak: 2762M
current process commit charge ("private bytes"): 3536M, peak: 3544M

vm_info: Java HotSpot(TM) 64-Bit Server VM (11.0.1+13-LTS) for windows-amd64 JRE (11.0.1+13-LTS), built on Oct  6 2018 13:20:16 by "mach5one" with MS VC++ 15.5 (VS2017)

END.
