#
# A fatal error has been detected by the Java Runtime Environment:
#
#  EXCEPTION_ACCESS_VIOLATION (0xc0000005) at pc=0x000000006c5abb41, pid=10380, tid=11076
#
# JRE version: Java(TM) SE Runtime Environment (11.0.1+13) (build 11.0.1+13-LTS)
# Java VM: Java HotSpot(TM) 64-Bit Server VM (11.0.1+13-LTS, mixed mode, tiered, compressed oops, g1 gc, windows-amd64)
# Problematic frame:
# C  [atio6axx.dll+0xbbbb41]
#
# No core dump will be written. Minidumps are not enabled by default on client versions of Windows
#
# If you would like to submit a bug report, please visit:
#   http://bugreport.java.com/bugreport/crash.jsp
# The crash happened outside the Java Virtual Machine in native code.
# See problematic frame for where to report the bug.
#

---------------  S U M M A R Y ------------

Command Line: -Dfile.encoding=windows-1252 -Duser.country=US -Duser.language=en -Duser.variant com.Launcher.desktop.DesktopLauncher

Host: Intel(R) Core(TM) i5-3360M CPU @ 2.80GHz, 4 cores, 7G,  Windows 10 , 64 bit Build 18362 (10.0.18362.900)
Time: Thu Jul  9 22:06:05 2020 Egypt Standard Time elapsed time: 283 seconds (0d 0h 4m 43s)

---------------  T H R E A D  ---------------

Current thread (0x00000254c2707800):  JavaThread "LWJGL Application" [_thread_in_native, id=11076, stack(0x000000ff16c00000,0x000000ff16d00000)]

Stack: [0x000000ff16c00000,0x000000ff16d00000],  sp=0x000000ff16cfdb20,  free space=1014k
Native frames: (J=compiled Java code, j=interpreted, Vv=VM code, C=native code)
C  [atio6axx.dll+0xbbbb41]

Java frames: (J=compiled Java code, j=interpreted, Vv=VM code)
J 1097  org.lwjgl.opengl.GL11.nglBindTexture(IIJ)V (0 bytes) @ 0x00000254b3519589 [0x00000254b3519540+0x0000000000000049]
J 1659 c2 com.badlogic.gdx.graphics.g2d.SpriteBatch.flush()V (193 bytes) @ 0x00000254b35a8fd4 [0x00000254b35a8ee0+0x00000000000000f4]
J 2414 c2 Screens.Level2.render(F)V (590 bytes) @ 0x00000254b3717b4c [0x00000254b37153e0+0x000000000000276c]
J 2387 c2 com.Hercules.game.Main.render()V (5 bytes) @ 0x00000254b36f9bac [0x00000254b36f9b40+0x000000000000006c]
j  com.badlogic.gdx.backends.lwjgl.LwjglApplication.mainLoop()V+770
j  com.badlogic.gdx.backends.lwjgl.LwjglApplication$1.run()V+27
v  ~StubRoutines::call_stub

siginfo: EXCEPTION_ACCESS_VIOLATION (0xc0000005), reading address 0x0000000000000000


Register to memory mapping:

RIP=0x000000006c5abb41 atio6axx.dll
RAX=0x00000254c8e1c450 points into unknown readable memory
RBX=0x0 is NULL
RCX=0x0 is NULL
RDX=0x00000254c4d4f7e0 points into unknown readable memory
RSP=0x000000ff16cfdb20 is pointing into the stack for thread: 0x00000254c2707800
RBP=0x00000254c4d4f7e0 points into unknown readable memory
RSI=0x00000254c52f3b50 points into unknown readable memory
RDI=0x0000000000002700 is an unknown value
R8 =0x0 is NULL
R9 =0x0000000000000001 is an unknown value
R10=0x0000000000008000 is an unknown value
R11=0x000000ff16cfd9d0 is pointing into the stack for thread: 0x00000254c2707800
R12=0x00000254c4d4f7e0 points into unknown readable memory
R13=0x00000254c4a997f0 points into unknown readable memory
R14=0x00000000001eef00 is an unknown value
R15=0x00000254c30ce290 points into unknown readable memory


Registers:
RAX=0x00000254c8e1c450, RBX=0x0000000000000000, RCX=0x0000000000000000, RDX=0x00000254c4d4f7e0
RSP=0x000000ff16cfdb20, RBP=0x00000254c4d4f7e0, RSI=0x00000254c52f3b50, RDI=0x0000000000002700
R8 =0x0000000000000000, R9 =0x0000000000000001, R10=0x0000000000008000, R11=0x000000ff16cfd9d0
R12=0x00000254c4d4f7e0, R13=0x00000254c4a997f0, R14=0x00000000001eef00, R15=0x00000254c30ce290
RIP=0x000000006c5abb41, EFLAGS=0x0000000000010246

Top of Stack: (sp=0x000000ff16cfdb20)
0x000000ff16cfdb20:   00000254c8e1cb90 0000000000000042
0x000000ff16cfdb30:   0000000000000000 000000006ca66154
0x000000ff16cfdb40:   00000254c4d4f7e0 000000006c5ab890
0x000000ff16cfdb50:   00000254c864cce0 00000254c30bff30
0x000000ff16cfdb60:   00000000000225a8 0000000000000000
0x000000ff16cfdb70:   00000254c4d4f7e0 000000006c565f15
0x000000ff16cfdb80:   0000000000000000 0000000000000002
0x000000ff16cfdb90:   00000000000225a8 00000254c864c880
0x000000ff16cfdba0:   000000003f4ccccd 0000000000000000
0x000000ff16cfdbb0:   00000254c4d4f7e0 000000006c5661f1
0x000000ff16cfdbc0:   0000000000000002 00000000000225a8
0x000000ff16cfdbd0:   0000000000000002 000000ff16cfdc10
0x000000ff16cfdbe0:   00000000000225a8 000000006c52e311
0x000000ff16cfdbf0:   0000000100000000 0000000000000002
0x000000ff16cfdc00:   000000003f4ccccd 0000000000000000
0x000000ff16cfdc10:   00000254c4a997f0 00000254c4d4f7e0 

Instructions: (pc=0x000000006c5abb41)
0x000000006c5abb21:   74 36 66 66 66 66 66 0f 1f 84 00 00 00 00 00 48
0x000000006c5abb31:   8b 33 48 8b 5b 08 45 33 c0 48 8b 4e 20 48 8b d5
0x000000006c5abb41:   48 8b 01 ff 10 85 c0 74 0a 48 8b 46 18 8b 48 08
0x000000006c5abb51:   48 03 f9 48 85 db 75 d7 49 8d 04 3e eb 0c 4c 8b 



---------------  P R O C E S S  ---------------

Threads class SMR info:
_java_thread_list=0x00000254e865fc50, length=13, elements={
0x00000254c1a35800, 0x00000254c1a3e800, 0x00000254c23b3000, 0x00000254c1a52000,
0x00000254c1a56800, 0x00000254c1a5c800, 0x00000254c1a5e800, 0x00000254c250b800,
0x00000254c2520000, 0x00000254c2707800, 0x00000254a369a800, 0x00000254c50d0000,
0x00000254c50d0800
}

Java Threads: ( => current thread )
  0x00000254c1a35800 JavaThread "Reference Handler" daemon [_thread_blocked, id=9628, stack(0x000000ff16000000,0x000000ff16100000)]
  0x00000254c1a3e800 JavaThread "Finalizer" daemon [_thread_blocked, id=1088, stack(0x000000ff16100000,0x000000ff16200000)]
  0x00000254c23b3000 JavaThread "Signal Dispatcher" daemon [_thread_blocked, id=10556, stack(0x000000ff16200000,0x000000ff16300000)]
  0x00000254c1a52000 JavaThread "Attach Listener" daemon [_thread_blocked, id=10212, stack(0x000000ff16300000,0x000000ff16400000)]
  0x00000254c1a56800 JavaThread "C2 CompilerThread0" daemon [_thread_blocked, id=5620, stack(0x000000ff16400000,0x000000ff16500000)]
  0x00000254c1a5c800 JavaThread "C1 CompilerThread0" daemon [_thread_blocked, id=8668, stack(0x000000ff16500000,0x000000ff16600000)]
  0x00000254c1a5e800 JavaThread "Sweeper thread" daemon [_thread_blocked, id=8912, stack(0x000000ff16600000,0x000000ff16700000)]
  0x00000254c250b800 JavaThread "Service Thread" daemon [_thread_blocked, id=7596, stack(0x000000ff16700000,0x000000ff16800000)]
  0x00000254c2520000 JavaThread "Common-Cleaner" daemon [_thread_blocked, id=5628, stack(0x000000ff16900000,0x000000ff16a00000)]
=>0x00000254c2707800 JavaThread "LWJGL Application" [_thread_in_native, id=11076, stack(0x000000ff16c00000,0x000000ff16d00000)]
  0x00000254a369a800 JavaThread "DestroyJavaVM" [_thread_blocked, id=8996, stack(0x000000ff15900000,0x000000ff15a00000)]
  0x00000254c50d0000 JavaThread "AssetManager" daemon [_thread_blocked, id=1740, stack(0x000000ff17100000,0x000000ff17200000)]
  0x00000254c50d0800 JavaThread "LWJGL Timer" daemon [_thread_blocked, id=4520, stack(0x000000ff17600000,0x000000ff17700000)]

Other Threads:
  0x00000254c1a0d000 VMThread "VM Thread" [stack: 0x000000ff15f00000,0x000000ff16000000] [id=3624]
  0x00000254c251a800 WatcherThread [stack: 0x000000ff16800000,0x000000ff16900000] [id=3204]
  0x00000254a36b3000 GCTaskThread "GC Thread#0" [stack: 0x000000ff15a00000,0x000000ff15b00000] [id=5436]
  0x00000254c531a800 GCTaskThread "GC Thread#1" [stack: 0x000000ff17200000,0x000000ff17300000] [id=11188]
  0x00000254c3116800 GCTaskThread "GC Thread#2" [stack: 0x000000ff17300000,0x000000ff17400000] [id=3092]
  0x00000254c533d800 GCTaskThread "GC Thread#3" [stack: 0x000000ff17400000,0x000000ff17500000] [id=10420]
  0x00000254a36e2000 ConcurrentGCThread "G1 Main Marker" [stack: 0x000000ff15b00000,0x000000ff15c00000] [id=5864]
  0x00000254a36e3000 ConcurrentGCThread "G1 Conc#0" [stack: 0x000000ff15c00000,0x000000ff15d00000] [id=10636]
  0x00000254a3767800 ConcurrentGCThread "G1 Refine#0" [stack: 0x000000ff15d00000,0x000000ff15e00000] [id=8124]
  0x00000254c52a4800 ConcurrentGCThread "G1 Refine#1" [stack: 0x000000ff17500000,0x000000ff17600000] [id=7092]
  0x00000254c1880800 ConcurrentGCThread "G1 Young RemSet Sampling" [stack: 0x000000ff15e00000,0x000000ff15f00000] [id=4596]

Threads with active compile tasks:

VM state:not at safepoint (normal execution)

VM Mutex/Monitor currently owned by a thread: None

Heap address: 0x0000000081000000, size: 2032 MB, Compressed Oops mode: 32-bit
Narrow klass base: 0x0000000000000000, Narrow klass shift: 3
Compressed class space size: 1073741824 Address: 0x0000000100000000

Heap:
 garbage-first heap   total 197632K, used 141014K [0x0000000081000000, 0x0000000100000000)
  region size 1024K, 94 young (96256K), 5 survivors (5120K)
 Metaspace       used 14284K, capacity 14467K, committed 14592K, reserved 1062912K
  class space    used 1172K, capacity 1227K, committed 1280K, reserved 1048576K
Heap Regions: E=young(eden), S=young(survivor), O=old, HS=humongous(starts), HC=humongous(continues), CS=collection set, F=free, A=archive, TAMS=top-at-mark-start (previous, next)
|   0|0x0000000081000000, 0x0000000081100000, 0x0000000081100000|100%| O|  |TAMS 0x0000000081100000, 0x0000000081000000| Untracked 
|   1|0x0000000081100000, 0x0000000081200000, 0x0000000081200000|100%|HS|  |TAMS 0x0000000081200000, 0x0000000081100000| Complete 
|   2|0x0000000081200000, 0x0000000081300000, 0x0000000081300000|100%|HC|  |TAMS 0x0000000081300000, 0x0000000081200000| Complete 
|   3|0x0000000081300000, 0x0000000081400000, 0x0000000081400000|100%|HS|  |TAMS 0x0000000081400000, 0x0000000081300000| Complete 
|   4|0x0000000081400000, 0x0000000081500000, 0x0000000081500000|100%|HC|  |TAMS 0x0000000081500000, 0x0000000081400000| Complete 
|   5|0x0000000081500000, 0x0000000081600000, 0x0000000081600000|100%|HS|  |TAMS 0x0000000081600000, 0x0000000081500000| Complete 
|   6|0x0000000081600000, 0x0000000081700000, 0x0000000081700000|100%|HC|  |TAMS 0x0000000081700000, 0x0000000081600000| Complete 
|   7|0x0000000081700000, 0x0000000081800000, 0x0000000081800000|100%|HS|  |TAMS 0x0000000081800000, 0x0000000081700000| Complete 
|   8|0x0000000081800000, 0x0000000081900000, 0x0000000081900000|100%|HC|  |TAMS 0x0000000081900000, 0x0000000081800000| Complete 
|   9|0x0000000081900000, 0x0000000081a00000, 0x0000000081a00000|100%|HS|  |TAMS 0x0000000081a00000, 0x0000000081900000| Complete 
|  10|0x0000000081a00000, 0x0000000081b00000, 0x0000000081b00000|100%|HC|  |TAMS 0x0000000081b00000, 0x0000000081a00000| Complete 
|  11|0x0000000081b00000, 0x0000000081c00000, 0x0000000081c00000|100%|HS|  |TAMS 0x0000000081c00000, 0x0000000081b00000| Complete 
|  12|0x0000000081c00000, 0x0000000081d00000, 0x0000000081d00000|100%|HC|  |TAMS 0x0000000081d00000, 0x0000000081c00000| Complete 
|  13|0x0000000081d00000, 0x0000000081e00000, 0x0000000081e00000|100%|HS|  |TAMS 0x0000000081e00000, 0x0000000081d00000| Complete 
|  14|0x0000000081e00000, 0x0000000081f00000, 0x0000000081f00000|100%|HC|  |TAMS 0x0000000081f00000, 0x0000000081e00000| Complete 
|  15|0x0000000081f00000, 0x0000000082000000, 0x0000000082000000|100%|HS|  |TAMS 0x0000000082000000, 0x0000000081f00000| Complete 
|  16|0x0000000082000000, 0x0000000082100000, 0x0000000082100000|100%|HC|  |TAMS 0x0000000082100000, 0x0000000082000000| Complete 
|  17|0x0000000082100000, 0x0000000082200000, 0x0000000082200000|100%|HS|  |TAMS 0x0000000082200000, 0x0000000082100000| Complete 
|  18|0x0000000082200000, 0x0000000082300000, 0x0000000082300000|100%|HC|  |TAMS 0x0000000082300000, 0x0000000082200000| Complete 
|  19|0x0000000082300000, 0x0000000082400000, 0x0000000082400000|100%|HS|  |TAMS 0x0000000082400000, 0x0000000082300000| Complete 
|  20|0x0000000082400000, 0x0000000082500000, 0x0000000082500000|100%|HC|  |TAMS 0x0000000082500000, 0x0000000082400000| Complete 
|  21|0x0000000082500000, 0x0000000082500000, 0x0000000082600000|  0%| F|  |TAMS 0x0000000082500000, 0x0000000082500000| Untracked 
|  22|0x0000000082600000, 0x0000000082600000, 0x0000000082700000|  0%| F|  |TAMS 0x0000000082600000, 0x0000000082600000| Untracked 
|  23|0x0000000082700000, 0x0000000082700000, 0x0000000082800000|  0%| F|  |TAMS 0x0000000082700000, 0x0000000082700000| Untracked 
|  24|0x0000000082800000, 0x0000000082800000, 0x0000000082900000|  0%| F|  |TAMS 0x0000000082800000, 0x0000000082800000| Untracked 
|  25|0x0000000082900000, 0x0000000082900000, 0x0000000082a00000|  0%| F|  |TAMS 0x0000000082900000, 0x0000000082900000| Untracked 
|  26|0x0000000082a00000, 0x0000000082a00000, 0x0000000082b00000|  0%| F|  |TAMS 0x0000000082a00000, 0x0000000082a00000| Untracked 
|  27|0x0000000082b00000, 0x0000000082b00000, 0x0000000082c00000|  0%| F|  |TAMS 0x0000000082b00000, 0x0000000082b00000| Untracked 
|  28|0x0000000082c00000, 0x0000000082c00000, 0x0000000082d00000|  0%| F|  |TAMS 0x0000000082c00000, 0x0000000082c00000| Untracked 
|  29|0x0000000082d00000, 0x0000000082d00000, 0x0000000082e00000|  0%| F|  |TAMS 0x0000000082d00000, 0x0000000082d00000| Untracked 
|  30|0x0000000082e00000, 0x0000000082e00000, 0x0000000082f00000|  0%| F|  |TAMS 0x0000000082e00000, 0x0000000082e00000| Untracked 
|  31|0x0000000082f00000, 0x0000000082f00000, 0x0000000083000000|  0%| F|  |TAMS 0x0000000082f00000, 0x0000000082f00000| Untracked 
|  32|0x0000000083000000, 0x0000000083000000, 0x0000000083100000|  0%| F|  |TAMS 0x0000000083000000, 0x0000000083000000| Untracked 
|  33|0x0000000083100000, 0x0000000083100000, 0x0000000083200000|  0%| F|  |TAMS 0x0000000083100000, 0x0000000083100000| Untracked 
|  34|0x0000000083200000, 0x0000000083200000, 0x0000000083300000|  0%| F|  |TAMS 0x0000000083200000, 0x0000000083200000| Untracked 
|  35|0x0000000083300000, 0x0000000083300000, 0x0000000083400000|  0%| F|  |TAMS 0x0000000083300000, 0x0000000083300000| Untracked 
|  36|0x0000000083400000, 0x0000000083400000, 0x0000000083500000|  0%| F|  |TAMS 0x0000000083400000, 0x0000000083400000| Untracked 
|  37|0x0000000083500000, 0x0000000083500000, 0x0000000083600000|  0%| F|  |TAMS 0x0000000083500000, 0x0000000083500000| Untracked 
|  38|0x0000000083600000, 0x0000000083600000, 0x0000000083700000|  0%| F|  |TAMS 0x0000000083600000, 0x0000000083600000| Untracked 
|  39|0x0000000083700000, 0x0000000083800000, 0x0000000083800000|100%| O|  |TAMS 0x0000000083800000, 0x0000000083700000| Untracked 
|  40|0x0000000083800000, 0x0000000083900000, 0x0000000083900000|100%| O|  |TAMS 0x0000000083900000, 0x0000000083800000| Untracked 
|  41|0x0000000083900000, 0x0000000083a00000, 0x0000000083a00000|100%| O|  |TAMS 0x0000000083a00000, 0x0000000083900000| Untracked 
|  42|0x0000000083a00000, 0x0000000083b00000, 0x0000000083b00000|100%| O|  |TAMS 0x0000000083b00000, 0x0000000083a00000| Untracked 
|  43|0x0000000083b00000, 0x0000000083c00000, 0x0000000083c00000|100%| O|  |TAMS 0x0000000083c00000, 0x0000000083b00000| Untracked 
|  44|0x0000000083c00000, 0x0000000083d00000, 0x0000000083d00000|100%| O|  |TAMS 0x0000000083d00000, 0x0000000083c00000| Untracked 
|  45|0x0000000083d00000, 0x0000000083e00000, 0x0000000083e00000|100%| O|  |TAMS 0x0000000083e00000, 0x0000000083d00000| Untracked 
|  46|0x0000000083e00000, 0x0000000083f00000, 0x0000000083f00000|100%| O|  |TAMS 0x0000000083f00000, 0x0000000083e00000| Untracked 
|  47|0x0000000083f00000, 0x0000000084000000, 0x0000000084000000|100%| O|  |TAMS 0x0000000084000000, 0x0000000083f00000| Untracked 
|  48|0x0000000084000000, 0x0000000084100000, 0x0000000084100000|100%| O|  |TAMS 0x0000000084100000, 0x0000000084000000| Untracked 
|  49|0x0000000084100000, 0x0000000084200000, 0x0000000084200000|100%| O|  |TAMS 0x0000000084200000, 0x0000000084100000| Untracked 
|  50|0x0000000084200000, 0x0000000084300000, 0x0000000084300000|100%| O|  |TAMS 0x0000000084300000, 0x0000000084200000| Untracked 
|  51|0x0000000084300000, 0x0000000084400000, 0x0000000084400000|100%| O|  |TAMS 0x0000000084400000, 0x0000000084300000| Untracked 
|  52|0x0000000084400000, 0x0000000084400000, 0x0000000084500000|  0%| F|  |TAMS 0x0000000084400000, 0x0000000084400000| Untracked 
|  53|0x0000000084500000, 0x0000000084500000, 0x0000000084600000|  0%| F|  |TAMS 0x0000000084500000, 0x0000000084500000| Untracked 
|  54|0x0000000084600000, 0x0000000084600000, 0x0000000084700000|  0%| F|  |TAMS 0x0000000084600000, 0x0000000084600000| Untracked 
|  55|0x0000000084700000, 0x0000000084700000, 0x0000000084800000|  0%| F|  |TAMS 0x0000000084700000, 0x0000000084700000| Untracked 
|  56|0x0000000084800000, 0x0000000084800000, 0x0000000084900000|  0%| F|  |TAMS 0x0000000084800000, 0x0000000084800000| Untracked 
|  57|0x0000000084900000, 0x0000000084900000, 0x0000000084a00000|  0%| F|  |TAMS 0x0000000084900000, 0x0000000084900000| Untracked 
|  58|0x0000000084a00000, 0x0000000084a00000, 0x0000000084b00000|  0%| F|  |TAMS 0x0000000084a00000, 0x0000000084a00000| Untracked 
|  59|0x0000000084b00000, 0x0000000084b00000, 0x0000000084c00000|  0%| F|  |TAMS 0x0000000084b00000, 0x0000000084b00000| Untracked 
|  60|0x0000000084c00000, 0x0000000084c00000, 0x0000000084d00000|  0%| F|  |TAMS 0x0000000084c00000, 0x0000000084c00000| Untracked 
|  61|0x0000000084d00000, 0x0000000084d00000, 0x0000000084e00000|  0%| F|  |TAMS 0x0000000084d00000, 0x0000000084d00000| Untracked 
|  62|0x0000000084e00000, 0x0000000084e00000, 0x0000000084f00000|  0%| F|  |TAMS 0x0000000084e00000, 0x0000000084e00000| Untracked 
|  63|0x0000000084f00000, 0x0000000084f00000, 0x0000000085000000|  0%| F|  |TAMS 0x0000000084f00000, 0x0000000084f00000| Untracked 
|  64|0x0000000085000000, 0x00000000850b58a0, 0x0000000085100000| 70%| S|CS|TAMS 0x0000000085000000, 0x0000000085000000| Complete 
|  65|0x0000000085100000, 0x0000000085200000, 0x0000000085200000|100%| S|CS|TAMS 0x0000000085100000, 0x0000000085100000| Complete 
|  66|0x0000000085200000, 0x0000000085300000, 0x0000000085300000|100%| S|CS|TAMS 0x0000000085200000, 0x0000000085200000| Complete 
|  67|0x0000000085300000, 0x0000000085400000, 0x0000000085400000|100%| S|CS|TAMS 0x0000000085300000, 0x0000000085300000| Complete 
|  68|0x0000000085400000, 0x0000000085500000, 0x0000000085500000|100%| S|CS|TAMS 0x0000000085400000, 0x0000000085400000| Complete 
|  69|0x0000000085500000, 0x0000000085500000, 0x0000000085600000|  0%| F|  |TAMS 0x0000000085500000, 0x0000000085500000| Untracked 
|  70|0x0000000085600000, 0x0000000085600000, 0x0000000085700000|  0%| F|  |TAMS 0x0000000085600000, 0x0000000085600000| Untracked 
|  71|0x0000000085700000, 0x0000000085700000, 0x0000000085800000|  0%| F|  |TAMS 0x0000000085700000, 0x0000000085700000| Untracked 
|  72|0x0000000085800000, 0x0000000085800000, 0x0000000085900000|  0%| F|  |TAMS 0x0000000085800000, 0x0000000085800000| Untracked 
|  73|0x0000000085900000, 0x0000000085900000, 0x0000000085a00000|  0%| F|  |TAMS 0x0000000085900000, 0x0000000085900000| Untracked 
|  74|0x0000000085a00000, 0x0000000085a00000, 0x0000000085b00000|  0%| F|  |TAMS 0x0000000085a00000, 0x0000000085a00000| Untracked 
|  75|0x0000000085b00000, 0x0000000085b00000, 0x0000000085c00000|  0%| F|  |TAMS 0x0000000085b00000, 0x0000000085b00000| Untracked 
|  76|0x0000000085c00000, 0x0000000085c00000, 0x0000000085d00000|  0%| F|  |TAMS 0x0000000085c00000, 0x0000000085c00000| Untracked 
|  77|0x0000000085d00000, 0x0000000085d00000, 0x0000000085e00000|  0%| F|  |TAMS 0x0000000085d00000, 0x0000000085d00000| Untracked 
|  78|0x0000000085e00000, 0x0000000085e00000, 0x0000000085f00000|  0%| F|  |TAMS 0x0000000085e00000, 0x0000000085e00000| Untracked 
|  79|0x0000000085f00000, 0x0000000085f00000, 0x0000000086000000|  0%| F|  |TAMS 0x0000000085f00000, 0x0000000085f00000| Untracked 
|  80|0x0000000086000000, 0x0000000086000000, 0x0000000086100000|  0%| F|  |TAMS 0x0000000086000000, 0x0000000086000000| Untracked 
|  81|0x0000000086100000, 0x0000000086100000, 0x0000000086200000|  0%| F|  |TAMS 0x0000000086100000, 0x0000000086100000| Untracked 
|  82|0x0000000086200000, 0x0000000086200000, 0x0000000086300000|  0%| F|  |TAMS 0x0000000086200000, 0x0000000086200000| Untracked 
|  83|0x0000000086300000, 0x0000000086300000, 0x0000000086400000|  0%| F|  |TAMS 0x0000000086300000, 0x0000000086300000| Untracked 
|  84|0x0000000086400000, 0x0000000086400000, 0x0000000086500000|  0%| F|  |TAMS 0x0000000086400000, 0x0000000086400000| Untracked 
|  85|0x0000000086500000, 0x0000000086500000, 0x0000000086600000|  0%| F|  |TAMS 0x0000000086500000, 0x0000000086500000| Untracked 
|  86|0x0000000086600000, 0x0000000086700000, 0x0000000086700000|100%| O|  |TAMS 0x0000000086700000, 0x0000000086600000| Untracked 
|  87|0x0000000086700000, 0x0000000086800000, 0x0000000086800000|100%| O|  |TAMS 0x0000000086800000, 0x0000000086700000| Untracked 
|  88|0x0000000086800000, 0x0000000086900000, 0x0000000086900000|100%| O|  |TAMS 0x0000000086900000, 0x0000000086800000| Untracked 
|  89|0x0000000086900000, 0x0000000086a00000, 0x0000000086a00000|100%| O|  |TAMS 0x0000000086a00000, 0x0000000086900000| Untracked 
|  90|0x0000000086a00000, 0x0000000086b00000, 0x0000000086b00000|100%| O|  |TAMS 0x0000000086b00000, 0x0000000086a00000| Untracked 
|  91|0x0000000086b00000, 0x0000000086c00000, 0x0000000086c00000|100%| O|  |TAMS 0x0000000086c00000, 0x0000000086b00000| Untracked 
|  92|0x0000000086c00000, 0x0000000086d00000, 0x0000000086d00000|100%| O|  |TAMS 0x0000000086d00000, 0x0000000086c00000| Untracked 
|  93|0x0000000086d00000, 0x0000000086e00000, 0x0000000086e00000|100%| O|  |TAMS 0x0000000086e00000, 0x0000000086d00000| Untracked 
|  94|0x0000000086e00000, 0x0000000086f00000, 0x0000000086f00000|100%| O|  |TAMS 0x0000000086f00000, 0x0000000086e00000| Untracked 
|  95|0x0000000086f00000, 0x0000000087000000, 0x0000000087000000|100%| O|  |TAMS 0x0000000087000000, 0x0000000086f00000| Untracked 
|  96|0x0000000087000000, 0x0000000087100000, 0x0000000087100000|100%| O|  |TAMS 0x0000000087100000, 0x0000000087000000| Untracked 
|  97|0x0000000087100000, 0x0000000087100000, 0x0000000087200000|  0%| F|  |TAMS 0x0000000087100000, 0x0000000087100000| Untracked 
|  98|0x0000000087200000, 0x0000000087200000, 0x0000000087300000|  0%| F|  |TAMS 0x0000000087200000, 0x0000000087200000| Untracked 
|  99|0x0000000087300000, 0x0000000087300000, 0x0000000087400000|  0%| F|  |TAMS 0x0000000087300000, 0x0000000087300000| Untracked 
| 100|0x0000000087400000, 0x0000000087400000, 0x0000000087500000|  0%| F|  |TAMS 0x0000000087400000, 0x0000000087400000| Untracked 
| 101|0x0000000087500000, 0x0000000087500000, 0x0000000087600000|  0%| F|  |TAMS 0x0000000087500000, 0x0000000087500000| Untracked 
| 102|0x0000000087600000, 0x0000000087600000, 0x0000000087700000|  0%| F|  |TAMS 0x0000000087600000, 0x0000000087600000| Untracked 
| 103|0x0000000087700000, 0x0000000087700000, 0x0000000087800000|  0%| F|  |TAMS 0x0000000087700000, 0x0000000087700000| Untracked 
| 104|0x0000000087800000, 0x0000000087882010, 0x0000000087900000| 50%| E|  |TAMS 0x0000000087800000, 0x0000000087800000| Complete 
| 105|0x0000000087900000, 0x0000000087a00000, 0x0000000087a00000|100%| E|CS|TAMS 0x0000000087900000, 0x0000000087900000| Complete 
| 106|0x0000000087a00000, 0x0000000087b00000, 0x0000000087b00000|100%| E|CS|TAMS 0x0000000087a00000, 0x0000000087a00000| Complete 
| 107|0x0000000087b00000, 0x0000000087c00000, 0x0000000087c00000|100%| E|CS|TAMS 0x0000000087b00000, 0x0000000087b00000| Complete 
| 108|0x0000000087c00000, 0x0000000087d00000, 0x0000000087d00000|100%| E|CS|TAMS 0x0000000087c00000, 0x0000000087c00000| Complete 
| 109|0x0000000087d00000, 0x0000000087e00000, 0x0000000087e00000|100%| E|CS|TAMS 0x0000000087d00000, 0x0000000087d00000| Complete 
| 110|0x0000000087e00000, 0x0000000087f00000, 0x0000000087f00000|100%| E|CS|TAMS 0x0000000087e00000, 0x0000000087e00000| Complete 
| 111|0x0000000087f00000, 0x0000000088000000, 0x0000000088000000|100%| E|CS|TAMS 0x0000000087f00000, 0x0000000087f00000| Complete 
| 112|0x0000000088000000, 0x0000000088100000, 0x0000000088100000|100%| E|CS|TAMS 0x0000000088000000, 0x0000000088000000| Complete 
| 113|0x0000000088100000, 0x0000000088200000, 0x0000000088200000|100%| E|CS|TAMS 0x0000000088100000, 0x0000000088100000| Complete 
| 114|0x0000000088200000, 0x0000000088300000, 0x0000000088300000|100%| E|CS|TAMS 0x0000000088200000, 0x0000000088200000| Complete 
| 115|0x0000000088300000, 0x0000000088400000, 0x0000000088400000|100%| E|CS|TAMS 0x0000000088300000, 0x0000000088300000| Complete 
| 116|0x0000000088400000, 0x0000000088500000, 0x0000000088500000|100%| E|CS|TAMS 0x0000000088400000, 0x0000000088400000| Complete 
| 117|0x0000000088500000, 0x0000000088600000, 0x0000000088600000|100%| E|CS|TAMS 0x0000000088500000, 0x0000000088500000| Complete 
| 118|0x0000000088600000, 0x0000000088700000, 0x0000000088700000|100%| E|CS|TAMS 0x0000000088600000, 0x0000000088600000| Complete 
| 119|0x0000000088700000, 0x0000000088800000, 0x0000000088800000|100%| E|CS|TAMS 0x0000000088700000, 0x0000000088700000| Complete 
| 120|0x0000000088800000, 0x0000000088900000, 0x0000000088900000|100%| E|CS|TAMS 0x0000000088800000, 0x0000000088800000| Complete 
| 121|0x0000000088900000, 0x0000000088a00000, 0x0000000088a00000|100%| E|CS|TAMS 0x0000000088900000, 0x0000000088900000| Complete 
| 122|0x0000000088a00000, 0x0000000088b00000, 0x0000000088b00000|100%| E|CS|TAMS 0x0000000088a00000, 0x0000000088a00000| Complete 
| 123|0x0000000088b00000, 0x0000000088c00000, 0x0000000088c00000|100%| E|CS|TAMS 0x0000000088b00000, 0x0000000088b00000| Complete 
| 124|0x0000000088c00000, 0x0000000088d00000, 0x0000000088d00000|100%| E|CS|TAMS 0x0000000088c00000, 0x0000000088c00000| Complete 
| 125|0x0000000088d00000, 0x0000000088e00000, 0x0000000088e00000|100%| E|CS|TAMS 0x0000000088d00000, 0x0000000088d00000| Complete 
| 126|0x0000000088e00000, 0x0000000088f00000, 0x0000000088f00000|100%| E|CS|TAMS 0x0000000088e00000, 0x0000000088e00000| Complete 
| 127|0x0000000088f00000, 0x0000000089000000, 0x0000000089000000|100%| E|CS|TAMS 0x0000000088f00000, 0x0000000088f00000| Complete 
| 128|0x0000000089000000, 0x0000000089100000, 0x0000000089100000|100%| E|CS|TAMS 0x0000000089000000, 0x0000000089000000| Complete 
| 129|0x0000000089100000, 0x0000000089200000, 0x0000000089200000|100%| E|CS|TAMS 0x0000000089100000, 0x0000000089100000| Complete 
| 130|0x0000000089200000, 0x0000000089300000, 0x0000000089300000|100%| E|CS|TAMS 0x0000000089200000, 0x0000000089200000| Complete 
| 131|0x0000000089300000, 0x0000000089400000, 0x0000000089400000|100%| E|CS|TAMS 0x0000000089300000, 0x0000000089300000| Complete 
| 132|0x0000000089400000, 0x0000000089500000, 0x0000000089500000|100%| E|CS|TAMS 0x0000000089400000, 0x0000000089400000| Complete 
| 133|0x0000000089500000, 0x0000000089600000, 0x0000000089600000|100%| E|CS|TAMS 0x0000000089500000, 0x0000000089500000| Complete 
| 134|0x0000000089600000, 0x0000000089700000, 0x0000000089700000|100%| E|CS|TAMS 0x0000000089600000, 0x0000000089600000| Complete 
| 135|0x0000000089700000, 0x0000000089800000, 0x0000000089800000|100%| E|CS|TAMS 0x0000000089700000, 0x0000000089700000| Complete 
| 136|0x0000000089800000, 0x0000000089900000, 0x0000000089900000|100%| E|CS|TAMS 0x0000000089800000, 0x0000000089800000| Complete 
| 137|0x0000000089900000, 0x0000000089a00000, 0x0000000089a00000|100%| E|CS|TAMS 0x0000000089900000, 0x0000000089900000| Complete 
| 138|0x0000000089a00000, 0x0000000089b00000, 0x0000000089b00000|100%| E|CS|TAMS 0x0000000089a00000, 0x0000000089a00000| Complete 
| 139|0x0000000089b00000, 0x0000000089c00000, 0x0000000089c00000|100%| E|CS|TAMS 0x0000000089b00000, 0x0000000089b00000| Complete 
| 140|0x0000000089c00000, 0x0000000089d00000, 0x0000000089d00000|100%| E|CS|TAMS 0x0000000089c00000, 0x0000000089c00000| Complete 
| 141|0x0000000089d00000, 0x0000000089e00000, 0x0000000089e00000|100%| E|CS|TAMS 0x0000000089d00000, 0x0000000089d00000| Complete 
| 142|0x0000000089e00000, 0x0000000089f00000, 0x0000000089f00000|100%| E|CS|TAMS 0x0000000089e00000, 0x0000000089e00000| Complete 
| 143|0x0000000089f00000, 0x000000008a000000, 0x000000008a000000|100%| E|CS|TAMS 0x0000000089f00000, 0x0000000089f00000| Complete 
| 144|0x000000008a000000, 0x000000008a100000, 0x000000008a100000|100%| E|CS|TAMS 0x000000008a000000, 0x000000008a000000| Complete 
| 145|0x000000008a100000, 0x000000008a200000, 0x000000008a200000|100%| E|CS|TAMS 0x000000008a100000, 0x000000008a100000| Complete 
| 146|0x000000008a200000, 0x000000008a300000, 0x000000008a300000|100%| E|CS|TAMS 0x000000008a200000, 0x000000008a200000| Complete 
| 147|0x000000008a300000, 0x000000008a400000, 0x000000008a400000|100%| E|CS|TAMS 0x000000008a300000, 0x000000008a300000| Complete 
| 148|0x000000008a400000, 0x000000008a500000, 0x000000008a500000|100%| E|CS|TAMS 0x000000008a400000, 0x000000008a400000| Complete 
| 149|0x000000008a500000, 0x000000008a600000, 0x000000008a600000|100%| E|CS|TAMS 0x000000008a500000, 0x000000008a500000| Complete 
| 150|0x000000008a600000, 0x000000008a700000, 0x000000008a700000|100%| E|CS|TAMS 0x000000008a600000, 0x000000008a600000| Complete 
| 151|0x000000008a700000, 0x000000008a800000, 0x000000008a800000|100%| E|CS|TAMS 0x000000008a700000, 0x000000008a700000| Complete 
| 152|0x000000008a800000, 0x000000008a900000, 0x000000008a900000|100%| E|CS|TAMS 0x000000008a800000, 0x000000008a800000| Complete 
| 153|0x000000008a900000, 0x000000008aa00000, 0x000000008aa00000|100%| E|CS|TAMS 0x000000008a900000, 0x000000008a900000| Complete 
| 154|0x000000008aa00000, 0x000000008ab00000, 0x000000008ab00000|100%| E|CS|TAMS 0x000000008aa00000, 0x000000008aa00000| Complete 
| 155|0x000000008ab00000, 0x000000008ac00000, 0x000000008ac00000|100%| E|CS|TAMS 0x000000008ab00000, 0x000000008ab00000| Complete 
| 156|0x000000008ac00000, 0x000000008ad00000, 0x000000008ad00000|100%| E|CS|TAMS 0x000000008ac00000, 0x000000008ac00000| Complete 
| 157|0x000000008ad00000, 0x000000008ae00000, 0x000000008ae00000|100%| E|CS|TAMS 0x000000008ad00000, 0x000000008ad00000| Complete 
| 158|0x000000008ae00000, 0x000000008af00000, 0x000000008af00000|100%| E|CS|TAMS 0x000000008ae00000, 0x000000008ae00000| Complete 
| 159|0x000000008af00000, 0x000000008b000000, 0x000000008b000000|100%| E|CS|TAMS 0x000000008af00000, 0x000000008af00000| Complete 
| 160|0x000000008b000000, 0x000000008b100000, 0x000000008b100000|100%| E|CS|TAMS 0x000000008b000000, 0x000000008b000000| Complete 
| 161|0x000000008b100000, 0x000000008b200000, 0x000000008b200000|100%| E|CS|TAMS 0x000000008b100000, 0x000000008b100000| Complete 
| 162|0x000000008b200000, 0x000000008b300000, 0x000000008b300000|100%| E|CS|TAMS 0x000000008b200000, 0x000000008b200000| Complete 
| 163|0x000000008b300000, 0x000000008b400000, 0x000000008b400000|100%| E|CS|TAMS 0x000000008b300000, 0x000000008b300000| Complete 
| 164|0x000000008b400000, 0x000000008b500000, 0x000000008b500000|100%| E|CS|TAMS 0x000000008b400000, 0x000000008b400000| Complete 
| 165|0x000000008b500000, 0x000000008b600000, 0x000000008b600000|100%| E|CS|TAMS 0x000000008b500000, 0x000000008b500000| Complete 
| 166|0x000000008b600000, 0x000000008b700000, 0x000000008b700000|100%| E|CS|TAMS 0x000000008b600000, 0x000000008b600000| Complete 
| 167|0x000000008b700000, 0x000000008b800000, 0x000000008b800000|100%| E|CS|TAMS 0x000000008b700000, 0x000000008b700000| Complete 
| 168|0x000000008b800000, 0x000000008b900000, 0x000000008b900000|100%| E|CS|TAMS 0x000000008b800000, 0x000000008b800000| Complete 
| 169|0x000000008b900000, 0x000000008ba00000, 0x000000008ba00000|100%| E|CS|TAMS 0x000000008b900000, 0x000000008b900000| Complete 
| 170|0x000000008ba00000, 0x000000008bb00000, 0x000000008bb00000|100%| E|CS|TAMS 0x000000008ba00000, 0x000000008ba00000| Complete 
| 171|0x000000008bb00000, 0x000000008bc00000, 0x000000008bc00000|100%| E|CS|TAMS 0x000000008bb00000, 0x000000008bb00000| Complete 
| 172|0x000000008bc00000, 0x000000008bd00000, 0x000000008bd00000|100%| E|CS|TAMS 0x000000008bc00000, 0x000000008bc00000| Complete 
| 173|0x000000008bd00000, 0x000000008be00000, 0x000000008be00000|100%| E|CS|TAMS 0x000000008bd00000, 0x000000008bd00000| Complete 
| 174|0x000000008be00000, 0x000000008bf00000, 0x000000008bf00000|100%| E|CS|TAMS 0x000000008be00000, 0x000000008be00000| Complete 
| 175|0x000000008bf00000, 0x000000008c000000, 0x000000008c000000|100%| E|CS|TAMS 0x000000008bf00000, 0x000000008bf00000| Complete 
| 176|0x000000008c000000, 0x000000008c100000, 0x000000008c100000|100%| E|CS|TAMS 0x000000008c000000, 0x000000008c000000| Complete 
| 177|0x000000008c100000, 0x000000008c200000, 0x000000008c200000|100%| E|CS|TAMS 0x000000008c100000, 0x000000008c100000| Complete 
| 178|0x000000008c200000, 0x000000008c300000, 0x000000008c300000|100%| E|CS|TAMS 0x000000008c200000, 0x000000008c200000| Complete 
| 179|0x000000008c300000, 0x000000008c400000, 0x000000008c400000|100%| E|CS|TAMS 0x000000008c300000, 0x000000008c300000| Complete 
| 180|0x000000008c400000, 0x000000008c500000, 0x000000008c500000|100%| E|CS|TAMS 0x000000008c400000, 0x000000008c400000| Complete 
| 181|0x000000008c500000, 0x000000008c600000, 0x000000008c600000|100%| E|CS|TAMS 0x000000008c500000, 0x000000008c500000| Complete 
| 182|0x000000008c600000, 0x000000008c700000, 0x000000008c700000|100%| E|CS|TAMS 0x000000008c600000, 0x000000008c600000| Complete 
| 183|0x000000008c700000, 0x000000008c800000, 0x000000008c800000|100%| E|CS|TAMS 0x000000008c700000, 0x000000008c700000| Complete 
| 184|0x000000008c800000, 0x000000008c900000, 0x000000008c900000|100%| E|CS|TAMS 0x000000008c800000, 0x000000008c800000| Complete 
| 185|0x000000008c900000, 0x000000008ca00000, 0x000000008ca00000|100%| E|CS|TAMS 0x000000008c900000, 0x000000008c900000| Complete 
| 186|0x000000008ca00000, 0x000000008cb00000, 0x000000008cb00000|100%| E|CS|TAMS 0x000000008ca00000, 0x000000008ca00000| Complete 
| 187|0x000000008cb00000, 0x000000008cc00000, 0x000000008cc00000|100%| E|CS|TAMS 0x000000008cb00000, 0x000000008cb00000| Complete 
| 188|0x000000008cc00000, 0x000000008cd00000, 0x000000008cd00000|100%| E|CS|TAMS 0x000000008cc00000, 0x000000008cc00000| Complete 
| 189|0x000000008cd00000, 0x000000008ce00000, 0x000000008ce00000|100%| E|CS|TAMS 0x000000008cd00000, 0x000000008cd00000| Complete 
| 190|0x000000008ce00000, 0x000000008cf00000, 0x000000008cf00000|100%| E|CS|TAMS 0x000000008ce00000, 0x000000008ce00000| Complete 
| 191|0x000000008cf00000, 0x000000008d000000, 0x000000008d000000|100%| E|CS|TAMS 0x000000008cf00000, 0x000000008cf00000| Complete 
| 192|0x000000008d000000, 0x000000008d100000, 0x000000008d100000|100%| E|CS|TAMS 0x000000008d000000, 0x000000008d000000| Complete 

Card table byte_map: [0x00000254badc0000,0x00000254bb1c0000] _byte_map_base: 0x00000254ba9b8000

Marking Bits (Prev, Next): (CMBitMap*) 0x00000254a36d9160, (CMBitMap*) 0x00000254a36d9128
 Prev Bits: [0x00000254bd580000, 0x00000254bf540000)
 Next Bits: [0x00000254bb5c0000, 0x00000254bd580000)

Polling page: 0x00000254a1540000

Metaspace:

Usage:
  Non-class:     12.93 MB capacity,    12.81 MB (>99%) used,   115.16 KB ( <1%) free+waste,    12.31 KB ( <1%) overhead. 
      Class:      1.20 MB capacity,     1.14 MB ( 96%) used,    50.85 KB (  4%) free+waste,     3.81 KB ( <1%) overhead. 
       Both:     14.13 MB capacity,    13.95 MB ( 99%) used,   166.02 KB (  1%) free+waste,    16.13 KB ( <1%) overhead. 

Virtual space:
  Non-class space:       14.00 MB reserved,      13.00 MB ( 93%) committed 
      Class space:        1.00 GB reserved,       1.25 MB ( <1%) committed 
             Both:        1.01 GB reserved,      14.25 MB (  1%) committed 

Chunk freelists:
   Non-Class:  9.00 KB
       Class:  2.63 KB
        Both:  11.63 KB

CodeHeap 'non-profiled nmethods': size=120064Kb used=2286Kb max_used=2713Kb free=117777Kb
 bounds [0x00000254b3480000, 0x00000254b3730000, 0x00000254ba9c0000]
CodeHeap 'profiled nmethods': size=120000Kb used=2669Kb max_used=5119Kb free=117330Kb
 bounds [0x00000254abf50000, 0x00000254ac460000, 0x00000254b3480000]
CodeHeap 'non-nmethods': size=5696Kb used=1207Kb max_used=1253Kb free=4488Kb
 bounds [0x00000254ab9c0000, 0x00000254abc30000, 0x00000254abf50000]
 total_blobs=4213 nmethods=1870 adapters=488
 compilation: enabled
              stopped_count=0, restarted_count=0
 full_count=0

Compilation events (10 events):
Event: 266.845 Thread 0x00000254c1a5c800 2460       3       com.badlogic.gdx.utils.StringBuilder::setLength (57 bytes)
Event: 266.846 Thread 0x00000254c1a5c800 nmethod 2460 0x00000254abf72d90 code [0x00000254abf72f80, 0x00000254abf73310]
Event: 274.855 Thread 0x00000254c1a5c800 2461       3       com.badlogic.gdx.utils.StringBuilder::append (51 bytes)
Event: 274.856 Thread 0x00000254c1a5c800 nmethod 2461 0x00000254abf76410 code [0x00000254abf76620, 0x00000254abf76b80]
Event: 280.865 Thread 0x00000254c1a56800 2462       4       com.badlogic.gdx.scenes.scene2d.ui.Value$4::get (30 bytes)
Event: 280.868 Thread 0x00000254c1a56800 nmethod 2462 0x00000254b34cc710 code [0x00000254b34cc8e0, 0x00000254b34ccb18]
Event: 281.898 Thread 0x00000254c1a5c800 2463       3       com.badlogic.gdx.backends.lwjgl.audio.Wav$WavInputStream::skipFully (40 bytes)
Event: 281.899 Thread 0x00000254c1a5c800 nmethod 2463 0x00000254abf79b90 code [0x00000254abf79d80, 0x00000254abf7a180]
Event: 282.249 Thread 0x00000254c1a56800 2464 %     4       javazoom.jl.decoder.LayerIIIDecoder::<init> @ 2837 (2907 bytes)
Event: 282.348 Thread 0x00000254c1a56800 nmethod 2464% 0x00000254b34f7a90 code [0x00000254b34f7d20, 0x00000254b34fa0d8]

GC Heap History (10 events):
Event: 82.084 GC heap before
{Heap before GC invocations=18 (full 0):
 garbage-first heap   total 197632K, used 139810K [0x0000000081000000, 0x0000000100000000)
  region size 1024K, 92 young (94208K), 4 survivors (4096K)
 Metaspace       used 14214K, capacity 14403K, committed 14592K, reserved 1062912K
  class space    used 1171K, capacity 1227K, committed 1280K, reserved 1048576K
}
Event: 82.087 GC heap after
{Heap after GC invocations=19 (full 0):
 garbage-first heap   total 197632K, used 49985K [0x0000000081000000, 0x0000000100000000)
  region size 1024K, 4 young (4096K), 4 survivors (4096K)
 Metaspace       used 14214K, capacity 14403K, committed 14592K, reserved 1062912K
  class space    used 1171K, capacity 1227K, committed 1280K, reserved 1048576K
}
Event: 122.285 GC heap before
{Heap before GC invocations=19 (full 0):
 garbage-first heap   total 197632K, used 147265K [0x0000000081000000, 0x0000000100000000)
  region size 1024K, 99 young (101376K), 4 survivors (4096K)
 Metaspace       used 14238K, capacity 14403K, committed 14592K, reserved 1062912K
  class space    used 1172K, capacity 1227K, committed 1280K, reserved 1048576K
}
Event: 122.288 GC heap after
{Heap after GC invocations=20 (full 0):
 garbage-first heap   total 197632K, used 50176K [0x0000000081000000, 0x0000000100000000)
  region size 1024K, 4 young (4096K), 4 survivors (4096K)
 Metaspace       used 14238K, capacity 14403K, committed 14592K, reserved 1062912K
  class space    used 1172K, capacity 1227K, committed 1280K, reserved 1048576K
}
Event: 155.152 GC heap before
{Heap before GC invocations=20 (full 0):
 garbage-first heap   total 197632K, used 149504K [0x0000000081000000, 0x0000000100000000)
  region size 1024K, 102 young (104448K), 4 survivors (4096K)
 Metaspace       used 14262K, capacity 14403K, committed 14592K, reserved 1062912K
  class space    used 1172K, capacity 1227K, committed 1280K, reserved 1048576K
}
Event: 155.156 GC heap after
{Heap after GC invocations=21 (full 0):
 garbage-first heap   total 197632K, used 50503K [0x0000000081000000, 0x0000000100000000)
  region size 1024K, 5 young (5120K), 5 survivors (5120K)
 Metaspace       used 14262K, capacity 14403K, committed 14592K, reserved 1062912K
  class space    used 1172K, capacity 1227K, committed 1280K, reserved 1048576K
}
Event: 197.183 GC heap before
{Heap before GC invocations=21 (full 0):
 garbage-first heap   total 197632K, used 152903K [0x0000000081000000, 0x0000000100000000)
  region size 1024K, 105 young (107520K), 5 survivors (5120K)
 Metaspace       used 14265K, capacity 14403K, committed 14592K, reserved 1062912K
  class space    used 1172K, capacity 1227K, committed 1280K, reserved 1048576K
}
Event: 197.187 GC heap after
{Heap after GC invocations=22 (full 0):
 garbage-first heap   total 197632K, used 50716K [0x0000000081000000, 0x0000000100000000)
  region size 1024K, 5 young (5120K), 5 survivors (5120K)
 Metaspace       used 14265K, capacity 14403K, committed 14592K, reserved 1062912K
  class space    used 1172K, capacity 1227K, committed 1280K, reserved 1048576K
}
Event: 242.478 GC heap before
{Heap before GC invocations=22 (full 0):
 garbage-first heap   total 197632K, used 161308K [0x0000000081000000, 0x0000000100000000)
  region size 1024K, 113 young (115712K), 5 survivors (5120K)
 Metaspace       used 14275K, capacity 14403K, committed 14592K, reserved 1062912K
  class space    used 1172K, capacity 1227K, committed 1280K, reserved 1048576K
}
Event: 242.481 GC heap after
{Heap after GC invocations=23 (full 0):
 garbage-first heap   total 197632K, used 50902K [0x0000000081000000, 0x0000000100000000)
  region size 1024K, 5 young (5120K), 5 survivors (5120K)
 Metaspace       used 14275K, capacity 14403K, committed 14592K, reserved 1062912K
  class space    used 1172K, capacity 1227K, committed 1280K, reserved 1048576K
}

Deoptimization events (10 events):
Event: 26.915 Thread 0x00000254c2707800 Uncommon trap: reason=array_check action=maybe_recompile pc=0x00000254b357a8a8 method=com.badlogic.gdx.utils.Array.add(Ljava/lang/Object;)V @ 46 c2
Event: 31.471 Thread 0x00000254c2707800 Uncommon trap: reason=unstable_if action=reinterpret pc=0x00000254b3655618 method=MovingObjects.Wolf.update(F)V @ 103 c2
Event: 34.223 Thread 0x00000254c2707800 Uncommon trap: reason=array_check action=maybe_recompile pc=0x00000254b357a8a8 method=com.badlogic.gdx.utils.Array.add(Ljava/lang/Object;)V @ 46 c2
Event: 153.004 Thread 0x00000254c2707800 Uncommon trap: reason=unstable_if action=reinterpret pc=0x00000254b36d0374 method=Scenes.HUD2.update(F)V @ 287 c2
Event: 153.004 Thread 0x00000254c2707800 Uncommon trap: reason=unstable_if action=reinterpret pc=0x00000254b367204c method=MovingObjects.Wagon.update(F)V @ 104 c2
Event: 153.006 Thread 0x00000254c2707800 Uncommon trap: reason=unstable_if action=reinterpret pc=0x00000254b363ffa0 method=Sprites.Wall.draw()V @ 48 c2
Event: 153.035 Thread 0x00000254c2707800 Uncommon trap: reason=unstable_if action=reinterpret pc=0x00000254b35af2e4 method=com.badlogic.gdx.utils.Array.iterator()Ljava/util/Iterator; @ 20 c2
Event: 155.846 Thread 0x00000254c2707800 Uncommon trap: reason=unstable_if action=reinterpret pc=0x00000254b3663934 method=jdk.internal.math.FloatingDecimal$BinaryToASCIIBuffer.dtoa(IJIZ)V @ 111 c2
Event: 155.848 Thread 0x00000254c2707800 Uncommon trap: reason=unstable_if action=reinterpret pc=0x00000254b35b6ff8 method=com.badlogic.gdx.physics.box2d.Fixture.getShape()Lcom/badlogic/gdx/physics/box2d/Shape; @ 4 c2
Event: 207.477 Thread 0x00000254c2707800 Uncommon trap: reason=unstable_if action=reinterpret pc=0x00000254b36f89e8 method=com.badlogic.gdx.backends.lwjgl.audio.OpenALMusic.update()V @ 79 c2

Classes redefined (0 events):
No events

Internal exceptions (10 events):
Event: 239.628 Thread 0x00000254c2707800 Exception <a 'java/lang/ArrayIndexOutOfBoundsException'{0x000000008646ae38}> (0x000000008646ae38) thrown at [t:/workspace/open/src/hotspot/share/runtime/sharedRuntime.cpp, line 584]
Event: 240.569 Thread 0x00000254c2707800 Exception <a 'java/lang/ArrayIndexOutOfBoundsException'{0x0000000086475b98}> (0x0000000086475b98) thrown at [t:/workspace/open/src/hotspot/share/runtime/sharedRuntime.cpp, line 584]
Event: 241.531 Thread 0x00000254c2707800 Exception <a 'java/lang/ArrayIndexOutOfBoundsException'{0x0000000086480f58}> (0x0000000086480f58) thrown at [t:/workspace/open/src/hotspot/share/runtime/sharedRuntime.cpp, line 584]
Event: 242.665 Thread 0x00000254c2707800 Exception <a 'java/lang/ArrayIndexOutOfBoundsException'{0x000000008d03b690}> (0x000000008d03b690) thrown at [t:/workspace/open/src/hotspot/share/runtime/sharedRuntime.cpp, line 584]
Event: 243.616 Thread 0x00000254c2707800 Exception <a 'java/lang/ArrayIndexOutOfBoundsException'{0x000000008d046670}> (0x000000008d046670) thrown at [t:/workspace/open/src/hotspot/share/runtime/sharedRuntime.cpp, line 584]
Event: 244.534 Thread 0x00000254c2707800 Exception <a 'java/lang/ArrayIndexOutOfBoundsException'{0x000000008d051070}> (0x000000008d051070) thrown at [t:/workspace/open/src/hotspot/share/runtime/sharedRuntime.cpp, line 584]
Event: 245.469 Thread 0x00000254c2707800 Exception <a 'java/lang/ArrayIndexOutOfBoundsException'{0x000000008d05fb50}> (0x000000008d05fb50) thrown at [t:/workspace/open/src/hotspot/share/runtime/sharedRuntime.cpp, line 584]
Event: 246.387 Thread 0x00000254c2707800 Exception <a 'java/lang/ArrayIndexOutOfBoundsException'{0x000000008d07d828}> (0x000000008d07d828) thrown at [t:/workspace/open/src/hotspot/share/runtime/sharedRuntime.cpp, line 584]
Event: 247.474 Thread 0x00000254c2707800 Exception <a 'java/lang/ArrayIndexOutOfBoundsException'{0x000000008c54ecc8}> (0x000000008c54ecc8) thrown at [t:/workspace/open/src/hotspot/share/runtime/sharedRuntime.cpp, line 584]
Event: 248.422 Thread 0x00000254c2707800 Exception <a 'java/lang/ArrayIndexOutOfBoundsException'{0x000000008c558dc8}> (0x000000008c558dc8) thrown at [t:/workspace/open/src/hotspot/share/runtime/sharedRuntime.cpp, line 584]

Events (10 events):
Event: 238.786 Thread 0x00000254c1a5e800 flushing nmethod 0x00000254ac409a90
Event: 238.786 Thread 0x00000254c1a5e800 flushing nmethod 0x00000254ac40a910
Event: 238.786 Thread 0x00000254c1a5e800 flushing nmethod 0x00000254ac40b590
Event: 238.786 Thread 0x00000254c1a5e800 flushing nmethod 0x00000254ac410890
Event: 242.478 Executing VM operation: G1CollectForAllocation
Event: 242.481 Executing VM operation: G1CollectForAllocation done
Event: 280.869 Thread 0x00000254c1a5e800 flushing nmethod 0x00000254ac289b90
Event: 280.869 Thread 0x00000254c1a5e800 flushing nmethod 0x00000254ac300710
Event: 280.869 Thread 0x00000254c1a5e800 flushing nmethod 0x00000254ac33af10
Event: 280.869 Thread 0x00000254c1a5e800 flushing nmethod 0x00000254ac43ff10


Dynamic libraries:
0x00007ff69be90000 - 0x00007ff69bed7000 	C:\Program Files\Java\jdk-11.0.1\bin\java.exe
0x00007ffa309e0000 - 0x00007ffa30bd0000 	C:\WINDOWS\SYSTEM32\ntdll.dll
0x00007ffa2ed30000 - 0x00007ffa2ede2000 	C:\WINDOWS\System32\KERNEL32.DLL
0x00007ffa2e060000 - 0x00007ffa2e304000 	C:\WINDOWS\System32\KERNELBASE.dll
0x00007ffa2f3a0000 - 0x00007ffa2f443000 	C:\WINDOWS\System32\ADVAPI32.dll
0x00007ffa2f7c0000 - 0x00007ffa2f85e000 	C:\WINDOWS\System32\msvcrt.dll
0x00007ffa2eaf0000 - 0x00007ffa2eb87000 	C:\WINDOWS\System32\sechost.dll
0x00007ffa2f270000 - 0x00007ffa2f390000 	C:\WINDOWS\System32\RPCRT4.dll
0x00007ffa2ffb0000 - 0x00007ffa30144000 	C:\WINDOWS\System32\USER32.dll
0x00007ffa2d970000 - 0x00007ffa2d991000 	C:\WINDOWS\System32\win32u.dll
0x00007ffa2f860000 - 0x00007ffa2f886000 	C:\WINDOWS\System32\GDI32.dll
0x00007ffa2da20000 - 0x00007ffa2dbb5000 	C:\WINDOWS\System32\gdi32full.dll
0x00007ffa2dfc0000 - 0x00007ffa2e05e000 	C:\WINDOWS\System32\msvcp_win.dll
0x00007ffa2dc40000 - 0x00007ffa2dd3a000 	C:\WINDOWS\System32\ucrtbase.dll
0x00007ffa12c70000 - 0x00007ffa12ef4000 	C:\WINDOWS\WinSxS\amd64_microsoft.windows.common-controls_6595b64144ccf1df_6.0.18362.900_none_e6beb9d913147d17\COMCTL32.dll
0x00007ffa27690000 - 0x00007ffa2769a000 	C:\WINDOWS\SYSTEM32\VERSION.dll
0x00007ffa2f480000 - 0x00007ffa2f7b5000 	C:\WINDOWS\System32\combase.dll
0x00007ffa2dbc0000 - 0x00007ffa2dc40000 	C:\WINDOWS\System32\bcryptPrimitives.dll
0x00007ffa2f890000 - 0x00007ffa2f8be000 	C:\WINDOWS\System32\IMM32.DLL
0x00007ffa13160000 - 0x00007ffa13176000 	C:\Program Files\Java\jdk-11.0.1\bin\vcruntime140.dll
0x00007ff9f0050000 - 0x00007ff9f00fa000 	C:\Program Files\Java\jdk-11.0.1\bin\msvcp140.dll
0x00007ff9ef030000 - 0x00007ff9efb72000 	C:\Program Files\Java\jdk-11.0.1\bin\server\jvm.dll
0x00007ffa2f390000 - 0x00007ffa2f398000 	C:\WINDOWS\System32\PSAPI.DLL
0x00007ffa1ca70000 - 0x00007ffa1ca79000 	C:\WINDOWS\SYSTEM32\WSOCK32.dll
0x00007ffa2f200000 - 0x00007ffa2f26f000 	C:\WINDOWS\System32\WS2_32.dll
0x00007ffa2c750000 - 0x00007ffa2c774000 	C:\WINDOWS\SYSTEM32\WINMM.dll
0x00007ffa2c450000 - 0x00007ffa2c47d000 	C:\WINDOWS\SYSTEM32\WINMMBASE.dll
0x00007ffa2de90000 - 0x00007ffa2deda000 	C:\WINDOWS\System32\cfgmgr32.dll
0x00007ffa2d900000 - 0x00007ffa2d911000 	C:\WINDOWS\System32\kernel.appcore.dll
0x00007ffa13140000 - 0x00007ffa13151000 	C:\Program Files\Java\jdk-11.0.1\bin\verify.dll
0x00007ffa1adc0000 - 0x00007ffa1afb4000 	C:\WINDOWS\SYSTEM32\DBGHELP.DLL
0x00007ffa1ad90000 - 0x00007ffa1adba000 	C:\WINDOWS\SYSTEM32\dbgcore.DLL
0x00007ffa0d610000 - 0x00007ffa0d639000 	C:\Program Files\Java\jdk-11.0.1\bin\java.dll
0x00007ffa0d5f0000 - 0x00007ffa0d606000 	C:\Program Files\Java\jdk-11.0.1\bin\zip.dll
0x00007ffa20c10000 - 0x00007ffa20c1a000 	C:\Program Files\Java\jdk-11.0.1\bin\jimage.dll
0x00007ffa301e0000 - 0x00007ffa308c6000 	C:\WINDOWS\System32\SHELL32.dll
0x00007ffa2ec80000 - 0x00007ffa2ed29000 	C:\WINDOWS\System32\shcore.dll
0x00007ffa2e310000 - 0x00007ffa2ea90000 	C:\WINDOWS\System32\windows.storage.dll
0x00007ffa2d8d0000 - 0x00007ffa2d8f3000 	C:\WINDOWS\System32\profapi.dll
0x00007ffa2d920000 - 0x00007ffa2d96a000 	C:\WINDOWS\System32\powrprof.dll
0x00007ffa2d8a0000 - 0x00007ffa2d8b0000 	C:\WINDOWS\System32\UMPDC.dll
0x00007ffa2efe0000 - 0x00007ffa2f032000 	C:\WINDOWS\System32\shlwapi.dll
0x00007ffa2da00000 - 0x00007ffa2da17000 	C:\WINDOWS\System32\cryptsp.dll
0x00007ffa0cb10000 - 0x00007ffa0cb29000 	C:\Program Files\Java\jdk-11.0.1\bin\net.dll
0x00007ffa22920000 - 0x00007ffa22a10000 	C:\WINDOWS\SYSTEM32\WINHTTP.dll
0x00007ffa2d060000 - 0x00007ffa2d0c7000 	C:\WINDOWS\system32\mswsock.dll
0x00007ffa0caf0000 - 0x00007ffa0cb03000 	C:\Program Files\Java\jdk-11.0.1\bin\nio.dll
0x0000000065ac0000 - 0x0000000065b0b000 	C:\Users\Google\AppData\Local\Temp\libgdxKareem\7d76f548\gdx64.dll
0x00007ffa2cbe0000 - 0x00007ffa2cc13000 	C:\WINDOWS\system32\rsaenh.dll
0x00007ffa2df90000 - 0x00007ffa2dfb6000 	C:\WINDOWS\System32\bcrypt.dll
0x00007ffa2d7c0000 - 0x00007ffa2d7e5000 	C:\WINDOWS\SYSTEM32\USERENV.dll
0x00007ffa2d1e0000 - 0x00007ffa2d1ec000 	C:\WINDOWS\SYSTEM32\CRYPTBASE.dll
0x00007ffa2cd80000 - 0x00007ffa2cdba000 	C:\WINDOWS\SYSTEM32\IPHLPAPI.DLL
0x00007ffa2f450000 - 0x00007ffa2f458000 	C:\WINDOWS\System32\NSI.dll
0x00007ffa237e0000 - 0x00007ffa237f6000 	C:\WINDOWS\SYSTEM32\dhcpcsvc6.DLL
0x00007ffa237c0000 - 0x00007ffa237dc000 	C:\WINDOWS\SYSTEM32\dhcpcsvc.DLL
0x00007ffa2ce20000 - 0x00007ffa2ceeb000 	C:\WINDOWS\SYSTEM32\DNSAPI.dll
0x0000000180000000 - 0x0000000180053000 	C:\Users\Google\AppData\Local\Temp\libgdxKareem\1cecf4f6\lwjgl64.dll
0x00007ff9efef0000 - 0x00007ff9f0046000 	C:\WINDOWS\SYSTEM32\OPENGL32.dll
0x00007ffa0c8b0000 - 0x00007ffa0c8dc000 	C:\WINDOWS\SYSTEM32\GLU32.dll
0x00007ffa2c5c0000 - 0x00007ffa2c5e0000 	C:\WINDOWS\SYSTEM32\dxcore.dll
0x00000254a35d0000 - 0x00000254a3634000 	C:\Users\Google\AppData\Local\Temp\libgdxKareem\1cecf4f6\OpenAL64.dll
0x00007ffa2f040000 - 0x00007ffa2f197000 	C:\WINDOWS\System32\ole32.dll
0x00007ffa2ba90000 - 0x00007ffa2bb29000 	C:\WINDOWS\system32\uxtheme.dll
0x00007ffa2edf0000 - 0x00007ffa2ee92000 	C:\WINDOWS\System32\clbcatq.dll
0x00007ffa21b00000 - 0x00007ffa21b99000 	C:\WINDOWS\SYSTEM32\dsound.dll
0x00007ffa26990000 - 0x00007ffa26a02000 	C:\WINDOWS\System32\MMDevApi.dll
0x00007ffa2d640000 - 0x00007ffa2d66a000 	C:\WINDOWS\System32\DEVOBJ.dll
0x00007ffa26a10000 - 0x00007ffa26b6d000 	C:\WINDOWS\SYSTEM32\AUDIOSES.DLL
0x00007ffa308d0000 - 0x00007ffa30995000 	C:\WINDOWS\System32\OLEAUT32.dll
0x00007ffa29820000 - 0x00007ffa29973000 	C:\WINDOWS\SYSTEM32\wintypes.dll
0x00007ffa2bdf0000 - 0x00007ffa2be04000 	C:\WINDOWS\SYSTEM32\resourcepolicyclient.dll
0x00007ffa291e0000 - 0x00007ffa2928e000 	C:\WINDOWS\SYSTEM32\mscms.dll
0x00007ffa291c0000 - 0x00007ffa291d7000 	C:\WINDOWS\SYSTEM32\ColorAdapterClient.dll
0x00007ffa26ff0000 - 0x00007ffa2700a000 	C:\Windows\System32\Windows.Internal.Graphics.Display.DisplayColorManagement.dll
0x00007ffa2eea0000 - 0x00007ffa2efd5000 	C:\WINDOWS\System32\MSCTF.dll
0x00007ffa1ef90000 - 0x00007ffa1f02e000 	C:\WINDOWS\System32\TextInputFramework.dll
0x00007ffa299a0000 - 0x00007ffa29cca000 	C:\WINDOWS\System32\CoreUIComponents.dll
0x00007ffa2b700000 - 0x00007ffa2b7d4000 	C:\WINDOWS\System32\CoreMessaging.dll
0x00007ffa2c8c0000 - 0x00007ffa2c8f1000 	C:\WINDOWS\SYSTEM32\ntmarta.dll
0x00007ffa21220000 - 0x00007ffa214c6000 	C:\WINDOWS\System32\iertutil.dll
0x00007ffa27210000 - 0x00007ffa27228000 	C:\WINDOWS\SYSTEM32\atig6pxx.dll
0x000000006b9f0000 - 0x000000006d7f0000 	C:\WINDOWS\SYSTEM32\atio6axx.dll
0x00007ffa2f8c0000 - 0x00007ffa2fd30000 	C:\WINDOWS\System32\SETUPAPI.dll
0x00007ffa2bee0000 - 0x00007ffa2bf0d000 	C:\WINDOWS\SYSTEM32\dwmapi.dll
0x00007ff9fa930000 - 0x00007ff9faa70000 	C:\WINDOWS\SYSTEM32\atiadlxx.dll
0x00007ffa29cd0000 - 0x00007ffa29dc0000 	C:\WINDOWS\SYSTEM32\PROPSYS.dll
0x00007ffa29590000 - 0x00007ffa295a3000 	C:\WINDOWS\SYSTEM32\WTSAPI32.dll
0x00007ffa2d9a0000 - 0x00007ffa2d9fc000 	C:\WINDOWS\System32\WINTRUST.dll
0x00007ffa2d8b0000 - 0x00007ffa2d8c2000 	C:\WINDOWS\System32\MSASN1.dll
0x00007ffa2dd40000 - 0x00007ffa2de89000 	C:\WINDOWS\System32\CRYPT32.dll
0x00007ffa21ad0000 - 0x00007ffa21afc000 	C:\WINDOWS\SYSTEM32\atig6txx.dll
0x00007ffa21a20000 - 0x00007ffa21a63000 	C:\WINDOWS\SYSTEM32\icm32.dll
0x000000006e9c0000 - 0x000000006ea1b000 	C:\Users\Google\AppData\Local\Temp\libgdxKareem\b8f13a6a\gdx-box2d64.dll

dbghelp: loaded successfully - version: 4.0.5 - missing functions: none
symbol engine: initialized successfully - sym options: 0x614 - pdb path: .;C:\Program Files\Java\jdk-11.0.1\bin;C:\WINDOWS\SYSTEM32;C:\WINDOWS\WinSxS\amd64_microsoft.windows.common-controls_6595b64144ccf1df_6.0.18362.900_none_e6beb9d913147d17;C:\Program Files\Java\jdk-11.0.1\bin\server;C:\Users\Google\AppData\Local\Temp\libgdxKareem\7d76f548;C:\Users\Google\AppData\Local\Temp\libgdxKareem\1cecf4f6;C:\Users\Google\AppData\Local\Temp\libgdxKareem\b8f13a6a

VM Arguments:
jvm_args: -Dfile.encoding=windows-1252 -Duser.country=US -Duser.language=en -Duser.variant 
java_command: com.Launcher.desktop.DesktopLauncher
java_class_path (initial): C:\Users\Google\Documents\NetBeansProjects\Disney's Hercules\desktop\build\classes\java\main;C:\Users\Google\Documents\NetBeansProjects\Disney's Hercules\desktop\build\resources\main;C:\Users\Google\.gradle\caches\modules-2\files-2.1\com.badlogicgames.gdx\gdx-tools\1.9.10\67524f012868e0cff57531b5bfda2781d00c6b1f\gdx-tools-1.9.10.jar;C:\Users\Google\.gradle\caches\modules-2\files-2.1\com.badlogicgames.gdx\gdx-backend-lwjgl\1.9.10\8f88abd43500d94c486d25f04d642318da72773a\gdx-backend-lwjgl-1.9.10.jar;C:\Users\Google\.gradle\caches\modules-2\files-2.1\com.badlogicgames.gdx\gdx-platform\1.9.10\1907b49f8363dd1ee37d273854a9cc3c741a6e66\gdx-platform-1.9.10-natives-desktop.jar;C:\Users\Google\.gradle\caches\modules-2\files-2.1\com.badlogicgames.gdx\gdx-box2d-platform\1.9.10\91b19c283b24eec646a18e0e7b940c829920df4f\gdx-box2d-platform-1.9.10-natives-desktop.jar;C:\Users\Google\Documents\NetBeansProjects\Disney's Hercules\core\build\libs\core-1.0.jar;C:\Users\Google\.gradle\caches\modules-2\files-2.1\com.badlogicgames.gdx\gdx-backend-headless\1.9.10\d357526e6bb3d36b01b4f833ab42588e5285d487\gdx-backend-headless-1.9.10.jar;C:\Users\Google\.gradle\caches\modules-2\files-2.1\com.badlogicgames.gdx\gdx-freetype\1.9.10\8853e4f08589a9feb4b851187909cfde8810e491\gdx-freetype-1.9.10.jar;C:\Users\Google\.gradle\caches\modules-2\files-2.1\com.badlogicgames.gdx\gdx-box2d\1.9.10\d68a7a3484d47529a8d23cd467579eb098b38a9e\gdx-box2d-1.9.10.jar;C:\Users\Google\.gradle\caches\modules-2\files-2.1\com.badlogicgames.gdx\gdx\1.9.10\79d9ad27bd5e3eb18c9ade61d3a27d7237695d53\gdx-1.9.10.jar;C:\Users\Google\.gradle\caches\modules-2\files-2.1\org.lwjgl.lwjgl\lwjgl_util\2.9.3\751f06b62424da056954c67288fd5c494431e350\lwjgl_util-2.9.3.jar;C:\Users\Google\.gradle\caches\modules-2\files-2.1\org.lwjgl.lwjgl\lwjgl\2.9.3\3df168ac74e4a8c96562cdff24ad352e255bf89c\lwjgl-2.9.3.jar;C:\Users\Google\.gradle\caches\modules-2\files-2.1\com.badlogicgames.jlayer\jlayer\1.0.1-gdx\7cca83cec5c1b2f0113
Launcher Type: SUN_STANDARD

[Global flags]
     intx CICompilerCount                          = 3                                         {product} {ergonomic}
     uint ConcGCThreads                            = 1                                         {product} {ergonomic}
     uint G1ConcRefinementThreads                  = 4                                         {product} {ergonomic}
   size_t G1HeapRegionSize                         = 1048576                                   {product} {ergonomic}
    uintx GCDrainStackTargetSize                   = 64                                        {product} {ergonomic}
   size_t InitialHeapSize                          = 134217728                                 {product} {ergonomic}
   size_t MarkStackSize                            = 4194304                                   {product} {ergonomic}
   size_t MaxHeapSize                              = 2130706432                                {product} {ergonomic}
   size_t MaxNewSize                               = 1278214144                                {product} {ergonomic}
   size_t MinHeapDeltaBytes                        = 1048576                                   {product} {ergonomic}
    uintx NonNMethodCodeHeapSize                   = 5830092                                {pd product} {ergonomic}
    uintx NonProfiledCodeHeapSize                  = 122914074                              {pd product} {ergonomic}
    uintx ProfiledCodeHeapSize                     = 122914074                              {pd product} {ergonomic}
    uintx ReservedCodeCacheSize                    = 251658240                              {pd product} {ergonomic}
     bool SegmentedCodeCache                       = true                                      {product} {ergonomic}
     bool UseCompressedClassPointers               = true                                 {lp64_product} {ergonomic}
     bool UseCompressedOops                        = true                                 {lp64_product} {ergonomic}
     bool UseG1GC                                  = true                                      {product} {ergonomic}
     bool UseLargePagesIndividualAllocation        = false                                  {pd product} {ergonomic}

Logging:
Log output configuration:
 #0: stdout all=warning uptime,level,tags
 #1: stderr all=off uptime,level,tags

Environment Variables:
JAVA_HOME=C:\Program Files\Java\jdk-13.0.2
CLASSPATH=.;.;C:\PROGRA~2\JMF21~1.1E\lib\sound.jar;C:\PROGRA~2\JMF21~1.1E\lib\jmf.jar;C:\PROGRA~2\JMF21~1.1E\lib;
PATH="C:\Windows\System32;";C:\MinGW\bin;C:\MinGW\libexec\gcc\x86_64-w64-mingw32\8.1.0;C:\Program Files (x86)\Common Files\Oracle\Java\javapath;C:\WINDOWS\system32;C:\WINDOWS;C:\WINDOWS\System32\Wbem;C:\WINDOWS\System32\WindowsPowerShell\v1.0\;C:\WINDOWS\System32\OpenSSH\;C:\Program Files\Microsoft\Web Platform Installer\;C:\Program Files (x86)\Microsoft ASP.NET\ASP.NET Web Pages\v1.0\;C:\Program Files (x86)\Windows Kits\8.1\Windows Performance Toolkit\;C:\Program Files (x86)\Microsoft SDKs\TypeScript\1.0\;C:\Program Files (x86)\Microsoft Visual Studio 12.0\VC\bin;C:\Program Files (x86)\Brackets\command;C:\Program Files\Microsoft SQL Server\Client SDK\ODBC\130\Tools\Binn\;C:\Program Files (x86)\Microsoft SQL Server\140\Tools\Binn\;C:\Program Files\Microsoft SQL Server\140\Tools\Binn\;C:\Program Files\Microsoft SQL Server\140\DTS\Binn\;C:\Program Files\Java\jdk-13.0.2\bin;C:\Program Files\Cmder;C:\Users\Google\AppData\Local\Microsoft\WindowsApps;
USERNAME=Kareem
OS=Windows_NT
PROCESSOR_IDENTIFIER=Intel64 Family 6 Model 58 Stepping 9, GenuineIntel



---------------  S Y S T E M  ---------------

OS: Windows 10 , 64 bit Build 18362 (10.0.18362.900)

CPU:total 4 (initial active 4) (2 cores per cpu, 2 threads per core) family 6 model 58 stepping 9, cmov, cx8, fxsr, mmx, sse, sse2, sse3, ssse3, sse4.1, sse4.2, popcnt, avx, aes, clmul, erms, ht, tsc, tscinvbit, tscinv

Memory: 4k page, system-wide physical 8124M (1211M free)
TotalPageFile size 11964M (AvailPageFile size 2806M)
current process WorkingSet (physical memory assigned to process): 2274M, peak: 2274M
current process commit charge ("private bytes"): 3515M, peak: 3515M

vm_info: Java HotSpot(TM) 64-Bit Server VM (11.0.1+13-LTS) for windows-amd64 JRE (11.0.1+13-LTS), built on Oct  6 2018 13:20:16 by "mach5one" with MS VC++ 15.5 (VS2017)

END.
