#
# A fatal error has been detected by the Java Runtime Environment:
#
#  EXCEPTION_ACCESS_VIOLATION (0xc0000005) at pc=0x00007ffbebbe4950, pid=8316, tid=6148
#
# JRE version: Java(TM) SE Runtime Environment (11.0.1+13) (build 11.0.1+13-LTS)
# Java VM: Java HotSpot(TM) 64-Bit Server VM (11.0.1+13-LTS, mixed mode, tiered, compressed oops, g1 gc, windows-amd64)
# Problematic frame:
# C  [msvcrt.dll+0x74950]
#
# No core dump will be written. Minidumps are not enabled by default on client versions of Windows
#
# If you would like to submit a bug report, please visit:
#   http://bugreport.java.com/bugreport/crash.jsp
# The crash happened outside the Java Virtual Machine in native code.
# See problematic frame for where to report the bug.
#

---------------  S U M M A R Y ------------

Command Line: -Dfile.encoding=windows-1252 -Duser.country=US -Duser.language=en -Duser.variant com.Launcher.desktop.DesktopLauncher

Host: Intel(R) Core(TM) i5-3360M CPU @ 2.80GHz, 4 cores, 7G,  Windows 10 , 64 bit Build 18362 (10.0.18362.900)
Time: Tue Jun 30 15:32:03 2020 Egypt Standard Time elapsed time: 8 seconds (0d 0h 0m 8s)

---------------  T H R E A D  ---------------

Current thread (0x000001994ac9d000):  JavaThread "LWJGL Application" [_thread_in_native, id=6148, stack(0x0000003a24a00000,0x0000003a24b00000)]

Stack: [0x0000003a24a00000,0x0000003a24b00000],  sp=0x0000003a24afed68,  free space=1019k
Native frames: (J=compiled Java code, j=interpreted, Vv=VM code, C=native code)
C  [msvcrt.dll+0x74950]
C  [gdx64.dll+0x3a54]

Java frames: (J=compiled Java code, j=interpreted, Vv=VM code)
J 1278  com.badlogic.gdx.utils.BufferUtils.copyJni([FLjava/nio/Buffer;II)V (0 bytes) @ 0x000001993ba88eb0 [0x000001993ba88e40+0x0000000000000070]
J 1516 c2 com.badlogic.gdx.graphics.g2d.SpriteBatch.flush()V (193 bytes) @ 0x000001993baacf04 [0x000001993baacd60+0x00000000000001a4]
J 1538 c2 com.badlogic.gdx.maps.tiled.renderers.OrthogonalTiledMapRenderer.renderTileLayer(Lcom/badlogic/gdx/maps/tiled/TiledMapTileLayer;)V (991 bytes) @ 0x000001993bab7a10 [0x000001993bab73e0+0x0000000000000630]
J 1549 c2 com.badlogic.gdx.maps.tiled.renderers.BatchTiledMapRenderer.renderMapLayer(Lcom/badlogic/gdx/maps/MapLayer;)V (108 bytes) @ 0x000001993babac70 [0x000001993babaa80+0x00000000000001f0]
J 1549 c2 com.badlogic.gdx.maps.tiled.renderers.BatchTiledMapRenderer.renderMapLayer(Lcom/badlogic/gdx/maps/MapLayer;)V (108 bytes) @ 0x000001993babac34 [0x000001993babaa80+0x00000000000001b4]
j  com.badlogic.gdx.maps.tiled.renderers.BatchTiledMapRenderer.render()V+36
j  Screens.Level1.render(F)V+32
j  com.badlogic.gdx.Game.render()V+19
j  com.Hercules.game.Main.render()V+1
j  com.badlogic.gdx.backends.lwjgl.LwjglApplication.mainLoop()V+770
j  com.badlogic.gdx.backends.lwjgl.LwjglApplication$1.run()V+27
v  ~StubRoutines::call_stub

siginfo: EXCEPTION_ACCESS_VIOLATION (0xc0000005), writing address 0x000001994ad0b130


Register to memory mapping:

RIP=0x00007ffbebbe4950 msvcrt.dll
RAX=0x000001994ad0b140 is an unknown value
RBX=0x000001994ac9d340 points into unknown readable memory
RCX=0x000001994ad0b120 is an unknown value
RDX=0xfffffe673bd27318 is an unknown value
RSP=0x0000003a24afed68 is pointing into the stack for thread: 0x000001994ac9d000
RBP=0x0000003a24afee00 is pointing into the stack for thread: 0x000001994ac9d000
RSI=0x0000000000004e20 is an unknown value
RDI=0x0 is NULL
R8 =0x0 is NULL
R9 =0x00000000000009c4 is an unknown value
R10=0x000000000000014c is an unknown value
R11=0x000001994acf78c0 points into unknown readable memory
R12=0x0000000086a1ebd8 is pointing into object: 0x0000000086a1ebc8
[F 
{0x0000000086a1ebc8} - klass: {type array float}
 - length: 20000
R13=0x000001994acf78c0 points into unknown readable memory
R14=0x0000003a24afee30 is pointing into the stack for thread: 0x000001994ac9d000
R15=0x000001994ac9d000 is a thread


Registers:
RAX=0x000001994ad0b140, RBX=0x000001994ac9d340, RCX=0x000001994ad0b120, RDX=0xfffffe673bd27318
RSP=0x0000003a24afed68, RBP=0x0000003a24afee00, RSI=0x0000000000004e20, RDI=0x0000000000000000
R8 =0x0000000000000000, R9 =0x00000000000009c4, R10=0x000000000000014c, R11=0x000001994acf78c0
R12=0x0000000086a1ebd8, R13=0x000001994acf78c0, R14=0x0000003a24afee30, R15=0x000001994ac9d000
RIP=0x00007ffbebbe4950, EFLAGS=0x0000000000010202

Top of Stack: (sp=0x0000003a24afed68)
0x0000003a24afed68:   0000000065ac3a54 000001994ac9d340
0x0000003a24afed78:   0000003a24afee00 0000000000004e20
0x0000003a24afed88:   0000000000000000 0000000000000000
0x0000003a24afed98:   0000000000013880 0000000086a1dba0
0x0000003a24afeda8:   0000000000000000 0000003a24afee40
0x0000003a24afedb8:   0000000000000000 0000000086a1ebc8
0x0000003a24afedc8:   000001993ba88f50 0000000081063bc0
0x0000003a24afedd8:   0000003a24afee40 0000000000000014
0x0000003a24afede8:   0000000000000000 0000000000004e20
0x0000003a24afedf8:   0000000000000000 0000000086a1ebc8
0x0000003a24afee08:   000000008399a408 000000005d1006e0
0x0000003a24afee18:   000001993ba9cea4 000001994d1a5801
0x0000003a24afee28:   0000000081910cd8 0000000081906990
0x0000003a24afee38:   0000003a24afed98 0000000086a1dba0
0x0000003a24afee48:   000001993baacf04 0000000086a197e8
0x0000003a24afee58:   86a1dba000001770 0000000000004e20 

Instructions: (pc=0x00007ffbebbe4950)
0x00007ffbebbe4930:   81 f9 00 20 00 00 0f 87 76 00 00 00 49 83 e0 1f
0x00007ffbebbe4940:   f3 0f 6f 44 11 f0 f3 0f 6f 4c 11 e0 48 83 e9 20
0x00007ffbebbe4950:   66 0f 7f 41 10 66 0f 7f 09 49 ff c9 75 e2 e9 54
0x00007ffbebbe4960:   ff ff ff 66 66 66 66 66 66 66 0f 1f 84 00 00 00 



---------------  P R O C E S S  ---------------

Threads class SMR info:
_java_thread_list=0x000001995555a340, length=13, elements={
0x0000019949f87800, 0x0000019949f90800, 0x000001994a903000, 0x0000019949f9f800,
0x0000019949fa2800, 0x0000019949fa7800, 0x0000019949fb5000, 0x000001994aa6e800,
0x000001994aa83000, 0x000001994ac9d000, 0x000001992bbe7000, 0x000001994d51f800,
0x000001994d523000
}

Java Threads: ( => current thread )
  0x0000019949f87800 JavaThread "Reference Handler" daemon [_thread_blocked, id=7840, stack(0x0000003a23e00000,0x0000003a23f00000)]
  0x0000019949f90800 JavaThread "Finalizer" daemon [_thread_blocked, id=10096, stack(0x0000003a23f00000,0x0000003a24000000)]
  0x000001994a903000 JavaThread "Signal Dispatcher" daemon [_thread_blocked, id=12824, stack(0x0000003a24000000,0x0000003a24100000)]
  0x0000019949f9f800 JavaThread "Attach Listener" daemon [_thread_blocked, id=15088, stack(0x0000003a24100000,0x0000003a24200000)]
  0x0000019949fa2800 JavaThread "C2 CompilerThread0" daemon [_thread_blocked, id=11728, stack(0x0000003a24200000,0x0000003a24300000)]
  0x0000019949fa7800 JavaThread "C1 CompilerThread0" daemon [_thread_blocked, id=5288, stack(0x0000003a24300000,0x0000003a24400000)]
  0x0000019949fb5000 JavaThread "Sweeper thread" daemon [_thread_blocked, id=4796, stack(0x0000003a24400000,0x0000003a24500000)]
  0x000001994aa6e800 JavaThread "Service Thread" daemon [_thread_blocked, id=1304, stack(0x0000003a24500000,0x0000003a24600000)]
  0x000001994aa83000 JavaThread "Common-Cleaner" daemon [_thread_blocked, id=8220, stack(0x0000003a24700000,0x0000003a24800000)]
=>0x000001994ac9d000 JavaThread "LWJGL Application" [_thread_in_native, id=6148, stack(0x0000003a24a00000,0x0000003a24b00000)]
  0x000001992bbe7000 JavaThread "DestroyJavaVM" [_thread_blocked, id=1184, stack(0x0000003a23700000,0x0000003a23800000)]
  0x000001994d51f800 JavaThread "AssetManager" daemon [_thread_blocked, id=13452, stack(0x0000003a24f00000,0x0000003a25000000)]
  0x000001994d523000 JavaThread "LWJGL Timer" daemon [_thread_blocked, id=14480, stack(0x0000003a25000000,0x0000003a25100000)]

Other Threads:
  0x0000019949f5c800 VMThread "VM Thread" [stack: 0x0000003a23d00000,0x0000003a23e00000] [id=12836]
  0x000001994aa7e000 WatcherThread [stack: 0x0000003a24600000,0x0000003a24700000] [id=2024]
  0x000001992bbff000 GCTaskThread "GC Thread#0" [stack: 0x0000003a23800000,0x0000003a23900000] [id=2696]
  0x000001994b62e800 GCTaskThread "GC Thread#1" [stack: 0x0000003a25100000,0x0000003a25200000] [id=3220]
  0x000001994d958000 GCTaskThread "GC Thread#2" [stack: 0x0000003a25200000,0x0000003a25300000] [id=12472]
  0x000001994d958800 GCTaskThread "GC Thread#3" [stack: 0x0000003a25300000,0x0000003a25400000] [id=14216]
  0x000001992bc2f800 ConcurrentGCThread "G1 Main Marker" [stack: 0x0000003a23900000,0x0000003a23a00000] [id=576]
  0x000001992bc32000 ConcurrentGCThread "G1 Conc#0" [stack: 0x0000003a23a00000,0x0000003a23b00000] [id=8868]
  0x0000019949dd0800 ConcurrentGCThread "G1 Refine#0" [stack: 0x0000003a23b00000,0x0000003a23c00000] [id=15072]
  0x000001994da38000 ConcurrentGCThread "G1 Refine#1" [stack: 0x0000003a25400000,0x0000003a25500000] [id=652]
  0x0000019949dd1800 ConcurrentGCThread "G1 Young RemSet Sampling" [stack: 0x0000003a23c00000,0x0000003a23d00000] [id=14444]

Threads with active compile tasks:

VM state:not at safepoint (normal execution)

VM Mutex/Monitor currently owned by a thread: None

Heap address: 0x0000000081000000, size: 2032 MB, Compressed Oops mode: 32-bit
Narrow klass base: 0x0000000000000000, Narrow klass shift: 3
Compressed class space size: 1073741824 Address: 0x0000000100000000

Heap:
 garbage-first heap   total 164864K, used 119808K [0x0000000081000000, 0x0000000100000000)
  region size 1024K, 16 young (16384K), 4 survivors (4096K)
 Metaspace       used 12992K, capacity 13074K, committed 13184K, reserved 1060864K
  class space    used 1085K, capacity 1126K, committed 1152K, reserved 1048576K
Heap Regions: E=young(eden), S=young(survivor), O=old, HS=humongous(starts), HC=humongous(continues), CS=collection set, F=free, A=archive, TAMS=top-at-mark-start (previous, next)
|   0|0x0000000081000000, 0x0000000081100000, 0x0000000081100000|100%| O|  |TAMS 0x0000000081100000, 0x0000000081000000| Untracked 
|   1|0x0000000081100000, 0x0000000081200000, 0x0000000081200000|100%|HS|  |TAMS 0x0000000081200000, 0x0000000081100000| Complete 
|   2|0x0000000081200000, 0x0000000081300000, 0x0000000081300000|100%|HS|  |TAMS 0x0000000081300000, 0x0000000081200000| Complete 
|   3|0x0000000081300000, 0x0000000081400000, 0x0000000081400000|100%|HS|  |TAMS 0x0000000081400000, 0x0000000081300000| Complete 
|   4|0x0000000081400000, 0x0000000081500000, 0x0000000081500000|100%|HS|  |TAMS 0x0000000081500000, 0x0000000081400000| Complete 
|   5|0x0000000081500000, 0x0000000081600000, 0x0000000081600000|100%|HS|  |TAMS 0x0000000081600000, 0x0000000081500000| Complete 
|   6|0x0000000081600000, 0x0000000081700000, 0x0000000081700000|100%|HS|  |TAMS 0x0000000081700000, 0x0000000081600000| Complete 
|   7|0x0000000081700000, 0x0000000081800000, 0x0000000081800000|100%|HS|  |TAMS 0x0000000081800000, 0x0000000081700000| Complete 
|   8|0x0000000081800000, 0x0000000081900000, 0x0000000081900000|100%| O|  |TAMS 0x0000000081900000, 0x0000000081800000| Untracked 
|   9|0x0000000081900000, 0x0000000081a00000, 0x0000000081a00000|100%| O|  |TAMS 0x0000000081a00000, 0x0000000081900000| Untracked 
|  10|0x0000000081a00000, 0x0000000081b00000, 0x0000000081b00000|100%|HS|  |TAMS 0x0000000081b00000, 0x0000000081a00000| Complete 
|  11|0x0000000081b00000, 0x0000000081c00000, 0x0000000081c00000|100%|HS|  |TAMS 0x0000000081c00000, 0x0000000081b00000| Complete 
|  12|0x0000000081c00000, 0x0000000081d00000, 0x0000000081d00000|100%|HS|  |TAMS 0x0000000081d00000, 0x0000000081c00000| Complete 
|  13|0x0000000081d00000, 0x0000000081e00000, 0x0000000081e00000|100%|HS|  |TAMS 0x0000000081e00000, 0x0000000081d00000| Complete 
|  14|0x0000000081e00000, 0x0000000081f00000, 0x0000000081f00000|100%|HS|  |TAMS 0x0000000081f00000, 0x0000000081e00000| Complete 
|  15|0x0000000081f00000, 0x0000000082000000, 0x0000000082000000|100%|HS|  |TAMS 0x0000000082000000, 0x0000000081f00000| Complete 
|  16|0x0000000082000000, 0x0000000082100000, 0x0000000082100000|100%|HS|  |TAMS 0x0000000082100000, 0x0000000082000000| Complete 
|  17|0x0000000082100000, 0x0000000082200000, 0x0000000082200000|100%|HS|  |TAMS 0x0000000082200000, 0x0000000082100000| Complete 
|  18|0x0000000082200000, 0x0000000082300000, 0x0000000082300000|100%|HS|  |TAMS 0x0000000082300000, 0x0000000082200000| Complete 
|  19|0x0000000082300000, 0x0000000082400000, 0x0000000082400000|100%|HS|  |TAMS 0x0000000082400000, 0x0000000082300000| Complete 
|  20|0x0000000082400000, 0x0000000082500000, 0x0000000082500000|100%|HS|  |TAMS 0x0000000082500000, 0x0000000082400000| Complete 
|  21|0x0000000082500000, 0x0000000082600000, 0x0000000082600000|100%|HS|  |TAMS 0x0000000082600000, 0x0000000082500000| Complete 
|  22|0x0000000082600000, 0x0000000082700000, 0x0000000082700000|100%|HS|  |TAMS 0x0000000082700000, 0x0000000082600000| Complete 
|  23|0x0000000082700000, 0x0000000082800000, 0x0000000082800000|100%|HS|  |TAMS 0x0000000082800000, 0x0000000082700000| Complete 
|  24|0x0000000082800000, 0x0000000082900000, 0x0000000082900000|100%|HS|  |TAMS 0x0000000082900000, 0x0000000082800000| Complete 
|  25|0x0000000082900000, 0x0000000082a00000, 0x0000000082a00000|100%|HS|  |TAMS 0x0000000082a00000, 0x0000000082900000| Complete 
|  26|0x0000000082a00000, 0x0000000082b00000, 0x0000000082b00000|100%|HS|  |TAMS 0x0000000082b00000, 0x0000000082a00000| Complete 
|  27|0x0000000082b00000, 0x0000000082c00000, 0x0000000082c00000|100%|HS|  |TAMS 0x0000000082c00000, 0x0000000082b00000| Complete 
|  28|0x0000000082c00000, 0x0000000082d00000, 0x0000000082d00000|100%|HS|  |TAMS 0x0000000082d00000, 0x0000000082c00000| Complete 
|  29|0x0000000082d00000, 0x0000000082e00000, 0x0000000082e00000|100%|HS|  |TAMS 0x0000000082e00000, 0x0000000082d00000| Complete 
|  30|0x0000000082e00000, 0x0000000082f00000, 0x0000000082f00000|100%|HS|  |TAMS 0x0000000082f00000, 0x0000000082e00000| Complete 
|  31|0x0000000082f00000, 0x0000000083000000, 0x0000000083000000|100%|HS|  |TAMS 0x0000000083000000, 0x0000000082f00000| Complete 
|  32|0x0000000083000000, 0x0000000083100000, 0x0000000083100000|100%|HS|  |TAMS 0x0000000083100000, 0x0000000083000000| Complete 
|  33|0x0000000083100000, 0x0000000083200000, 0x0000000083200000|100%|HC|  |TAMS 0x0000000083200000, 0x0000000083100000| Complete 
|  34|0x0000000083200000, 0x0000000083300000, 0x0000000083300000|100%|HS|  |TAMS 0x0000000083300000, 0x0000000083200000| Complete 
|  35|0x0000000083300000, 0x0000000083400000, 0x0000000083400000|100%|HC|  |TAMS 0x0000000083400000, 0x0000000083300000| Complete 
|  36|0x0000000083400000, 0x0000000083500000, 0x0000000083500000|100%|HS|  |TAMS 0x0000000083500000, 0x0000000083400000| Complete 
|  37|0x0000000083500000, 0x0000000083600000, 0x0000000083600000|100%|HC|  |TAMS 0x0000000083600000, 0x0000000083500000| Complete 
|  38|0x0000000083600000, 0x0000000083700000, 0x0000000083700000|100%| O|  |TAMS 0x0000000083700000, 0x0000000083600000| Untracked 
|  39|0x0000000083700000, 0x0000000083800000, 0x0000000083800000|100%| O|  |TAMS 0x0000000083800000, 0x0000000083700000| Untracked 
|  40|0x0000000083800000, 0x0000000083900000, 0x0000000083900000|100%| O|  |TAMS 0x0000000083900000, 0x0000000083800000| Untracked 
|  41|0x0000000083900000, 0x0000000083a00000, 0x0000000083a00000|100%| O|  |TAMS 0x0000000083a00000, 0x0000000083900000| Untracked 
|  42|0x0000000083a00000, 0x0000000083b00000, 0x0000000083b00000|100%|HS|  |TAMS 0x0000000083b00000, 0x0000000083a00000| Complete 
|  43|0x0000000083b00000, 0x0000000083c00000, 0x0000000083c00000|100%|HC|  |TAMS 0x0000000083c00000, 0x0000000083b00000| Complete 
|  44|0x0000000083c00000, 0x0000000083d00000, 0x0000000083d00000|100%|HS|  |TAMS 0x0000000083d00000, 0x0000000083c00000| Complete 
|  45|0x0000000083d00000, 0x0000000083e00000, 0x0000000083e00000|100%|HC|  |TAMS 0x0000000083e00000, 0x0000000083d00000| Complete 
|  46|0x0000000083e00000, 0x0000000083f00000, 0x0000000083f00000|100%|HS|  |TAMS 0x0000000083f00000, 0x0000000083e00000| Complete 
|  47|0x0000000083f00000, 0x0000000084000000, 0x0000000084000000|100%|HC|  |TAMS 0x0000000084000000, 0x0000000083f00000| Complete 
|  48|0x0000000084000000, 0x0000000084100000, 0x0000000084100000|100%| O|  |TAMS 0x0000000084100000, 0x0000000084000000| Untracked 
|  49|0x0000000084100000, 0x0000000084200000, 0x0000000084200000|100%| O|  |TAMS 0x0000000084200000, 0x0000000084100000| Untracked 
|  50|0x0000000084200000, 0x0000000084300000, 0x0000000084300000|100%| O|  |TAMS 0x0000000084300000, 0x0000000084200000| Untracked 
|  51|0x0000000084300000, 0x0000000084400000, 0x0000000084400000|100%| O|  |TAMS 0x0000000084400000, 0x0000000084300000| Untracked 
|  52|0x0000000084400000, 0x0000000084500000, 0x0000000084500000|100%| O|  |TAMS 0x0000000084500000, 0x0000000084400000| Untracked 
|  53|0x0000000084500000, 0x0000000084600000, 0x0000000084600000|100%| O|  |TAMS 0x0000000084600000, 0x0000000084500000| Untracked 
|  54|0x0000000084600000, 0x0000000084700000, 0x0000000084700000|100%| O|  |TAMS 0x0000000084700000, 0x0000000084600000| Untracked 
|  55|0x0000000084700000, 0x0000000084800000, 0x0000000084800000|100%| O|  |TAMS 0x0000000084800000, 0x0000000084700000| Untracked 
|  56|0x0000000084800000, 0x0000000084900000, 0x0000000084900000|100%| O|  |TAMS 0x0000000084900000, 0x0000000084800000| Untracked 
|  57|0x0000000084900000, 0x0000000084a00000, 0x0000000084a00000|100%| O|  |TAMS 0x0000000084a00000, 0x0000000084900000| Untracked 
|  58|0x0000000084a00000, 0x0000000084b00000, 0x0000000084b00000|100%| O|  |TAMS 0x0000000084b00000, 0x0000000084a00000| Untracked 
|  59|0x0000000084b00000, 0x0000000084c00000, 0x0000000084c00000|100%| O|  |TAMS 0x0000000084c00000, 0x0000000084b00000| Untracked 
|  60|0x0000000084c00000, 0x0000000084d00000, 0x0000000084d00000|100%| O|  |TAMS 0x0000000084d00000, 0x0000000084c00000| Untracked 
|  61|0x0000000084d00000, 0x0000000084e00000, 0x0000000084e00000|100%| O|  |TAMS 0x0000000084e00000, 0x0000000084d00000| Untracked 
|  62|0x0000000084e00000, 0x0000000084f00000, 0x0000000084f00000|100%| O|  |TAMS 0x0000000084f00000, 0x0000000084e00000| Untracked 
|  63|0x0000000084f00000, 0x0000000085000000, 0x0000000085000000|100%| O|  |TAMS 0x0000000085000000, 0x0000000084f00000| Untracked 
|  64|0x0000000085000000, 0x0000000085100000, 0x0000000085100000|100%| O|  |TAMS 0x0000000085100000, 0x0000000085000000| Untracked 
|  65|0x0000000085100000, 0x0000000085200000, 0x0000000085200000|100%| O|  |TAMS 0x0000000085200000, 0x0000000085100000| Untracked 
|  66|0x0000000085200000, 0x0000000085300000, 0x0000000085300000|100%| O|  |TAMS 0x0000000085300000, 0x0000000085200000| Untracked 
|  67|0x0000000085300000, 0x0000000085400000, 0x0000000085400000|100%| O|  |TAMS 0x0000000085400000, 0x0000000085300000| Untracked 
|  68|0x0000000085400000, 0x0000000085500000, 0x0000000085500000|100%|HS|  |TAMS 0x0000000085500000, 0x0000000085400000| Complete 
|  69|0x0000000085500000, 0x0000000085600000, 0x0000000085600000|100%|HC|  |TAMS 0x0000000085600000, 0x0000000085500000| Complete 
|  70|0x0000000085600000, 0x0000000085700000, 0x0000000085700000|100%|HS|  |TAMS 0x0000000085700000, 0x0000000085600000| Complete 
|  71|0x0000000085700000, 0x0000000085800000, 0x0000000085800000|100%|HC|  |TAMS 0x0000000085800000, 0x0000000085700000| Complete 
|  72|0x0000000085800000, 0x0000000085900000, 0x0000000085900000|100%|HS|  |TAMS 0x0000000085900000, 0x0000000085800000| Complete 
|  73|0x0000000085900000, 0x0000000085a00000, 0x0000000085a00000|100%|HC|  |TAMS 0x0000000085a00000, 0x0000000085900000| Complete 
|  74|0x0000000085a00000, 0x0000000085b00000, 0x0000000085b00000|100%|HS|  |TAMS 0x0000000085a00000, 0x0000000085a00000| Complete 
|  75|0x0000000085b00000, 0x0000000085c00000, 0x0000000085c00000|100%|HC|  |TAMS 0x0000000085b00000, 0x0000000085b00000| Complete 
|  76|0x0000000085c00000, 0x0000000085d00000, 0x0000000085d00000|100%|HS|  |TAMS 0x0000000085c00000, 0x0000000085c00000| Complete 
|  77|0x0000000085d00000, 0x0000000085e00000, 0x0000000085e00000|100%|HC|  |TAMS 0x0000000085d00000, 0x0000000085d00000| Complete 
|  78|0x0000000085e00000, 0x0000000085f00000, 0x0000000085f00000|100%|HC|  |TAMS 0x0000000085e00000, 0x0000000085e00000| Complete 
|  79|0x0000000085f00000, 0x0000000086000000, 0x0000000086000000|100%|HC|  |TAMS 0x0000000085f00000, 0x0000000085f00000| Complete 
|  80|0x0000000086000000, 0x0000000086100000, 0x0000000086100000|100%|HS|  |TAMS 0x0000000086000000, 0x0000000086000000| Complete 
|  81|0x0000000086100000, 0x0000000086200000, 0x0000000086200000|100%|HC|  |TAMS 0x0000000086100000, 0x0000000086100000| Complete 
|  82|0x0000000086200000, 0x0000000086300000, 0x0000000086300000|100%|HS|  |TAMS 0x0000000086200000, 0x0000000086200000| Complete 
|  83|0x0000000086300000, 0x0000000086400000, 0x0000000086400000|100%|HS|  |TAMS 0x0000000086300000, 0x0000000086300000| Complete 
|  84|0x0000000086400000, 0x0000000086400000, 0x0000000086500000|  0%| F|  |TAMS 0x0000000086400000, 0x0000000086400000| Untracked 
|  85|0x0000000086500000, 0x0000000086500000, 0x0000000086600000|  0%| F|  |TAMS 0x0000000086500000, 0x0000000086500000| Untracked 
|  86|0x0000000086600000, 0x0000000086600000, 0x0000000086700000|  0%| F|  |TAMS 0x0000000086600000, 0x0000000086600000| Untracked 
|  87|0x0000000086700000, 0x0000000086700000, 0x0000000086800000|  0%| F|  |TAMS 0x0000000086700000, 0x0000000086700000| Untracked 
|  88|0x0000000086800000, 0x0000000086800000, 0x0000000086900000|  0%| F|  |TAMS 0x0000000086800000, 0x0000000086800000| Untracked 
|  89|0x0000000086900000, 0x0000000086900000, 0x0000000086a00000|  0%| F|  |TAMS 0x0000000086900000, 0x0000000086900000| Untracked 
|  90|0x0000000086a00000, 0x0000000086b00000, 0x0000000086b00000|100%| O|  |TAMS 0x0000000086b00000, 0x0000000086a00000| Untracked 
|  91|0x0000000086b00000, 0x0000000086c00000, 0x0000000086c00000|100%| O|  |TAMS 0x0000000086c00000, 0x0000000086b00000| Untracked 
|  92|0x0000000086c00000, 0x0000000086d00000, 0x0000000086d00000|100%| O|  |TAMS 0x0000000086d00000, 0x0000000086c00000| Untracked 
|  93|0x0000000086d00000, 0x0000000086e00000, 0x0000000086e00000|100%| O|  |TAMS 0x0000000086e00000, 0x0000000086d00000| Untracked 
|  94|0x0000000086e00000, 0x0000000086f00000, 0x0000000086f00000|100%| O|  |TAMS 0x0000000086f00000, 0x0000000086e00000| Untracked 
|  95|0x0000000086f00000, 0x0000000087000000, 0x0000000087000000|100%| O|  |TAMS 0x0000000087000000, 0x0000000086f00000| Untracked 
|  96|0x0000000087000000, 0x0000000087100000, 0x0000000087100000|100%| O|  |TAMS 0x0000000087100000, 0x0000000087000000| Untracked 
|  97|0x0000000087100000, 0x0000000087200000, 0x0000000087200000|100%| O|  |TAMS 0x0000000087200000, 0x0000000087100000| Untracked 
|  98|0x0000000087200000, 0x0000000087300000, 0x0000000087300000|100%| O|  |TAMS 0x0000000087300000, 0x0000000087200000| Untracked 
|  99|0x0000000087300000, 0x0000000087300000, 0x0000000087400000|  0%| F|  |TAMS 0x0000000087300000, 0x0000000087300000| Untracked 
| 100|0x0000000087400000, 0x0000000087400000, 0x0000000087500000|  0%| F|  |TAMS 0x0000000087400000, 0x0000000087400000| Untracked 
| 101|0x0000000087500000, 0x0000000087500000, 0x0000000087600000|  0%| F|  |TAMS 0x0000000087500000, 0x0000000087500000| Untracked 
| 102|0x0000000087600000, 0x0000000087600000, 0x0000000087700000|  0%| F|  |TAMS 0x0000000087600000, 0x0000000087600000| Untracked 
| 103|0x0000000087700000, 0x0000000087700000, 0x0000000087800000|  0%| F|  |TAMS 0x0000000087700000, 0x0000000087700000| Untracked 
| 104|0x0000000087800000, 0x0000000087800000, 0x0000000087900000|  0%| F|  |TAMS 0x0000000087800000, 0x0000000087800000| Untracked 
| 105|0x0000000087900000, 0x0000000087900000, 0x0000000087a00000|  0%| F|  |TAMS 0x0000000087900000, 0x0000000087900000| Untracked 
| 106|0x0000000087a00000, 0x0000000087a00000, 0x0000000087b00000|  0%| F|  |TAMS 0x0000000087a00000, 0x0000000087a00000| Untracked 
| 107|0x0000000087b00000, 0x0000000087b00000, 0x0000000087c00000|  0%| F|  |TAMS 0x0000000087b00000, 0x0000000087b00000| Untracked 
| 108|0x0000000087c00000, 0x0000000087c00000, 0x0000000087d00000|  0%| F|  |TAMS 0x0000000087c00000, 0x0000000087c00000| Untracked 
| 109|0x0000000087d00000, 0x0000000087d00000, 0x0000000087e00000|  0%| F|  |TAMS 0x0000000087d00000, 0x0000000087d00000| Untracked 
| 110|0x0000000087e00000, 0x0000000087e00000, 0x0000000087f00000|  0%| F|  |TAMS 0x0000000087e00000, 0x0000000087e00000| Untracked 
| 111|0x0000000087f00000, 0x0000000087f00000, 0x0000000088000000|  0%| F|  |TAMS 0x0000000087f00000, 0x0000000087f00000| Untracked 
| 112|0x0000000088000000, 0x0000000088000000, 0x0000000088100000|  0%| F|  |TAMS 0x0000000088000000, 0x0000000088000000| Untracked 
| 113|0x0000000088100000, 0x0000000088100000, 0x0000000088200000|  0%| F|  |TAMS 0x0000000088100000, 0x0000000088100000| Untracked 
| 114|0x0000000088200000, 0x0000000088200000, 0x0000000088300000|  0%| F|  |TAMS 0x0000000088200000, 0x0000000088200000| Untracked 
| 115|0x0000000088300000, 0x0000000088300000, 0x0000000088400000|  0%| F|  |TAMS 0x0000000088300000, 0x0000000088300000| Untracked 
| 116|0x0000000088400000, 0x0000000088400000, 0x0000000088500000|  0%| F|  |TAMS 0x0000000088400000, 0x0000000088400000| Untracked 
| 117|0x0000000088500000, 0x0000000088500000, 0x0000000088600000|  0%| F|  |TAMS 0x0000000088500000, 0x0000000088500000| Untracked 
| 118|0x0000000088600000, 0x0000000088600000, 0x0000000088700000|  0%| F|  |TAMS 0x0000000088600000, 0x0000000088600000| Untracked 
| 119|0x0000000088700000, 0x0000000088700000, 0x0000000088800000|  0%| F|  |TAMS 0x0000000088700000, 0x0000000088700000| Untracked 
| 120|0x0000000088800000, 0x0000000088800000, 0x0000000088900000|  0%| F|  |TAMS 0x0000000088800000, 0x0000000088800000| Untracked 
| 121|0x0000000088900000, 0x0000000088900000, 0x0000000088a00000|  0%| F|  |TAMS 0x0000000088900000, 0x0000000088900000| Untracked 
| 122|0x0000000088a00000, 0x0000000088a00000, 0x0000000088b00000|  0%| F|  |TAMS 0x0000000088a00000, 0x0000000088a00000| Untracked 
| 123|0x0000000088b00000, 0x0000000088b00000, 0x0000000088c00000|  0%| F|  |TAMS 0x0000000088b00000, 0x0000000088b00000| Untracked 
| 124|0x0000000088c00000, 0x0000000088c00000, 0x0000000088d00000|  0%| F|  |TAMS 0x0000000088c00000, 0x0000000088c00000| Untracked 
| 125|0x0000000088d00000, 0x0000000088d00000, 0x0000000088e00000|  0%| F|  |TAMS 0x0000000088d00000, 0x0000000088d00000| Untracked 
| 126|0x0000000088e00000, 0x0000000088e00000, 0x0000000088f00000|  0%| F|  |TAMS 0x0000000088e00000, 0x0000000088e00000| Untracked 
| 127|0x0000000088f00000, 0x0000000088f00000, 0x0000000089000000|  0%| F|  |TAMS 0x0000000088f00000, 0x0000000088f00000| Untracked 
| 128|0x0000000089000000, 0x0000000089000000, 0x0000000089100000|  0%| F|  |TAMS 0x0000000089000000, 0x0000000089000000| Untracked 
| 129|0x0000000089100000, 0x0000000089100000, 0x0000000089200000|  0%| F|  |TAMS 0x0000000089100000, 0x0000000089100000| Untracked 
| 130|0x0000000089200000, 0x0000000089200000, 0x0000000089300000|  0%| F|  |TAMS 0x0000000089200000, 0x0000000089200000| Untracked 
| 131|0x0000000089300000, 0x0000000089400000, 0x0000000089400000|100%| O|  |TAMS 0x0000000089400000, 0x0000000089300000| Untracked 
| 132|0x0000000089400000, 0x0000000089500000, 0x0000000089500000|100%| O|  |TAMS 0x0000000089500000, 0x0000000089400000| Untracked 
| 133|0x0000000089500000, 0x0000000089600000, 0x0000000089600000|100%| O|  |TAMS 0x0000000089600000, 0x0000000089500000| Untracked 
| 134|0x0000000089600000, 0x0000000089700000, 0x0000000089700000|100%| O|  |TAMS 0x0000000089700000, 0x0000000089600000| Untracked 
| 135|0x0000000089700000, 0x0000000089800000, 0x0000000089800000|100%| O|  |TAMS 0x0000000089800000, 0x0000000089700000| Untracked 
| 136|0x0000000089800000, 0x0000000089900000, 0x0000000089900000|100%| O|  |TAMS 0x0000000089900000, 0x0000000089800000| Untracked 
| 137|0x0000000089900000, 0x0000000089a00000, 0x0000000089a00000|100%| O|  |TAMS 0x0000000089a00000, 0x0000000089900000| Untracked 
| 138|0x0000000089a00000, 0x0000000089b00000, 0x0000000089b00000|100%| O|  |TAMS 0x0000000089b00000, 0x0000000089a00000| Untracked 
| 139|0x0000000089b00000, 0x0000000089c00000, 0x0000000089c00000|100%| O|  |TAMS 0x0000000089c00000, 0x0000000089b00000| Untracked 
| 140|0x0000000089c00000, 0x0000000089c00000, 0x0000000089d00000|  0%| F|  |TAMS 0x0000000089c00000, 0x0000000089c00000| Untracked 
| 141|0x0000000089d00000, 0x0000000089d00000, 0x0000000089e00000|  0%| F|  |TAMS 0x0000000089d00000, 0x0000000089d00000| Untracked 
| 142|0x0000000089e00000, 0x0000000089e00000, 0x0000000089f00000|  0%| F|  |TAMS 0x0000000089e00000, 0x0000000089e00000| Untracked 
| 143|0x0000000089f00000, 0x0000000089f00000, 0x000000008a000000|  0%| F|  |TAMS 0x0000000089f00000, 0x0000000089f00000| Untracked 
| 144|0x000000008a000000, 0x000000008a054f08, 0x000000008a100000| 33%| E|  |TAMS 0x000000008a000000, 0x000000008a000000| Complete 
| 145|0x000000008a100000, 0x000000008a200000, 0x000000008a200000|100%| E|CS|TAMS 0x000000008a100000, 0x000000008a100000| Complete 
| 146|0x000000008a200000, 0x000000008a300000, 0x000000008a300000|100%| O|  |TAMS 0x000000008a300000, 0x000000008a200000| Untracked 
| 147|0x000000008a300000, 0x000000008a400000, 0x000000008a400000|100%| E|CS|TAMS 0x000000008a300000, 0x000000008a300000| Complete 
| 148|0x000000008a400000, 0x000000008a500000, 0x000000008a500000|100%| S|CS|TAMS 0x000000008a400000, 0x000000008a400000| Complete 
| 149|0x000000008a500000, 0x000000008a600000, 0x000000008a600000|100%| S|CS|TAMS 0x000000008a500000, 0x000000008a500000| Complete 
| 150|0x000000008a600000, 0x000000008a700000, 0x000000008a700000|100%| S|CS|TAMS 0x000000008a600000, 0x000000008a600000| Complete 
| 151|0x000000008a700000, 0x000000008a800000, 0x000000008a800000|100%| S|CS|TAMS 0x000000008a700000, 0x000000008a700000| Complete 
| 152|0x000000008a800000, 0x000000008a900000, 0x000000008a900000|100%| E|CS|TAMS 0x000000008a800000, 0x000000008a800000| Complete 
| 153|0x000000008a900000, 0x000000008aa00000, 0x000000008aa00000|100%| E|CS|TAMS 0x000000008a900000, 0x000000008a900000| Complete 
| 154|0x000000008aa00000, 0x000000008ab00000, 0x000000008ab00000|100%| E|CS|TAMS 0x000000008aa00000, 0x000000008aa00000| Complete 
| 155|0x000000008ab00000, 0x000000008ac00000, 0x000000008ac00000|100%| E|CS|TAMS 0x000000008ab00000, 0x000000008ab00000| Complete 
| 156|0x000000008ac00000, 0x000000008ad00000, 0x000000008ad00000|100%| E|CS|TAMS 0x000000008ac00000, 0x000000008ac00000| Complete 
| 157|0x000000008ad00000, 0x000000008ae00000, 0x000000008ae00000|100%| E|CS|TAMS 0x000000008ad00000, 0x000000008ad00000| Complete 
| 158|0x000000008ae00000, 0x000000008af00000, 0x000000008af00000|100%| E|CS|TAMS 0x000000008ae00000, 0x000000008ae00000| Complete 
| 159|0x000000008af00000, 0x000000008b000000, 0x000000008b000000|100%| E|CS|TAMS 0x000000008af00000, 0x000000008af00000| Complete 
| 160|0x000000008b000000, 0x000000008b100000, 0x000000008b100000|100%| E|  |TAMS 0x000000008b000000, 0x000000008b000000| Complete 

Card table byte_map: [0x0000019943310000,0x0000019943710000] _byte_map_base: 0x0000019942f08000

Marking Bits (Prev, Next): (CMBitMap*) 0x000001992bc26d00, (CMBitMap*) 0x000001992bc26cc8
 Prev Bits: [0x0000019945ad0000, 0x0000019947a90000)
 Next Bits: [0x0000019943b10000, 0x0000019945ad0000)

Polling page: 0x000001992b3c0000

Metaspace:

Usage:
  Non-class:     11.67 MB capacity,    11.63 MB (>99%) used,    30.16 KB ( <1%) free+waste,    10.50 KB ( <1%) overhead. 
      Class:      1.10 MB capacity,     1.06 MB ( 96%) used,    37.36 KB (  3%) free+waste,     3.31 KB ( <1%) overhead. 
       Both:     12.77 MB capacity,    12.69 MB (>99%) used,    67.52 KB ( <1%) free+waste,    13.81 KB ( <1%) overhead. 

Virtual space:
  Non-class space:       12.00 MB reserved,      11.75 MB ( 98%) committed 
      Class space:        1.00 GB reserved,       1.13 MB ( <1%) committed 
             Both:        1.01 GB reserved,      12.88 MB (  1%) committed 

Chunk freelists:
   Non-Class:  10.50 KB
       Class:  3.25 KB
        Both:  13.75 KB

CodeHeap 'non-profiled nmethods': size=120064Kb used=1118Kb max_used=1118Kb free=118946Kb
 bounds [0x000001993b9d0000, 0x000001993bc40000, 0x0000019942f10000]
CodeHeap 'profiled nmethods': size=120000Kb used=3297Kb max_used=3297Kb free=116702Kb
 bounds [0x00000199344a0000, 0x00000199347e0000, 0x000001993b9d0000]
CodeHeap 'non-nmethods': size=5696Kb used=1201Kb max_used=1241Kb free=4494Kb
 bounds [0x0000019933f10000, 0x0000019934180000, 0x00000199344a0000]
 total_blobs=2746 nmethods=1621 adapters=488
 compilation: enabled
              stopped_count=0, restarted_count=0
 full_count=0

Compilation events (10 events):
Event: 7.940 Thread 0x0000019949fa7800 1621   !   3       com.badlogic.gdx.files.FileHandle::readBytes (56 bytes)
Event: 7.941 Thread 0x0000019949fa7800 nmethod 1621 0x00000199347d1390 code [0x00000199347d1760, 0x00000199347d3450]
Event: 7.941 Thread 0x0000019949fa7800 1622       3       java.io.ByteArrayOutputStream::<init> (43 bytes)
Event: 7.942 Thread 0x0000019949fa7800 nmethod 1622 0x00000199347d4110 code [0x00000199347d43a0, 0x00000199347d4e20]
Event: 7.942 Thread 0x0000019949fa7800 1619       3       com.badlogic.gdx.graphics.GLTexture::unsafeSetWrap (81 bytes)
Event: 7.943 Thread 0x0000019949fa7800 nmethod 1619 0x00000199347d5190 code [0x00000199347d54a0, 0x00000199347d6720]
Event: 7.955 Thread 0x0000019949fa7800 1626       3       org.lwjgl.opengl.GLChecks::calculateBytesPerPixel (162 bytes)
Event: 7.956 Thread 0x0000019949fa7800 nmethod 1626 0x00000199347d6d90 code [0x00000199347d6f60, 0x00000199347d73d8]
Event: 7.956 Thread 0x0000019949fa7800 1627       3       org.lwjgl.BufferUtils::getElementSizeExponent (84 bytes)
Event: 7.957 Thread 0x0000019949fa7800 nmethod 1627 0x00000199347d7490 code [0x00000199347d7760, 0x00000199347d8a10]

GC Heap History (10 events):
Event: 7.026 GC heap before
{Heap before GC invocations=33 (full 0):
 garbage-first heap   total 164864K, used 110382K [0x0000000081000000, 0x0000000100000000)
  region size 1024K, 4 young (4096K), 2 survivors (2048K)
 Metaspace       used 12913K, capacity 13010K, committed 13184K, reserved 1060864K
  class space    used 1077K, capacity 1126K, committed 1152K, reserved 1048576K
}
Event: 7.027 GC heap after
{Heap after GC invocations=34 (full 0):
 garbage-first heap   total 164864K, used 76600K [0x0000000081000000, 0x0000000100000000)
  region size 1024K, 2 young (2048K), 2 survivors (2048K)
 Metaspace       used 12913K, capacity 13010K, committed 13184K, reserved 1060864K
  class space    used 1077K, capacity 1126K, committed 1152K, reserved 1048576K
}
Event: 7.111 GC heap before
{Heap before GC invocations=35 (full 0):
 garbage-first heap   total 164864K, used 78648K [0x0000000081000000, 0x0000000100000000)
  region size 1024K, 4 young (4096K), 2 survivors (2048K)
 Metaspace       used 12913K, capacity 13010K, committed 13184K, reserved 1060864K
  class space    used 1077K, capacity 1126K, committed 1152K, reserved 1048576K
}
Event: 7.113 GC heap after
{Heap after GC invocations=36 (full 0):
 garbage-first heap   total 164864K, used 76608K [0x0000000081000000, 0x0000000100000000)
  region size 1024K, 2 young (2048K), 2 survivors (2048K)
 Metaspace       used 12913K, capacity 13010K, committed 13184K, reserved 1060864K
  class space    used 1077K, capacity 1126K, committed 1152K, reserved 1048576K
}
Event: 7.214 GC heap before
{Heap before GC invocations=37 (full 0):
 garbage-first heap   total 164864K, used 81728K [0x0000000081000000, 0x0000000100000000)
  region size 1024K, 7 young (7168K), 2 survivors (2048K)
 Metaspace       used 12921K, capacity 13010K, committed 13184K, reserved 1060864K
  class space    used 1077K, capacity 1126K, committed 1152K, reserved 1048576K
}
Event: 7.218 GC heap after
{Heap after GC invocations=38 (full 0):
 garbage-first heap   total 164864K, used 80131K [0x0000000081000000, 0x0000000100000000)
  region size 1024K, 5 young (5120K), 5 survivors (5120K)
 Metaspace       used 12921K, capacity 13010K, committed 13184K, reserved 1060864K
  class space    used 1077K, capacity 1126K, committed 1152K, reserved 1048576K
}
Event: 7.306 GC heap before
{Heap before GC invocations=39 (full 0):
 garbage-first heap   total 164864K, used 105731K [0x0000000081000000, 0x0000000100000000)
  region size 1024K, 15 young (15360K), 5 survivors (5120K)
 Metaspace       used 12921K, capacity 13010K, committed 13184K, reserved 1060864K
  class space    used 1077K, capacity 1126K, committed 1152K, reserved 1048576K
}
Event: 7.322 GC heap after
{Heap after GC invocations=40 (full 0):
 garbage-first heap   total 164864K, used 90276K [0x0000000081000000, 0x0000000100000000)
  region size 1024K, 6 young (6144K), 6 survivors (6144K)
 Metaspace       used 12921K, capacity 13010K, committed 13184K, reserved 1060864K
  class space    used 1077K, capacity 1126K, committed 1152K, reserved 1048576K
}
Event: 7.438 GC heap before
{Heap before GC invocations=41 (full 0):
 garbage-first heap   total 164864K, used 147620K [0x0000000081000000, 0x0000000100000000)
  region size 1024K, 15 young (15360K), 6 survivors (6144K)
 Metaspace       used 12921K, capacity 13010K, committed 13184K, reserved 1060864K
  class space    used 1077K, capacity 1126K, committed 1152K, reserved 1048576K
}
Event: 7.447 GC heap after
{Heap after GC invocations=42 (full 0):
 garbage-first heap   total 164864K, used 99328K [0x0000000081000000, 0x0000000100000000)
  region size 1024K, 4 young (4096K), 4 survivors (4096K)
 Metaspace       used 12921K, capacity 13010K, committed 13184K, reserved 1060864K
  class space    used 1077K, capacity 1126K, committed 1152K, reserved 1048576K
}

Deoptimization events (10 events):
Event: 6.126 Thread 0x000001994ac9d000 Uncommon trap: reason=array_check action=maybe_recompile pc=0x000001993ba9aaa8 method=com.badlogic.gdx.utils.Array.add(Ljava/lang/Object;)V @ 46 c2
Event: 6.212 Thread 0x000001994ac9d000 Uncommon trap: reason=unstable_if action=reinterpret pc=0x000001993ba85c5c method=com.badlogic.gdx.maps.tiled.renderers.OrthogonalTiledMapRenderer.renderTileLayer(Lcom/badlogic/gdx/maps/tiled/TiledMapTileLayer;)V @ 645 c2
Event: 6.409 Thread 0x000001994ac9d000 Uncommon trap: reason=unstable_if action=reinterpret pc=0x000001993baa1bb0 method=com.badlogic.gdx.math.Rectangle.overlaps(Lcom/badlogic/gdx/math/Rectangle;)Z @ 31 c2
Event: 6.411 Thread 0x000001994ac9d000 Uncommon trap: reason=unstable_if action=reinterpret pc=0x000001993ba0fad0 method=sun.nio.cs.UTF_8$Decoder.decodeArrayLoop(Ljava/nio/ByteBuffer;Ljava/nio/CharBuffer;)Ljava/nio/charset/CoderResult; @ 110 c2
Event: 6.977 Thread 0x000001994ac9d000 Uncommon trap: reason=unstable_if action=reinterpret pc=0x000001993baa17e4 method=com.badlogic.gdx.utils.Array.iterator()Ljava/util/Iterator; @ 20 c2
Event: 7.547 Thread 0x000001994ac9d000 Uncommon trap: reason=unstable_if action=reinterpret pc=0x000001993bab9c90 method=com.badlogic.gdx.graphics.g2d.Sprite.translate(FF)V @ 24 c2
Event: 7.670 Thread 0x000001994ac9d000 Uncommon trap: reason=array_check action=maybe_recompile pc=0x000001993ba9aaa8 method=com.badlogic.gdx.utils.Array.add(Ljava/lang/Object;)V @ 46 c2
Event: 7.670 Thread 0x000001994ac9d000 Uncommon trap: reason=array_check action=maybe_recompile pc=0x000001993ba9aaa8 method=com.badlogic.gdx.utils.Array.add(Ljava/lang/Object;)V @ 46 c2
Event: 7.671 Thread 0x000001994ac9d000 Uncommon trap: reason=array_check action=maybe_recompile pc=0x000001993ba9aaa8 method=com.badlogic.gdx.utils.Array.add(Ljava/lang/Object;)V @ 46 c2
Event: 7.763 Thread 0x000001994ac9d000 Uncommon trap: reason=unstable_if action=reinterpret pc=0x000001993ba9d840 method=com.badlogic.gdx.graphics.g2d.Sprite.getBoundingRectangle()Lcom/badlogic/gdx/math/Rectangle; @ 257 c2

Classes redefined (0 events):
No events

Internal exceptions (10 events):
Event: 0.840 Thread 0x000001992bbe7000 Exception <a 'java/lang/NoSuchMethodError'{0x0000000088cae100}: java.lang.invoke.DirectMethodHandle$Holder.invokeStaticInit(Ljava/lang/Object;Ljava/lang/Object;IIII)Ljava/lang/Object;> (0x0000000088cae100) thrown at [t:/workspace/open/src/hotspot/share/in
Event: 0.893 Thread 0x000001992bbe7000 Exception <a 'java/security/PrivilegedActionException'{0x0000000088b430b0}> (0x0000000088b430b0) thrown at [t:/workspace/open/src/hotspot/share/prims/jvm.cpp, line 1308]
Event: 0.893 Thread 0x000001992bbe7000 Exception <a 'java/security/PrivilegedActionException'{0x0000000088b45ac8}> (0x0000000088b45ac8) thrown at [t:/workspace/open/src/hotspot/share/prims/jvm.cpp, line 1308]
Event: 0.893 Thread 0x000001992bbe7000 Exception <a 'java/security/PrivilegedActionException'{0x0000000088b46b68}> (0x0000000088b46b68) thrown at [t:/workspace/open/src/hotspot/share/prims/jvm.cpp, line 1308]
Event: 0.900 Thread 0x000001992bbe7000 Exception <a 'java/security/PrivilegedActionException'{0x0000000088b58588}> (0x0000000088b58588) thrown at [t:/workspace/open/src/hotspot/share/prims/jvm.cpp, line 1308]
Event: 0.900 Thread 0x000001992bbe7000 Exception <a 'java/security/PrivilegedActionException'{0x0000000088b59148}> (0x0000000088b59148) thrown at [t:/workspace/open/src/hotspot/share/prims/jvm.cpp, line 1308]
Event: 0.900 Thread 0x000001992bbe7000 Exception <a 'java/security/PrivilegedActionException'{0x0000000088b59cc8}> (0x0000000088b59cc8) thrown at [t:/workspace/open/src/hotspot/share/prims/jvm.cpp, line 1308]
Event: 3.759 Thread 0x000001994ac9d000 Exception <a 'java/lang/NoSuchMethodError'{0x0000000088552dd8}: java.lang.invoke.DirectMethodHandle$Holder.invokeSpecialIFC(Ljava/lang/Object;Ljava/lang/Object;I)I> (0x0000000088552dd8) thrown at [t:/workspace/open/src/hotspot/share/interpreter/linkResolv
Event: 6.977 Thread 0x000001994ac9d000 Implicit null exception at 0x000001993baa1764 to 0x000001993baa17d2
Event: 7.763 Thread 0x000001994ac9d000 Implicit null exception at 0x000001993ba9d52d to 0x000001993ba9d81e

Events (10 events):
Event: 7.854 loading class Sprites/Sandal
Event: 7.854 loading class Sprites/Sandal done
Event: 7.858 loading class MovingObjects/Wolf
Event: 7.858 loading class MovingObjects/Wolf done
Event: 7.862 loading class MovingObjects/Camel
Event: 7.862 loading class MovingObjects/Camel done
Event: 7.920 loading class MovingObjects/Chicken
Event: 7.920 loading class MovingObjects/Chicken done
Event: 8.002 loading class com/badlogic/gdx/scenes/scene2d/InputEvent$Type
Event: 8.002 loading class com/badlogic/gdx/scenes/scene2d/InputEvent$Type done


Dynamic libraries:
0x00007ff652cd0000 - 0x00007ff652d17000 	C:\Program Files\Java\jdk-11.0.1\bin\java.exe
0x00007ffbed920000 - 0x00007ffbedb10000 	C:\WINDOWS\SYSTEM32\ntdll.dll
0x00007ffbebc10000 - 0x00007ffbebcc2000 	C:\WINDOWS\System32\KERNEL32.DLL
0x00007ffbeaa10000 - 0x00007ffbeacb4000 	C:\WINDOWS\System32\KERNELBASE.dll
0x00007ffbebac0000 - 0x00007ffbebb63000 	C:\WINDOWS\System32\ADVAPI32.dll
0x00007ffbebb70000 - 0x00007ffbebc0e000 	C:\WINDOWS\System32\msvcrt.dll
0x00007ffbec160000 - 0x00007ffbec1f7000 	C:\WINDOWS\System32\sechost.dll
0x00007ffbebe70000 - 0x00007ffbebf90000 	C:\WINDOWS\System32\RPCRT4.dll
0x00007ffbed720000 - 0x00007ffbed8b4000 	C:\WINDOWS\System32\USER32.dll
0x00007ffbea8b0000 - 0x00007ffbea8d1000 	C:\WINDOWS\System32\win32u.dll
0x00007ffbeba10000 - 0x00007ffbeba36000 	C:\WINDOWS\System32\GDI32.dll
0x00007ffbeb660000 - 0x00007ffbeb7f5000 	C:\WINDOWS\System32\gdi32full.dll
0x00007ffbeb5c0000 - 0x00007ffbeb65e000 	C:\WINDOWS\System32\msvcp_win.dll
0x00007ffbeacc0000 - 0x00007ffbeadba000 	C:\WINDOWS\System32\ucrtbase.dll
0x00007ffbe14d0000 - 0x00007ffbe14da000 	C:\WINDOWS\SYSTEM32\VERSION.dll
0x00007ffbcc0e0000 - 0x00007ffbcc364000 	C:\WINDOWS\WinSxS\amd64_microsoft.windows.common-controls_6595b64144ccf1df_6.0.18362.900_none_e6beb9d913147d17\COMCTL32.dll
0x00007ffbec200000 - 0x00007ffbec535000 	C:\WINDOWS\System32\combase.dll
0x00007ffbea990000 - 0x00007ffbeaa10000 	C:\WINDOWS\System32\bcryptPrimitives.dll
0x00007ffbeb9d0000 - 0x00007ffbeb9fe000 	C:\WINDOWS\System32\IMM32.DLL
0x00007ffbe4560000 - 0x00007ffbe4576000 	C:\Program Files\Java\jdk-11.0.1\bin\vcruntime140.dll
0x00007ffbbf860000 - 0x00007ffbbf90a000 	C:\Program Files\Java\jdk-11.0.1\bin\msvcp140.dll
0x00007ffba7b10000 - 0x00007ffba8652000 	C:\Program Files\Java\jdk-11.0.1\bin\server\jvm.dll
0x00007ffbec8c0000 - 0x00007ffbec8c8000 	C:\WINDOWS\System32\PSAPI.DLL
0x00007ffbe9470000 - 0x00007ffbe9494000 	C:\WINDOWS\SYSTEM32\WINMM.dll
0x00007ffbe8970000 - 0x00007ffbe8979000 	C:\WINDOWS\SYSTEM32\WSOCK32.dll
0x00007ffbec650000 - 0x00007ffbec6bf000 	C:\WINDOWS\System32\WS2_32.dll
0x00007ffbe9440000 - 0x00007ffbe946d000 	C:\WINDOWS\SYSTEM32\winmmbase.dll
0x00007ffbeb800000 - 0x00007ffbeb84a000 	C:\WINDOWS\System32\cfgmgr32.dll
0x00007ffbea890000 - 0x00007ffbea8a1000 	C:\WINDOWS\System32\kernel.appcore.dll
0x00007ffbde220000 - 0x00007ffbde231000 	C:\Program Files\Java\jdk-11.0.1\bin\verify.dll
0x00007ffbd97c0000 - 0x00007ffbd99b4000 	C:\WINDOWS\SYSTEM32\DBGHELP.DLL
0x00007ffbd9790000 - 0x00007ffbd97ba000 	C:\WINDOWS\SYSTEM32\dbgcore.DLL
0x00007ffbdc6e0000 - 0x00007ffbdc709000 	C:\Program Files\Java\jdk-11.0.1\bin\java.dll
0x00007ffbddcd0000 - 0x00007ffbddce6000 	C:\Program Files\Java\jdk-11.0.1\bin\zip.dll
0x00007ffbe88b0000 - 0x00007ffbe88ba000 	C:\Program Files\Java\jdk-11.0.1\bin\jimage.dll
0x00007ffbecda0000 - 0x00007ffbed486000 	C:\WINDOWS\System32\SHELL32.dll
0x00007ffbec540000 - 0x00007ffbec5e9000 	C:\WINDOWS\System32\shcore.dll
0x00007ffbeae20000 - 0x00007ffbeb5a0000 	C:\WINDOWS\System32\windows.storage.dll
0x00007ffbea7f0000 - 0x00007ffbea813000 	C:\WINDOWS\System32\profapi.dll
0x00007ffbea840000 - 0x00007ffbea88a000 	C:\WINDOWS\System32\powrprof.dll
0x00007ffbea7e0000 - 0x00007ffbea7f0000 	C:\WINDOWS\System32\UMPDC.dll
0x00007ffbec8d0000 - 0x00007ffbec922000 	C:\WINDOWS\System32\shlwapi.dll
0x00007ffbeb5a0000 - 0x00007ffbeb5b7000 	C:\WINDOWS\System32\cryptsp.dll
0x00007ffbdd120000 - 0x00007ffbdd139000 	C:\Program Files\Java\jdk-11.0.1\bin\net.dll
0x00007ffbe1b80000 - 0x00007ffbe1c70000 	C:\WINDOWS\SYSTEM32\WINHTTP.dll
0x00007ffbe9ff0000 - 0x00007ffbea057000 	C:\WINDOWS\system32\mswsock.dll
0x00007ffbdc4d0000 - 0x00007ffbdc4e3000 	C:\Program Files\Java\jdk-11.0.1\bin\nio.dll
0x0000000065ac0000 - 0x0000000065b0b000 	C:\Users\Google\AppData\Local\Temp\libgdxKareem\7d76f548\gdx64.dll
0x00007ffbe9b60000 - 0x00007ffbe9b93000 	C:\WINDOWS\system32\rsaenh.dll
0x00007ffbeb850000 - 0x00007ffbeb876000 	C:\WINDOWS\System32\bcrypt.dll
0x00007ffbea6d0000 - 0x00007ffbea6f5000 	C:\WINDOWS\SYSTEM32\USERENV.dll
0x00007ffbea1c0000 - 0x00007ffbea1cc000 	C:\WINDOWS\SYSTEM32\CRYPTBASE.dll
0x00007ffbe9d00000 - 0x00007ffbe9d3a000 	C:\WINDOWS\SYSTEM32\IPHLPAPI.DLL
0x00007ffbec770000 - 0x00007ffbec778000 	C:\WINDOWS\System32\NSI.dll
0x00007ffbe3d00000 - 0x00007ffbe3d16000 	C:\WINDOWS\SYSTEM32\dhcpcsvc6.DLL
0x00007ffbe3b00000 - 0x00007ffbe3b1c000 	C:\WINDOWS\SYSTEM32\dhcpcsvc.DLL
0x00007ffbe9d40000 - 0x00007ffbe9e0b000 	C:\WINDOWS\SYSTEM32\DNSAPI.dll
0x0000000180000000 - 0x0000000180053000 	C:\Users\Google\AppData\Local\Temp\libgdxKareem\1cecf4f6\lwjgl64.dll
0x00007ffbbd9d0000 - 0x00007ffbbdb26000 	C:\WINDOWS\SYSTEM32\OPENGL32.dll
0x00007ffbd0890000 - 0x00007ffbd08bc000 	C:\WINDOWS\SYSTEM32\GLU32.dll
0x00007ffbe9590000 - 0x00007ffbe95b0000 	C:\WINDOWS\SYSTEM32\dxcore.dll
0x000001994b900000 - 0x000001994b964000 	C:\Users\Google\AppData\Local\Temp\libgdxKareem\1cecf4f6\OpenAL64.dll
0x00007ffbebf90000 - 0x00007ffbec0e7000 	C:\WINDOWS\System32\ole32.dll
0x00007ffbe8cc0000 - 0x00007ffbe8d59000 	C:\WINDOWS\system32\uxtheme.dll
0x00007ffbec6c0000 - 0x00007ffbec762000 	C:\WINDOWS\System32\clbcatq.dll
0x00007ffbb15d0000 - 0x00007ffbb1669000 	C:\WINDOWS\SYSTEM32\dsound.dll
0x00007ffbe56a0000 - 0x00007ffbe5712000 	C:\WINDOWS\System32\MMDevApi.dll
0x00007ffbea580000 - 0x00007ffbea5aa000 	C:\WINDOWS\System32\DEVOBJ.dll
0x00007ffbe5f80000 - 0x00007ffbe60dd000 	C:\WINDOWS\SYSTEM32\AUDIOSES.DLL
0x00007ffbebcd0000 - 0x00007ffbebd95000 	C:\WINDOWS\System32\OLEAUT32.dll
0x00007ffbe6910000 - 0x00007ffbe6a63000 	C:\WINDOWS\SYSTEM32\wintypes.dll
0x00007ffbe8ca0000 - 0x00007ffbe8cb4000 	C:\WINDOWS\SYSTEM32\resourcepolicyclient.dll
0x00007ffbe64b0000 - 0x00007ffbe655e000 	C:\WINDOWS\SYSTEM32\mscms.dll
0x00007ffbe6490000 - 0x00007ffbe64a7000 	C:\WINDOWS\SYSTEM32\ColorAdapterClient.dll
0x00007ffbe14e0000 - 0x00007ffbe14fa000 	C:\Windows\System32\Windows.Internal.Graphics.Display.DisplayColorManagement.dll
0x00007ffbec780000 - 0x00007ffbec8b5000 	C:\WINDOWS\System32\MSCTF.dll
0x00007ffbe2b30000 - 0x00007ffbe2bce000 	C:\WINDOWS\System32\TextInputFramework.dll
0x00007ffbe49b0000 - 0x00007ffbe4cda000 	C:\WINDOWS\System32\CoreUIComponents.dll
0x00007ffbe7e70000 - 0x00007ffbe7f44000 	C:\WINDOWS\System32\CoreMessaging.dll
0x00007ffbe9840000 - 0x00007ffbe9871000 	C:\WINDOWS\SYSTEM32\ntmarta.dll
0x00007ffbdc060000 - 0x00007ffbdc306000 	C:\WINDOWS\System32\iertutil.dll
0x00007ffbdb170000 - 0x00007ffbdb188000 	C:\WINDOWS\SYSTEM32\atig6pxx.dll
0x000000005b350000 - 0x000000005d150000 	C:\WINDOWS\SYSTEM32\atio6axx.dll
0x00007ffbec930000 - 0x00007ffbecda0000 	C:\WINDOWS\System32\SETUPAPI.dll
0x00007ffbe9030000 - 0x00007ffbe905d000 	C:\WINDOWS\SYSTEM32\dwmapi.dll
0x00007ffbb7ce0000 - 0x00007ffbb7e20000 	C:\WINDOWS\SYSTEM32\atiadlxx.dll
0x00007ffbe72e0000 - 0x00007ffbe73d0000 	C:\WINDOWS\SYSTEM32\PROPSYS.dll
0x00007ffbe6850000 - 0x00007ffbe6863000 	C:\WINDOWS\SYSTEM32\WTSAPI32.dll
0x00007ffbeadc0000 - 0x00007ffbeae1c000 	C:\WINDOWS\System32\WINTRUST.dll
0x00007ffbea820000 - 0x00007ffbea832000 	C:\WINDOWS\System32\MSASN1.dll
0x00007ffbeb880000 - 0x00007ffbeb9c9000 	C:\WINDOWS\System32\CRYPT32.dll
0x00007ffbc75a0000 - 0x00007ffbc75cc000 	C:\WINDOWS\SYSTEM32\atig6txx.dll
0x00007ffbbeb70000 - 0x00007ffbbebb3000 	C:\WINDOWS\SYSTEM32\icm32.dll
0x000000006e9c0000 - 0x000000006ea1b000 	C:\Users\Google\AppData\Local\Temp\libgdxKareem\b8f13a6a\gdx-box2d64.dll

dbghelp: loaded successfully - version: 4.0.5 - missing functions: none
symbol engine: initialized successfully - sym options: 0x614 - pdb path: .;C:\Program Files\Java\jdk-11.0.1\bin;C:\WINDOWS\SYSTEM32;C:\WINDOWS\WinSxS\amd64_microsoft.windows.common-controls_6595b64144ccf1df_6.0.18362.900_none_e6beb9d913147d17;C:\Program Files\Java\jdk-11.0.1\bin\server;C:\Users\Google\AppData\Local\Temp\libgdxKareem\7d76f548;C:\Users\Google\AppData\Local\Temp\libgdxKareem\1cecf4f6;C:\Users\Google\AppData\Local\Temp\libgdxKareem\b8f13a6a

VM Arguments:
jvm_args: -Dfile.encoding=windows-1252 -Duser.country=US -Duser.language=en -Duser.variant 
java_command: com.Launcher.desktop.DesktopLauncher
java_class_path (initial): C:\Users\Google\Documents\NetBeansProjects\Disney's Hercules\desktop\build\classes\java\main;C:\Users\Google\Documents\NetBeansProjects\Disney's Hercules\desktop\build\resources\main;C:\Users\Google\.gradle\caches\modules-2\files-2.1\com.badlogicgames.gdx\gdx-tools\1.9.10\67524f012868e0cff57531b5bfda2781d00c6b1f\gdx-tools-1.9.10.jar;C:\Users\Google\.gradle\caches\modules-2\files-2.1\com.badlogicgames.gdx\gdx-backend-lwjgl\1.9.10\8f88abd43500d94c486d25f04d642318da72773a\gdx-backend-lwjgl-1.9.10.jar;C:\Users\Google\.gradle\caches\modules-2\files-2.1\com.badlogicgames.gdx\gdx-platform\1.9.10\1907b49f8363dd1ee37d273854a9cc3c741a6e66\gdx-platform-1.9.10-natives-desktop.jar;C:\Users\Google\.gradle\caches\modules-2\files-2.1\com.badlogicgames.gdx\gdx-box2d-platform\1.9.10\91b19c283b24eec646a18e0e7b940c829920df4f\gdx-box2d-platform-1.9.10-natives-desktop.jar;C:\Users\Google\Documents\NetBeansProjects\Disney's Hercules\core\build\libs\core-1.0.jar;C:\Users\Google\.gradle\caches\modules-2\files-2.1\com.badlogicgames.gdx\gdx-backend-headless\1.9.10\d357526e6bb3d36b01b4f833ab42588e5285d487\gdx-backend-headless-1.9.10.jar;C:\Users\Google\.gradle\caches\modules-2\files-2.1\com.badlogicgames.gdx\gdx-freetype\1.9.10\8853e4f08589a9feb4b851187909cfde8810e491\gdx-freetype-1.9.10.jar;C:\Users\Google\.gradle\caches\modules-2\files-2.1\com.badlogicgames.gdx\gdx-box2d\1.9.10\d68a7a3484d47529a8d23cd467579eb098b38a9e\gdx-box2d-1.9.10.jar;C:\Users\Google\.gradle\caches\modules-2\files-2.1\com.badlogicgames.gdx\gdx\1.9.10\79d9ad27bd5e3eb18c9ade61d3a27d7237695d53\gdx-1.9.10.jar;C:\Users\Google\.gradle\caches\modules-2\files-2.1\org.lwjgl.lwjgl\lwjgl_util\2.9.3\751f06b62424da056954c67288fd5c494431e350\lwjgl_util-2.9.3.jar;C:\Users\Google\.gradle\caches\modules-2\files-2.1\org.lwjgl.lwjgl\lwjgl\2.9.3\3df168ac74e4a8c96562cdff24ad352e255bf89c\lwjgl-2.9.3.jar;C:\Users\Google\.gradle\caches\modules-2\files-2.1\com.badlogicgames.jlayer\jlayer\1.0.1-gdx\7cca83cec5c1b2f0113
Launcher Type: SUN_STANDARD

[Global flags]
     intx CICompilerCount                          = 3                                         {product} {ergonomic}
     uint ConcGCThreads                            = 1                                         {product} {ergonomic}
     uint G1ConcRefinementThreads                  = 4                                         {product} {ergonomic}
   size_t G1HeapRegionSize                         = 1048576                                   {product} {ergonomic}
    uintx GCDrainStackTargetSize                   = 64                                        {product} {ergonomic}
   size_t InitialHeapSize                          = 134217728                                 {product} {ergonomic}
   size_t MarkStackSize                            = 4194304                                   {product} {ergonomic}
   size_t MaxHeapSize                              = 2130706432                                {product} {ergonomic}
   size_t MaxNewSize                               = 1278214144                                {product} {ergonomic}
   size_t MinHeapDeltaBytes                        = 1048576                                   {product} {ergonomic}
    uintx NonNMethodCodeHeapSize                   = 5830092                                {pd product} {ergonomic}
    uintx NonProfiledCodeHeapSize                  = 122914074                              {pd product} {ergonomic}
    uintx ProfiledCodeHeapSize                     = 122914074                              {pd product} {ergonomic}
    uintx ReservedCodeCacheSize                    = 251658240                              {pd product} {ergonomic}
     bool SegmentedCodeCache                       = true                                      {product} {ergonomic}
     bool UseCompressedClassPointers               = true                                 {lp64_product} {ergonomic}
     bool UseCompressedOops                        = true                                 {lp64_product} {ergonomic}
     bool UseG1GC                                  = true                                      {product} {ergonomic}
     bool UseLargePagesIndividualAllocation        = false                                  {pd product} {ergonomic}

Logging:
Log output configuration:
 #0: stdout all=warning uptime,level,tags
 #1: stderr all=off uptime,level,tags

Environment Variables:
JAVA_HOME=C:\Program Files\Java\jdk-13.0.2
CLASSPATH=.;.;C:\PROGRA~2\JMF21~1.1E\lib\sound.jar;C:\PROGRA~2\JMF21~1.1E\lib\jmf.jar;C:\PROGRA~2\JMF21~1.1E\lib;
PATH="C:\Windows\System32;";C:\MinGW\bin;C:\MinGW\libexec\gcc\x86_64-w64-mingw32\8.1.0;C:\Program Files (x86)\Common Files\Oracle\Java\javapath;C:\WINDOWS\system32;C:\WINDOWS;C:\WINDOWS\System32\Wbem;C:\WINDOWS\System32\WindowsPowerShell\v1.0\;C:\WINDOWS\System32\OpenSSH\;C:\Program Files\Microsoft\Web Platform Installer\;C:\Program Files (x86)\Microsoft ASP.NET\ASP.NET Web Pages\v1.0\;C:\Program Files (x86)\Windows Kits\8.1\Windows Performance Toolkit\;C:\Program Files (x86)\Microsoft SDKs\TypeScript\1.0\;C:\Program Files (x86)\Microsoft Visual Studio 12.0\VC\bin;C:\Program Files (x86)\Brackets\command;C:\Program Files\Microsoft SQL Server\Client SDK\ODBC\130\Tools\Binn\;C:\Program Files (x86)\Microsoft SQL Server\140\Tools\Binn\;C:\Program Files\Microsoft SQL Server\140\Tools\Binn\;C:\Program Files\Microsoft SQL Server\140\DTS\Binn\;C:\Program Files\Java\jdk-13.0.2\bin;C:\Program Files\Cmder;C:\Users\Google\AppData\Local\Microsoft\WindowsApps;
USERNAME=Kareem
OS=Windows_NT
PROCESSOR_IDENTIFIER=Intel64 Family 6 Model 58 Stepping 9, GenuineIntel



---------------  S Y S T E M  ---------------

OS: Windows 10 , 64 bit Build 18362 (10.0.18362.900)

CPU:total 4 (initial active 4) (2 cores per cpu, 2 threads per core) family 6 model 58 stepping 9, cmov, cx8, fxsr, mmx, sse, sse2, sse3, ssse3, sse4.1, sse4.2, popcnt, avx, aes, clmul, erms, ht, tsc, tscinvbit, tscinv

Memory: 4k page, system-wide physical 8124M (2401M free)
TotalPageFile size 13477M (AvailPageFile size 4093M)
current process WorkingSet (physical memory assigned to process): 350M, peak: 359M
current process commit charge ("private bytes"): 532M, peak: 542M

vm_info: Java HotSpot(TM) 64-Bit Server VM (11.0.1+13-LTS) for windows-amd64 JRE (11.0.1+13-LTS), built on Oct  6 2018 13:20:16 by "mach5one" with MS VC++ 15.5 (VS2017)

END.
