#
# A fatal error has been detected by the Java Runtime Environment:
#
#  EXCEPTION_ACCESS_VIOLATION (0xc0000005) at pc=0x000000006c5abb41, pid=9324, tid=5756
#
# JRE version: Java(TM) SE Runtime Environment (11.0.1+13) (build 11.0.1+13-LTS)
# Java VM: Java HotSpot(TM) 64-Bit Server VM (11.0.1+13-LTS, mixed mode, tiered, compressed oops, g1 gc, windows-amd64)
# Problematic frame:
# C  [atio6axx.dll+0xbbbb41]
#
# No core dump will be written. Minidumps are not enabled by default on client versions of Windows
#
# If you would like to submit a bug report, please visit:
#   http://bugreport.java.com/bugreport/crash.jsp
# The crash happened outside the Java Virtual Machine in native code.
# See problematic frame for where to report the bug.
#

---------------  S U M M A R Y ------------

Command Line: -Dfile.encoding=windows-1252 -Duser.country=US -Duser.language=en -Duser.variant com.Launcher.desktop.DesktopLauncher

Host: Intel(R) Core(TM) i5-3360M CPU @ 2.80GHz, 4 cores, 7G,  Windows 10 , 64 bit Build 18362 (10.0.18362.900)
Time: Thu Jul  9 21:28:09 2020 Egypt Standard Time elapsed time: 219 seconds (0d 0h 3m 39s)

---------------  T H R E A D  ---------------

Current thread (0x0000014a4a49c000):  JavaThread "LWJGL Application" [_thread_in_native, id=5756, stack(0x0000003aa2100000,0x0000003aa2200000)]

Stack: [0x0000003aa2100000,0x0000003aa2200000],  sp=0x0000003aa21fda70,  free space=1014k
Native frames: (J=compiled Java code, j=interpreted, Vv=VM code, C=native code)
C  [atio6axx.dll+0xbbbb41]

Java frames: (J=compiled Java code, j=interpreted, Vv=VM code)
J 1096  org.lwjgl.opengl.GL11.nglBindTexture(IIJ)V (0 bytes) @ 0x0000014a3ab05d89 [0x0000014a3ab05d40+0x0000000000000049]
J 1668 c2 com.badlogic.gdx.graphics.g2d.SpriteBatch.flush()V (193 bytes) @ 0x0000014a3ab85c54 [0x0000014a3ab85b60+0x00000000000000f4]
J 1691 c2 com.badlogic.gdx.graphics.g2d.Sprite.draw(Lcom/badlogic/gdx/graphics/g2d/Batch;)V (18 bytes) @ 0x0000014a3ab8c8ec [0x0000014a3ab8c780+0x000000000000016c]
J 2436 c2 Screens.Level2.render(F)V (590 bytes) @ 0x0000014a3acdea08 [0x0000014a3acdcee0+0x0000000000001b28]
J 2461 c2 com.Hercules.game.Main.render()V (5 bytes) @ 0x0000014a3acfe62c [0x0000014a3acfe5c0+0x000000000000006c]
j  com.badlogic.gdx.backends.lwjgl.LwjglApplication.mainLoop()V+770
j  com.badlogic.gdx.backends.lwjgl.LwjglApplication$1.run()V+27
v  ~StubRoutines::call_stub

siginfo: EXCEPTION_ACCESS_VIOLATION (0xc0000005), reading address 0x0000000000000000


Register to memory mapping:

RIP=0x000000006c5abb41 atio6axx.dll
RAX=0x0000014a50b99a10 points into unknown readable memory
RBX=0x0000014a03f12c40 points into unknown readable memory
RCX=0x0 is NULL
RDX=0x0000014a4c302c60 points into unknown readable memory
RSP=0x0000003aa21fda70 is pointing into the stack for thread: 0x0000014a4a49c000
RBP=0x0000014a4c302c60 points into unknown readable memory
RSI=0x0000014a4a534170 points into unknown readable memory
RDI=0x0000000000002700 is an unknown value
R8 =0x0 is NULL
R9 =0x0000000000000001 is an unknown value
R10=0x0000000000008000 is an unknown value
R11=0x0000003aa21fd920 is pointing into the stack for thread: 0x0000014a4a49c000
R12=0x0000014a4c302c60 points into unknown readable memory
R13=0x0000014a4c0507f0 points into unknown readable memory
R14=0x00000000001eef00 is an unknown value
R15=0x0000014a4a403180 points into unknown readable memory


Registers:
RAX=0x0000014a50b99a10, RBX=0x0000014a03f12c40, RCX=0x0000000000000000, RDX=0x0000014a4c302c60
RSP=0x0000003aa21fda70, RBP=0x0000014a4c302c60, RSI=0x0000014a4a534170, RDI=0x0000000000002700
R8 =0x0000000000000000, R9 =0x0000000000000001, R10=0x0000000000008000, R11=0x0000003aa21fd920
R12=0x0000014a4c302c60, R13=0x0000014a4c0507f0, R14=0x00000000001eef00, R15=0x0000014a4a403180
RIP=0x000000006c5abb41, EFLAGS=0x0000000000010246

Top of Stack: (sp=0x0000003aa21fda70)
0x0000003aa21fda70:   0000014a50b99ef0 0000000000000235
0x0000003aa21fda80:   0000000000000000 000000006ca66154
0x0000003aa21fda90:   0000014a4c302c60 000000006c5ab890
0x0000003aa21fdaa0:   0000014a4a48e910 0000014a4a400ea0
0x0000003aa21fdab0:   00000000000ec270 0000000000000000
0x0000003aa21fdac0:   0000014a4c302c60 000000006c565f15
0x0000003aa21fdad0:   0000000000000000 0000000000000002
0x0000003aa21fdae0:   00000000000ec270 0000014a4a48e2d0
0x0000003aa21fdaf0:   000000003f4ccccd 0000000000000000
0x0000003aa21fdb00:   0000014a4c302c60 000000006c5661f1
0x0000003aa21fdb10:   0000000000000002 00000000000ec270
0x0000003aa21fdb20:   0000000000000002 0000003aa21fdb60
0x0000003aa21fdb30:   00000000000ec270 000000006c52e311
0x0000003aa21fdb40:   0000000100000000 0000000000000002
0x0000003aa21fdb50:   000000003f4ccccd 0000000000000000
0x0000003aa21fdb60:   0000014a4c0507f0 0000014a4c302c60 

Instructions: (pc=0x000000006c5abb41)
0x000000006c5abb21:   74 36 66 66 66 66 66 0f 1f 84 00 00 00 00 00 48
0x000000006c5abb31:   8b 33 48 8b 5b 08 45 33 c0 48 8b 4e 20 48 8b d5
0x000000006c5abb41:   48 8b 01 ff 10 85 c0 74 0a 48 8b 46 18 8b 48 08
0x000000006c5abb51:   48 03 f9 48 85 db 75 d7 49 8d 04 3e eb 0c 4c 8b 



---------------  P R O C E S S  ---------------

Threads class SMR info:
_java_thread_list=0x0000014a50c40350, length=13, elements={
0x0000014a49023800, 0x0000014a4902c800, 0x0000014a499a3000, 0x0000014a49041000,
0x0000014a49044000, 0x0000014a4905e000, 0x0000014a499fb800, 0x0000014a49aee800,
0x0000014a49afa000, 0x0000014a4a49c000, 0x0000014a2ac86800, 0x0000014a4c667800,
0x0000014a4c66b000
}

Java Threads: ( => current thread )
  0x0000014a49023800 JavaThread "Reference Handler" daemon [_thread_blocked, id=6176, stack(0x0000003aa1400000,0x0000003aa1500000)]
  0x0000014a4902c800 JavaThread "Finalizer" daemon [_thread_blocked, id=9752, stack(0x0000003aa1500000,0x0000003aa1600000)]
  0x0000014a499a3000 JavaThread "Signal Dispatcher" daemon [_thread_blocked, id=9668, stack(0x0000003aa1600000,0x0000003aa1700000)]
  0x0000014a49041000 JavaThread "Attach Listener" daemon [_thread_blocked, id=5916, stack(0x0000003aa1700000,0x0000003aa1800000)]
  0x0000014a49044000 JavaThread "C2 CompilerThread0" daemon [_thread_blocked, id=9600, stack(0x0000003aa1800000,0x0000003aa1900000)]
  0x0000014a4905e000 JavaThread "C1 CompilerThread0" daemon [_thread_blocked, id=5648, stack(0x0000003aa1900000,0x0000003aa1a00000)]
  0x0000014a499fb800 JavaThread "Sweeper thread" daemon [_thread_blocked, id=7852, stack(0x0000003aa1a00000,0x0000003aa1b00000)]
  0x0000014a49aee800 JavaThread "Service Thread" daemon [_thread_blocked, id=10420, stack(0x0000003aa1b00000,0x0000003aa1c00000)]
  0x0000014a49afa000 JavaThread "Common-Cleaner" daemon [_thread_blocked, id=10636, stack(0x0000003aa1d00000,0x0000003aa1e00000)]
=>0x0000014a4a49c000 JavaThread "LWJGL Application" [_thread_in_native, id=5756, stack(0x0000003aa2100000,0x0000003aa2200000)]
  0x0000014a2ac86800 JavaThread "DestroyJavaVM" [_thread_blocked, id=1732, stack(0x0000003aa0d00000,0x0000003aa0e00000)]
  0x0000014a4c667800 JavaThread "AssetManager" daemon [_thread_blocked, id=2996, stack(0x0000003aa2600000,0x0000003aa2700000)]
  0x0000014a4c66b000 JavaThread "LWJGL Timer" daemon [_thread_blocked, id=11028, stack(0x0000003aa2b00000,0x0000003aa2c00000)]

Other Threads:
  0x0000014a48ffb800 VMThread "VM Thread" [stack: 0x0000003aa1300000,0x0000003aa1400000] [id=7232]
  0x0000014a49afe800 WatcherThread [stack: 0x0000003aa1c00000,0x0000003aa1d00000] [id=10440]
  0x0000014a2ac9f000 GCTaskThread "GC Thread#0" [stack: 0x0000003aa0e00000,0x0000003aa0f00000] [id=3016]
  0x0000014a4c809800 GCTaskThread "GC Thread#1" [stack: 0x0000003aa2800000,0x0000003aa2900000] [id=9588]
  0x0000014a4c819800 GCTaskThread "GC Thread#2" [stack: 0x0000003aa2900000,0x0000003aa2a00000] [id=1748]
  0x0000014a4c99b800 GCTaskThread "GC Thread#3" [stack: 0x0000003aa2a00000,0x0000003aa2b00000] [id=9296]
  0x0000014a2acce800 ConcurrentGCThread "G1 Main Marker" [stack: 0x0000003aa0f00000,0x0000003aa1000000] [id=6924]
  0x0000014a2accf800 ConcurrentGCThread "G1 Conc#0" [stack: 0x0000003aa1000000,0x0000003aa1100000] [id=7152]
  0x0000014a2ad54000 ConcurrentGCThread "G1 Refine#0" [stack: 0x0000003aa1100000,0x0000003aa1200000] [id=1728]
  0x0000014a4c83a000 ConcurrentGCThread "G1 Refine#1" [stack: 0x0000003aa2700000,0x0000003aa2800000] [id=3244]
  0x0000014a48e70800 ConcurrentGCThread "G1 Young RemSet Sampling" [stack: 0x0000003aa1200000,0x0000003aa1300000] [id=720]

Threads with active compile tasks:

VM state:not at safepoint (normal execution)

VM Mutex/Monitor currently owned by a thread: None

Heap address: 0x0000000081000000, size: 2032 MB, Compressed Oops mode: 32-bit
Narrow klass base: 0x0000000000000000, Narrow klass shift: 3
Compressed class space size: 1073741824 Address: 0x0000000100000000

Heap:
 garbage-first heap   total 197632K, used 95232K [0x0000000081000000, 0x0000000100000000)
  region size 1024K, 50 young (51200K), 6 survivors (6144K)
 Metaspace       used 14306K, capacity 14467K, committed 14592K, reserved 1062912K
  class space    used 1173K, capacity 1227K, committed 1280K, reserved 1048576K
Heap Regions: E=young(eden), S=young(survivor), O=old, HS=humongous(starts), HC=humongous(continues), CS=collection set, F=free, A=archive, TAMS=top-at-mark-start (previous, next)
|   0|0x0000000081000000, 0x0000000081100000, 0x0000000081100000|100%| O|  |TAMS 0x0000000081100000, 0x0000000081000000| Untracked 
|   1|0x0000000081100000, 0x0000000081200000, 0x0000000081200000|100%| O|  |TAMS 0x0000000081200000, 0x0000000081100000| Untracked 
|   2|0x0000000081200000, 0x0000000081300000, 0x0000000081300000|100%| O|  |TAMS 0x0000000081300000, 0x0000000081200000| Untracked 
|   3|0x0000000081300000, 0x0000000081400000, 0x0000000081400000|100%|HS|  |TAMS 0x0000000081400000, 0x0000000081300000| Complete 
|   4|0x0000000081400000, 0x0000000081500000, 0x0000000081500000|100%|HC|  |TAMS 0x0000000081500000, 0x0000000081400000| Complete 
|   5|0x0000000081500000, 0x0000000081600000, 0x0000000081600000|100%|HS|  |TAMS 0x0000000081600000, 0x0000000081500000| Complete 
|   6|0x0000000081600000, 0x0000000081700000, 0x0000000081700000|100%|HC|  |TAMS 0x0000000081700000, 0x0000000081600000| Complete 
|   7|0x0000000081700000, 0x0000000081800000, 0x0000000081800000|100%|HS|  |TAMS 0x0000000081800000, 0x0000000081700000| Complete 
|   8|0x0000000081800000, 0x0000000081900000, 0x0000000081900000|100%|HC|  |TAMS 0x0000000081900000, 0x0000000081800000| Complete 
|   9|0x0000000081900000, 0x0000000081a00000, 0x0000000081a00000|100%|HS|  |TAMS 0x0000000081a00000, 0x0000000081900000| Complete 
|  10|0x0000000081a00000, 0x0000000081b00000, 0x0000000081b00000|100%|HC|  |TAMS 0x0000000081b00000, 0x0000000081a00000| Complete 
|  11|0x0000000081b00000, 0x0000000081c00000, 0x0000000081c00000|100%|HS|  |TAMS 0x0000000081c00000, 0x0000000081b00000| Complete 
|  12|0x0000000081c00000, 0x0000000081d00000, 0x0000000081d00000|100%|HC|  |TAMS 0x0000000081d00000, 0x0000000081c00000| Complete 
|  13|0x0000000081d00000, 0x0000000081e00000, 0x0000000081e00000|100%|HS|  |TAMS 0x0000000081e00000, 0x0000000081d00000| Complete 
|  14|0x0000000081e00000, 0x0000000081f00000, 0x0000000081f00000|100%|HC|  |TAMS 0x0000000081f00000, 0x0000000081e00000| Complete 
|  15|0x0000000081f00000, 0x0000000082000000, 0x0000000082000000|100%|HS|  |TAMS 0x0000000082000000, 0x0000000081f00000| Complete 
|  16|0x0000000082000000, 0x0000000082100000, 0x0000000082100000|100%|HC|  |TAMS 0x0000000082100000, 0x0000000082000000| Complete 
|  17|0x0000000082100000, 0x0000000082200000, 0x0000000082200000|100%|HS|  |TAMS 0x0000000082200000, 0x0000000082100000| Complete 
|  18|0x0000000082200000, 0x0000000082300000, 0x0000000082300000|100%|HC|  |TAMS 0x0000000082300000, 0x0000000082200000| Complete 
|  19|0x0000000082300000, 0x0000000082400000, 0x0000000082400000|100%|HS|  |TAMS 0x0000000082400000, 0x0000000082300000| Complete 
|  20|0x0000000082400000, 0x0000000082500000, 0x0000000082500000|100%|HC|  |TAMS 0x0000000082500000, 0x0000000082400000| Complete 
|  21|0x0000000082500000, 0x0000000082600000, 0x0000000082600000|100%|HS|  |TAMS 0x0000000082600000, 0x0000000082500000| Complete 
|  22|0x0000000082600000, 0x0000000082700000, 0x0000000082700000|100%|HC|  |TAMS 0x0000000082700000, 0x0000000082600000| Complete 
|  23|0x0000000082700000, 0x0000000082700000, 0x0000000082800000|  0%| F|  |TAMS 0x0000000082700000, 0x0000000082700000| Untracked 
|  24|0x0000000082800000, 0x0000000082800000, 0x0000000082900000|  0%| F|  |TAMS 0x0000000082800000, 0x0000000082800000| Untracked 
|  25|0x0000000082900000, 0x0000000082900000, 0x0000000082a00000|  0%| F|  |TAMS 0x0000000082900000, 0x0000000082900000| Untracked 
|  26|0x0000000082a00000, 0x0000000082a00000, 0x0000000082b00000|  0%| F|  |TAMS 0x0000000082a00000, 0x0000000082a00000| Untracked 
|  27|0x0000000082b00000, 0x0000000082b00000, 0x0000000082c00000|  0%| F|  |TAMS 0x0000000082b00000, 0x0000000082b00000| Untracked 
|  28|0x0000000082c00000, 0x0000000082c00000, 0x0000000082d00000|  0%| F|  |TAMS 0x0000000082c00000, 0x0000000082c00000| Untracked 
|  29|0x0000000082d00000, 0x0000000082d00000, 0x0000000082e00000|  0%| F|  |TAMS 0x0000000082d00000, 0x0000000082d00000| Untracked 
|  30|0x0000000082e00000, 0x0000000082e00000, 0x0000000082f00000|  0%| F|  |TAMS 0x0000000082e00000, 0x0000000082e00000| Untracked 
|  31|0x0000000082f00000, 0x0000000082f00000, 0x0000000083000000|  0%| F|  |TAMS 0x0000000082f00000, 0x0000000082f00000| Untracked 
|  32|0x0000000083000000, 0x0000000083000000, 0x0000000083100000|  0%| F|  |TAMS 0x0000000083000000, 0x0000000083000000| Untracked 
|  33|0x0000000083100000, 0x0000000083100000, 0x0000000083200000|  0%| F|  |TAMS 0x0000000083100000, 0x0000000083100000| Untracked 
|  34|0x0000000083200000, 0x0000000083200000, 0x0000000083300000|  0%| F|  |TAMS 0x0000000083200000, 0x0000000083200000| Untracked 
|  35|0x0000000083300000, 0x0000000083300000, 0x0000000083400000|  0%| F|  |TAMS 0x0000000083300000, 0x0000000083300000| Untracked 
|  36|0x0000000083400000, 0x0000000083400000, 0x0000000083500000|  0%| F|  |TAMS 0x0000000083400000, 0x0000000083400000| Untracked 
|  37|0x0000000083500000, 0x0000000083500000, 0x0000000083600000|  0%| F|  |TAMS 0x0000000083500000, 0x0000000083500000| Untracked 
|  38|0x0000000083600000, 0x0000000083600000, 0x0000000083700000|  0%| F|  |TAMS 0x0000000083600000, 0x0000000083600000| Untracked 
|  39|0x0000000083700000, 0x0000000083700000, 0x0000000083800000|  0%| F|  |TAMS 0x0000000083700000, 0x0000000083700000| Untracked 
|  40|0x0000000083800000, 0x0000000083800000, 0x0000000083900000|  0%| F|  |TAMS 0x0000000083800000, 0x0000000083800000| Untracked 
|  41|0x0000000083900000, 0x0000000083900000, 0x0000000083a00000|  0%| F|  |TAMS 0x0000000083900000, 0x0000000083900000| Untracked 
|  42|0x0000000083a00000, 0x0000000083a00000, 0x0000000083b00000|  0%| F|  |TAMS 0x0000000083a00000, 0x0000000083a00000| Untracked 
|  43|0x0000000083b00000, 0x0000000083c00000, 0x0000000083c00000|100%| O|  |TAMS 0x0000000083c00000, 0x0000000083b00000| Untracked 
|  44|0x0000000083c00000, 0x0000000083d00000, 0x0000000083d00000|100%| O|  |TAMS 0x0000000083d00000, 0x0000000083c00000| Untracked 
|  45|0x0000000083d00000, 0x0000000083e00000, 0x0000000083e00000|100%| O|  |TAMS 0x0000000083e00000, 0x0000000083d00000| Untracked 
|  46|0x0000000083e00000, 0x0000000083f00000, 0x0000000083f00000|100%| O|  |TAMS 0x0000000083f00000, 0x0000000083e00000| Untracked 
|  47|0x0000000083f00000, 0x0000000084000000, 0x0000000084000000|100%| O|  |TAMS 0x0000000084000000, 0x0000000083f00000| Untracked 
|  48|0x0000000084000000, 0x0000000084100000, 0x0000000084100000|100%| O|  |TAMS 0x0000000084100000, 0x0000000084000000| Untracked 
|  49|0x0000000084100000, 0x0000000084200000, 0x0000000084200000|100%| O|  |TAMS 0x0000000084200000, 0x0000000084100000| Untracked 
|  50|0x0000000084200000, 0x0000000084300000, 0x0000000084300000|100%| O|  |TAMS 0x0000000084300000, 0x0000000084200000| Untracked 
|  51|0x0000000084300000, 0x0000000084400000, 0x0000000084400000|100%| O|  |TAMS 0x0000000084400000, 0x0000000084300000| Untracked 
|  52|0x0000000084400000, 0x0000000084500000, 0x0000000084500000|100%| O|  |TAMS 0x0000000084500000, 0x0000000084400000| Untracked 
|  53|0x0000000084500000, 0x0000000084600000, 0x0000000084600000|100%| O|  |TAMS 0x0000000084600000, 0x0000000084500000| Untracked 
|  54|0x0000000084600000, 0x0000000084600000, 0x0000000084700000|  0%| F|  |TAMS 0x0000000084600000, 0x0000000084600000| Untracked 
|  55|0x0000000084700000, 0x0000000084700000, 0x0000000084800000|  0%| F|  |TAMS 0x0000000084700000, 0x0000000084700000| Untracked 
|  56|0x0000000084800000, 0x0000000084800000, 0x0000000084900000|  0%| F|  |TAMS 0x0000000084800000, 0x0000000084800000| Untracked 
|  57|0x0000000084900000, 0x0000000084900000, 0x0000000084a00000|  0%| F|  |TAMS 0x0000000084900000, 0x0000000084900000| Untracked 
|  58|0x0000000084a00000, 0x0000000084a00000, 0x0000000084b00000|  0%| F|  |TAMS 0x0000000084a00000, 0x0000000084a00000| Untracked 
|  59|0x0000000084b00000, 0x0000000084b00000, 0x0000000084c00000|  0%| F|  |TAMS 0x0000000084b00000, 0x0000000084b00000| Untracked 
|  60|0x0000000084c00000, 0x0000000084c00000, 0x0000000084d00000|  0%| F|  |TAMS 0x0000000084c00000, 0x0000000084c00000| Untracked 
|  61|0x0000000084d00000, 0x0000000084d00000, 0x0000000084e00000|  0%| F|  |TAMS 0x0000000084d00000, 0x0000000084d00000| Untracked 
|  62|0x0000000084e00000, 0x0000000084e00000, 0x0000000084f00000|  0%| F|  |TAMS 0x0000000084e00000, 0x0000000084e00000| Untracked 
|  63|0x0000000084f00000, 0x0000000084f00000, 0x0000000085000000|  0%| F|  |TAMS 0x0000000084f00000, 0x0000000084f00000| Untracked 
|  64|0x0000000085000000, 0x0000000085000000, 0x0000000085100000|  0%| F|  |TAMS 0x0000000085000000, 0x0000000085000000| Untracked 
|  65|0x0000000085100000, 0x0000000085200000, 0x0000000085200000|100%| S|CS|TAMS 0x0000000085100000, 0x0000000085100000| Complete 
|  66|0x0000000085200000, 0x0000000085300000, 0x0000000085300000|100%| S|CS|TAMS 0x0000000085200000, 0x0000000085200000| Complete 
|  67|0x0000000085300000, 0x0000000085400000, 0x0000000085400000|100%| S|CS|TAMS 0x0000000085300000, 0x0000000085300000| Complete 
|  68|0x0000000085400000, 0x0000000085500000, 0x0000000085500000|100%| S|CS|TAMS 0x0000000085400000, 0x0000000085400000| Complete 
|  69|0x0000000085500000, 0x0000000085500000, 0x0000000085600000|  0%| F|  |TAMS 0x0000000085500000, 0x0000000085500000| Untracked 
|  70|0x0000000085600000, 0x0000000085600000, 0x0000000085700000|  0%| F|  |TAMS 0x0000000085600000, 0x0000000085600000| Untracked 
|  71|0x0000000085700000, 0x0000000085700000, 0x0000000085800000|  0%| F|  |TAMS 0x0000000085700000, 0x0000000085700000| Untracked 
|  72|0x0000000085800000, 0x0000000085800000, 0x0000000085900000|  0%| F|  |TAMS 0x0000000085800000, 0x0000000085800000| Untracked 
|  73|0x0000000085900000, 0x0000000085900000, 0x0000000085a00000|  0%| F|  |TAMS 0x0000000085900000, 0x0000000085900000| Untracked 
|  74|0x0000000085a00000, 0x0000000085a00000, 0x0000000085b00000|  0%| F|  |TAMS 0x0000000085a00000, 0x0000000085a00000| Untracked 
|  75|0x0000000085b00000, 0x0000000085c00000, 0x0000000085c00000|100%| S|CS|TAMS 0x0000000085b00000, 0x0000000085b00000| Complete 
|  76|0x0000000085c00000, 0x0000000085d00000, 0x0000000085d00000|100%| S|CS|TAMS 0x0000000085c00000, 0x0000000085c00000| Complete 
|  77|0x0000000085d00000, 0x0000000085d00000, 0x0000000085e00000|  0%| F|  |TAMS 0x0000000085d00000, 0x0000000085d00000| Untracked 
|  78|0x0000000085e00000, 0x0000000085e00000, 0x0000000085f00000|  0%| F|  |TAMS 0x0000000085e00000, 0x0000000085e00000| Untracked 
|  79|0x0000000085f00000, 0x0000000085f00000, 0x0000000086000000|  0%| F|  |TAMS 0x0000000085f00000, 0x0000000085f00000| Untracked 
|  80|0x0000000086000000, 0x0000000086000000, 0x0000000086100000|  0%| F|  |TAMS 0x0000000086000000, 0x0000000086000000| Untracked 
|  81|0x0000000086100000, 0x0000000086100000, 0x0000000086200000|  0%| F|  |TAMS 0x0000000086100000, 0x0000000086100000| Untracked 
|  82|0x0000000086200000, 0x0000000086200000, 0x0000000086300000|  0%| F|  |TAMS 0x0000000086200000, 0x0000000086200000| Untracked 
|  83|0x0000000086300000, 0x0000000086300000, 0x0000000086400000|  0%| F|  |TAMS 0x0000000086300000, 0x0000000086300000| Untracked 
|  84|0x0000000086400000, 0x0000000086400000, 0x0000000086500000|  0%| F|  |TAMS 0x0000000086400000, 0x0000000086400000| Untracked 
|  85|0x0000000086500000, 0x0000000086500000, 0x0000000086600000|  0%| F|  |TAMS 0x0000000086500000, 0x0000000086500000| Untracked 
|  86|0x0000000086600000, 0x0000000086600000, 0x0000000086700000|  0%| F|  |TAMS 0x0000000086600000, 0x0000000086600000| Untracked 
|  87|0x0000000086700000, 0x0000000086800000, 0x0000000086800000|100%| O|  |TAMS 0x0000000086800000, 0x0000000086700000| Untracked 
|  88|0x0000000086800000, 0x0000000086900000, 0x0000000086900000|100%| O|  |TAMS 0x0000000086900000, 0x0000000086800000| Untracked 
|  89|0x0000000086900000, 0x0000000086a00000, 0x0000000086a00000|100%| O|  |TAMS 0x0000000086a00000, 0x0000000086900000| Untracked 
|  90|0x0000000086a00000, 0x0000000086b00000, 0x0000000086b00000|100%| O|  |TAMS 0x0000000086b00000, 0x0000000086a00000| Untracked 
|  91|0x0000000086b00000, 0x0000000086c00000, 0x0000000086c00000|100%| O|  |TAMS 0x0000000086c00000, 0x0000000086b00000| Untracked 
|  92|0x0000000086c00000, 0x0000000086d00000, 0x0000000086d00000|100%| O|  |TAMS 0x0000000086d00000, 0x0000000086c00000| Untracked 
|  93|0x0000000086d00000, 0x0000000086e00000, 0x0000000086e00000|100%| O|  |TAMS 0x0000000086e00000, 0x0000000086d00000| Untracked 
|  94|0x0000000086e00000, 0x0000000086f00000, 0x0000000086f00000|100%| O|  |TAMS 0x0000000086f00000, 0x0000000086e00000| Untracked 
|  95|0x0000000086f00000, 0x0000000087000000, 0x0000000087000000|100%| O|  |TAMS 0x0000000087000000, 0x0000000086f00000| Untracked 
|  96|0x0000000087000000, 0x0000000087100000, 0x0000000087100000|100%| O|  |TAMS 0x0000000087100000, 0x0000000087000000| Untracked 
|  97|0x0000000087100000, 0x0000000087100000, 0x0000000087200000|  0%| F|  |TAMS 0x0000000087100000, 0x0000000087100000| Untracked 
|  98|0x0000000087200000, 0x0000000087200000, 0x0000000087300000|  0%| F|  |TAMS 0x0000000087200000, 0x0000000087200000| Untracked 
|  99|0x0000000087300000, 0x0000000087300000, 0x0000000087400000|  0%| F|  |TAMS 0x0000000087300000, 0x0000000087300000| Untracked 
| 100|0x0000000087400000, 0x0000000087400000, 0x0000000087500000|  0%| F|  |TAMS 0x0000000087400000, 0x0000000087400000| Untracked 
| 101|0x0000000087500000, 0x0000000087500000, 0x0000000087600000|  0%| F|  |TAMS 0x0000000087500000, 0x0000000087500000| Untracked 
| 102|0x0000000087600000, 0x0000000087600000, 0x0000000087700000|  0%| F|  |TAMS 0x0000000087600000, 0x0000000087600000| Untracked 
| 103|0x0000000087700000, 0x0000000087700000, 0x0000000087800000|  0%| F|  |TAMS 0x0000000087700000, 0x0000000087700000| Untracked 
| 104|0x0000000087800000, 0x0000000087800000, 0x0000000087900000|  0%| F|  |TAMS 0x0000000087800000, 0x0000000087800000| Untracked 
| 105|0x0000000087900000, 0x0000000087900000, 0x0000000087a00000|  0%| F|  |TAMS 0x0000000087900000, 0x0000000087900000| Untracked 
| 106|0x0000000087a00000, 0x0000000087a00000, 0x0000000087b00000|  0%| F|  |TAMS 0x0000000087a00000, 0x0000000087a00000| Untracked 
| 107|0x0000000087b00000, 0x0000000087b00000, 0x0000000087c00000|  0%| F|  |TAMS 0x0000000087b00000, 0x0000000087b00000| Untracked 
| 108|0x0000000087c00000, 0x0000000087c00000, 0x0000000087d00000|  0%| F|  |TAMS 0x0000000087c00000, 0x0000000087c00000| Untracked 
| 109|0x0000000087d00000, 0x0000000087d00000, 0x0000000087e00000|  0%| F|  |TAMS 0x0000000087d00000, 0x0000000087d00000| Untracked 
| 110|0x0000000087e00000, 0x0000000087e00000, 0x0000000087f00000|  0%| F|  |TAMS 0x0000000087e00000, 0x0000000087e00000| Untracked 
| 111|0x0000000087f00000, 0x0000000087f00000, 0x0000000088000000|  0%| F|  |TAMS 0x0000000087f00000, 0x0000000087f00000| Untracked 
| 112|0x0000000088000000, 0x0000000088000000, 0x0000000088100000|  0%| F|  |TAMS 0x0000000088000000, 0x0000000088000000| Untracked 
| 113|0x0000000088100000, 0x0000000088100000, 0x0000000088200000|  0%| F|  |TAMS 0x0000000088100000, 0x0000000088100000| Untracked 
| 114|0x0000000088200000, 0x0000000088200000, 0x0000000088300000|  0%| F|  |TAMS 0x0000000088200000, 0x0000000088200000| Untracked 
| 115|0x0000000088300000, 0x0000000088300000, 0x0000000088400000|  0%| F|  |TAMS 0x0000000088300000, 0x0000000088300000| Untracked 
| 116|0x0000000088400000, 0x0000000088400000, 0x0000000088500000|  0%| F|  |TAMS 0x0000000088400000, 0x0000000088400000| Untracked 
| 117|0x0000000088500000, 0x0000000088500000, 0x0000000088600000|  0%| F|  |TAMS 0x0000000088500000, 0x0000000088500000| Untracked 
| 118|0x0000000088600000, 0x0000000088600000, 0x0000000088700000|  0%| F|  |TAMS 0x0000000088600000, 0x0000000088600000| Untracked 
| 119|0x0000000088700000, 0x0000000088700000, 0x0000000088800000|  0%| F|  |TAMS 0x0000000088700000, 0x0000000088700000| Untracked 
| 120|0x0000000088800000, 0x0000000088800000, 0x0000000088900000|  0%| F|  |TAMS 0x0000000088800000, 0x0000000088800000| Untracked 
| 121|0x0000000088900000, 0x0000000088900000, 0x0000000088a00000|  0%| F|  |TAMS 0x0000000088900000, 0x0000000088900000| Untracked 
| 122|0x0000000088a00000, 0x0000000088a00000, 0x0000000088b00000|  0%| F|  |TAMS 0x0000000088a00000, 0x0000000088a00000| Untracked 
| 123|0x0000000088b00000, 0x0000000088b00000, 0x0000000088c00000|  0%| F|  |TAMS 0x0000000088b00000, 0x0000000088b00000| Untracked 
| 124|0x0000000088c00000, 0x0000000088c00000, 0x0000000088d00000|  0%| F|  |TAMS 0x0000000088c00000, 0x0000000088c00000| Untracked 
| 125|0x0000000088d00000, 0x0000000088d00000, 0x0000000088e00000|  0%| F|  |TAMS 0x0000000088d00000, 0x0000000088d00000| Untracked 
| 126|0x0000000088e00000, 0x0000000088e00000, 0x0000000088f00000|  0%| F|  |TAMS 0x0000000088e00000, 0x0000000088e00000| Untracked 
| 127|0x0000000088f00000, 0x0000000088f00000, 0x0000000089000000|  0%| F|  |TAMS 0x0000000088f00000, 0x0000000088f00000| Untracked 
| 128|0x0000000089000000, 0x0000000089000000, 0x0000000089100000|  0%| F|  |TAMS 0x0000000089000000, 0x0000000089000000| Untracked 
| 129|0x0000000089100000, 0x0000000089100000, 0x0000000089200000|  0%| F|  |TAMS 0x0000000089100000, 0x0000000089100000| Untracked 
| 130|0x0000000089200000, 0x0000000089200000, 0x0000000089300000|  0%| F|  |TAMS 0x0000000089200000, 0x0000000089200000| Untracked 
| 131|0x0000000089300000, 0x0000000089300000, 0x0000000089400000|  0%| F|  |TAMS 0x0000000089300000, 0x0000000089300000| Untracked 
| 132|0x0000000089400000, 0x0000000089400000, 0x0000000089500000|  0%| F|  |TAMS 0x0000000089400000, 0x0000000089400000| Untracked 
| 133|0x0000000089500000, 0x0000000089500000, 0x0000000089600000|  0%| F|  |TAMS 0x0000000089500000, 0x0000000089500000| Untracked 
| 134|0x0000000089600000, 0x0000000089600000, 0x0000000089700000|  0%| F|  |TAMS 0x0000000089600000, 0x0000000089600000| Untracked 
| 135|0x0000000089700000, 0x0000000089700000, 0x0000000089800000|  0%| F|  |TAMS 0x0000000089700000, 0x0000000089700000| Untracked 
| 136|0x0000000089800000, 0x0000000089800000, 0x0000000089900000|  0%| F|  |TAMS 0x0000000089800000, 0x0000000089800000| Untracked 
| 137|0x0000000089900000, 0x0000000089900000, 0x0000000089a00000|  0%| F|  |TAMS 0x0000000089900000, 0x0000000089900000| Untracked 
| 138|0x0000000089a00000, 0x0000000089a00000, 0x0000000089b00000|  0%| F|  |TAMS 0x0000000089a00000, 0x0000000089a00000| Untracked 
| 139|0x0000000089b00000, 0x0000000089b00000, 0x0000000089c00000|  0%| F|  |TAMS 0x0000000089b00000, 0x0000000089b00000| Untracked 
| 140|0x0000000089c00000, 0x0000000089c00000, 0x0000000089d00000|  0%| F|  |TAMS 0x0000000089c00000, 0x0000000089c00000| Untracked 
| 141|0x0000000089d00000, 0x0000000089d00000, 0x0000000089e00000|  0%| F|  |TAMS 0x0000000089d00000, 0x0000000089d00000| Untracked 
| 142|0x0000000089e00000, 0x0000000089e00000, 0x0000000089f00000|  0%| F|  |TAMS 0x0000000089e00000, 0x0000000089e00000| Untracked 
| 143|0x0000000089f00000, 0x0000000089f00000, 0x000000008a000000|  0%| F|  |TAMS 0x0000000089f00000, 0x0000000089f00000| Untracked 
| 144|0x000000008a000000, 0x000000008a000000, 0x000000008a100000|  0%| F|  |TAMS 0x000000008a000000, 0x000000008a000000| Untracked 
| 145|0x000000008a100000, 0x000000008a100000, 0x000000008a200000|  0%| F|  |TAMS 0x000000008a100000, 0x000000008a100000| Untracked 
| 146|0x000000008a200000, 0x000000008a200000, 0x000000008a300000|  0%| F|  |TAMS 0x000000008a200000, 0x000000008a200000| Untracked 
| 147|0x000000008a300000, 0x000000008a300000, 0x000000008a400000|  0%| F|  |TAMS 0x000000008a300000, 0x000000008a300000| Untracked 
| 148|0x000000008a400000, 0x000000008a400000, 0x000000008a500000|  0%| F|  |TAMS 0x000000008a400000, 0x000000008a400000| Untracked 
| 149|0x000000008a500000, 0x000000008a600000, 0x000000008a600000|100%| E|  |TAMS 0x000000008a500000, 0x000000008a500000| Complete 
| 150|0x000000008a600000, 0x000000008a700000, 0x000000008a700000|100%| E|CS|TAMS 0x000000008a600000, 0x000000008a600000| Complete 
| 151|0x000000008a700000, 0x000000008a800000, 0x000000008a800000|100%| E|CS|TAMS 0x000000008a700000, 0x000000008a700000| Complete 
| 152|0x000000008a800000, 0x000000008a900000, 0x000000008a900000|100%| E|CS|TAMS 0x000000008a800000, 0x000000008a800000| Complete 
| 153|0x000000008a900000, 0x000000008aa00000, 0x000000008aa00000|100%| E|CS|TAMS 0x000000008a900000, 0x000000008a900000| Complete 
| 154|0x000000008aa00000, 0x000000008ab00000, 0x000000008ab00000|100%| E|CS|TAMS 0x000000008aa00000, 0x000000008aa00000| Complete 
| 155|0x000000008ab00000, 0x000000008ac00000, 0x000000008ac00000|100%| E|CS|TAMS 0x000000008ab00000, 0x000000008ab00000| Complete 
| 156|0x000000008ac00000, 0x000000008ad00000, 0x000000008ad00000|100%| E|CS|TAMS 0x000000008ac00000, 0x000000008ac00000| Complete 
| 157|0x000000008ad00000, 0x000000008ae00000, 0x000000008ae00000|100%| E|CS|TAMS 0x000000008ad00000, 0x000000008ad00000| Complete 
| 158|0x000000008ae00000, 0x000000008af00000, 0x000000008af00000|100%| E|CS|TAMS 0x000000008ae00000, 0x000000008ae00000| Complete 
| 159|0x000000008af00000, 0x000000008b000000, 0x000000008b000000|100%| E|CS|TAMS 0x000000008af00000, 0x000000008af00000| Complete 
| 160|0x000000008b000000, 0x000000008b100000, 0x000000008b100000|100%| E|CS|TAMS 0x000000008b000000, 0x000000008b000000| Complete 
| 161|0x000000008b100000, 0x000000008b200000, 0x000000008b200000|100%| E|CS|TAMS 0x000000008b100000, 0x000000008b100000| Complete 
| 162|0x000000008b200000, 0x000000008b300000, 0x000000008b300000|100%| E|CS|TAMS 0x000000008b200000, 0x000000008b200000| Complete 
| 163|0x000000008b300000, 0x000000008b400000, 0x000000008b400000|100%| E|CS|TAMS 0x000000008b300000, 0x000000008b300000| Complete 
| 164|0x000000008b400000, 0x000000008b500000, 0x000000008b500000|100%| E|CS|TAMS 0x000000008b400000, 0x000000008b400000| Complete 
| 165|0x000000008b500000, 0x000000008b600000, 0x000000008b600000|100%| E|CS|TAMS 0x000000008b500000, 0x000000008b500000| Complete 
| 166|0x000000008b600000, 0x000000008b700000, 0x000000008b700000|100%| E|CS|TAMS 0x000000008b600000, 0x000000008b600000| Complete 
| 167|0x000000008b700000, 0x000000008b800000, 0x000000008b800000|100%| E|CS|TAMS 0x000000008b700000, 0x000000008b700000| Complete 
| 168|0x000000008b800000, 0x000000008b900000, 0x000000008b900000|100%| E|CS|TAMS 0x000000008b800000, 0x000000008b800000| Complete 
| 169|0x000000008b900000, 0x000000008ba00000, 0x000000008ba00000|100%| E|CS|TAMS 0x000000008b900000, 0x000000008b900000| Complete 
| 170|0x000000008ba00000, 0x000000008bb00000, 0x000000008bb00000|100%| E|CS|TAMS 0x000000008ba00000, 0x000000008ba00000| Complete 
| 171|0x000000008bb00000, 0x000000008bc00000, 0x000000008bc00000|100%| E|CS|TAMS 0x000000008bb00000, 0x000000008bb00000| Complete 
| 172|0x000000008bc00000, 0x000000008bd00000, 0x000000008bd00000|100%| E|CS|TAMS 0x000000008bc00000, 0x000000008bc00000| Complete 
| 173|0x000000008bd00000, 0x000000008be00000, 0x000000008be00000|100%| E|CS|TAMS 0x000000008bd00000, 0x000000008bd00000| Complete 
| 174|0x000000008be00000, 0x000000008bf00000, 0x000000008bf00000|100%| E|CS|TAMS 0x000000008be00000, 0x000000008be00000| Complete 
| 175|0x000000008bf00000, 0x000000008c000000, 0x000000008c000000|100%| E|CS|TAMS 0x000000008bf00000, 0x000000008bf00000| Complete 
| 176|0x000000008c000000, 0x000000008c100000, 0x000000008c100000|100%| E|CS|TAMS 0x000000008c000000, 0x000000008c000000| Complete 
| 177|0x000000008c100000, 0x000000008c200000, 0x000000008c200000|100%| E|CS|TAMS 0x000000008c100000, 0x000000008c100000| Complete 
| 178|0x000000008c200000, 0x000000008c300000, 0x000000008c300000|100%| E|CS|TAMS 0x000000008c200000, 0x000000008c200000| Complete 
| 179|0x000000008c300000, 0x000000008c400000, 0x000000008c400000|100%| E|CS|TAMS 0x000000008c300000, 0x000000008c300000| Complete 
| 180|0x000000008c400000, 0x000000008c500000, 0x000000008c500000|100%| E|CS|TAMS 0x000000008c400000, 0x000000008c400000| Complete 
| 181|0x000000008c500000, 0x000000008c600000, 0x000000008c600000|100%| E|CS|TAMS 0x000000008c500000, 0x000000008c500000| Complete 
| 182|0x000000008c600000, 0x000000008c700000, 0x000000008c700000|100%| E|CS|TAMS 0x000000008c600000, 0x000000008c600000| Complete 
| 183|0x000000008c700000, 0x000000008c800000, 0x000000008c800000|100%| E|CS|TAMS 0x000000008c700000, 0x000000008c700000| Complete 
| 184|0x000000008c800000, 0x000000008c900000, 0x000000008c900000|100%| E|CS|TAMS 0x000000008c800000, 0x000000008c800000| Complete 
| 185|0x000000008c900000, 0x000000008ca00000, 0x000000008ca00000|100%| E|CS|TAMS 0x000000008c900000, 0x000000008c900000| Complete 
| 186|0x000000008ca00000, 0x000000008cb00000, 0x000000008cb00000|100%| E|CS|TAMS 0x000000008ca00000, 0x000000008ca00000| Complete 
| 187|0x000000008cb00000, 0x000000008cc00000, 0x000000008cc00000|100%| E|CS|TAMS 0x000000008cb00000, 0x000000008cb00000| Complete 
| 188|0x000000008cc00000, 0x000000008cd00000, 0x000000008cd00000|100%| E|CS|TAMS 0x000000008cc00000, 0x000000008cc00000| Complete 
| 189|0x000000008cd00000, 0x000000008ce00000, 0x000000008ce00000|100%| E|CS|TAMS 0x000000008cd00000, 0x000000008cd00000| Complete 
| 190|0x000000008ce00000, 0x000000008cf00000, 0x000000008cf00000|100%| E|CS|TAMS 0x000000008ce00000, 0x000000008ce00000| Complete 
| 191|0x000000008cf00000, 0x000000008d000000, 0x000000008d000000|100%| E|CS|TAMS 0x000000008cf00000, 0x000000008cf00000| Complete 
| 192|0x000000008d000000, 0x000000008d100000, 0x000000008d100000|100%| E|CS|TAMS 0x000000008d000000, 0x000000008d000000| Complete 

Card table byte_map: [0x0000014a423b0000,0x0000014a427b0000] _byte_map_base: 0x0000014a41fa8000

Marking Bits (Prev, Next): (CMBitMap*) 0x0000014a2acc5978, (CMBitMap*) 0x0000014a2acc59b0
 Prev Bits: [0x0000014a42bb0000, 0x0000014a44b70000)
 Next Bits: [0x0000014a44b70000, 0x0000014a46b30000)

Polling page: 0x0000014a28b30000

Metaspace:

Usage:
  Non-class:     12.93 MB capacity,    12.83 MB (>99%) used,    94.32 KB ( <1%) free+waste,    12.31 KB ( <1%) overhead. 
      Class:      1.20 MB capacity,     1.15 MB ( 96%) used,    49.83 KB (  4%) free+waste,     3.81 KB ( <1%) overhead. 
       Both:     14.13 MB capacity,    13.97 MB ( 99%) used,   144.15 KB ( <1%) free+waste,    16.13 KB ( <1%) overhead. 

Virtual space:
  Non-class space:       14.00 MB reserved,      13.00 MB ( 93%) committed 
      Class space:        1.00 GB reserved,       1.25 MB ( <1%) committed 
             Both:        1.01 GB reserved,      14.25 MB (  1%) committed 

Chunk freelists:
   Non-Class:  9.00 KB
       Class:  2.63 KB
        Both:  11.63 KB

CodeHeap 'non-profiled nmethods': size=120064Kb used=2769Kb max_used=2769Kb free=117294Kb
 bounds [0x0000014a3aa70000, 0x0000014a3ad30000, 0x0000014a41fb0000]
CodeHeap 'profiled nmethods': size=120000Kb used=5432Kb max_used=5432Kb free=114568Kb
 bounds [0x0000014a33540000, 0x0000014a33a90000, 0x0000014a3aa70000]
CodeHeap 'non-nmethods': size=5696Kb used=1207Kb max_used=1254Kb free=4488Kb
 bounds [0x0000014a32fb0000, 0x0000014a33220000, 0x0000014a33540000]
 total_blobs=4325 nmethods=2512 adapters=488
 compilation: enabled
              stopped_count=0, restarted_count=0
 full_count=0

Compilation events (10 events):
Event: 218.976 Thread 0x0000014a49044000 2515       4       java.util.HashMap::putVal (300 bytes)
Event: 218.988 Thread 0x0000014a49044000 nmethod 2515 0x0000014a3ad23810 code [0x0000014a3ad23a00, 0x0000014a3ad24230]
Event: 219.020 Thread 0x0000014a4905e000 2516       3       com.badlogic.gdx.utils.StringBuilder::setLength (57 bytes)
Event: 219.021 Thread 0x0000014a4905e000 nmethod 2516 0x0000014a33a8cd10 code [0x0000014a33a8cf00, 0x0000014a33a8d290]
Event: 219.131 Thread 0x0000014a4905e000 2517       3       org.lwjgl.openal.AL10::alSourceQueueBuffers (7 bytes)
Event: 219.131 Thread 0x0000014a4905e000 nmethod 2517 0x0000014a33a8d410 code [0x0000014a33a8d5c0, 0x0000014a33a8d730]
Event: 219.474 Thread 0x0000014a4905e000 2518       3       org.lwjgl.openal.AL10::alSourceUnqueueBuffers (8 bytes)
Event: 219.475 Thread 0x0000014a4905e000 nmethod 2518 0x0000014a33a8d810 code [0x0000014a33a8d9c0, 0x0000014a33a8db30]
Event: 219.475 Thread 0x0000014a4905e000 2519       3       com.badlogic.gdx.utils.FloatArray::pop (17 bytes)
Event: 219.475 Thread 0x0000014a4905e000 nmethod 2519 0x0000014a33a8dc10 code [0x0000014a33a8ddc0, 0x0000014a33a8df58]

GC Heap History (10 events):
Event: 67.119 GC heap before
{Heap before GC invocations=19 (full 0):
 garbage-first heap   total 197632K, used 122543K [0x0000000081000000, 0x0000000100000000)
  region size 1024K, 76 young (77824K), 5 survivors (5120K)
 Metaspace       used 14233K, capacity 14403K, committed 14592K, reserved 1062912K
  class space    used 1172K, capacity 1227K, committed 1280K, reserved 1048576K
}
Event: 67.123 GC heap after
{Heap after GC invocations=20 (full 0):
 garbage-first heap   total 197632K, used 50176K [0x0000000081000000, 0x0000000100000000)
  region size 1024K, 5 young (5120K), 5 survivors (5120K)
 Metaspace       used 14233K, capacity 14403K, committed 14592K, reserved 1062912K
  class space    used 1172K, capacity 1227K, committed 1280K, reserved 1048576K
}
Event: 102.211 GC heap before
{Heap before GC invocations=20 (full 0):
 garbage-first heap   total 197632K, used 130048K [0x0000000081000000, 0x0000000100000000)
  region size 1024K, 83 young (84992K), 5 survivors (5120K)
 Metaspace       used 14271K, capacity 14403K, committed 14592K, reserved 1062912K
  class space    used 1173K, capacity 1227K, committed 1280K, reserved 1048576K
}
Event: 102.215 GC heap after
{Heap after GC invocations=21 (full 0):
 garbage-first heap   total 197632K, used 50385K [0x0000000081000000, 0x0000000100000000)
  region size 1024K, 6 young (6144K), 6 survivors (6144K)
 Metaspace       used 14271K, capacity 14403K, committed 14592K, reserved 1062912K
  class space    used 1173K, capacity 1227K, committed 1280K, reserved 1048576K
}
Event: 122.215 GC heap before
{Heap before GC invocations=21 (full 0):
 garbage-first heap   total 197632K, used 135377K [0x0000000081000000, 0x0000000100000000)
  region size 1024K, 90 young (92160K), 6 survivors (6144K)
 Metaspace       used 14281K, capacity 14403K, committed 14592K, reserved 1062912K
  class space    used 1173K, capacity 1227K, committed 1280K, reserved 1048576K
}
Event: 122.219 GC heap after
{Heap after GC invocations=22 (full 0):
 garbage-first heap   total 197632K, used 51114K [0x0000000081000000, 0x0000000100000000)
  region size 1024K, 6 young (6144K), 6 survivors (6144K)
 Metaspace       used 14281K, capacity 14403K, committed 14592K, reserved 1062912K
  class space    used 1173K, capacity 1227K, committed 1280K, reserved 1048576K
}
Event: 167.360 GC heap before
{Heap before GC invocations=22 (full 0):
 garbage-first heap   total 197632K, used 155562K [0x0000000081000000, 0x0000000100000000)
  region size 1024K, 108 young (110592K), 6 survivors (6144K)
 Metaspace       used 14289K, capacity 14403K, committed 14592K, reserved 1062912K
  class space    used 1173K, capacity 1227K, committed 1280K, reserved 1048576K
}
Event: 167.364 GC heap after
{Heap after GC invocations=23 (full 0):
 garbage-first heap   total 197632K, used 50927K [0x0000000081000000, 0x0000000100000000)
  region size 1024K, 6 young (6144K), 6 survivors (6144K)
 Metaspace       used 14289K, capacity 14403K, committed 14592K, reserved 1062912K
  class space    used 1173K, capacity 1227K, committed 1280K, reserved 1048576K
}
Event: 216.304 GC heap before
{Heap before GC invocations=23 (full 0):
 garbage-first heap   total 197632K, used 158447K [0x0000000081000000, 0x0000000100000000)
  region size 1024K, 112 young (114688K), 6 survivors (6144K)
 Metaspace       used 14306K, capacity 14467K, committed 14592K, reserved 1062912K
  class space    used 1173K, capacity 1227K, committed 1280K, reserved 1048576K
}
Event: 216.308 GC heap after
{Heap after GC invocations=24 (full 0):
 garbage-first heap   total 197632K, used 51200K [0x0000000081000000, 0x0000000100000000)
  region size 1024K, 6 young (6144K), 6 survivors (6144K)
 Metaspace       used 14306K, capacity 14467K, committed 14592K, reserved 1062912K
  class space    used 1173K, capacity 1227K, committed 1280K, reserved 1048576K
}

Deoptimization events (10 events):
Event: 48.009 Thread 0x0000014a4a49c000 Uncommon trap: reason=unstable_if action=reinterpret pc=0x0000014a3ac55690 method=MovingObjects.Hercules.getYourSword(F)V @ 44 c2
Event: 112.957 Thread 0x0000014a4a49c000 Uncommon trap: reason=unstable_if action=reinterpret pc=0x0000014a3acb0ff0 method=Scenes.HUD2.update(F)V @ 287 c2
Event: 112.958 Thread 0x0000014a4a49c000 Uncommon trap: reason=unstable_if action=reinterpret pc=0x0000014a3ac66a7c method=MovingObjects.Wagon.update(F)V @ 104 c2
Event: 112.959 Thread 0x0000014a4a49c000 Uncommon trap: reason=unstable_if action=reinterpret pc=0x0000014a3ac1d0a0 method=Sprites.Wall.draw()V @ 48 c2
Event: 112.973 Thread 0x0000014a4a49c000 Uncommon trap: reason=unstable_if action=reinterpret pc=0x0000014a3ac726f0 method=Screens.Level2.update(F)V @ 20 c2
Event: 112.974 Thread 0x0000014a4a49c000 Uncommon trap: reason=unstable_if action=reinterpret pc=0x0000014a3ab8d7e4 method=com.badlogic.gdx.utils.Array.iterator()Ljava/util/Iterator; @ 20 c2
Event: 115.679 Thread 0x0000014a4a49c000 Uncommon trap: reason=unstable_if action=reinterpret pc=0x0000014a3ab9493c method=com.badlogic.gdx.physics.box2d.Fixture.getShape()Lcom/badlogic/gdx/physics/box2d/Shape; @ 4 c2
Event: 121.814 Thread 0x0000014a4a49c000 Uncommon trap: reason=unstable_if action=reinterpret pc=0x0000014a3acc03a8 method=MovingObjects.Hercules.getState()LMovingObjects/Hercules$State; @ 113 c2
Event: 123.168 Thread 0x0000014a4a49c000 Uncommon trap: reason=unstable_if action=reinterpret pc=0x0000014a3acb70ec method=Screens.PlayScreen.handleInput()V @ 213 c2
Event: 132.575 Thread 0x0000014a4a49c000 Uncommon trap: reason=unstable_if action=reinterpret pc=0x0000014a3acc2d74 method=jdk.internal.math.FormattedFloatingDecimal.applyPrecision(I[CII)I @ 78 c2

Classes redefined (0 events):
No events

Internal exceptions (10 events):
Event: 198.044 Thread 0x0000014a4a49c000 Exception <a 'java/lang/ArrayIndexOutOfBoundsException'{0x0000000088e00e88}> (0x0000000088e00e88) thrown at [t:/workspace/open/src/hotspot/share/runtime/sharedRuntime.cpp, line 584]
Event: 199.045 Thread 0x0000014a4a49c000 Exception <a 'java/lang/ArrayIndexOutOfBoundsException'{0x0000000088e0cd38}> (0x0000000088e0cd38) thrown at [t:/workspace/open/src/hotspot/share/runtime/sharedRuntime.cpp, line 584]
Event: 199.961 Thread 0x0000014a4a49c000 Exception <a 'java/lang/ArrayIndexOutOfBoundsException'{0x0000000088e17cc0}> (0x0000000088e17cc0) thrown at [t:/workspace/open/src/hotspot/share/runtime/sharedRuntime.cpp, line 584]
Event: 200.879 Thread 0x0000014a4a49c000 Exception <a 'java/lang/ArrayIndexOutOfBoundsException'{0x0000000088e26a98}> (0x0000000088e26a98) thrown at [t:/workspace/open/src/hotspot/share/runtime/sharedRuntime.cpp, line 584]
Event: 201.797 Thread 0x0000014a4a49c000 Exception <a 'java/lang/ArrayIndexOutOfBoundsException'{0x0000000088e316a8}> (0x0000000088e316a8) thrown at [t:/workspace/open/src/hotspot/share/runtime/sharedRuntime.cpp, line 584]
Event: 202.898 Thread 0x0000014a4a49c000 Exception <a 'java/lang/ArrayIndexOutOfBoundsException'{0x00000000884e4a80}> (0x00000000884e4a80) thrown at [t:/workspace/open/src/hotspot/share/runtime/sharedRuntime.cpp, line 584]
Event: 203.872 Thread 0x0000014a4a49c000 Exception <a 'java/lang/ArrayIndexOutOfBoundsException'{0x00000000884effd8}> (0x00000000884effd8) thrown at [t:/workspace/open/src/hotspot/share/runtime/sharedRuntime.cpp, line 584]
Event: 204.839 Thread 0x0000014a4a49c000 Exception <a 'java/lang/ArrayIndexOutOfBoundsException'{0x00000000884fb8a8}> (0x00000000884fb8a8) thrown at [t:/workspace/open/src/hotspot/share/runtime/sharedRuntime.cpp, line 584]
Event: 205.804 Thread 0x0000014a4a49c000 Exception <a 'java/lang/ArrayIndexOutOfBoundsException'{0x00000000883075a0}> (0x00000000883075a0) thrown at [t:/workspace/open/src/hotspot/share/runtime/sharedRuntime.cpp, line 584]
Event: 206.771 Thread 0x0000014a4a49c000 Exception <a 'java/lang/ArrayIndexOutOfBoundsException'{0x0000000088312e10}> (0x0000000088312e10) thrown at [t:/workspace/open/src/hotspot/share/runtime/sharedRuntime.cpp, line 584]

Events (10 events):
Event: 123.168 Thread 0x0000014a4a49c000 DEOPT UNPACKING pc=0x0000014a32fd8eaf sp=0x0000003aa21fea58 mode 2
Event: 123.784 Executing VM operation: RevokeBias
Event: 123.784 Executing VM operation: RevokeBias done
Event: 132.575 Thread 0x0000014a4a49c000 Uncommon trap: trap_request=0xffffff4d fr.pc=0x0000014a3acc2d74 relative=0x0000000000001694
Event: 132.575 Thread 0x0000014a4a49c000 DEOPT PACKING pc=0x0000014a3acc2d74 sp=0x0000003aa21fea90
Event: 132.575 Thread 0x0000014a4a49c000 DEOPT UNPACKING pc=0x0000014a32fd8eaf sp=0x0000003aa21fe880 mode 2
Event: 167.360 Executing VM operation: G1CollectForAllocation
Event: 167.364 Executing VM operation: G1CollectForAllocation done
Event: 216.304 Executing VM operation: G1CollectForAllocation
Event: 216.308 Executing VM operation: G1CollectForAllocation done


Dynamic libraries:
0x00007ff69be90000 - 0x00007ff69bed7000 	C:\Program Files\Java\jdk-11.0.1\bin\java.exe
0x00007ffa309e0000 - 0x00007ffa30bd0000 	C:\WINDOWS\SYSTEM32\ntdll.dll
0x00007ffa2ed30000 - 0x00007ffa2ede2000 	C:\WINDOWS\System32\KERNEL32.DLL
0x00007ffa2e060000 - 0x00007ffa2e304000 	C:\WINDOWS\System32\KERNELBASE.dll
0x00007ffa2f3a0000 - 0x00007ffa2f443000 	C:\WINDOWS\System32\ADVAPI32.dll
0x00007ffa2f7c0000 - 0x00007ffa2f85e000 	C:\WINDOWS\System32\msvcrt.dll
0x00007ffa2eaf0000 - 0x00007ffa2eb87000 	C:\WINDOWS\System32\sechost.dll
0x00007ffa2f270000 - 0x00007ffa2f390000 	C:\WINDOWS\System32\RPCRT4.dll
0x00007ffa2ffb0000 - 0x00007ffa30144000 	C:\WINDOWS\System32\USER32.dll
0x00007ffa2d970000 - 0x00007ffa2d991000 	C:\WINDOWS\System32\win32u.dll
0x00007ffa2f860000 - 0x00007ffa2f886000 	C:\WINDOWS\System32\GDI32.dll
0x00007ffa2da20000 - 0x00007ffa2dbb5000 	C:\WINDOWS\System32\gdi32full.dll
0x00007ffa2dfc0000 - 0x00007ffa2e05e000 	C:\WINDOWS\System32\msvcp_win.dll
0x00007ffa2dc40000 - 0x00007ffa2dd3a000 	C:\WINDOWS\System32\ucrtbase.dll
0x00007ffa12c70000 - 0x00007ffa12ef4000 	C:\WINDOWS\WinSxS\amd64_microsoft.windows.common-controls_6595b64144ccf1df_6.0.18362.900_none_e6beb9d913147d17\COMCTL32.dll
0x00007ffa27690000 - 0x00007ffa2769a000 	C:\WINDOWS\SYSTEM32\VERSION.dll
0x00007ffa2f480000 - 0x00007ffa2f7b5000 	C:\WINDOWS\System32\combase.dll
0x00007ffa2dbc0000 - 0x00007ffa2dc40000 	C:\WINDOWS\System32\bcryptPrimitives.dll
0x00007ffa2f890000 - 0x00007ffa2f8be000 	C:\WINDOWS\System32\IMM32.DLL
0x00007ffa13160000 - 0x00007ffa13176000 	C:\Program Files\Java\jdk-11.0.1\bin\vcruntime140.dll
0x00007ff9f0050000 - 0x00007ff9f00fa000 	C:\Program Files\Java\jdk-11.0.1\bin\msvcp140.dll
0x00007ff9ef030000 - 0x00007ff9efb72000 	C:\Program Files\Java\jdk-11.0.1\bin\server\jvm.dll
0x00007ffa2f390000 - 0x00007ffa2f398000 	C:\WINDOWS\System32\PSAPI.DLL
0x00007ffa1ca70000 - 0x00007ffa1ca79000 	C:\WINDOWS\SYSTEM32\WSOCK32.dll
0x00007ffa2f200000 - 0x00007ffa2f26f000 	C:\WINDOWS\System32\WS2_32.dll
0x00007ffa2c750000 - 0x00007ffa2c774000 	C:\WINDOWS\SYSTEM32\WINMM.dll
0x00007ffa2c450000 - 0x00007ffa2c47d000 	C:\WINDOWS\SYSTEM32\winmmbase.dll
0x00007ffa2de90000 - 0x00007ffa2deda000 	C:\WINDOWS\System32\cfgmgr32.dll
0x00007ffa2d900000 - 0x00007ffa2d911000 	C:\WINDOWS\System32\kernel.appcore.dll
0x00007ffa13140000 - 0x00007ffa13151000 	C:\Program Files\Java\jdk-11.0.1\bin\verify.dll
0x00007ffa1adc0000 - 0x00007ffa1afb4000 	C:\WINDOWS\SYSTEM32\DBGHELP.DLL
0x00007ffa1ad90000 - 0x00007ffa1adba000 	C:\WINDOWS\SYSTEM32\dbgcore.DLL
0x00007ffa0d610000 - 0x00007ffa0d639000 	C:\Program Files\Java\jdk-11.0.1\bin\java.dll
0x00007ffa0d5f0000 - 0x00007ffa0d606000 	C:\Program Files\Java\jdk-11.0.1\bin\zip.dll
0x00007ffa20c10000 - 0x00007ffa20c1a000 	C:\Program Files\Java\jdk-11.0.1\bin\jimage.dll
0x00007ffa301e0000 - 0x00007ffa308c6000 	C:\WINDOWS\System32\SHELL32.dll
0x00007ffa2ec80000 - 0x00007ffa2ed29000 	C:\WINDOWS\System32\shcore.dll
0x00007ffa2e310000 - 0x00007ffa2ea90000 	C:\WINDOWS\System32\windows.storage.dll
0x00007ffa2d8d0000 - 0x00007ffa2d8f3000 	C:\WINDOWS\System32\profapi.dll
0x00007ffa2d920000 - 0x00007ffa2d96a000 	C:\WINDOWS\System32\powrprof.dll
0x00007ffa2d8a0000 - 0x00007ffa2d8b0000 	C:\WINDOWS\System32\UMPDC.dll
0x00007ffa2efe0000 - 0x00007ffa2f032000 	C:\WINDOWS\System32\shlwapi.dll
0x00007ffa2da00000 - 0x00007ffa2da17000 	C:\WINDOWS\System32\cryptsp.dll
0x00007ffa0cb10000 - 0x00007ffa0cb29000 	C:\Program Files\Java\jdk-11.0.1\bin\net.dll
0x00007ffa22920000 - 0x00007ffa22a10000 	C:\WINDOWS\SYSTEM32\WINHTTP.dll
0x00007ffa2d060000 - 0x00007ffa2d0c7000 	C:\WINDOWS\system32\mswsock.dll
0x00007ffa0caf0000 - 0x00007ffa0cb03000 	C:\Program Files\Java\jdk-11.0.1\bin\nio.dll
0x0000000065ac0000 - 0x0000000065b0b000 	C:\Users\Google\AppData\Local\Temp\libgdxKareem\7d76f548\gdx64.dll
0x00007ffa2cbe0000 - 0x00007ffa2cc13000 	C:\WINDOWS\system32\rsaenh.dll
0x00007ffa2df90000 - 0x00007ffa2dfb6000 	C:\WINDOWS\System32\bcrypt.dll
0x00007ffa2d7c0000 - 0x00007ffa2d7e5000 	C:\WINDOWS\SYSTEM32\USERENV.dll
0x00007ffa2d1e0000 - 0x00007ffa2d1ec000 	C:\WINDOWS\SYSTEM32\CRYPTBASE.dll
0x00007ffa2cd80000 - 0x00007ffa2cdba000 	C:\WINDOWS\SYSTEM32\IPHLPAPI.DLL
0x00007ffa2f450000 - 0x00007ffa2f458000 	C:\WINDOWS\System32\NSI.dll
0x00007ffa237e0000 - 0x00007ffa237f6000 	C:\WINDOWS\SYSTEM32\dhcpcsvc6.DLL
0x00007ffa237c0000 - 0x00007ffa237dc000 	C:\WINDOWS\SYSTEM32\dhcpcsvc.DLL
0x00007ffa2ce20000 - 0x00007ffa2ceeb000 	C:\WINDOWS\SYSTEM32\DNSAPI.dll
0x0000000180000000 - 0x0000000180053000 	C:\Users\Google\AppData\Local\Temp\libgdxKareem\1cecf4f6\lwjgl64.dll
0x00007ff9efef0000 - 0x00007ff9f0046000 	C:\WINDOWS\SYSTEM32\OPENGL32.dll
0x00007ffa0c8b0000 - 0x00007ffa0c8dc000 	C:\WINDOWS\SYSTEM32\GLU32.dll
0x00007ffa2c5c0000 - 0x00007ffa2c5e0000 	C:\WINDOWS\SYSTEM32\dxcore.dll
0x0000014a2abe0000 - 0x0000014a2ac44000 	C:\Users\Google\AppData\Local\Temp\libgdxKareem\1cecf4f6\OpenAL64.dll
0x00007ffa2f040000 - 0x00007ffa2f197000 	C:\WINDOWS\System32\ole32.dll
0x00007ffa2ba90000 - 0x00007ffa2bb29000 	C:\WINDOWS\system32\uxtheme.dll
0x00007ffa2edf0000 - 0x00007ffa2ee92000 	C:\WINDOWS\System32\clbcatq.dll
0x00007ffa21b50000 - 0x00007ffa21be9000 	C:\WINDOWS\SYSTEM32\dsound.dll
0x00007ffa26990000 - 0x00007ffa26a02000 	C:\WINDOWS\System32\MMDevApi.dll
0x00007ffa2d640000 - 0x00007ffa2d66a000 	C:\WINDOWS\System32\DEVOBJ.dll
0x00007ffa26a10000 - 0x00007ffa26b6d000 	C:\WINDOWS\SYSTEM32\AUDIOSES.DLL
0x00007ffa308d0000 - 0x00007ffa30995000 	C:\WINDOWS\System32\OLEAUT32.dll
0x00007ffa29820000 - 0x00007ffa29973000 	C:\WINDOWS\SYSTEM32\wintypes.dll
0x00007ffa2bdf0000 - 0x00007ffa2be04000 	C:\WINDOWS\SYSTEM32\resourcepolicyclient.dll
0x00007ffa291e0000 - 0x00007ffa2928e000 	C:\WINDOWS\SYSTEM32\mscms.dll
0x00007ffa291c0000 - 0x00007ffa291d7000 	C:\WINDOWS\SYSTEM32\ColorAdapterClient.dll
0x00007ffa26ff0000 - 0x00007ffa2700a000 	C:\Windows\System32\Windows.Internal.Graphics.Display.DisplayColorManagement.dll
0x00007ffa2eea0000 - 0x00007ffa2efd5000 	C:\WINDOWS\System32\MSCTF.dll
0x00007ffa1ef90000 - 0x00007ffa1f02e000 	C:\WINDOWS\System32\TextInputFramework.dll
0x00007ffa299a0000 - 0x00007ffa29cca000 	C:\WINDOWS\System32\CoreUIComponents.dll
0x00007ffa2b700000 - 0x00007ffa2b7d4000 	C:\WINDOWS\System32\CoreMessaging.dll
0x00007ffa2c8c0000 - 0x00007ffa2c8f1000 	C:\WINDOWS\SYSTEM32\ntmarta.dll
0x00007ffa21220000 - 0x00007ffa214c6000 	C:\WINDOWS\System32\iertutil.dll
0x00007ffa21b30000 - 0x00007ffa21b48000 	C:\WINDOWS\SYSTEM32\atig6pxx.dll
0x000000006b9f0000 - 0x000000006d7f0000 	C:\WINDOWS\SYSTEM32\atio6axx.dll
0x00007ffa2f8c0000 - 0x00007ffa2fd30000 	C:\WINDOWS\System32\SETUPAPI.dll
0x00007ffa2bee0000 - 0x00007ffa2bf0d000 	C:\WINDOWS\SYSTEM32\dwmapi.dll
0x00007ffa219f0000 - 0x00007ffa21b30000 	C:\WINDOWS\SYSTEM32\atiadlxx.dll
0x00007ffa29cd0000 - 0x00007ffa29dc0000 	C:\WINDOWS\SYSTEM32\PROPSYS.dll
0x00007ffa29590000 - 0x00007ffa295a3000 	C:\WINDOWS\SYSTEM32\WTSAPI32.dll
0x00007ffa2d9a0000 - 0x00007ffa2d9fc000 	C:\WINDOWS\System32\WINTRUST.dll
0x00007ffa2d8b0000 - 0x00007ffa2d8c2000 	C:\WINDOWS\System32\MSASN1.dll
0x00007ffa2dd40000 - 0x00007ffa2de89000 	C:\WINDOWS\System32\CRYPT32.dll
0x00007ffa219c0000 - 0x00007ffa219ec000 	C:\WINDOWS\SYSTEM32\atig6txx.dll
0x00007ffa133b0000 - 0x00007ffa133f3000 	C:\WINDOWS\SYSTEM32\icm32.dll
0x000000006e9c0000 - 0x000000006ea1b000 	C:\Users\Google\AppData\Local\Temp\libgdxKareem\b8f13a6a\gdx-box2d64.dll

dbghelp: loaded successfully - version: 4.0.5 - missing functions: none
symbol engine: initialized successfully - sym options: 0x614 - pdb path: .;C:\Program Files\Java\jdk-11.0.1\bin;C:\WINDOWS\SYSTEM32;C:\WINDOWS\WinSxS\amd64_microsoft.windows.common-controls_6595b64144ccf1df_6.0.18362.900_none_e6beb9d913147d17;C:\Program Files\Java\jdk-11.0.1\bin\server;C:\Users\Google\AppData\Local\Temp\libgdxKareem\7d76f548;C:\Users\Google\AppData\Local\Temp\libgdxKareem\1cecf4f6;C:\Users\Google\AppData\Local\Temp\libgdxKareem\b8f13a6a

VM Arguments:
jvm_args: -Dfile.encoding=windows-1252 -Duser.country=US -Duser.language=en -Duser.variant 
java_command: com.Launcher.desktop.DesktopLauncher
java_class_path (initial): C:\Users\Google\Documents\NetBeansProjects\Disney's Hercules\desktop\build\classes\java\main;C:\Users\Google\Documents\NetBeansProjects\Disney's Hercules\desktop\build\resources\main;C:\Users\Google\.gradle\caches\modules-2\files-2.1\com.badlogicgames.gdx\gdx-tools\1.9.10\67524f012868e0cff57531b5bfda2781d00c6b1f\gdx-tools-1.9.10.jar;C:\Users\Google\.gradle\caches\modules-2\files-2.1\com.badlogicgames.gdx\gdx-backend-lwjgl\1.9.10\8f88abd43500d94c486d25f04d642318da72773a\gdx-backend-lwjgl-1.9.10.jar;C:\Users\Google\.gradle\caches\modules-2\files-2.1\com.badlogicgames.gdx\gdx-platform\1.9.10\1907b49f8363dd1ee37d273854a9cc3c741a6e66\gdx-platform-1.9.10-natives-desktop.jar;C:\Users\Google\.gradle\caches\modules-2\files-2.1\com.badlogicgames.gdx\gdx-box2d-platform\1.9.10\91b19c283b24eec646a18e0e7b940c829920df4f\gdx-box2d-platform-1.9.10-natives-desktop.jar;C:\Users\Google\Documents\NetBeansProjects\Disney's Hercules\core\build\libs\core-1.0.jar;C:\Users\Google\.gradle\caches\modules-2\files-2.1\com.badlogicgames.gdx\gdx-backend-headless\1.9.10\d357526e6bb3d36b01b4f833ab42588e5285d487\gdx-backend-headless-1.9.10.jar;C:\Users\Google\.gradle\caches\modules-2\files-2.1\com.badlogicgames.gdx\gdx-freetype\1.9.10\8853e4f08589a9feb4b851187909cfde8810e491\gdx-freetype-1.9.10.jar;C:\Users\Google\.gradle\caches\modules-2\files-2.1\com.badlogicgames.gdx\gdx-box2d\1.9.10\d68a7a3484d47529a8d23cd467579eb098b38a9e\gdx-box2d-1.9.10.jar;C:\Users\Google\.gradle\caches\modules-2\files-2.1\com.badlogicgames.gdx\gdx\1.9.10\79d9ad27bd5e3eb18c9ade61d3a27d7237695d53\gdx-1.9.10.jar;C:\Users\Google\.gradle\caches\modules-2\files-2.1\org.lwjgl.lwjgl\lwjgl_util\2.9.3\751f06b62424da056954c67288fd5c494431e350\lwjgl_util-2.9.3.jar;C:\Users\Google\.gradle\caches\modules-2\files-2.1\org.lwjgl.lwjgl\lwjgl\2.9.3\3df168ac74e4a8c96562cdff24ad352e255bf89c\lwjgl-2.9.3.jar;C:\Users\Google\.gradle\caches\modules-2\files-2.1\com.badlogicgames.jlayer\jlayer\1.0.1-gdx\7cca83cec5c1b2f0113
Launcher Type: SUN_STANDARD

[Global flags]
     intx CICompilerCount                          = 3                                         {product} {ergonomic}
     uint ConcGCThreads                            = 1                                         {product} {ergonomic}
     uint G1ConcRefinementThreads                  = 4                                         {product} {ergonomic}
   size_t G1HeapRegionSize                         = 1048576                                   {product} {ergonomic}
    uintx GCDrainStackTargetSize                   = 64                                        {product} {ergonomic}
   size_t InitialHeapSize                          = 134217728                                 {product} {ergonomic}
   size_t MarkStackSize                            = 4194304                                   {product} {ergonomic}
   size_t MaxHeapSize                              = 2130706432                                {product} {ergonomic}
   size_t MaxNewSize                               = 1278214144                                {product} {ergonomic}
   size_t MinHeapDeltaBytes                        = 1048576                                   {product} {ergonomic}
    uintx NonNMethodCodeHeapSize                   = 5830092                                {pd product} {ergonomic}
    uintx NonProfiledCodeHeapSize                  = 122914074                              {pd product} {ergonomic}
    uintx ProfiledCodeHeapSize                     = 122914074                              {pd product} {ergonomic}
    uintx ReservedCodeCacheSize                    = 251658240                              {pd product} {ergonomic}
     bool SegmentedCodeCache                       = true                                      {product} {ergonomic}
     bool UseCompressedClassPointers               = true                                 {lp64_product} {ergonomic}
     bool UseCompressedOops                        = true                                 {lp64_product} {ergonomic}
     bool UseG1GC                                  = true                                      {product} {ergonomic}
     bool UseLargePagesIndividualAllocation        = false                                  {pd product} {ergonomic}

Logging:
Log output configuration:
 #0: stdout all=warning uptime,level,tags
 #1: stderr all=off uptime,level,tags

Environment Variables:
JAVA_HOME=C:\Program Files\Java\jdk-13.0.2
CLASSPATH=.;.;C:\PROGRA~2\JMF21~1.1E\lib\sound.jar;C:\PROGRA~2\JMF21~1.1E\lib\jmf.jar;C:\PROGRA~2\JMF21~1.1E\lib;
PATH="C:\Windows\System32;";C:\MinGW\bin;C:\MinGW\libexec\gcc\x86_64-w64-mingw32\8.1.0;C:\Program Files (x86)\Common Files\Oracle\Java\javapath;C:\WINDOWS\system32;C:\WINDOWS;C:\WINDOWS\System32\Wbem;C:\WINDOWS\System32\WindowsPowerShell\v1.0\;C:\WINDOWS\System32\OpenSSH\;C:\Program Files\Microsoft\Web Platform Installer\;C:\Program Files (x86)\Microsoft ASP.NET\ASP.NET Web Pages\v1.0\;C:\Program Files (x86)\Windows Kits\8.1\Windows Performance Toolkit\;C:\Program Files (x86)\Microsoft SDKs\TypeScript\1.0\;C:\Program Files (x86)\Microsoft Visual Studio 12.0\VC\bin;C:\Program Files (x86)\Brackets\command;C:\Program Files\Microsoft SQL Server\Client SDK\ODBC\130\Tools\Binn\;C:\Program Files (x86)\Microsoft SQL Server\140\Tools\Binn\;C:\Program Files\Microsoft SQL Server\140\Tools\Binn\;C:\Program Files\Microsoft SQL Server\140\DTS\Binn\;C:\Program Files\Java\jdk-13.0.2\bin;C:\Program Files\Cmder;C:\Users\Google\AppData\Local\Microsoft\WindowsApps;
USERNAME=Kareem
OS=Windows_NT
PROCESSOR_IDENTIFIER=Intel64 Family 6 Model 58 Stepping 9, GenuineIntel



---------------  S Y S T E M  ---------------

OS: Windows 10 , 64 bit Build 18362 (10.0.18362.900)

CPU:total 4 (initial active 4) (2 cores per cpu, 2 threads per core) family 6 model 58 stepping 9, cmov, cx8, fxsr, mmx, sse, sse2, sse3, ssse3, sse4.1, sse4.2, popcnt, avx, aes, clmul, erms, ht, tsc, tscinvbit, tscinv

Memory: 4k page, system-wide physical 8124M (1014M free)
TotalPageFile size 11964M (AvailPageFile size 3039M)
current process WorkingSet (physical memory assigned to process): 2770M, peak: 2770M
current process commit charge ("private bytes"): 3831M, peak: 3831M

vm_info: Java HotSpot(TM) 64-Bit Server VM (11.0.1+13-LTS) for windows-amd64 JRE (11.0.1+13-LTS), built on Oct  6 2018 13:20:16 by "mach5one" with MS VC++ 15.5 (VS2017)

END.
