#
# A fatal error has been detected by the Java Runtime Environment:
#
#  EXCEPTION_ACCESS_VIOLATION (0xc0000005) at pc=0x000000007681bb41, pid=8992, tid=6644
#
# JRE version: Java(TM) SE Runtime Environment (11.0.1+13) (build 11.0.1+13-LTS)
# Java VM: Java HotSpot(TM) 64-Bit Server VM (11.0.1+13-LTS, mixed mode, tiered, compressed oops, g1 gc, windows-amd64)
# Problematic frame:
# C  [atio6axx.dll+0xbbbb41]
#
# No core dump will be written. Minidumps are not enabled by default on client versions of Windows
#
# If you would like to submit a bug report, please visit:
#   http://bugreport.java.com/bugreport/crash.jsp
# The crash happened outside the Java Virtual Machine in native code.
# See problematic frame for where to report the bug.
#

---------------  S U M M A R Y ------------

Command Line: -Dfile.encoding=windows-1252 -Duser.country=US -Duser.language=en -Duser.variant com.Launcher.desktop.DesktopLauncher

Host: Intel(R) Core(TM) i5-3360M CPU @ 2.80GHz, 4 cores, 7G,  Windows 10 , 64 bit Build 18362 (10.0.18362.900)
Time: Thu Jul  9 03:52:28 2020 Egypt Standard Time elapsed time: 108 seconds (0d 0h 1m 48s)

---------------  T H R E A D  ---------------

Current thread (0x00000174a9e0a000):  JavaThread "LWJGL Application" [_thread_in_native, id=6644, stack(0x0000004851300000,0x0000004851400000)]

Stack: [0x0000004851300000,0x0000004851400000],  sp=0x00000048513fdcf0,  free space=1015k
Native frames: (J=compiled Java code, j=interpreted, Vv=VM code, C=native code)
C  [atio6axx.dll+0xbbbb41]

Java frames: (J=compiled Java code, j=interpreted, Vv=VM code)
J 1102  org.lwjgl.opengl.GL11.nglBindTexture(IIJ)V (0 bytes) @ 0x000001749a60d309 [0x000001749a60d2c0+0x0000000000000049]
J 1676 c2 com.badlogic.gdx.graphics.g2d.SpriteBatch.flush()V (193 bytes) @ 0x000001749a6a73d4 [0x000001749a6a72e0+0x00000000000000f4]
J 1693 c2 com.badlogic.gdx.graphics.g2d.Sprite.draw(Lcom/badlogic/gdx/graphics/g2d/Batch;)V (18 bytes) @ 0x000001749a6acfd8 [0x000001749a6ace80+0x0000000000000158]
j  Sprites.Wall.draw()V+12
j  Screens.Level2.render(F)V+173
j  com.badlogic.gdx.Game.render()V+19
j  com.Hercules.game.Main.render()V+1
j  com.badlogic.gdx.backends.lwjgl.LwjglApplication.mainLoop()V+770
j  com.badlogic.gdx.backends.lwjgl.LwjglApplication$1.run()V+27
v  ~StubRoutines::call_stub

siginfo: EXCEPTION_ACCESS_VIOLATION (0xc0000005), reading address 0x0000000000000000


Register to memory mapping:

RIP=0x000000007681bb41 atio6axx.dll
RAX=0x00000174a9e904d0 points into unknown readable memory
RBX=0x00000174a9e92d30 points into unknown readable memory
RCX=0x0 is NULL
RDX=0x00000174abd93bf0 points into unknown readable memory
RSP=0x00000048513fdcf0 is pointing into the stack for thread: 0x00000174a9e0a000
RBP=0x00000174abd93bf0 points into unknown readable memory
RSI=0x00000174e3b221a0 points into unknown readable memory
RDI=0x0000000000002700 is an unknown value
R8 =0x0 is NULL
R9 =0x0000000000000001 is an unknown value
R10=0x0000000000008000 is an unknown value
R11=0x00000048513fdba0 is pointing into the stack for thread: 0x00000174a9e0a000
R12=0x00000174abd93bf0 points into unknown readable memory
R13=0x00000174abaddbe0 points into unknown readable memory
R14=0x00000000001ca600 is an unknown value
R15=0x00000174aa20e1f0 points into unknown readable memory


Registers:
RAX=0x00000174a9e904d0, RBX=0x00000174a9e92d30, RCX=0x0000000000000000, RDX=0x00000174abd93bf0
RSP=0x00000048513fdcf0, RBP=0x00000174abd93bf0, RSI=0x00000174e3b221a0, RDI=0x0000000000002700
R8 =0x0000000000000000, R9 =0x0000000000000001, R10=0x0000000000008000, R11=0x00000048513fdba0
R12=0x00000174abd93bf0, R13=0x00000174abaddbe0, R14=0x00000000001ca600, R15=0x00000174aa20e1f0
RIP=0x000000007681bb41, EFLAGS=0x0000000000010246

Top of Stack: (sp=0x00000048513fdcf0)
0x00000048513fdcf0:   00000174a9e91170 0000000000000200
0x00000048513fdd00:   0000000000000000 0000000076cd6154
0x00000048513fdd10:   00000174abd93bf0 000000007681b890
0x00000048513fdd20:   00000174b044bd40 00000174aa20c260
0x00000048513fdd30:   00000000005fe800 0000000000000000
0x00000048513fdd40:   00000174abd93bf0 00000000767d5f15
0x00000048513fdd50:   0000000000000000 0000000000000002
0x00000048513fdd60:   00000000005fe800 00000174b044c7e0
0x00000048513fdd70:   000000003f4ccccd 0000000000000000
0x00000048513fdd80:   00000174abd93bf0 00000000767d61f1
0x00000048513fdd90:   0000000000000002 00000000005fe800
0x00000048513fdda0:   0000000000000002 00000048513fdde0
0x00000048513fddb0:   00000000005fe800 000000007679e311
0x00000048513fddc0:   0000000100000000 0000000000000002
0x00000048513fddd0:   000000003f4ccccd 0000000000000000
0x00000048513fdde0:   00000174abaddbe0 00000174abd93bf0 

Instructions: (pc=0x000000007681bb41)
0x000000007681bb21:   74 36 66 66 66 66 66 0f 1f 84 00 00 00 00 00 48
0x000000007681bb31:   8b 33 48 8b 5b 08 45 33 c0 48 8b 4e 20 48 8b d5
0x000000007681bb41:   48 8b 01 ff 10 85 c0 74 0a 48 8b 46 18 8b 48 08
0x000000007681bb51:   48 03 f9 48 85 db 75 d7 49 8d 04 3e eb 0c 4c 8b 



---------------  P R O C E S S  ---------------

Threads class SMR info:
_java_thread_list=0x00000174af908670, length=13, elements={
0x00000174a8b35800, 0x00000174a8b3e800, 0x00000174a94b2800, 0x00000174a8b4d000,
0x00000174a8b50800, 0x00000174a8b55000, 0x00000174a8b5a800, 0x00000174a9603000,
0x00000174a9610000, 0x00000174a9e0a000, 0x000001748a787800, 0x00000174ac114800,
0x00000174ac114000
}

Java Threads: ( => current thread )
  0x00000174a8b35800 JavaThread "Reference Handler" daemon [_thread_blocked, id=4904, stack(0x0000004850700000,0x0000004850800000)]
  0x00000174a8b3e800 JavaThread "Finalizer" daemon [_thread_blocked, id=7960, stack(0x0000004850800000,0x0000004850900000)]
  0x00000174a94b2800 JavaThread "Signal Dispatcher" daemon [_thread_blocked, id=1748, stack(0x0000004850900000,0x0000004850a00000)]
  0x00000174a8b4d000 JavaThread "Attach Listener" daemon [_thread_blocked, id=12516, stack(0x0000004850a00000,0x0000004850b00000)]
  0x00000174a8b50800 JavaThread "C2 CompilerThread0" daemon [_thread_blocked, id=9560, stack(0x0000004850b00000,0x0000004850c00000)]
  0x00000174a8b55000 JavaThread "C1 CompilerThread0" daemon [_thread_blocked, id=1992, stack(0x0000004850c00000,0x0000004850d00000)]
  0x00000174a8b5a800 JavaThread "Sweeper thread" daemon [_thread_blocked, id=7068, stack(0x0000004850d00000,0x0000004850e00000)]
  0x00000174a9603000 JavaThread "Service Thread" daemon [_thread_blocked, id=13292, stack(0x0000004850e00000,0x0000004850f00000)]
  0x00000174a9610000 JavaThread "Common-Cleaner" daemon [_thread_blocked, id=8120, stack(0x0000004851000000,0x0000004851100000)]
=>0x00000174a9e0a000 JavaThread "LWJGL Application" [_thread_in_native, id=6644, stack(0x0000004851300000,0x0000004851400000)]
  0x000001748a787800 JavaThread "DestroyJavaVM" [_thread_blocked, id=11296, stack(0x0000004850000000,0x0000004850100000)]
  0x00000174ac114800 JavaThread "AssetManager" daemon [_thread_blocked, id=6196, stack(0x0000004851800000,0x0000004851900000)]
  0x00000174ac114000 JavaThread "LWJGL Timer" daemon [_thread_blocked, id=4792, stack(0x0000004851e00000,0x0000004851f00000)]

Other Threads:
  0x00000174a8b0f000 VMThread "VM Thread" [stack: 0x0000004850600000,0x0000004850700000] [id=1444]
  0x00000174a960a800 WatcherThread [stack: 0x0000004850f00000,0x0000004851000000] [id=12872]
  0x000001748a79e800 GCTaskThread "GC Thread#0" [stack: 0x0000004850100000,0x0000004850200000] [id=10800]
  0x00000174aa228800 GCTaskThread "GC Thread#1" [stack: 0x0000004851a00000,0x0000004851b00000] [id=2164]
  0x00000174ac26d000 GCTaskThread "GC Thread#2" [stack: 0x0000004851b00000,0x0000004851c00000] [id=2628]
  0x00000174ac26d800 GCTaskThread "GC Thread#3" [stack: 0x0000004851c00000,0x0000004851d00000] [id=9764]
  0x000001748a7d0000 ConcurrentGCThread "G1 Main Marker" [stack: 0x0000004850200000,0x0000004850300000] [id=6156]
  0x000001748a7d1800 ConcurrentGCThread "G1 Conc#0" [stack: 0x0000004850300000,0x0000004850400000] [id=11440]
  0x00000174a8980800 ConcurrentGCThread "G1 Refine#0" [stack: 0x0000004850400000,0x0000004850500000] [id=8028]
  0x00000174ac2aa000 ConcurrentGCThread "G1 Refine#1" [stack: 0x0000004851900000,0x0000004851a00000] [id=9720]
  0x00000174b8654800 ConcurrentGCThread "G1 Refine#2" [stack: 0x0000004851d00000,0x0000004851e00000] [id=8444]
  0x00000174afd06000 ConcurrentGCThread "G1 Refine#3" [stack: 0x0000004851f00000,0x0000004852000000] [id=8928]
  0x00000174a8981800 ConcurrentGCThread "G1 Young RemSet Sampling" [stack: 0x0000004850500000,0x0000004850600000] [id=1996]

Threads with active compile tasks:

VM state:not at safepoint (normal execution)

VM Mutex/Monitor currently owned by a thread: None

Heap address: 0x0000000081000000, size: 2032 MB, Compressed Oops mode: 32-bit
Narrow klass base: 0x0000000000000000, Narrow klass shift: 3
Compressed class space size: 1073741824 Address: 0x0000000100000000

Heap:
 garbage-first heap   total 370688K, used 170487K [0x0000000081000000, 0x0000000100000000)
  region size 1024K, 14 young (14336K), 1 survivors (1024K)
 Metaspace       used 14129K, capacity 14246K, committed 14336K, reserved 1062912K
  class space    used 1178K, capacity 1233K, committed 1280K, reserved 1048576K
Heap Regions: E=young(eden), S=young(survivor), O=old, HS=humongous(starts), HC=humongous(continues), CS=collection set, F=free, A=archive, TAMS=top-at-mark-start (previous, next)
|   0|0x0000000081000000, 0x0000000081100000, 0x0000000081100000|100%| O|  |TAMS 0x0000000081100000, 0x0000000081000000| Untracked 
|   1|0x0000000081100000, 0x0000000081200000, 0x0000000081200000|100%| O|  |TAMS 0x0000000081200000, 0x0000000081100000| Untracked 
|   2|0x0000000081200000, 0x0000000081300000, 0x0000000081300000|100%| O|  |TAMS 0x0000000081300000, 0x0000000081200000| Complete 
|   3|0x0000000081300000, 0x0000000081400000, 0x0000000081400000|100%|HS|  |TAMS 0x0000000081400000, 0x0000000081300000| Complete 
|   4|0x0000000081400000, 0x0000000081500000, 0x0000000081500000|100%|HC|  |TAMS 0x0000000081500000, 0x0000000081400000| Complete 
|   5|0x0000000081500000, 0x0000000081600000, 0x0000000081600000|100%|HS|  |TAMS 0x0000000081600000, 0x0000000081500000| Complete 
|   6|0x0000000081600000, 0x0000000081700000, 0x0000000081700000|100%|HC|  |TAMS 0x0000000081700000, 0x0000000081600000| Complete 
|   7|0x0000000081700000, 0x0000000081800000, 0x0000000081800000|100%|HS|  |TAMS 0x0000000081800000, 0x0000000081700000| Complete 
|   8|0x0000000081800000, 0x0000000081900000, 0x0000000081900000|100%|HC|  |TAMS 0x0000000081900000, 0x0000000081800000| Complete 
|   9|0x0000000081900000, 0x0000000081a00000, 0x0000000081a00000|100%|HS|  |TAMS 0x0000000081a00000, 0x0000000081900000| Complete 
|  10|0x0000000081a00000, 0x0000000081b00000, 0x0000000081b00000|100%|HC|  |TAMS 0x0000000081b00000, 0x0000000081a00000| Complete 
|  11|0x0000000081b00000, 0x0000000081c00000, 0x0000000081c00000|100%|HS|  |TAMS 0x0000000081c00000, 0x0000000081b00000| Complete 
|  12|0x0000000081c00000, 0x0000000081d00000, 0x0000000081d00000|100%|HC|  |TAMS 0x0000000081d00000, 0x0000000081c00000| Complete 
|  13|0x0000000081d00000, 0x0000000081e00000, 0x0000000081e00000|100%|HS|  |TAMS 0x0000000081e00000, 0x0000000081d00000| Complete 
|  14|0x0000000081e00000, 0x0000000081f00000, 0x0000000081f00000|100%|HC|  |TAMS 0x0000000081f00000, 0x0000000081e00000| Complete 
|  15|0x0000000081f00000, 0x0000000082000000, 0x0000000082000000|100%|HS|  |TAMS 0x0000000082000000, 0x0000000081f00000| Complete 
|  16|0x0000000082000000, 0x0000000082100000, 0x0000000082100000|100%|HC|  |TAMS 0x0000000082100000, 0x0000000082000000| Complete 
|  17|0x0000000082100000, 0x0000000082200000, 0x0000000082200000|100%|HS|  |TAMS 0x0000000082200000, 0x0000000082100000| Complete 
|  18|0x0000000082200000, 0x0000000082300000, 0x0000000082300000|100%|HC|  |TAMS 0x0000000082300000, 0x0000000082200000| Complete 
|  19|0x0000000082300000, 0x0000000082400000, 0x0000000082400000|100%|HS|  |TAMS 0x0000000082400000, 0x0000000082300000| Complete 
|  20|0x0000000082400000, 0x0000000082500000, 0x0000000082500000|100%|HC|  |TAMS 0x0000000082500000, 0x0000000082400000| Complete 
|  21|0x0000000082500000, 0x0000000082600000, 0x0000000082600000|100%|HS|  |TAMS 0x0000000082600000, 0x0000000082500000| Complete 
|  22|0x0000000082600000, 0x0000000082700000, 0x0000000082700000|100%|HC|  |TAMS 0x0000000082700000, 0x0000000082600000| Complete 
|  23|0x0000000082700000, 0x0000000082800000, 0x0000000082800000|100%|HS|  |TAMS 0x0000000082800000, 0x0000000082700000| Complete 
|  24|0x0000000082800000, 0x0000000082900000, 0x0000000082900000|100%|HC|  |TAMS 0x0000000082900000, 0x0000000082800000| Complete 
|  25|0x0000000082900000, 0x0000000082a00000, 0x0000000082a00000|100%|HS|  |TAMS 0x0000000082a00000, 0x0000000082900000| Complete 
|  26|0x0000000082a00000, 0x0000000082b00000, 0x0000000082b00000|100%|HC|  |TAMS 0x0000000082b00000, 0x0000000082a00000| Complete 
|  27|0x0000000082b00000, 0x0000000082c00000, 0x0000000082c00000|100%|HS|  |TAMS 0x0000000082c00000, 0x0000000082b00000| Complete 
|  28|0x0000000082c00000, 0x0000000082d00000, 0x0000000082d00000|100%|HC|  |TAMS 0x0000000082d00000, 0x0000000082c00000| Complete 
|  29|0x0000000082d00000, 0x0000000082e00000, 0x0000000082e00000|100%|HS|  |TAMS 0x0000000082e00000, 0x0000000082d00000| Complete 
|  30|0x0000000082e00000, 0x0000000082f00000, 0x0000000082f00000|100%|HC|  |TAMS 0x0000000082f00000, 0x0000000082e00000| Complete 
|  31|0x0000000082f00000, 0x0000000083000000, 0x0000000083000000|100%|HS|  |TAMS 0x0000000083000000, 0x0000000082f00000| Complete 
|  32|0x0000000083000000, 0x0000000083100000, 0x0000000083100000|100%|HC|  |TAMS 0x0000000083100000, 0x0000000083000000| Complete 
|  33|0x0000000083100000, 0x0000000083200000, 0x0000000083200000|100%|HS|  |TAMS 0x0000000083200000, 0x0000000083100000| Complete 
|  34|0x0000000083200000, 0x0000000083300000, 0x0000000083300000|100%|HC|  |TAMS 0x0000000083300000, 0x0000000083200000| Complete 
|  35|0x0000000083300000, 0x0000000083400000, 0x0000000083400000|100%|HS|  |TAMS 0x0000000083400000, 0x0000000083300000| Complete 
|  36|0x0000000083400000, 0x0000000083500000, 0x0000000083500000|100%|HC|  |TAMS 0x0000000083500000, 0x0000000083400000| Complete 
|  37|0x0000000083500000, 0x0000000083600000, 0x0000000083600000|100%| O|  |TAMS 0x0000000083600000, 0x0000000083500000| Complete 
|  38|0x0000000083600000, 0x0000000083700000, 0x0000000083700000|100%|HS|  |TAMS 0x0000000083700000, 0x0000000083600000| Complete 
|  39|0x0000000083700000, 0x0000000083800000, 0x0000000083800000|100%|HC|  |TAMS 0x0000000083800000, 0x0000000083700000| Complete 
|  40|0x0000000083800000, 0x0000000083900000, 0x0000000083900000|100%|HS|  |TAMS 0x0000000083900000, 0x0000000083800000| Complete 
|  41|0x0000000083900000, 0x0000000083a00000, 0x0000000083a00000|100%|HC|  |TAMS 0x0000000083a00000, 0x0000000083900000| Complete 
|  42|0x0000000083a00000, 0x0000000083b00000, 0x0000000083b00000|100%| O|  |TAMS 0x0000000083b00000, 0x0000000083a00000| Untracked 
|  43|0x0000000083b00000, 0x0000000083c00000, 0x0000000083c00000|100%| O|  |TAMS 0x0000000083c00000, 0x0000000083b00000| Complete 
|  44|0x0000000083c00000, 0x0000000083d00000, 0x0000000083d00000|100%|HS|  |TAMS 0x0000000083d00000, 0x0000000083c00000| Complete 
|  45|0x0000000083d00000, 0x0000000083e00000, 0x0000000083e00000|100%|HC|  |TAMS 0x0000000083e00000, 0x0000000083d00000| Complete 
|  46|0x0000000083e00000, 0x0000000083f00000, 0x0000000083f00000|100%| O|  |TAMS 0x0000000083f00000, 0x0000000083e00000| Untracked 
|  47|0x0000000083f00000, 0x0000000084000000, 0x0000000084000000|100%| O|  |TAMS 0x0000000084000000, 0x0000000083f00000| Untracked 
|  48|0x0000000084000000, 0x0000000084100000, 0x0000000084100000|100%| O|  |TAMS 0x0000000084100000, 0x0000000084000000| Untracked 
|  49|0x0000000084100000, 0x0000000084200000, 0x0000000084200000|100%| O|  |TAMS 0x0000000084200000, 0x0000000084100000| Untracked 
|  50|0x0000000084200000, 0x0000000084300000, 0x0000000084300000|100%| O|  |TAMS 0x0000000084300000, 0x0000000084200000| Untracked 
|  51|0x0000000084300000, 0x0000000084400000, 0x0000000084400000|100%| O|  |TAMS 0x0000000084400000, 0x0000000084300000| Untracked 
|  52|0x0000000084400000, 0x0000000084500000, 0x0000000084500000|100%| O|  |TAMS 0x0000000084500000, 0x0000000084400000| Untracked 
|  53|0x0000000084500000, 0x0000000084600000, 0x0000000084600000|100%| O|  |TAMS 0x0000000084600000, 0x0000000084500000| Untracked 
|  54|0x0000000084600000, 0x0000000084700000, 0x0000000084700000|100%| O|  |TAMS 0x0000000084700000, 0x0000000084600000| Untracked 
|  55|0x0000000084700000, 0x0000000084800000, 0x0000000084800000|100%| O|  |TAMS 0x0000000084800000, 0x0000000084700000| Untracked 
|  56|0x0000000084800000, 0x0000000084900000, 0x0000000084900000|100%| O|  |TAMS 0x0000000084900000, 0x0000000084800000| Complete 
|  57|0x0000000084900000, 0x0000000084a00000, 0x0000000084a00000|100%| O|  |TAMS 0x0000000084a00000, 0x0000000084900000| Untracked 
|  58|0x0000000084a00000, 0x0000000084b00000, 0x0000000084b00000|100%| O|  |TAMS 0x0000000084b00000, 0x0000000084a00000| Complete 
|  59|0x0000000084b00000, 0x0000000084c00000, 0x0000000084c00000|100%| O|  |TAMS 0x0000000084c00000, 0x0000000084b00000| Complete 
|  60|0x0000000084c00000, 0x0000000084d00000, 0x0000000084d00000|100%|HS|  |TAMS 0x0000000084c00000, 0x0000000084c00000| Complete 
|  61|0x0000000084d00000, 0x0000000084e00000, 0x0000000084e00000|100%|HS|  |TAMS 0x0000000084d00000, 0x0000000084d00000| Complete 
|  62|0x0000000084e00000, 0x0000000084f00000, 0x0000000084f00000|100%|HS|  |TAMS 0x0000000084e00000, 0x0000000084e00000| Complete 
|  63|0x0000000084f00000, 0x0000000085000000, 0x0000000085000000|100%|HS|  |TAMS 0x0000000084f00000, 0x0000000084f00000| Complete 
|  64|0x0000000085000000, 0x0000000085100000, 0x0000000085100000|100%|HS|  |TAMS 0x0000000085000000, 0x0000000085000000| Complete 
|  65|0x0000000085100000, 0x0000000085200000, 0x0000000085200000|100%|HS|  |TAMS 0x0000000085100000, 0x0000000085100000| Complete 
|  66|0x0000000085200000, 0x0000000085300000, 0x0000000085300000|100%|HS|  |TAMS 0x0000000085200000, 0x0000000085200000| Complete 
|  67|0x0000000085300000, 0x0000000085400000, 0x0000000085400000|100%|HS|  |TAMS 0x0000000085300000, 0x0000000085300000| Complete 
|  68|0x0000000085400000, 0x0000000085500000, 0x0000000085500000|100%|HS|  |TAMS 0x0000000085400000, 0x0000000085400000| Complete 
|  69|0x0000000085500000, 0x0000000085600000, 0x0000000085600000|100%|HS|  |TAMS 0x0000000085500000, 0x0000000085500000| Complete 
|  70|0x0000000085600000, 0x0000000085700000, 0x0000000085700000|100%|HS|  |TAMS 0x0000000085600000, 0x0000000085600000| Complete 
|  71|0x0000000085700000, 0x0000000085800000, 0x0000000085800000|100%|HS|  |TAMS 0x0000000085700000, 0x0000000085700000| Complete 
|  72|0x0000000085800000, 0x0000000085900000, 0x0000000085900000|100%|HS|  |TAMS 0x0000000085800000, 0x0000000085800000| Complete 
|  73|0x0000000085900000, 0x0000000085a00000, 0x0000000085a00000|100%|HS|  |TAMS 0x0000000085900000, 0x0000000085900000| Complete 
|  74|0x0000000085a00000, 0x0000000085b00000, 0x0000000085b00000|100%|HS|  |TAMS 0x0000000085a00000, 0x0000000085a00000| Complete 
|  75|0x0000000085b00000, 0x0000000085c00000, 0x0000000085c00000|100%|HS|  |TAMS 0x0000000085b00000, 0x0000000085b00000| Complete 
|  76|0x0000000085c00000, 0x0000000085d00000, 0x0000000085d00000|100%|HS|  |TAMS 0x0000000085c00000, 0x0000000085c00000| Complete 
|  77|0x0000000085d00000, 0x0000000085e00000, 0x0000000085e00000|100%|HS|  |TAMS 0x0000000085d00000, 0x0000000085d00000| Complete 
|  78|0x0000000085e00000, 0x0000000085f00000, 0x0000000085f00000|100%|HS|  |TAMS 0x0000000085e00000, 0x0000000085e00000| Complete 
|  79|0x0000000085f00000, 0x0000000086000000, 0x0000000086000000|100%|HS|  |TAMS 0x0000000085f00000, 0x0000000085f00000| Complete 
|  80|0x0000000086000000, 0x0000000086100000, 0x0000000086100000|100%|HS|  |TAMS 0x0000000086000000, 0x0000000086000000| Complete 
|  81|0x0000000086100000, 0x0000000086200000, 0x0000000086200000|100%|HS|  |TAMS 0x0000000086100000, 0x0000000086100000| Complete 
|  82|0x0000000086200000, 0x0000000086300000, 0x0000000086300000|100%|HS|  |TAMS 0x0000000086200000, 0x0000000086200000| Complete 
|  83|0x0000000086300000, 0x0000000086400000, 0x0000000086400000|100%|HS|  |TAMS 0x0000000086300000, 0x0000000086300000| Complete 
|  84|0x0000000086400000, 0x0000000086500000, 0x0000000086500000|100%|HS|  |TAMS 0x0000000086400000, 0x0000000086400000| Complete 
|  85|0x0000000086500000, 0x0000000086600000, 0x0000000086600000|100%|HS|  |TAMS 0x0000000086500000, 0x0000000086500000| Complete 
|  86|0x0000000086600000, 0x0000000086700000, 0x0000000086700000|100%|HS|  |TAMS 0x0000000086600000, 0x0000000086600000| Complete 
|  87|0x0000000086700000, 0x0000000086800000, 0x0000000086800000|100%|HS|  |TAMS 0x0000000086700000, 0x0000000086700000| Complete 
|  88|0x0000000086800000, 0x0000000086900000, 0x0000000086900000|100%|HS|  |TAMS 0x0000000086800000, 0x0000000086800000| Complete 
|  89|0x0000000086900000, 0x0000000086a00000, 0x0000000086a00000|100%|HS|  |TAMS 0x0000000086900000, 0x0000000086900000| Complete 
|  90|0x0000000086a00000, 0x0000000086b00000, 0x0000000086b00000|100%|HS|  |TAMS 0x0000000086a00000, 0x0000000086a00000| Complete 
|  91|0x0000000086b00000, 0x0000000086c00000, 0x0000000086c00000|100%|HS|  |TAMS 0x0000000086b00000, 0x0000000086b00000| Complete 
|  92|0x0000000086c00000, 0x0000000086d00000, 0x0000000086d00000|100%| O|  |TAMS 0x0000000086d00000, 0x0000000086c00000| Untracked 
|  93|0x0000000086d00000, 0x0000000086e00000, 0x0000000086e00000|100%|HS|  |TAMS 0x0000000086d00000, 0x0000000086d00000| Complete 
|  94|0x0000000086e00000, 0x0000000086f00000, 0x0000000086f00000|100%| O|  |TAMS 0x0000000086f00000, 0x0000000086e00000| Untracked 
|  95|0x0000000086f00000, 0x0000000087000000, 0x0000000087000000|100%|HS|  |TAMS 0x0000000086f00000, 0x0000000086f00000| Complete 
|  96|0x0000000087000000, 0x0000000087100000, 0x0000000087100000|100%| O|  |TAMS 0x0000000087100000, 0x0000000087000000| Complete 
|  97|0x0000000087100000, 0x0000000087200000, 0x0000000087200000|100%|HS|  |TAMS 0x0000000087100000, 0x0000000087100000| Complete 
|  98|0x0000000087200000, 0x0000000087300000, 0x0000000087300000|100%|HS|  |TAMS 0x0000000087200000, 0x0000000087200000| Complete 
|  99|0x0000000087300000, 0x0000000087400000, 0x0000000087400000|100%|HS|  |TAMS 0x0000000087300000, 0x0000000087300000| Complete 
| 100|0x0000000087400000, 0x0000000087500000, 0x0000000087500000|100%|HS|  |TAMS 0x0000000087400000, 0x0000000087400000| Complete 
| 101|0x0000000087500000, 0x0000000087600000, 0x0000000087600000|100%| O|  |TAMS 0x0000000087600000, 0x0000000087500000| Complete 
| 102|0x0000000087600000, 0x0000000087700000, 0x0000000087700000|100%| O|  |TAMS 0x0000000087700000, 0x0000000087600000| Complete 
| 103|0x0000000087700000, 0x0000000087800000, 0x0000000087800000|100%|HS|  |TAMS 0x0000000087700000, 0x0000000087700000| Complete 
| 104|0x0000000087800000, 0x0000000087900000, 0x0000000087900000|100%| O|  |TAMS 0x0000000087900000, 0x0000000087800000| Complete 
| 105|0x0000000087900000, 0x0000000087a00000, 0x0000000087a00000|100%| O|  |TAMS 0x0000000087a00000, 0x0000000087900000| Complete 
| 106|0x0000000087a00000, 0x0000000087b00000, 0x0000000087b00000|100%| O|  |TAMS 0x0000000087b00000, 0x0000000087a00000| Untracked 
| 107|0x0000000087b00000, 0x0000000087c00000, 0x0000000087c00000|100%| O|  |TAMS 0x0000000087c00000, 0x0000000087b00000| Complete 
| 108|0x0000000087c00000, 0x0000000087d00000, 0x0000000087d00000|100%| O|  |TAMS 0x0000000087d00000, 0x0000000087c00000| Untracked 
| 109|0x0000000087d00000, 0x0000000087e00000, 0x0000000087e00000|100%| O|  |TAMS 0x0000000087e00000, 0x0000000087d00000| Untracked 
| 110|0x0000000087e00000, 0x0000000087f00000, 0x0000000087f00000|100%| O|  |TAMS 0x0000000087f00000, 0x0000000087e00000| Untracked 
| 111|0x0000000087f00000, 0x0000000088000000, 0x0000000088000000|100%| O|  |TAMS 0x0000000088000000, 0x0000000087f00000| Untracked 
| 112|0x0000000088000000, 0x0000000088100000, 0x0000000088100000|100%|HS|  |TAMS 0x0000000088000000, 0x0000000088000000| Complete 
| 113|0x0000000088100000, 0x0000000088200000, 0x0000000088200000|100%| O|  |TAMS 0x0000000088200000, 0x0000000088100000| Complete 
| 114|0x0000000088200000, 0x0000000088300000, 0x0000000088300000|100%| O|  |TAMS 0x0000000088300000, 0x0000000088200000| Untracked 
| 115|0x0000000088300000, 0x0000000088400000, 0x0000000088400000|100%| O|  |TAMS 0x0000000088400000, 0x0000000088300000| Untracked 
| 116|0x0000000088400000, 0x0000000088500000, 0x0000000088500000|100%|HS|  |TAMS 0x0000000088400000, 0x0000000088400000| Complete 
| 117|0x0000000088500000, 0x0000000088600000, 0x0000000088600000|100%|HS|  |TAMS 0x0000000088500000, 0x0000000088500000| Complete 
| 118|0x0000000088600000, 0x0000000088700000, 0x0000000088700000|100%|HS|  |TAMS 0x0000000088600000, 0x0000000088600000| Complete 
| 119|0x0000000088700000, 0x0000000088800000, 0x0000000088800000|100%|HS|  |TAMS 0x0000000088700000, 0x0000000088700000| Complete 
| 120|0x0000000088800000, 0x0000000088800000, 0x0000000088900000|  0%| F|  |TAMS 0x0000000088800000, 0x0000000088800000| Untracked 
| 121|0x0000000088900000, 0x0000000088900000, 0x0000000088a00000|  0%| F|  |TAMS 0x0000000088900000, 0x0000000088900000| Untracked 
| 122|0x0000000088a00000, 0x0000000088b00000, 0x0000000088b00000|100%| O|  |TAMS 0x0000000088b00000, 0x0000000088a00000| Untracked 
| 123|0x0000000088b00000, 0x0000000088c00000, 0x0000000088c00000|100%| O|  |TAMS 0x0000000088c00000, 0x0000000088b00000| Complete 
| 124|0x0000000088c00000, 0x0000000088d00000, 0x0000000088d00000|100%| O|  |TAMS 0x0000000088d00000, 0x0000000088c00000| Untracked 
| 125|0x0000000088d00000, 0x0000000088e00000, 0x0000000088e00000|100%| O|  |TAMS 0x0000000088e00000, 0x0000000088d00000| Complete 
| 126|0x0000000088e00000, 0x0000000088f00000, 0x0000000088f00000|100%| O|  |TAMS 0x0000000088f00000, 0x0000000088e00000| Untracked 
| 127|0x0000000088f00000, 0x0000000089000000, 0x0000000089000000|100%| O|  |TAMS 0x0000000089000000, 0x0000000088f00000| Complete 
| 128|0x0000000089000000, 0x0000000089100000, 0x0000000089100000|100%| O|  |TAMS 0x0000000089100000, 0x0000000089000000| Complete 
| 129|0x0000000089100000, 0x0000000089100000, 0x0000000089200000|  0%| F|  |TAMS 0x0000000089100000, 0x0000000089100000| Untracked 
| 130|0x0000000089200000, 0x0000000089200000, 0x0000000089300000|  0%| F|  |TAMS 0x0000000089200000, 0x0000000089200000| Untracked 
| 131|0x0000000089300000, 0x0000000089300000, 0x0000000089400000|  0%| F|  |TAMS 0x0000000089300000, 0x0000000089300000| Untracked 
| 132|0x0000000089400000, 0x0000000089500000, 0x0000000089500000|100%| O|  |TAMS 0x0000000089500000, 0x0000000089400000| Complete 
| 133|0x0000000089500000, 0x0000000089600000, 0x0000000089600000|100%| O|  |TAMS 0x0000000089600000, 0x0000000089500000| Untracked 
| 134|0x0000000089600000, 0x0000000089700000, 0x0000000089700000|100%| O|  |TAMS 0x0000000089700000, 0x0000000089600000| Untracked 
| 135|0x0000000089700000, 0x0000000089800000, 0x0000000089800000|100%| O|  |TAMS 0x0000000089800000, 0x0000000089700000| Untracked 
| 136|0x0000000089800000, 0x0000000089900000, 0x0000000089900000|100%| O|  |TAMS 0x0000000089900000, 0x0000000089800000| Complete 
| 137|0x0000000089900000, 0x0000000089a00000, 0x0000000089a00000|100%| O|  |TAMS 0x0000000089a00000, 0x0000000089900000| Complete 
| 138|0x0000000089a00000, 0x0000000089a00000, 0x0000000089b00000|  0%| F|  |TAMS 0x0000000089a00000, 0x0000000089a00000| Untracked 
| 139|0x0000000089b00000, 0x0000000089b00000, 0x0000000089c00000|  0%| F|  |TAMS 0x0000000089b00000, 0x0000000089b00000| Untracked 
| 140|0x0000000089c00000, 0x0000000089c00000, 0x0000000089d00000|  0%| F|  |TAMS 0x0000000089c00000, 0x0000000089c00000| Untracked 
| 141|0x0000000089d00000, 0x0000000089d00000, 0x0000000089e00000|  0%| F|  |TAMS 0x0000000089d00000, 0x0000000089d00000| Untracked 
| 142|0x0000000089e00000, 0x0000000089f00000, 0x0000000089f00000|100%| O|  |TAMS 0x0000000089f00000, 0x0000000089e00000| Complete 
| 143|0x0000000089f00000, 0x000000008a000000, 0x000000008a000000|100%| O|  |TAMS 0x000000008a000000, 0x0000000089f00000| Untracked 
| 144|0x000000008a000000, 0x000000008a000000, 0x000000008a100000|  0%| F|  |TAMS 0x000000008a000000, 0x000000008a000000| Untracked 
| 145|0x000000008a100000, 0x000000008a100000, 0x000000008a200000|  0%| F|  |TAMS 0x000000008a100000, 0x000000008a100000| Untracked 
| 146|0x000000008a200000, 0x000000008a200000, 0x000000008a300000|  0%| F|  |TAMS 0x000000008a200000, 0x000000008a200000| Untracked 
| 147|0x000000008a300000, 0x000000008a300000, 0x000000008a400000|  0%| F|  |TAMS 0x000000008a300000, 0x000000008a300000| Untracked 
| 148|0x000000008a400000, 0x000000008a500000, 0x000000008a500000|100%| O|  |TAMS 0x000000008a500000, 0x000000008a400000| Complete 
| 149|0x000000008a500000, 0x000000008a500000, 0x000000008a600000|  0%| F|  |TAMS 0x000000008a500000, 0x000000008a500000| Untracked 
| 150|0x000000008a600000, 0x000000008a600000, 0x000000008a700000|  0%| F|  |TAMS 0x000000008a600000, 0x000000008a600000| Untracked 
| 151|0x000000008a700000, 0x000000008a700000, 0x000000008a800000|  0%| F|  |TAMS 0x000000008a700000, 0x000000008a700000| Untracked 
| 152|0x000000008a800000, 0x000000008a800000, 0x000000008a900000|  0%| F|  |TAMS 0x000000008a800000, 0x000000008a800000| Untracked 
| 153|0x000000008a900000, 0x000000008a900000, 0x000000008aa00000|  0%| F|  |TAMS 0x000000008a900000, 0x000000008a900000| Untracked 
| 154|0x000000008aa00000, 0x000000008ab00000, 0x000000008ab00000|100%| O|  |TAMS 0x000000008ab00000, 0x000000008aa00000| Complete 
| 155|0x000000008ab00000, 0x000000008ac00000, 0x000000008ac00000|100%| O|  |TAMS 0x000000008ac00000, 0x000000008ab00000| Complete 
| 156|0x000000008ac00000, 0x000000008ad00000, 0x000000008ad00000|100%| O|  |TAMS 0x000000008ad00000, 0x000000008ac00000| Complete 
| 157|0x000000008ad00000, 0x000000008ae00000, 0x000000008ae00000|100%| O|  |TAMS 0x000000008ae00000, 0x000000008ad00000| Complete 
| 158|0x000000008ae00000, 0x000000008ae00000, 0x000000008af00000|  0%| F|  |TAMS 0x000000008ae00000, 0x000000008ae00000| Untracked 
| 159|0x000000008af00000, 0x000000008af00000, 0x000000008b000000|  0%| F|  |TAMS 0x000000008af00000, 0x000000008af00000| Untracked 
| 160|0x000000008b000000, 0x000000008b000000, 0x000000008b100000|  0%| F|  |TAMS 0x000000008b000000, 0x000000008b000000| Untracked 
| 161|0x000000008b100000, 0x000000008b100000, 0x000000008b200000|  0%| F|  |TAMS 0x000000008b100000, 0x000000008b100000| Untracked 
| 162|0x000000008b200000, 0x000000008b200000, 0x000000008b300000|  0%| F|  |TAMS 0x000000008b200000, 0x000000008b200000| Untracked 
| 163|0x000000008b300000, 0x000000008b300000, 0x000000008b400000|  0%| F|  |TAMS 0x000000008b300000, 0x000000008b300000| Untracked 
| 164|0x000000008b400000, 0x000000008b400000, 0x000000008b500000|  0%| F|  |TAMS 0x000000008b400000, 0x000000008b400000| Untracked 
| 165|0x000000008b500000, 0x000000008b500000, 0x000000008b600000|  0%| F|  |TAMS 0x000000008b500000, 0x000000008b500000| Untracked 
| 166|0x000000008b600000, 0x000000008b600000, 0x000000008b700000|  0%| F|  |TAMS 0x000000008b600000, 0x000000008b600000| Untracked 
| 167|0x000000008b700000, 0x000000008b700000, 0x000000008b800000|  0%| F|  |TAMS 0x000000008b700000, 0x000000008b700000| Untracked 
| 168|0x000000008b800000, 0x000000008b800000, 0x000000008b900000|  0%| F|  |TAMS 0x000000008b800000, 0x000000008b800000| Untracked 
| 169|0x000000008b900000, 0x000000008b900000, 0x000000008ba00000|  0%| F|  |TAMS 0x000000008b900000, 0x000000008b900000| Untracked 
| 170|0x000000008ba00000, 0x000000008ba00000, 0x000000008bb00000|  0%| F|  |TAMS 0x000000008ba00000, 0x000000008ba00000| Untracked 
| 171|0x000000008bb00000, 0x000000008bb00000, 0x000000008bc00000|  0%| F|  |TAMS 0x000000008bb00000, 0x000000008bb00000| Untracked 
| 172|0x000000008bc00000, 0x000000008bc00000, 0x000000008bd00000|  0%| F|  |TAMS 0x000000008bc00000, 0x000000008bc00000| Untracked 
| 173|0x000000008bd00000, 0x000000008bd00000, 0x000000008be00000|  0%| F|  |TAMS 0x000000008bd00000, 0x000000008bd00000| Untracked 
| 174|0x000000008be00000, 0x000000008be00000, 0x000000008bf00000|  0%| F|  |TAMS 0x000000008be00000, 0x000000008be00000| Untracked 
| 175|0x000000008bf00000, 0x000000008bf00000, 0x000000008c000000|  0%| F|  |TAMS 0x000000008bf00000, 0x000000008bf00000| Untracked 
| 176|0x000000008c000000, 0x000000008c000000, 0x000000008c100000|  0%| F|  |TAMS 0x000000008c000000, 0x000000008c000000| Untracked 
| 177|0x000000008c100000, 0x000000008c100000, 0x000000008c200000|  0%| F|  |TAMS 0x000000008c100000, 0x000000008c100000| Untracked 
| 178|0x000000008c200000, 0x000000008c200000, 0x000000008c300000|  0%| F|  |TAMS 0x000000008c200000, 0x000000008c200000| Untracked 
| 179|0x000000008c300000, 0x000000008c300000, 0x000000008c400000|  0%| F|  |TAMS 0x000000008c300000, 0x000000008c300000| Untracked 
| 180|0x000000008c400000, 0x000000008c400000, 0x000000008c500000|  0%| F|  |TAMS 0x000000008c400000, 0x000000008c400000| Untracked 
| 181|0x000000008c500000, 0x000000008c500000, 0x000000008c600000|  0%| F|  |TAMS 0x000000008c500000, 0x000000008c500000| Untracked 
| 182|0x000000008c600000, 0x000000008c600000, 0x000000008c700000|  0%| F|  |TAMS 0x000000008c600000, 0x000000008c600000| Untracked 
| 183|0x000000008c700000, 0x000000008c700000, 0x000000008c800000|  0%| F|  |TAMS 0x000000008c700000, 0x000000008c700000| Untracked 
| 184|0x000000008c800000, 0x000000008c800000, 0x000000008c900000|  0%| F|  |TAMS 0x000000008c800000, 0x000000008c800000| Untracked 
| 185|0x000000008c900000, 0x000000008c900000, 0x000000008ca00000|  0%| F|  |TAMS 0x000000008c900000, 0x000000008c900000| Untracked 
| 186|0x000000008ca00000, 0x000000008ca00000, 0x000000008cb00000|  0%| F|  |TAMS 0x000000008ca00000, 0x000000008ca00000| Untracked 
| 187|0x000000008cb00000, 0x000000008cb00000, 0x000000008cc00000|  0%| F|  |TAMS 0x000000008cb00000, 0x000000008cb00000| Untracked 
| 188|0x000000008cc00000, 0x000000008cc00000, 0x000000008cd00000|  0%| F|  |TAMS 0x000000008cc00000, 0x000000008cc00000| Untracked 
| 189|0x000000008cd00000, 0x000000008cd00000, 0x000000008ce00000|  0%| F|  |TAMS 0x000000008cd00000, 0x000000008cd00000| Untracked 
| 190|0x000000008ce00000, 0x000000008ce00000, 0x000000008cf00000|  0%| F|  |TAMS 0x000000008ce00000, 0x000000008ce00000| Untracked 
| 191|0x000000008cf00000, 0x000000008cf00000, 0x000000008d000000|  0%| F|  |TAMS 0x000000008cf00000, 0x000000008cf00000| Untracked 
| 192|0x000000008d000000, 0x000000008d000000, 0x000000008d100000|  0%| F|  |TAMS 0x000000008d000000, 0x000000008d000000| Untracked 
| 193|0x000000008d100000, 0x000000008d100000, 0x000000008d200000|  0%| F|  |TAMS 0x000000008d100000, 0x000000008d100000| Untracked 
| 194|0x000000008d200000, 0x000000008d200000, 0x000000008d300000|  0%| F|  |TAMS 0x000000008d200000, 0x000000008d200000| Untracked 
| 195|0x000000008d300000, 0x000000008d300000, 0x000000008d400000|  0%| F|  |TAMS 0x000000008d300000, 0x000000008d300000| Untracked 
| 196|0x000000008d400000, 0x000000008d400000, 0x000000008d500000|  0%| F|  |TAMS 0x000000008d400000, 0x000000008d400000| Untracked 
| 197|0x000000008d500000, 0x000000008d500000, 0x000000008d600000|  0%| F|  |TAMS 0x000000008d500000, 0x000000008d500000| Untracked 
| 198|0x000000008d600000, 0x000000008d600000, 0x000000008d700000|  0%| F|  |TAMS 0x000000008d600000, 0x000000008d600000| Untracked 
| 199|0x000000008d700000, 0x000000008d700000, 0x000000008d800000|  0%| F|  |TAMS 0x000000008d700000, 0x000000008d700000| Untracked 
| 200|0x000000008d800000, 0x000000008d800000, 0x000000008d900000|  0%| F|  |TAMS 0x000000008d800000, 0x000000008d800000| Untracked 
| 201|0x000000008d900000, 0x000000008d900000, 0x000000008da00000|  0%| F|  |TAMS 0x000000008d900000, 0x000000008d900000| Untracked 
| 202|0x000000008da00000, 0x000000008da00000, 0x000000008db00000|  0%| F|  |TAMS 0x000000008da00000, 0x000000008da00000| Untracked 
| 203|0x000000008db00000, 0x000000008db00000, 0x000000008dc00000|  0%| F|  |TAMS 0x000000008db00000, 0x000000008db00000| Untracked 
| 204|0x000000008dc00000, 0x000000008dc00000, 0x000000008dd00000|  0%| F|  |TAMS 0x000000008dc00000, 0x000000008dc00000| Untracked 
| 205|0x000000008dd00000, 0x000000008dd00000, 0x000000008de00000|  0%| F|  |TAMS 0x000000008dd00000, 0x000000008dd00000| Untracked 
| 206|0x000000008de00000, 0x000000008de00000, 0x000000008df00000|  0%| F|  |TAMS 0x000000008de00000, 0x000000008de00000| Untracked 
| 207|0x000000008df00000, 0x000000008df00000, 0x000000008e000000|  0%| F|  |TAMS 0x000000008df00000, 0x000000008df00000| Untracked 
| 208|0x000000008e000000, 0x000000008e000000, 0x000000008e100000|  0%| F|  |TAMS 0x000000008e000000, 0x000000008e000000| Untracked 
| 209|0x000000008e100000, 0x000000008e100000, 0x000000008e200000|  0%| F|  |TAMS 0x000000008e100000, 0x000000008e100000| Untracked 
| 210|0x000000008e200000, 0x000000008e200000, 0x000000008e300000|  0%| F|  |TAMS 0x000000008e200000, 0x000000008e200000| Untracked 
| 211|0x000000008e300000, 0x000000008e300000, 0x000000008e400000|  0%| F|  |TAMS 0x000000008e300000, 0x000000008e300000| Untracked 
| 212|0x000000008e400000, 0x000000008e400000, 0x000000008e500000|  0%| F|  |TAMS 0x000000008e400000, 0x000000008e400000| Untracked 
| 213|0x000000008e500000, 0x000000008e500000, 0x000000008e600000|  0%| F|  |TAMS 0x000000008e500000, 0x000000008e500000| Untracked 
| 214|0x000000008e600000, 0x000000008e600000, 0x000000008e700000|  0%| F|  |TAMS 0x000000008e600000, 0x000000008e600000| Untracked 
| 215|0x000000008e700000, 0x000000008e700000, 0x000000008e800000|  0%| F|  |TAMS 0x000000008e700000, 0x000000008e700000| Untracked 
| 216|0x000000008e800000, 0x000000008e800000, 0x000000008e900000|  0%| F|  |TAMS 0x000000008e800000, 0x000000008e800000| Untracked 
| 217|0x000000008e900000, 0x000000008e900000, 0x000000008ea00000|  0%| F|  |TAMS 0x000000008e900000, 0x000000008e900000| Untracked 
| 218|0x000000008ea00000, 0x000000008ea00000, 0x000000008eb00000|  0%| F|  |TAMS 0x000000008ea00000, 0x000000008ea00000| Untracked 
| 219|0x000000008eb00000, 0x000000008eb00000, 0x000000008ec00000|  0%| F|  |TAMS 0x000000008eb00000, 0x000000008eb00000| Untracked 
| 220|0x000000008ec00000, 0x000000008ec00000, 0x000000008ed00000|  0%| F|  |TAMS 0x000000008ec00000, 0x000000008ec00000| Untracked 
| 221|0x000000008ed00000, 0x000000008ed00000, 0x000000008ee00000|  0%| F|  |TAMS 0x000000008ed00000, 0x000000008ed00000| Untracked 
| 222|0x000000008ee00000, 0x000000008ee00000, 0x000000008ef00000|  0%| F|  |TAMS 0x000000008ee00000, 0x000000008ee00000| Untracked 
| 223|0x000000008ef00000, 0x000000008ef00000, 0x000000008f000000|  0%| F|  |TAMS 0x000000008ef00000, 0x000000008ef00000| Untracked 
| 224|0x000000008f000000, 0x000000008f000000, 0x000000008f100000|  0%| F|  |TAMS 0x000000008f000000, 0x000000008f000000| Untracked 
| 225|0x000000008f100000, 0x000000008f100000, 0x000000008f200000|  0%| F|  |TAMS 0x000000008f100000, 0x000000008f100000| Untracked 
| 226|0x000000008f200000, 0x000000008f200000, 0x000000008f300000|  0%| F|  |TAMS 0x000000008f200000, 0x000000008f200000| Untracked 
| 227|0x000000008f300000, 0x000000008f300000, 0x000000008f400000|  0%| F|  |TAMS 0x000000008f300000, 0x000000008f300000| Untracked 
| 228|0x000000008f400000, 0x000000008f400000, 0x000000008f500000|  0%| F|  |TAMS 0x000000008f400000, 0x000000008f400000| Untracked 
| 229|0x000000008f500000, 0x000000008f500000, 0x000000008f600000|  0%| F|  |TAMS 0x000000008f500000, 0x000000008f500000| Untracked 
| 230|0x000000008f600000, 0x000000008f600000, 0x000000008f700000|  0%| F|  |TAMS 0x000000008f600000, 0x000000008f600000| Untracked 
| 231|0x000000008f700000, 0x000000008f700000, 0x000000008f800000|  0%| F|  |TAMS 0x000000008f700000, 0x000000008f700000| Untracked 
| 232|0x000000008f800000, 0x000000008f800000, 0x000000008f900000|  0%| F|  |TAMS 0x000000008f800000, 0x000000008f800000| Untracked 
| 233|0x000000008f900000, 0x000000008f900000, 0x000000008fa00000|  0%| F|  |TAMS 0x000000008f900000, 0x000000008f900000| Untracked 
| 234|0x000000008fa00000, 0x000000008fa00000, 0x000000008fb00000|  0%| F|  |TAMS 0x000000008fa00000, 0x000000008fa00000| Untracked 
| 235|0x000000008fb00000, 0x000000008fb00000, 0x000000008fc00000|  0%| F|  |TAMS 0x000000008fb00000, 0x000000008fb00000| Untracked 
| 236|0x000000008fc00000, 0x000000008fc00000, 0x000000008fd00000|  0%| F|  |TAMS 0x000000008fc00000, 0x000000008fc00000| Untracked 
| 237|0x000000008fd00000, 0x000000008fd00000, 0x000000008fe00000|  0%| F|  |TAMS 0x000000008fd00000, 0x000000008fd00000| Untracked 
| 238|0x000000008fe00000, 0x000000008fe00000, 0x000000008ff00000|  0%| F|  |TAMS 0x000000008fe00000, 0x000000008fe00000| Untracked 
| 239|0x000000008ff00000, 0x000000008ff00000, 0x0000000090000000|  0%| F|  |TAMS 0x000000008ff00000, 0x000000008ff00000| Untracked 
| 240|0x0000000090000000, 0x0000000090000000, 0x0000000090100000|  0%| F|  |TAMS 0x0000000090000000, 0x0000000090000000| Untracked 
| 241|0x0000000090100000, 0x0000000090100000, 0x0000000090200000|  0%| F|  |TAMS 0x0000000090100000, 0x0000000090100000| Untracked 
| 242|0x0000000090200000, 0x0000000090200000, 0x0000000090300000|  0%| F|  |TAMS 0x0000000090200000, 0x0000000090200000| Untracked 
| 243|0x0000000090300000, 0x0000000090300000, 0x0000000090400000|  0%| F|  |TAMS 0x0000000090300000, 0x0000000090300000| Untracked 
| 244|0x0000000090400000, 0x0000000090400000, 0x0000000090500000|  0%| F|  |TAMS 0x0000000090400000, 0x0000000090400000| Untracked 
| 245|0x0000000090500000, 0x0000000090500000, 0x0000000090600000|  0%| F|  |TAMS 0x0000000090500000, 0x0000000090500000| Untracked 
| 246|0x0000000090600000, 0x0000000090600000, 0x0000000090700000|  0%| F|  |TAMS 0x0000000090600000, 0x0000000090600000| Untracked 
| 247|0x0000000090700000, 0x0000000090700000, 0x0000000090800000|  0%| F|  |TAMS 0x0000000090700000, 0x0000000090700000| Untracked 
| 248|0x0000000090800000, 0x0000000090800000, 0x0000000090900000|  0%| F|  |TAMS 0x0000000090800000, 0x0000000090800000| Untracked 
| 249|0x0000000090900000, 0x0000000090900000, 0x0000000090a00000|  0%| F|  |TAMS 0x0000000090900000, 0x0000000090900000| Untracked 
| 250|0x0000000090a00000, 0x0000000090a00000, 0x0000000090b00000|  0%| F|  |TAMS 0x0000000090a00000, 0x0000000090a00000| Untracked 
| 251|0x0000000090b00000, 0x0000000090b00000, 0x0000000090c00000|  0%| F|  |TAMS 0x0000000090b00000, 0x0000000090b00000| Untracked 
| 252|0x0000000090c00000, 0x0000000090c00000, 0x0000000090d00000|  0%| F|  |TAMS 0x0000000090c00000, 0x0000000090c00000| Untracked 
| 253|0x0000000090d00000, 0x0000000090d00000, 0x0000000090e00000|  0%| F|  |TAMS 0x0000000090d00000, 0x0000000090d00000| Untracked 
| 254|0x0000000090e00000, 0x0000000090e00000, 0x0000000090f00000|  0%| F|  |TAMS 0x0000000090e00000, 0x0000000090e00000| Untracked 
| 255|0x0000000090f00000, 0x0000000090f00000, 0x0000000091000000|  0%| F|  |TAMS 0x0000000090f00000, 0x0000000090f00000| Untracked 
| 256|0x0000000091000000, 0x0000000091000000, 0x0000000091100000|  0%| F|  |TAMS 0x0000000091000000, 0x0000000091000000| Untracked 
| 257|0x0000000091100000, 0x0000000091100000, 0x0000000091200000|  0%| F|  |TAMS 0x0000000091100000, 0x0000000091100000| Untracked 
| 258|0x0000000091200000, 0x0000000091200000, 0x0000000091300000|  0%| F|  |TAMS 0x0000000091200000, 0x0000000091200000| Untracked 
| 259|0x0000000091300000, 0x0000000091300000, 0x0000000091400000|  0%| F|  |TAMS 0x0000000091300000, 0x0000000091300000| Untracked 
| 260|0x0000000091400000, 0x0000000091400000, 0x0000000091500000|  0%| F|  |TAMS 0x0000000091400000, 0x0000000091400000| Untracked 
| 261|0x0000000091500000, 0x0000000091500000, 0x0000000091600000|  0%| F|  |TAMS 0x0000000091500000, 0x0000000091500000| Untracked 
| 262|0x0000000091600000, 0x0000000091600000, 0x0000000091700000|  0%| F|  |TAMS 0x0000000091600000, 0x0000000091600000| Untracked 
| 263|0x0000000091700000, 0x0000000091700000, 0x0000000091800000|  0%| F|  |TAMS 0x0000000091700000, 0x0000000091700000| Untracked 
| 264|0x0000000091800000, 0x0000000091800000, 0x0000000091900000|  0%| F|  |TAMS 0x0000000091800000, 0x0000000091800000| Untracked 
| 265|0x0000000091900000, 0x0000000091900000, 0x0000000091a00000|  0%| F|  |TAMS 0x0000000091900000, 0x0000000091900000| Untracked 
| 266|0x0000000091a00000, 0x0000000091a00000, 0x0000000091b00000|  0%| F|  |TAMS 0x0000000091a00000, 0x0000000091a00000| Untracked 
| 267|0x0000000091b00000, 0x0000000091b00000, 0x0000000091c00000|  0%| F|  |TAMS 0x0000000091b00000, 0x0000000091b00000| Untracked 
| 268|0x0000000091c00000, 0x0000000091c00000, 0x0000000091d00000|  0%| F|  |TAMS 0x0000000091c00000, 0x0000000091c00000| Untracked 
| 269|0x0000000091d00000, 0x0000000091d00000, 0x0000000091e00000|  0%| F|  |TAMS 0x0000000091d00000, 0x0000000091d00000| Untracked 
| 270|0x0000000091e00000, 0x0000000091e00000, 0x0000000091f00000|  0%| F|  |TAMS 0x0000000091e00000, 0x0000000091e00000| Untracked 
| 271|0x0000000091f00000, 0x0000000091f00000, 0x0000000092000000|  0%| F|  |TAMS 0x0000000091f00000, 0x0000000091f00000| Untracked 
| 272|0x0000000092000000, 0x0000000092000000, 0x0000000092100000|  0%| F|  |TAMS 0x0000000092000000, 0x0000000092000000| Untracked 
| 273|0x0000000092100000, 0x0000000092100000, 0x0000000092200000|  0%| F|  |TAMS 0x0000000092100000, 0x0000000092100000| Untracked 
| 274|0x0000000092200000, 0x0000000092200000, 0x0000000092300000|  0%| F|  |TAMS 0x0000000092200000, 0x0000000092200000| Untracked 
| 275|0x0000000092300000, 0x0000000092300000, 0x0000000092400000|  0%| F|  |TAMS 0x0000000092300000, 0x0000000092300000| Untracked 
| 276|0x0000000092400000, 0x0000000092400000, 0x0000000092500000|  0%| F|  |TAMS 0x0000000092400000, 0x0000000092400000| Untracked 
| 277|0x0000000092500000, 0x0000000092500000, 0x0000000092600000|  0%| F|  |TAMS 0x0000000092500000, 0x0000000092500000| Untracked 
| 278|0x0000000092600000, 0x0000000092600000, 0x0000000092700000|  0%| F|  |TAMS 0x0000000092600000, 0x0000000092600000| Untracked 
| 279|0x0000000092700000, 0x000000009277dd40, 0x0000000092800000| 49%| S|CS|TAMS 0x0000000092700000, 0x0000000092700000| Complete 
| 280|0x0000000092800000, 0x0000000092800000, 0x0000000092900000|  0%| F|  |TAMS 0x0000000092800000, 0x0000000092800000| Untracked 
| 281|0x0000000092900000, 0x0000000092900000, 0x0000000092a00000|  0%| F|  |TAMS 0x0000000092900000, 0x0000000092900000| Untracked 
| 282|0x0000000092a00000, 0x0000000092a00000, 0x0000000092b00000|  0%| F|  |TAMS 0x0000000092a00000, 0x0000000092a00000| Untracked 
| 283|0x0000000092b00000, 0x0000000092b00000, 0x0000000092c00000|  0%| F|  |TAMS 0x0000000092b00000, 0x0000000092b00000| Untracked 
| 284|0x0000000092c00000, 0x0000000092c00000, 0x0000000092d00000|  0%| F|  |TAMS 0x0000000092c00000, 0x0000000092c00000| Untracked 
| 285|0x0000000092d00000, 0x0000000092d00000, 0x0000000092e00000|  0%| F|  |TAMS 0x0000000092d00000, 0x0000000092d00000| Untracked 
| 286|0x0000000092e00000, 0x0000000092e00000, 0x0000000092f00000|  0%| F|  |TAMS 0x0000000092e00000, 0x0000000092e00000| Untracked 
| 287|0x0000000092f00000, 0x0000000092f00000, 0x0000000093000000|  0%| F|  |TAMS 0x0000000092f00000, 0x0000000092f00000| Untracked 
| 288|0x0000000093000000, 0x0000000093000000, 0x0000000093100000|  0%| F|  |TAMS 0x0000000093000000, 0x0000000093000000| Untracked 
| 289|0x0000000093100000, 0x0000000093100000, 0x0000000093200000|  0%| F|  |TAMS 0x0000000093100000, 0x0000000093100000| Untracked 
| 290|0x0000000093200000, 0x0000000093200000, 0x0000000093300000|  0%| F|  |TAMS 0x0000000093200000, 0x0000000093200000| Untracked 
| 291|0x0000000093300000, 0x0000000093300000, 0x0000000093400000|  0%| F|  |TAMS 0x0000000093300000, 0x0000000093300000| Untracked 
| 292|0x0000000093400000, 0x0000000093400000, 0x0000000093500000|  0%| F|  |TAMS 0x0000000093400000, 0x0000000093400000| Untracked 
| 293|0x0000000093500000, 0x0000000093500000, 0x0000000093600000|  0%| F|  |TAMS 0x0000000093500000, 0x0000000093500000| Untracked 
| 294|0x0000000093600000, 0x0000000093600000, 0x0000000093700000|  0%| F|  |TAMS 0x0000000093600000, 0x0000000093600000| Untracked 
| 295|0x0000000093700000, 0x0000000093700000, 0x0000000093800000|  0%| F|  |TAMS 0x0000000093700000, 0x0000000093700000| Untracked 
| 296|0x0000000093800000, 0x0000000093800000, 0x0000000093900000|  0%| F|  |TAMS 0x0000000093800000, 0x0000000093800000| Untracked 
| 297|0x0000000093900000, 0x0000000093900000, 0x0000000093a00000|  0%| F|  |TAMS 0x0000000093900000, 0x0000000093900000| Untracked 
| 298|0x0000000093a00000, 0x0000000093a00000, 0x0000000093b00000|  0%| F|  |TAMS 0x0000000093a00000, 0x0000000093a00000| Untracked 
| 299|0x0000000093b00000, 0x0000000093b00000, 0x0000000093c00000|  0%| F|  |TAMS 0x0000000093b00000, 0x0000000093b00000| Untracked 
| 300|0x0000000093c00000, 0x0000000093c00000, 0x0000000093d00000|  0%| F|  |TAMS 0x0000000093c00000, 0x0000000093c00000| Untracked 
| 301|0x0000000093d00000, 0x0000000093d00000, 0x0000000093e00000|  0%| F|  |TAMS 0x0000000093d00000, 0x0000000093d00000| Untracked 
| 302|0x0000000093e00000, 0x0000000093e00000, 0x0000000093f00000|  0%| F|  |TAMS 0x0000000093e00000, 0x0000000093e00000| Untracked 
| 303|0x0000000093f00000, 0x0000000093f00000, 0x0000000094000000|  0%| F|  |TAMS 0x0000000093f00000, 0x0000000093f00000| Untracked 
| 304|0x0000000094000000, 0x0000000094000000, 0x0000000094100000|  0%| F|  |TAMS 0x0000000094000000, 0x0000000094000000| Untracked 
| 305|0x0000000094100000, 0x0000000094100000, 0x0000000094200000|  0%| F|  |TAMS 0x0000000094100000, 0x0000000094100000| Untracked 
| 306|0x0000000094200000, 0x0000000094200000, 0x0000000094300000|  0%| F|  |TAMS 0x0000000094200000, 0x0000000094200000| Untracked 
| 307|0x0000000094300000, 0x0000000094300000, 0x0000000094400000|  0%| F|  |TAMS 0x0000000094300000, 0x0000000094300000| Untracked 
| 308|0x0000000094400000, 0x0000000094400000, 0x0000000094500000|  0%| F|  |TAMS 0x0000000094400000, 0x0000000094400000| Untracked 
| 309|0x0000000094500000, 0x0000000094500000, 0x0000000094600000|  0%| F|  |TAMS 0x0000000094500000, 0x0000000094500000| Untracked 
| 310|0x0000000094600000, 0x0000000094600000, 0x0000000094700000|  0%| F|  |TAMS 0x0000000094600000, 0x0000000094600000| Untracked 
| 311|0x0000000094700000, 0x0000000094700000, 0x0000000094800000|  0%| F|  |TAMS 0x0000000094700000, 0x0000000094700000| Untracked 
| 312|0x0000000094800000, 0x0000000094800000, 0x0000000094900000|  0%| F|  |TAMS 0x0000000094800000, 0x0000000094800000| Untracked 
| 313|0x0000000094900000, 0x0000000094900000, 0x0000000094a00000|  0%| F|  |TAMS 0x0000000094900000, 0x0000000094900000| Untracked 
| 314|0x0000000094a00000, 0x0000000094a00000, 0x0000000094b00000|  0%| F|  |TAMS 0x0000000094a00000, 0x0000000094a00000| Untracked 
| 315|0x0000000094b00000, 0x0000000094b00000, 0x0000000094c00000|  0%| F|  |TAMS 0x0000000094b00000, 0x0000000094b00000| Untracked 
| 316|0x0000000094c00000, 0x0000000094c00000, 0x0000000094d00000|  0%| F|  |TAMS 0x0000000094c00000, 0x0000000094c00000| Untracked 
| 317|0x0000000094d00000, 0x0000000094d00000, 0x0000000094e00000|  0%| F|  |TAMS 0x0000000094d00000, 0x0000000094d00000| Untracked 
| 318|0x0000000094e00000, 0x0000000094e00000, 0x0000000094f00000|  0%| F|  |TAMS 0x0000000094e00000, 0x0000000094e00000| Untracked 
| 319|0x0000000094f00000, 0x0000000094f00000, 0x0000000095000000|  0%| F|  |TAMS 0x0000000094f00000, 0x0000000094f00000| Untracked 
| 320|0x0000000095000000, 0x0000000095000000, 0x0000000095100000|  0%| F|  |TAMS 0x0000000095000000, 0x0000000095000000| Untracked 
| 321|0x0000000095100000, 0x0000000095100000, 0x0000000095200000|  0%| F|  |TAMS 0x0000000095100000, 0x0000000095100000| Untracked 
| 322|0x0000000095200000, 0x0000000095200000, 0x0000000095300000|  0%| F|  |TAMS 0x0000000095200000, 0x0000000095200000| Untracked 
| 323|0x0000000095300000, 0x0000000095300000, 0x0000000095400000|  0%| F|  |TAMS 0x0000000095300000, 0x0000000095300000| Untracked 
| 324|0x0000000095400000, 0x0000000095400000, 0x0000000095500000|  0%| F|  |TAMS 0x0000000095400000, 0x0000000095400000| Untracked 
| 325|0x0000000095500000, 0x0000000095500000, 0x0000000095600000|  0%| F|  |TAMS 0x0000000095500000, 0x0000000095500000| Untracked 
| 326|0x0000000095600000, 0x0000000095600000, 0x0000000095700000|  0%| F|  |TAMS 0x0000000095600000, 0x0000000095600000| Untracked 
| 327|0x0000000095700000, 0x0000000095700000, 0x0000000095800000|  0%| F|  |TAMS 0x0000000095700000, 0x0000000095700000| Untracked 
| 328|0x0000000095800000, 0x0000000095800000, 0x0000000095900000|  0%| F|  |TAMS 0x0000000095800000, 0x0000000095800000| Untracked 
| 329|0x0000000095900000, 0x0000000095900000, 0x0000000095a00000|  0%| F|  |TAMS 0x0000000095900000, 0x0000000095900000| Untracked 
| 330|0x0000000095a00000, 0x0000000095a00000, 0x0000000095b00000|  0%| F|  |TAMS 0x0000000095a00000, 0x0000000095a00000| Untracked 
| 331|0x0000000095b00000, 0x0000000095b00000, 0x0000000095c00000|  0%| F|  |TAMS 0x0000000095b00000, 0x0000000095b00000| Untracked 
| 332|0x0000000095c00000, 0x0000000095c00000, 0x0000000095d00000|  0%| F|  |TAMS 0x0000000095c00000, 0x0000000095c00000| Untracked 
| 333|0x0000000095d00000, 0x0000000095d00000, 0x0000000095e00000|  0%| F|  |TAMS 0x0000000095d00000, 0x0000000095d00000| Untracked 
| 334|0x0000000095e00000, 0x0000000095ea2f78, 0x0000000095f00000| 63%| E|  |TAMS 0x0000000095e00000, 0x0000000095e00000| Complete 
| 335|0x0000000095f00000, 0x0000000096000000, 0x0000000096000000|100%| E|CS|TAMS 0x0000000095f00000, 0x0000000095f00000| Complete 
| 336|0x0000000096000000, 0x0000000096100000, 0x0000000096100000|100%| E|CS|TAMS 0x0000000096000000, 0x0000000096000000| Complete 
| 337|0x0000000096100000, 0x0000000096200000, 0x0000000096200000|100%| E|CS|TAMS 0x0000000096100000, 0x0000000096100000| Complete 
| 338|0x0000000096200000, 0x0000000096300000, 0x0000000096300000|100%| E|CS|TAMS 0x0000000096200000, 0x0000000096200000| Complete 
| 339|0x0000000096300000, 0x0000000096400000, 0x0000000096400000|100%| E|CS|TAMS 0x0000000096300000, 0x0000000096300000| Complete 
| 340|0x0000000096400000, 0x0000000096500000, 0x0000000096500000|100%| E|CS|TAMS 0x0000000096400000, 0x0000000096400000| Complete 
| 341|0x0000000096500000, 0x0000000096600000, 0x0000000096600000|100%| E|CS|TAMS 0x0000000096500000, 0x0000000096500000| Complete 
| 342|0x0000000096600000, 0x0000000096700000, 0x0000000096700000|100%| E|  |TAMS 0x0000000096600000, 0x0000000096600000| Complete 
| 343|0x0000000096700000, 0x0000000096800000, 0x0000000096800000|100%| E|CS|TAMS 0x0000000096700000, 0x0000000096700000| Complete 
| 344|0x0000000096800000, 0x0000000096900000, 0x0000000096900000|100%| E|CS|TAMS 0x0000000096800000, 0x0000000096800000| Complete 
| 345|0x0000000096900000, 0x0000000096a00000, 0x0000000096a00000|100%| E|CS|TAMS 0x0000000096900000, 0x0000000096900000| Complete 
| 346|0x0000000096a00000, 0x0000000096b00000, 0x0000000096b00000|100%| E|CS|TAMS 0x0000000096a00000, 0x0000000096a00000| Complete 
| 347|0x0000000096b00000, 0x0000000096c00000, 0x0000000096c00000|100%| O|  |TAMS 0x0000000096c00000, 0x0000000096b00000| Untracked 
| 348|0x0000000096c00000, 0x0000000096d00000, 0x0000000096d00000|100%| O|  |TAMS 0x0000000096d00000, 0x0000000096c00000| Untracked 
| 349|0x0000000096d00000, 0x0000000096e00000, 0x0000000096e00000|100%| O|  |TAMS 0x0000000096e00000, 0x0000000096d00000| Untracked 
| 350|0x0000000096e00000, 0x0000000096f00000, 0x0000000096f00000|100%| O|  |TAMS 0x0000000096f00000, 0x0000000096e00000| Untracked 
| 351|0x0000000096f00000, 0x0000000097000000, 0x0000000097000000|100%| O|  |TAMS 0x0000000097000000, 0x0000000096f00000| Untracked 
| 352|0x0000000097000000, 0x0000000097100000, 0x0000000097100000|100%| O|  |TAMS 0x0000000097100000, 0x0000000097000000| Untracked 
| 353|0x0000000097100000, 0x0000000097200000, 0x0000000097200000|100%| O|  |TAMS 0x0000000097200000, 0x0000000097100000| Untracked 
| 354|0x0000000097200000, 0x0000000097300000, 0x0000000097300000|100%| O|  |TAMS 0x0000000097300000, 0x0000000097200000| Untracked 
| 355|0x0000000097300000, 0x0000000097400000, 0x0000000097400000|100%| O|  |TAMS 0x0000000097400000, 0x0000000097300000| Untracked 
| 356|0x0000000097400000, 0x0000000097500000, 0x0000000097500000|100%| O|  |TAMS 0x0000000097500000, 0x0000000097400000| Untracked 
| 357|0x0000000097500000, 0x0000000097600000, 0x0000000097600000|100%| O|  |TAMS 0x0000000097600000, 0x0000000097500000| Untracked 
| 358|0x0000000097600000, 0x0000000097700000, 0x0000000097700000|100%| O|  |TAMS 0x0000000097700000, 0x0000000097600000| Untracked 
| 359|0x0000000097700000, 0x0000000097800000, 0x0000000097800000|100%| O|  |TAMS 0x0000000097800000, 0x0000000097700000| Untracked 
| 360|0x0000000097800000, 0x0000000097900000, 0x0000000097900000|100%| O|  |TAMS 0x0000000097900000, 0x0000000097800000| Untracked 
| 361|0x0000000097900000, 0x0000000097a00000, 0x0000000097a00000|100%| O|  |TAMS 0x0000000097a00000, 0x0000000097900000| Untracked 

Card table byte_map: [0x00000174a1eb0000,0x00000174a22b0000] _byte_map_base: 0x00000174a1aa8000

Marking Bits (Prev, Next): (CMBitMap*) 0x000001748a7c7428, (CMBitMap*) 0x000001748a7c7460
 Prev Bits: [0x00000174a26b0000, 0x00000174a4670000)
 Next Bits: [0x00000174a4670000, 0x00000174a6630000)

Polling page: 0x00000174886e0000

Metaspace:

Usage:
  Non-class:     12.71 MB capacity,    12.65 MB (>99%) used,    49.38 KB ( <1%) free+waste,    12.75 KB ( <1%) overhead. 
      Class:      1.20 MB capacity,     1.15 MB ( 96%) used,    49.94 KB (  4%) free+waste,     4.19 KB ( <1%) overhead. 
       Both:     13.91 MB capacity,    13.80 MB (>99%) used,    99.31 KB ( <1%) free+waste,    16.94 KB ( <1%) overhead. 

Virtual space:
  Non-class space:       14.00 MB reserved,      12.75 MB ( 91%) committed 
      Class space:        1.00 GB reserved,       1.25 MB ( <1%) committed 
             Both:        1.01 GB reserved,      14.00 MB (  1%) committed 

Chunk freelists:
   Non-Class:  5.38 KB
       Class:  1.88 KB
        Both:  7.25 KB

CodeHeap 'non-profiled nmethods': size=120064Kb used=1849Kb max_used=1849Kb free=118215Kb
 bounds [0x000001749a570000, 0x000001749a7e0000, 0x00000174a1ab0000]
CodeHeap 'profiled nmethods': size=120000Kb used=4799Kb max_used=4799Kb free=115200Kb
 bounds [0x0000017493040000, 0x00000174934f0000, 0x000001749a570000]
CodeHeap 'non-nmethods': size=5696Kb used=1208Kb max_used=1254Kb free=4487Kb
 bounds [0x0000017492ab0000, 0x0000017492d20000, 0x0000017493040000]
 total_blobs=3543 nmethods=2092 adapters=488
 compilation: enabled
              stopped_count=0, restarted_count=0
 full_count=0

Compilation events (10 events):
Event: 107.763 Thread 0x00000174a8b55000 2099       1       com.badlogic.gdx.graphics.glutils.ShapeRenderer$ShapeType::getGlType (5 bytes)
Event: 107.763 Thread 0x00000174a8b55000 nmethod 2099 0x000001749a73d890 code [0x000001749a73da40, 0x000001749a73db58]
Event: 107.763 Thread 0x00000174a8b55000 2101       3       com.badlogic.gdx.graphics.glutils.ShaderProgram::setVertexAttribute (26 bytes)
Event: 107.804 Thread 0x00000174a8b55000 nmethod 2101 0x00000174934ee690 code [0x00000174934ee880, 0x00000174934eec40]
Event: 107.804 Thread 0x00000174a8b55000 2102       3       com.badlogic.gdx.backends.lwjgl.LwjglGL20::glVertexAttribPointer (14 bytes)
Event: 107.804 Thread 0x00000174a8b55000 nmethod 2102 0x00000174934eee10 code [0x00000174934eefc0, 0x00000174934ef170]
Event: 107.804 Thread 0x00000174a8b55000 2104       3       com.badlogic.gdx.backends.lwjgl.LwjglGL20::glBindBuffer (6 bytes)
Event: 107.823 Thread 0x00000174a8b55000 nmethod 2104 0x00000174934ef210 code [0x00000174934ef460, 0x00000174934efc90]
Event: 107.823 Thread 0x00000174a8b55000 2105       1       Tools.WorldCreator::getChickens (5 bytes)
Event: 107.823 Thread 0x00000174a8b55000 nmethod 2105 0x000001749a73e090 code [0x000001749a73e240, 0x000001749a73e358]

GC Heap History (10 events):
Event: 92.948 GC heap before
{Heap before GC invocations=93 (full 0):
 garbage-first heap   total 330752K, used 153649K [0x0000000081000000, 0x0000000100000000)
  region size 1024K, 7 young (7168K), 5 survivors (5120K)
 Metaspace       used 14058K, capacity 14246K, committed 14336K, reserved 1062912K
  class space    used 1177K, capacity 1233K, committed 1280K, reserved 1048576K
}
Event: 92.950 GC heap after
{Heap after GC invocations=94 (full 0):
 garbage-first heap   total 330752K, used 111153K [0x0000000081000000, 0x0000000100000000)
  region size 1024K, 4 young (4096K), 4 survivors (4096K)
 Metaspace       used 14058K, capacity 14246K, committed 14336K, reserved 1062912K
  class space    used 1177K, capacity 1233K, committed 1280K, reserved 1048576K
}
Event: 97.023 GC heap before
{Heap before GC invocations=95 (full 0):
 garbage-first heap   total 330752K, used 173617K [0x0000000081000000, 0x0000000100000000)
  region size 1024K, 28 young (28672K), 4 survivors (4096K)
 Metaspace       used 14101K, capacity 14246K, committed 14336K, reserved 1062912K
  class space    used 1178K, capacity 1233K, committed 1280K, reserved 1048576K
}
Event: 97.033 GC heap after
{Heap after GC invocations=96 (full 0):
 garbage-first heap   total 330752K, used 116273K [0x0000000081000000, 0x0000000100000000)
  region size 1024K, 4 young (4096K), 4 survivors (4096K)
 Metaspace       used 14101K, capacity 14246K, committed 14336K, reserved 1062912K
  class space    used 1178K, capacity 1233K, committed 1280K, reserved 1048576K
}
Event: 98.460 GC heap before
{Heap before GC invocations=97 (full 0):
 garbage-first heap   total 343040K, used 341553K [0x0000000081000000, 0x0000000100000000)
  region size 1024K, 39 young (39936K), 4 survivors (4096K)
 Metaspace       used 14104K, capacity 14246K, committed 14336K, reserved 1062912K
  class space    used 1178K, capacity 1233K, committed 1280K, reserved 1048576K
}
Event: 99.177 GC heap after
{Heap after GC invocations=98 (full 0):
 garbage-first heap   total 370688K, used 112622K [0x0000000081000000, 0x0000000100000000)
  region size 1024K, 12 young (12288K), 12 survivors (12288K)
 Metaspace       used 14104K, capacity 14246K, committed 14336K, reserved 1062912K
  class space    used 1178K, capacity 1233K, committed 1280K, reserved 1048576K
}
Event: 99.506 GC heap before
{Heap before GC invocations=98 (full 0):
 garbage-first heap   total 370688K, used 117742K [0x0000000081000000, 0x0000000100000000)
  region size 1024K, 18 young (18432K), 12 survivors (12288K)
 Metaspace       used 14104K, capacity 14246K, committed 14336K, reserved 1062912K
  class space    used 1178K, capacity 1233K, committed 1280K, reserved 1048576K
}
Event: 99.512 GC heap after
{Heap after GC invocations=99 (full 0):
 garbage-first heap   total 370688K, used 115188K [0x0000000081000000, 0x0000000100000000)
  region size 1024K, 2 young (2048K), 2 survivors (2048K)
 Metaspace       used 14104K, capacity 14246K, committed 14336K, reserved 1062912K
  class space    used 1178K, capacity 1233K, committed 1280K, reserved 1048576K
}
Event: 105.734 GC heap before
{Heap before GC invocations=99 (full 0):
 garbage-first heap   total 370688K, used 232948K [0x0000000081000000, 0x0000000100000000)
  region size 1024K, 67 young (68608K), 2 survivors (2048K)
 Metaspace       used 14104K, capacity 14246K, committed 14336K, reserved 1062912K
  class space    used 1178K, capacity 1233K, committed 1280K, reserved 1048576K
}
Event: 105.838 GC heap after
{Heap after GC invocations=100 (full 0):
 garbage-first heap   total 370688K, used 114167K [0x0000000081000000, 0x0000000100000000)
  region size 1024K, 1 young (1024K), 1 survivors (1024K)
 Metaspace       used 14104K, capacity 14246K, committed 14336K, reserved 1062912K
  class space    used 1178K, capacity 1233K, committed 1280K, reserved 1048576K
}

Deoptimization events (10 events):
Event: 10.989 Thread 0x00000174a9e0a000 Uncommon trap: reason=class_check action=maybe_recompile pc=0x000001749a60a3dc method=java.io.BufferedInputStream.read([BII)I @ 101 c2
Event: 12.167 Thread 0x00000174a9e0a000 Uncommon trap: reason=unstable_if action=reinterpret pc=0x000001749a665214 method=javazoom.jl.decoder.BitReserve.hgetbits(I)I @ 22 c2
Event: 12.578 Thread 0x00000174a9e0a000 Uncommon trap: reason=unstable_if action=reinterpret pc=0x000001749a5b5de8 method=com.badlogic.gdx.utils.XmlReader.parse([CII)Lcom/badlogic/gdx/utils/XmlReader$Element; @ 26 c2
Event: 12.938 Thread 0x00000174a9e0a000 Uncommon trap: reason=unstable_if action=reinterpret pc=0x000001749a643010 method=java.util.StringTokenizer.skipDelimiters(I)I @ 29 c2
Event: 20.446 Thread 0x00000174a9e0a000 Uncommon trap: reason=array_check action=maybe_recompile pc=0x000001749a69dda8 method=com.badlogic.gdx.utils.Array.add(Ljava/lang/Object;)V @ 46 c2
Event: 20.446 Thread 0x00000174a9e0a000 Uncommon trap: reason=array_check action=maybe_recompile pc=0x000001749a69dda8 method=com.badlogic.gdx.utils.Array.add(Ljava/lang/Object;)V @ 46 c2
Event: 20.446 Thread 0x00000174a9e0a000 Uncommon trap: reason=array_check action=maybe_recompile pc=0x000001749a69dda8 method=com.badlogic.gdx.utils.Array.add(Ljava/lang/Object;)V @ 46 c2
Event: 20.446 Thread 0x00000174a9e0a000 Uncommon trap: reason=array_check action=maybe_recompile pc=0x000001749a69dda8 method=com.badlogic.gdx.utils.Array.add(Ljava/lang/Object;)V @ 46 c2
Event: 20.571 Thread 0x00000174a9e0a000 Uncommon trap: reason=unstable_if action=reinterpret pc=0x000001749a699944 method=com.badlogic.gdx.graphics.g2d.Sprite.getBoundingRectangle()Lcom/badlogic/gdx/math/Rectangle; @ 257 c2
Event: 81.052 Thread 0x00000174a9e0a000 Uncommon trap: reason=unstable_if action=reinterpret pc=0x000001749a6877dc method=javazoom.jl.decoder.BitReserve.hgetbits(I)I @ 22 c2

Classes redefined (0 events):
No events

Internal exceptions (10 events):
Event: 22.703 Thread 0x00000174a9e0a000 Exception <a 'java/lang/NullPointerException'{0x0000000095114db0}> (0x0000000095114db0) thrown at [t:/workspace/open/src/hotspot/share/interpreter/linkResolver.cpp, line 1372]
Event: 35.777 Thread 0x00000174a9e0a000 Exception <a 'java/lang/ArrayIndexOutOfBoundsException'{0x0000000094ffdb58}: Index 9 out of bounds for length 8> (0x0000000094ffdb58) thrown at [t:/workspace/open/src/hotspot/share/interpreter/interpreterRuntime.cpp, line 459]
Event: 41.737 Thread 0x00000174a9e0a000 Exception <a 'java/lang/NullPointerException'{0x00000000950707c0}> (0x00000000950707c0) thrown at [t:/workspace/open/src/hotspot/share/interpreter/linkResolver.cpp, line 1372]
Event: 57.077 Thread 0x00000174a9e0a000 Exception <a 'java/lang/ArrayIndexOutOfBoundsException'{0x0000000094dfb7d0}: Index 10 out of bounds for length 8> (0x0000000094dfb7d0) thrown at [t:/workspace/open/src/hotspot/share/interpreter/interpreterRuntime.cpp, line 459]
Event: 63.968 Thread 0x00000174a9e0a000 Exception <a 'java/lang/NullPointerException'{0x000000009506ffc0}> (0x000000009506ffc0) thrown at [t:/workspace/open/src/hotspot/share/interpreter/linkResolver.cpp, line 1372]
Event: 78.196 Thread 0x00000174a9e0a000 Exception <a 'java/lang/ArrayIndexOutOfBoundsException'{0x0000000094ccd6c0}: Index 11 out of bounds for length 8> (0x0000000094ccd6c0) thrown at [t:/workspace/open/src/hotspot/share/interpreter/interpreterRuntime.cpp, line 459]
Event: 84.635 Thread 0x00000174a9e0a000 Exception <a 'java/lang/NullPointerException'{0x0000000094fc2f18}> (0x0000000094fc2f18) thrown at [t:/workspace/open/src/hotspot/share/interpreter/linkResolver.cpp, line 1372]
Event: 93.875 Thread 0x00000174a9e0a000 Exception <a 'java/lang/ArrayIndexOutOfBoundsException'{0x0000000094bf7280}: Index 12 out of bounds for length 8> (0x0000000094bf7280) thrown at [t:/workspace/open/src/hotspot/share/interpreter/interpreterRuntime.cpp, line 459]
Event: 98.119 Thread 0x00000174a9e0a000 Exception <a 'java/lang/NullPointerException'{0x000000008a9ad778}> (0x000000008a9ad778) thrown at [t:/workspace/open/src/hotspot/share/interpreter/linkResolver.cpp, line 1372]
Event: 107.357 Thread 0x00000174a9e0a000 Exception <a 'java/lang/ArrayIndexOutOfBoundsException'{0x00000000967f7f40}: Index 13 out of bounds for length 8> (0x00000000967f7f40) thrown at [t:/workspace/open/src/hotspot/share/interpreter/interpreterRuntime.cpp, line 459]

Events (10 events):
Event: 98.460 Executing VM operation: G1CollectForAllocation
Event: 99.177 Executing VM operation: G1CollectForAllocation done
Event: 99.506 Executing VM operation: G1CollectForAllocation
Event: 99.512 Executing VM operation: G1CollectForAllocation done
Event: 105.733 Executing VM operation: G1CollectForAllocation
Event: 105.838 Executing VM operation: G1CollectForAllocation done
Event: 105.932 Executing VM operation: CGC_Operation
Event: 105.936 Executing VM operation: CGC_Operation done
Event: 105.987 Executing VM operation: CGC_Operation
Event: 106.007 Executing VM operation: CGC_Operation done


Dynamic libraries:
0x00007ff72ea70000 - 0x00007ff72eab7000 	C:\Program Files\Java\jdk-11.0.1\bin\java.exe
0x00007ffd6ebe0000 - 0x00007ffd6edd0000 	C:\WINDOWS\SYSTEM32\ntdll.dll
0x00007ffd6e280000 - 0x00007ffd6e332000 	C:\WINDOWS\System32\KERNEL32.DLL
0x00007ffd6bee0000 - 0x00007ffd6c184000 	C:\WINDOWS\System32\KERNELBASE.dll
0x00007ffd6d090000 - 0x00007ffd6d133000 	C:\WINDOWS\System32\ADVAPI32.dll
0x00007ffd6ce20000 - 0x00007ffd6cebe000 	C:\WINDOWS\System32\msvcrt.dll
0x00007ffd6e010000 - 0x00007ffd6e0a7000 	C:\WINDOWS\System32\sechost.dll
0x00007ffd6dee0000 - 0x00007ffd6e000000 	C:\WINDOWS\System32\RPCRT4.dll
0x00007ffd6d140000 - 0x00007ffd6d2d4000 	C:\WINDOWS\System32\USER32.dll
0x00007ffd6c3b0000 - 0x00007ffd6c3d1000 	C:\WINDOWS\System32\win32u.dll
0x00007ffd6cc90000 - 0x00007ffd6ccb6000 	C:\WINDOWS\System32\GDI32.dll
0x00007ffd6bc70000 - 0x00007ffd6be05000 	C:\WINDOWS\System32\gdi32full.dll
0x00007ffd6c310000 - 0x00007ffd6c3ae000 	C:\WINDOWS\System32\msvcp_win.dll
0x00007ffd6bb70000 - 0x00007ffd6bc6a000 	C:\WINDOWS\System32\ucrtbase.dll
0x00007ffd4ec80000 - 0x00007ffd4ef04000 	C:\WINDOWS\WinSxS\amd64_microsoft.windows.common-controls_6595b64144ccf1df_6.0.18362.900_none_e6beb9d913147d17\COMCTL32.dll
0x00007ffd6e340000 - 0x00007ffd6e675000 	C:\WINDOWS\System32\combase.dll
0x00007ffd65690000 - 0x00007ffd6569a000 	C:\WINDOWS\SYSTEM32\VERSION.dll
0x00007ffd6c440000 - 0x00007ffd6c4c0000 	C:\WINDOWS\System32\bcryptPrimitives.dll
0x00007ffd6ccc0000 - 0x00007ffd6ccee000 	C:\WINDOWS\System32\IMM32.DLL
0x00007ffd5ce70000 - 0x00007ffd5ce86000 	C:\Program Files\Java\jdk-11.0.1\bin\vcruntime140.dll
0x00007ffd3fe40000 - 0x00007ffd3feea000 	C:\Program Files\Java\jdk-11.0.1\bin\msvcp140.dll
0x00007ffd36bd0000 - 0x00007ffd37712000 	C:\Program Files\Java\jdk-11.0.1\bin\server\jvm.dll
0x00007ffd6d000000 - 0x00007ffd6d008000 	C:\WINDOWS\System32\PSAPI.DLL
0x00007ffd61680000 - 0x00007ffd61689000 	C:\WINDOWS\SYSTEM32\WSOCK32.dll
0x00007ffd6a9b0000 - 0x00007ffd6a9d4000 	C:\WINDOWS\SYSTEM32\WINMM.dll
0x00007ffd6e0b0000 - 0x00007ffd6e11f000 	C:\WINDOWS\System32\WS2_32.dll
0x00007ffd6a950000 - 0x00007ffd6a97d000 	C:\WINDOWS\SYSTEM32\winmmbase.dll
0x00007ffd6cc40000 - 0x00007ffd6cc8a000 	C:\WINDOWS\System32\cfgmgr32.dll
0x00007ffd6bad0000 - 0x00007ffd6bae1000 	C:\WINDOWS\System32\kernel.appcore.dll
0x00007ffd5a0a0000 - 0x00007ffd5a0b1000 	C:\Program Files\Java\jdk-11.0.1\bin\verify.dll
0x00007ffd59e40000 - 0x00007ffd5a034000 	C:\WINDOWS\SYSTEM32\DBGHELP.DLL
0x00007ffd5c690000 - 0x00007ffd5c6ba000 	C:\WINDOWS\SYSTEM32\dbgcore.DLL
0x00007ffd5ab80000 - 0x00007ffd5aba9000 	C:\Program Files\Java\jdk-11.0.1\bin\java.dll
0x00007ffd5a080000 - 0x00007ffd5a096000 	C:\Program Files\Java\jdk-11.0.1\bin\zip.dll
0x00007ffd60310000 - 0x00007ffd6031a000 	C:\Program Files\Java\jdk-11.0.1\bin\jimage.dll
0x00007ffd6d640000 - 0x00007ffd6dd26000 	C:\WINDOWS\System32\SHELL32.dll
0x00007ffd6cd70000 - 0x00007ffd6ce19000 	C:\WINDOWS\System32\shcore.dll
0x00007ffd6c4c0000 - 0x00007ffd6cc40000 	C:\WINDOWS\System32\windows.storage.dll
0x00007ffd6bb40000 - 0x00007ffd6bb63000 	C:\WINDOWS\System32\profapi.dll
0x00007ffd6baf0000 - 0x00007ffd6bb3a000 	C:\WINDOWS\System32\powrprof.dll
0x00007ffd6baa0000 - 0x00007ffd6bab0000 	C:\WINDOWS\System32\UMPDC.dll
0x00007ffd6d5e0000 - 0x00007ffd6d632000 	C:\WINDOWS\System32\shlwapi.dll
0x00007ffd6bec0000 - 0x00007ffd6bed7000 	C:\WINDOWS\System32\cryptsp.dll
0x00007ffd5a060000 - 0x00007ffd5a079000 	C:\Program Files\Java\jdk-11.0.1\bin\net.dll
0x00007ffd60c10000 - 0x00007ffd60d00000 	C:\WINDOWS\SYSTEM32\WINHTTP.dll
0x00007ffd6b260000 - 0x00007ffd6b2c7000 	C:\WINDOWS\system32\mswsock.dll
0x00007ffd52f60000 - 0x00007ffd52f73000 	C:\Program Files\Java\jdk-11.0.1\bin\nio.dll
0x0000000065ac0000 - 0x0000000065b0b000 	C:\Users\Google\AppData\Local\Temp\libgdxKareem\7d76f548\gdx64.dll
0x00007ffd6ade0000 - 0x00007ffd6ae13000 	C:\WINDOWS\system32\rsaenh.dll
0x00007ffd6c190000 - 0x00007ffd6c1b6000 	C:\WINDOWS\System32\bcrypt.dll
0x00007ffd6b990000 - 0x00007ffd6b9b5000 	C:\WINDOWS\SYSTEM32\USERENV.dll
0x00007ffd6b3e0000 - 0x00007ffd6b3ec000 	C:\WINDOWS\SYSTEM32\CRYPTBASE.dll
0x00007ffd6af80000 - 0x00007ffd6afba000 	C:\WINDOWS\SYSTEM32\IPHLPAPI.DLL
0x00007ffd6e000000 - 0x00007ffd6e008000 	C:\WINDOWS\System32\NSI.dll
0x00007ffd62f80000 - 0x00007ffd62f96000 	C:\WINDOWS\SYSTEM32\dhcpcsvc6.DLL
0x00007ffd62f50000 - 0x00007ffd62f6c000 	C:\WINDOWS\SYSTEM32\dhcpcsvc.DLL
0x00007ffd6b020000 - 0x00007ffd6b0eb000 	C:\WINDOWS\SYSTEM32\DNSAPI.dll
0x0000000180000000 - 0x0000000180053000 	C:\Users\Google\AppData\Local\Temp\libgdxKareem\1cecf4f6\lwjgl64.dll
0x00007ffd368d0000 - 0x00007ffd36a26000 	C:\WINDOWS\SYSTEM32\OPENGL32.dll
0x00007ffd52eb0000 - 0x00007ffd52edc000 	C:\WINDOWS\SYSTEM32\GLU32.dll
0x00007ffd6a790000 - 0x00007ffd6a7b0000 	C:\WINDOWS\SYSTEM32\dxcore.dll
0x000001748a690000 - 0x000001748a6f4000 	C:\Users\Google\AppData\Local\Temp\libgdxKareem\1cecf4f6\OpenAL64.dll
0x00007ffd6e120000 - 0x00007ffd6e277000 	C:\WINDOWS\System32\ole32.dll
0x00007ffd69c90000 - 0x00007ffd69d29000 	C:\WINDOWS\system32\uxtheme.dll
0x00007ffd6e680000 - 0x00007ffd6e722000 	C:\WINDOWS\System32\clbcatq.dll
0x00007ffd34d00000 - 0x00007ffd34d99000 	C:\WINDOWS\SYSTEM32\dsound.dll
0x00007ffd64650000 - 0x00007ffd646c2000 	C:\WINDOWS\System32\MMDevApi.dll
0x00007ffd6b8a0000 - 0x00007ffd6b8ca000 	C:\WINDOWS\System32\DEVOBJ.dll
0x00007ffd646d0000 - 0x00007ffd6482d000 	C:\WINDOWS\SYSTEM32\AUDIOSES.DLL
0x00007ffd6d4f0000 - 0x00007ffd6d5b5000 	C:\WINDOWS\System32\OLEAUT32.dll
0x00007ffd67b90000 - 0x00007ffd67ce3000 	C:\WINDOWS\SYSTEM32\wintypes.dll
0x00007ffd69ff0000 - 0x00007ffd6a004000 	C:\WINDOWS\SYSTEM32\resourcepolicyclient.dll
0x00007ffd66fa0000 - 0x00007ffd6704e000 	C:\WINDOWS\SYSTEM32\mscms.dll
0x00007ffd66f80000 - 0x00007ffd66f97000 	C:\WINDOWS\SYSTEM32\ColorAdapterClient.dll
0x00007ffd63e10000 - 0x00007ffd63e2a000 	C:\Windows\System32\Windows.Internal.Graphics.Display.DisplayColorManagement.dll
0x00007ffd6dda0000 - 0x00007ffd6ded5000 	C:\WINDOWS\System32\MSCTF.dll
0x00007ffd637a0000 - 0x00007ffd6383e000 	C:\WINDOWS\System32\TextInputFramework.dll
0x00007ffd67e00000 - 0x00007ffd6812a000 	C:\WINDOWS\System32\CoreUIComponents.dll
0x00007ffd68ed0000 - 0x00007ffd68fa4000 	C:\WINDOWS\System32\CoreMessaging.dll
0x00007ffd6aac0000 - 0x00007ffd6aaf1000 	C:\WINDOWS\SYSTEM32\ntmarta.dll
0x00007ffd5c840000 - 0x00007ffd5cae6000 	C:\WINDOWS\System32\iertutil.dll
0x00007ffd61d10000 - 0x00007ffd61d28000 	C:\WINDOWS\SYSTEM32\atig6pxx.dll
0x0000000075c60000 - 0x0000000077a60000 	C:\WINDOWS\SYSTEM32\atio6axx.dll
0x00007ffd6e730000 - 0x00007ffd6eba0000 	C:\WINDOWS\System32\SETUPAPI.dll
0x00007ffd6a0e0000 - 0x00007ffd6a10d000 	C:\WINDOWS\SYSTEM32\dwmapi.dll
0x00007ffd344b0000 - 0x00007ffd345f0000 	C:\WINDOWS\SYSTEM32\atiadlxx.dll
0x00007ffd68130000 - 0x00007ffd68220000 	C:\WINDOWS\SYSTEM32\PROPSYS.dll
0x00007ffd66170000 - 0x00007ffd66183000 	C:\WINDOWS\SYSTEM32\WTSAPI32.dll
0x00007ffd6c3e0000 - 0x00007ffd6c43c000 	C:\WINDOWS\System32\WINTRUST.dll
0x00007ffd6bab0000 - 0x00007ffd6bac2000 	C:\WINDOWS\System32\MSASN1.dll
0x00007ffd6c1c0000 - 0x00007ffd6c309000 	C:\WINDOWS\System32\CRYPT32.dll
0x00007ffd49b90000 - 0x00007ffd49bbc000 	C:\WINDOWS\SYSTEM32\atig6txx.dll
0x00007ffd47f90000 - 0x00007ffd47fd3000 	C:\WINDOWS\SYSTEM32\icm32.dll
0x000000006e9c0000 - 0x000000006ea1b000 	C:\Users\Google\AppData\Local\Temp\libgdxKareem\b8f13a6a\gdx-box2d64.dll

dbghelp: loaded successfully - version: 4.0.5 - missing functions: none
symbol engine: initialized successfully - sym options: 0x614 - pdb path: .;C:\Program Files\Java\jdk-11.0.1\bin;C:\WINDOWS\SYSTEM32;C:\WINDOWS\WinSxS\amd64_microsoft.windows.common-controls_6595b64144ccf1df_6.0.18362.900_none_e6beb9d913147d17;C:\Program Files\Java\jdk-11.0.1\bin\server;C:\Users\Google\AppData\Local\Temp\libgdxKareem\7d76f548;C:\Users\Google\AppData\Local\Temp\libgdxKareem\1cecf4f6;C:\Users\Google\AppData\Local\Temp\libgdxKareem\b8f13a6a

VM Arguments:
jvm_args: -Dfile.encoding=windows-1252 -Duser.country=US -Duser.language=en -Duser.variant 
java_command: com.Launcher.desktop.DesktopLauncher
java_class_path (initial): C:\Users\Google\Documents\NetBeansProjects\Disney's Hercules\desktop\build\classes\java\main;C:\Users\Google\Documents\NetBeansProjects\Disney's Hercules\desktop\build\resources\main;C:\Users\Google\.gradle\caches\modules-2\files-2.1\com.badlogicgames.gdx\gdx-tools\1.9.10\67524f012868e0cff57531b5bfda2781d00c6b1f\gdx-tools-1.9.10.jar;C:\Users\Google\.gradle\caches\modules-2\files-2.1\com.badlogicgames.gdx\gdx-backend-lwjgl\1.9.10\8f88abd43500d94c486d25f04d642318da72773a\gdx-backend-lwjgl-1.9.10.jar;C:\Users\Google\.gradle\caches\modules-2\files-2.1\com.badlogicgames.gdx\gdx-platform\1.9.10\1907b49f8363dd1ee37d273854a9cc3c741a6e66\gdx-platform-1.9.10-natives-desktop.jar;C:\Users\Google\.gradle\caches\modules-2\files-2.1\com.badlogicgames.gdx\gdx-box2d-platform\1.9.10\91b19c283b24eec646a18e0e7b940c829920df4f\gdx-box2d-platform-1.9.10-natives-desktop.jar;C:\Users\Google\Documents\NetBeansProjects\Disney's Hercules\core\build\libs\core-1.0.jar;C:\Users\Google\.gradle\caches\modules-2\files-2.1\com.badlogicgames.gdx\gdx-backend-headless\1.9.10\d357526e6bb3d36b01b4f833ab42588e5285d487\gdx-backend-headless-1.9.10.jar;C:\Users\Google\.gradle\caches\modules-2\files-2.1\com.badlogicgames.gdx\gdx-freetype\1.9.10\8853e4f08589a9feb4b851187909cfde8810e491\gdx-freetype-1.9.10.jar;C:\Users\Google\.gradle\caches\modules-2\files-2.1\com.badlogicgames.gdx\gdx-box2d\1.9.10\d68a7a3484d47529a8d23cd467579eb098b38a9e\gdx-box2d-1.9.10.jar;C:\Users\Google\.gradle\caches\modules-2\files-2.1\com.badlogicgames.gdx\gdx\1.9.10\79d9ad27bd5e3eb18c9ade61d3a27d7237695d53\gdx-1.9.10.jar;C:\Users\Google\.gradle\caches\modules-2\files-2.1\org.lwjgl.lwjgl\lwjgl_util\2.9.3\751f06b62424da056954c67288fd5c494431e350\lwjgl_util-2.9.3.jar;C:\Users\Google\.gradle\caches\modules-2\files-2.1\org.lwjgl.lwjgl\lwjgl\2.9.3\3df168ac74e4a8c96562cdff24ad352e255bf89c\lwjgl-2.9.3.jar;C:\Users\Google\.gradle\caches\modules-2\files-2.1\com.badlogicgames.jlayer\jlayer\1.0.1-gdx\7cca83cec5c1b2f0113
Launcher Type: SUN_STANDARD

[Global flags]
     intx CICompilerCount                          = 3                                         {product} {ergonomic}
     uint ConcGCThreads                            = 1                                         {product} {ergonomic}
     uint G1ConcRefinementThreads                  = 4                                         {product} {ergonomic}
   size_t G1HeapRegionSize                         = 1048576                                   {product} {ergonomic}
    uintx GCDrainStackTargetSize                   = 64                                        {product} {ergonomic}
   size_t InitialHeapSize                          = 134217728                                 {product} {ergonomic}
   size_t MarkStackSize                            = 4194304                                   {product} {ergonomic}
   size_t MaxHeapSize                              = 2130706432                                {product} {ergonomic}
   size_t MaxNewSize                               = 1278214144                                {product} {ergonomic}
   size_t MinHeapDeltaBytes                        = 1048576                                   {product} {ergonomic}
    uintx NonNMethodCodeHeapSize                   = 5830092                                {pd product} {ergonomic}
    uintx NonProfiledCodeHeapSize                  = 122914074                              {pd product} {ergonomic}
    uintx ProfiledCodeHeapSize                     = 122914074                              {pd product} {ergonomic}
    uintx ReservedCodeCacheSize                    = 251658240                              {pd product} {ergonomic}
     bool SegmentedCodeCache                       = true                                      {product} {ergonomic}
     bool UseCompressedClassPointers               = true                                 {lp64_product} {ergonomic}
     bool UseCompressedOops                        = true                                 {lp64_product} {ergonomic}
     bool UseG1GC                                  = true                                      {product} {ergonomic}
     bool UseLargePagesIndividualAllocation        = false                                  {pd product} {ergonomic}

Logging:
Log output configuration:
 #0: stdout all=warning uptime,level,tags
 #1: stderr all=off uptime,level,tags

Environment Variables:
JAVA_HOME=C:\Program Files\Java\jdk-13.0.2
CLASSPATH=.;.;C:\PROGRA~2\JMF21~1.1E\lib\sound.jar;C:\PROGRA~2\JMF21~1.1E\lib\jmf.jar;C:\PROGRA~2\JMF21~1.1E\lib;
PATH="C:\Windows\System32;";C:\MinGW\bin;C:\MinGW\libexec\gcc\x86_64-w64-mingw32\8.1.0;C:\Program Files (x86)\Common Files\Oracle\Java\javapath;C:\WINDOWS\system32;C:\WINDOWS;C:\WINDOWS\System32\Wbem;C:\WINDOWS\System32\WindowsPowerShell\v1.0\;C:\WINDOWS\System32\OpenSSH\;C:\Program Files\Microsoft\Web Platform Installer\;C:\Program Files (x86)\Microsoft ASP.NET\ASP.NET Web Pages\v1.0\;C:\Program Files (x86)\Windows Kits\8.1\Windows Performance Toolkit\;C:\Program Files (x86)\Microsoft SDKs\TypeScript\1.0\;C:\Program Files (x86)\Microsoft Visual Studio 12.0\VC\bin;C:\Program Files (x86)\Brackets\command;C:\Program Files\Microsoft SQL Server\Client SDK\ODBC\130\Tools\Binn\;C:\Program Files (x86)\Microsoft SQL Server\140\Tools\Binn\;C:\Program Files\Microsoft SQL Server\140\Tools\Binn\;C:\Program Files\Microsoft SQL Server\140\DTS\Binn\;C:\Program Files\Java\jdk-13.0.2\bin;C:\Program Files\Cmder;C:\Users\Google\AppData\Local\Microsoft\WindowsApps;
USERNAME=Kareem
OS=Windows_NT
PROCESSOR_IDENTIFIER=Intel64 Family 6 Model 58 Stepping 9, GenuineIntel



---------------  S Y S T E M  ---------------

OS: Windows 10 , 64 bit Build 18362 (10.0.18362.900)

CPU:total 4 (initial active 4) (2 cores per cpu, 2 threads per core) family 6 model 58 stepping 9, cmov, cx8, fxsr, mmx, sse, sse2, sse3, ssse3, sse4.1, sse4.2, popcnt, avx, aes, clmul, erms, ht, tsc, tscinvbit, tscinv

Memory: 4k page, system-wide physical 8124M (637M free)
TotalPageFile size 20132M (AvailPageFile size 2056M)
current process WorkingSet (physical memory assigned to process): 3708M, peak: 3852M
current process commit charge ("private bytes"): 10842M, peak: 10865M

vm_info: Java HotSpot(TM) 64-Bit Server VM (11.0.1+13-LTS) for windows-amd64 JRE (11.0.1+13-LTS), built on Oct  6 2018 13:20:16 by "mach5one" with MS VC++ 15.5 (VS2017)

END.
